20:08:29  INFO  manager.ApplicationManager - All tests starts in 'Chrom' browser
20:08:30  INFO  tests.TestBase - Name of test ---> addNewContactSuccess
20:08:30  INFO  manager.MyListener - Start find element --->By.xpath: //button[text()='Sign Out']
20:08:35  INFO  manager.MyListener - The element with locator --->By.xpath: //button[text()='Sign Out']--->was found
20:08:35  INFO  manager.MyListener - Start find element --->By.xpath: //a[@href='/login']
20:08:35  INFO  manager.MyListener - The element with locator --->By.xpath: //a[@href='/login']--->was found
20:08:35  INFO  manager.MyListener - Start find element --->By.xpath: //input[1]
20:08:35  INFO  manager.MyListener - The element with locator --->By.xpath: //input[1]--->was found
20:08:35  INFO  manager.MyListener - Start find element --->By.xpath: //input[2]
20:08:35  INFO  manager.MyListener - The element with locator --->By.xpath: //input[2]--->was found
20:08:36  INFO  manager.MyListener - Start find element --->By.xpath: //button[text()=' Login']
20:08:36  INFO  manager.MyListener - The element with locator --->By.xpath: //button[text()=' Login']--->was found
20:08:36  INFO  tests.TestBase - Contact was added for userUser{email='Tomy123456@mail.com', password='Qq123666$45'}
20:08:36  INFO  manager.MyListener - Start find element --->By.cssSelector: .contact-item_card__2SOIM
20:08:36  INFO  manager.MyListener - The element with locator --->By.cssSelector: .contact-item_card__2SOIM--->was found
20:08:36  INFO  manager.MyListener - Start find element --->By.cssSelector: .contact-item_card__2SOIM
20:08:36  INFO  manager.MyListener - The element with locator --->By.cssSelector: .contact-item_card__2SOIM--->was found
20:08:36  INFO  tests.TestBase - Contact(name=Jack, lastName=Sparrow, phone=972345516, email=jacky516@gmail.com, address=Tortuga, description=Friend)contact was added
20:08:36  INFO  manager.MyListener - Start find element --->By.xpath: //a[text()='ADD']
20:08:36  INFO  manager.MyListener - The element with locator --->By.xpath: //a[text()='ADD']--->was found
20:08:37  INFO  manager.MyListener - Start find element --->By.cssSelector: [placeholder='Name']
20:08:37  INFO  manager.MyListener - The element with locator --->By.cssSelector: [placeholder='Name']--->was found
20:08:37  INFO  manager.MyListener - Start find element --->By.cssSelector: [placeholder='Last Name']
20:08:37  INFO  manager.MyListener - The element with locator --->By.cssSelector: [placeholder='Last Name']--->was found
20:08:37  INFO  manager.MyListener - Start find element --->By.cssSelector: [placeholder='Phone']
20:08:37  INFO  manager.MyListener - The element with locator --->By.cssSelector: [placeholder='Phone']--->was found
20:08:37  INFO  manager.MyListener - Start find element --->By.cssSelector: [placeholder='email']
20:08:37  INFO  manager.MyListener - The element with locator --->By.cssSelector: [placeholder='email']--->was found
20:08:37  INFO  manager.MyListener - Start find element --->By.cssSelector: [placeholder='Address']
20:08:37  INFO  manager.MyListener - The element with locator --->By.cssSelector: [placeholder='Address']--->was found
20:08:37  INFO  manager.MyListener - Start find element --->By.cssSelector: [placeholder='description']
20:08:37  INFO  manager.MyListener - The element with locator --->By.cssSelector: [placeholder='description']--->was found
20:08:37  INFO  manager.MyListener - Start find element --->By.xpath: //button[contains(.,'Save')]
20:08:37  INFO  manager.MyListener - The element with locator --->By.xpath: //button[contains(.,'Save')]--->was found
20:08:38  INFO  manager.MyListener - Start find element --->By.cssSelector: .contact-item_card__2SOIM
20:08:38  INFO  manager.MyListener - The element with locator --->By.cssSelector: .contact-item_card__2SOIM--->was found
20:08:38  INFO  manager.MyListener - Start find element --->By.cssSelector: h2
20:08:38  INFO  manager.MyListener - The element with locator --->By.cssSelector: h2--->was found
20:08:38  INFO  manager.MyListener - Start find element --->By.cssSelector: h3
20:08:38  INFO  manager.MyListener - The element with locator --->By.cssSelector: h3--->was found
20:08:38  INFO  tests.TestBase - Name of test ---> addNewContactSuccess2
20:08:38  INFO  manager.MyListener - Start find element --->By.xpath: //button[text()='Sign Out']
20:08:38  INFO  manager.MyListener - The element with locator --->By.xpath: //button[text()='Sign Out']--->was found
20:08:38  INFO  manager.MyListener - Start find element --->By.cssSelector: .contact-item_card__2SOIM
20:08:38  INFO  manager.MyListener - The element with locator --->By.cssSelector: .contact-item_card__2SOIM--->was found
20:08:38  INFO  manager.MyListener - Start find element --->By.cssSelector: .contact-item_card__2SOIM
20:08:38  INFO  manager.MyListener - The element with locator --->By.cssSelector: .contact-item_card__2SOIM--->was found
20:08:38  INFO  tests.TestBase - Contact(name=Elizabet, lastName=Swon, phone=5464748456, email=eliz@gmail.com, address=Tortuga, description=Friend)contact was added
20:08:38  INFO  manager.MyListener - Start find element --->By.xpath: //a[text()='ADD']
20:08:38  INFO  manager.MyListener - The element with locator --->By.xpath: //a[text()='ADD']--->was found
20:08:38  INFO  manager.MyListener - Start find element --->By.cssSelector: [placeholder='Name']
20:08:38  INFO  manager.MyListener - The element with locator --->By.cssSelector: [placeholder='Name']--->was found
20:08:38  INFO  manager.MyListener - Start find element --->By.cssSelector: [placeholder='Last Name']
20:08:38  INFO  manager.MyListener - The element with locator --->By.cssSelector: [placeholder='Last Name']--->was found
20:08:38  INFO  manager.MyListener - Start find element --->By.cssSelector: [placeholder='Phone']
20:08:38  INFO  manager.MyListener - The element with locator --->By.cssSelector: [placeholder='Phone']--->was found
20:08:39  INFO  manager.MyListener - Start find element --->By.cssSelector: [placeholder='email']
20:08:39  INFO  manager.MyListener - The element with locator --->By.cssSelector: [placeholder='email']--->was found
20:08:39  INFO  manager.MyListener - Start find element --->By.cssSelector: [placeholder='Address']
20:08:39  INFO  manager.MyListener - The element with locator --->By.cssSelector: [placeholder='Address']--->was found
20:08:39  INFO  manager.MyListener - Start find element --->By.cssSelector: [placeholder='description']
20:08:39  INFO  manager.MyListener - The element with locator --->By.cssSelector: [placeholder='description']--->was found
20:08:39  INFO  manager.MyListener - Start find element --->By.xpath: //button[contains(.,'Save')]
20:08:39  INFO  manager.MyListener - The element with locator --->By.xpath: //button[contains(.,'Save')]--->was found
20:08:39  INFO  manager.MyListener - Start find element --->By.cssSelector: .contact-item_card__2SOIM
20:08:44  INFO  manager.MyListener - The element with locator --->By.cssSelector: .contact-item_card__2SOIM--->was found
20:08:44  INFO  tests.TestBase - Name of test ---> addNewContactSuccess2
20:08:44  INFO  manager.MyListener - Start find element --->By.xpath: //button[text()='Sign Out']
20:08:44  INFO  manager.MyListener - The element with locator --->By.xpath: //button[text()='Sign Out']--->was found
20:08:44  INFO  manager.MyListener - Start find element --->By.cssSelector: .contact-item_card__2SOIM
20:08:49  INFO  manager.MyListener - The element with locator --->By.cssSelector: .contact-item_card__2SOIM--->was found
20:08:49  INFO  manager.MyListener - Start find element --->By.cssSelector: .contact-item_card__2SOIM
20:08:54  INFO  manager.MyListener - The element with locator --->By.cssSelector: .contact-item_card__2SOIM--->was found
20:08:54  INFO  tests.TestBase - Contact(name=Elizabet, lastName=Swon, phone=5464748457, email=eliz1@gmail.com, address=Tortuga, description=Friend)contact was added
20:08:54  INFO  manager.MyListener - Start find element --->By.xpath: //a[text()='ADD']
20:08:54  INFO  manager.MyListener - The element with locator --->By.xpath: //a[text()='ADD']--->was found
20:08:54  INFO  manager.MyListener - Start find element --->By.cssSelector: [placeholder='Name']
20:08:54  INFO  manager.MyListener - The element with locator --->By.cssSelector: [placeholder='Name']--->was found
20:08:54  INFO  manager.MyListener - We have a throwable ---> no such window: target window already closed
from unknown error: web view not found
  (Session info: chrome=98.0.4758.82)
Build info: version: '3.141.59', revision: 'e82be7d358', time: '2018-11-14T08:17:03'
System info: host: 'DESKTOP-O62I6CB', ip: '10.100.102.5', os.name: 'Windows 10', os.arch: 'amd64', os.version: '10.0', java.version: '11.0.13'
Driver info: org.openqa.selenium.chrome.ChromeDriver
Capabilities {acceptInsecureCerts: false, browserName: chrome, browserVersion: 98.0.4758.82, chrome: {chromedriverVersion: 98.0.4758.80 (7f0488e8ba0d8..., userDataDir: C:\Users\Natali\AppData\Loc...}, goog:chromeOptions: {debuggerAddress: localhost:65294}, javascriptEnabled: true, networkConnectionEnabled: false, pageLoadStrategy: normal, platform: WINDOWS, platformName: WINDOWS, proxy: Proxy(), setWindowRect: true, strictFileInteractability: false, timeouts: {implicit: 0, pageLoad: 300000, script: 30000}, unhandledPromptBehavior: dismiss and notify, webauthn:extension:credBlob: true, webauthn:extension:largeBlob: true, webauthn:virtualAuthenticators: true}
Session ID: d3c088d79115a8b6c7f54bb42ccb61f2
20:08:54  INFO  manager.MyListener - org.openqa.selenium.NoSuchWindowException: no such window: target window already closed
from unknown error: web view not found
  (Session info: chrome=98.0.4758.82)
Build info: version: '3.141.59', revision: 'e82be7d358', time: '2018-11-14T08:17:03'
System info: host: 'DESKTOP-O62I6CB', ip: '10.100.102.5', os.name: 'Windows 10', os.arch: 'amd64', os.version: '10.0', java.version: '11.0.13'
Driver info: org.openqa.selenium.chrome.ChromeDriver
Capabilities {acceptInsecureCerts: false, browserName: chrome, browserVersion: 98.0.4758.82, chrome: {chromedriverVersion: 98.0.4758.80 (7f0488e8ba0d8..., userDataDir: C:\Users\Natali\AppData\Loc...}, goog:chromeOptions: {debuggerAddress: localhost:65294}, javascriptEnabled: true, networkConnectionEnabled: false, pageLoadStrategy: normal, platform: WINDOWS, platformName: WINDOWS, proxy: Proxy(), setWindowRect: true, strictFileInteractability: false, timeouts: {implicit: 0, pageLoad: 300000, script: 30000}, unhandledPromptBehavior: dismiss and notify, webauthn:extension:credBlob: true, webauthn:extension:largeBlob: true, webauthn:virtualAuthenticators: true}
Session ID: d3c088d79115a8b6c7f54bb42ccb61f2
20:08:54  INFO  manager.MyListener - This is your screen with error -->src/test/screenshorts/screen534.png
20:08:54  INFO  manager.MyListener - We have a throwable ---> no such window: target window already closed
from unknown error: web view not found
  (Session info: chrome=98.0.4758.82)
Build info: version: '3.141.59', revision: 'e82be7d358', time: '2018-11-14T08:17:03'
System info: host: 'DESKTOP-O62I6CB', ip: '10.100.102.5', os.name: 'Windows 10', os.arch: 'amd64', os.version: '10.0', java.version: '11.0.13'
Driver info: org.openqa.selenium.chrome.ChromeDriver
Capabilities {acceptInsecureCerts: false, browserName: chrome, browserVersion: 98.0.4758.82, chrome: {chromedriverVersion: 98.0.4758.80 (7f0488e8ba0d8..., userDataDir: C:\Users\Natali\AppData\Loc...}, goog:chromeOptions: {debuggerAddress: localhost:65294}, javascriptEnabled: true, networkConnectionEnabled: false, pageLoadStrategy: normal, platform: WINDOWS, platformName: WINDOWS, proxy: Proxy(), setWindowRect: true, strictFileInteractability: false, timeouts: {implicit: 0, pageLoad: 300000, script: 30000}, unhandledPromptBehavior: dismiss and notify, webauthn:extension:credBlob: true, webauthn:extension:largeBlob: true, webauthn:virtualAuthenticators: true}
Session ID: d3c088d79115a8b6c7f54bb42ccb61f2
20:08:54  INFO  manager.MyListener - org.openqa.selenium.NoSuchWindowException: no such window: target window already closed
from unknown error: web view not found
  (Session info: chrome=98.0.4758.82)
Build info: version: '3.141.59', revision: 'e82be7d358', time: '2018-11-14T08:17:03'
System info: host: 'DESKTOP-O62I6CB', ip: '10.100.102.5', os.name: 'Windows 10', os.arch: 'amd64', os.version: '10.0', java.version: '11.0.13'
Driver info: org.openqa.selenium.chrome.ChromeDriver
Capabilities {acceptInsecureCerts: false, browserName: chrome, browserVersion: 98.0.4758.82, chrome: {chromedriverVersion: 98.0.4758.80 (7f0488e8ba0d8..., userDataDir: C:\Users\Natali\AppData\Loc...}, goog:chromeOptions: {debuggerAddress: localhost:65294}, javascriptEnabled: true, networkConnectionEnabled: false, pageLoadStrategy: normal, platform: WINDOWS, platformName: WINDOWS, proxy: Proxy(), setWindowRect: true, strictFileInteractability: false, timeouts: {implicit: 0, pageLoad: 300000, script: 30000}, unhandledPromptBehavior: dismiss and notify, webauthn:extension:credBlob: true, webauthn:extension:largeBlob: true, webauthn:virtualAuthenticators: true}
Session ID: d3c088d79115a8b6c7f54bb42ccb61f2
20:08:54  INFO  manager.MyListener - This is your screen with error -->src/test/screenshorts/screen534.png
20:08:54  INFO  tests.TestBase - Name of test ---> addNewContactSuccess2
20:08:54  INFO  manager.MyListener - Start find element --->By.xpath: //button[text()='Sign Out']
20:08:54  INFO  manager.MyListener - We have a throwable ---> no such window: target window already closed
from unknown error: web view not found
  (Session info: chrome=98.0.4758.82)
Build info: version: '3.141.59', revision: 'e82be7d358', time: '2018-11-14T08:17:03'
System info: host: 'DESKTOP-O62I6CB', ip: '10.100.102.5', os.name: 'Windows 10', os.arch: 'amd64', os.version: '10.0', java.version: '11.0.13'
Driver info: org.openqa.selenium.chrome.ChromeDriver
Capabilities {acceptInsecureCerts: false, browserName: chrome, browserVersion: 98.0.4758.82, chrome: {chromedriverVersion: 98.0.4758.80 (7f0488e8ba0d8..., userDataDir: C:\Users\Natali\AppData\Loc...}, goog:chromeOptions: {debuggerAddress: localhost:65294}, javascriptEnabled: true, networkConnectionEnabled: false, pageLoadStrategy: normal, platform: WINDOWS, platformName: WINDOWS, proxy: Proxy(), setWindowRect: true, strictFileInteractability: false, timeouts: {implicit: 0, pageLoad: 300000, script: 30000}, unhandledPromptBehavior: dismiss and notify, webauthn:extension:credBlob: true, webauthn:extension:largeBlob: true, webauthn:virtualAuthenticators: true}
Session ID: d3c088d79115a8b6c7f54bb42ccb61f2
*** Element info: {Using=xpath, value=//button[text()='Sign Out']}
20:08:54  INFO  manager.MyListener - org.openqa.selenium.NoSuchWindowException: no such window: target window already closed
from unknown error: web view not found
  (Session info: chrome=98.0.4758.82)
Build info: version: '3.141.59', revision: 'e82be7d358', time: '2018-11-14T08:17:03'
System info: host: 'DESKTOP-O62I6CB', ip: '10.100.102.5', os.name: 'Windows 10', os.arch: 'amd64', os.version: '10.0', java.version: '11.0.13'
Driver info: org.openqa.selenium.chrome.ChromeDriver
Capabilities {acceptInsecureCerts: false, browserName: chrome, browserVersion: 98.0.4758.82, chrome: {chromedriverVersion: 98.0.4758.80 (7f0488e8ba0d8..., userDataDir: C:\Users\Natali\AppData\Loc...}, goog:chromeOptions: {debuggerAddress: localhost:65294}, javascriptEnabled: true, networkConnectionEnabled: false, pageLoadStrategy: normal, platform: WINDOWS, platformName: WINDOWS, proxy: Proxy(), setWindowRect: true, strictFileInteractability: false, timeouts: {implicit: 0, pageLoad: 300000, script: 30000}, unhandledPromptBehavior: dismiss and notify, webauthn:extension:credBlob: true, webauthn:extension:largeBlob: true, webauthn:virtualAuthenticators: true}
Session ID: d3c088d79115a8b6c7f54bb42ccb61f2
*** Element info: {Using=xpath, value=//button[text()='Sign Out']}
20:08:54  INFO  manager.MyListener - This is your screen with error -->src/test/screenshorts/screen534.png
20:08:54  INFO  tests.TestBase - Name of test ---> loginNegativeTestWrongPassword
20:08:54  INFO  manager.MyListener - Start find element --->By.xpath: //button[text()='Sign Out']
20:08:54  INFO  manager.MyListener - We have a throwable ---> no such window: target window already closed
from unknown error: web view not found
  (Session info: chrome=98.0.4758.82)
Build info: version: '3.141.59', revision: 'e82be7d358', time: '2018-11-14T08:17:03'
System info: host: 'DESKTOP-O62I6CB', ip: '10.100.102.5', os.name: 'Windows 10', os.arch: 'amd64', os.version: '10.0', java.version: '11.0.13'
Driver info: org.openqa.selenium.chrome.ChromeDriver
Capabilities {acceptInsecureCerts: false, browserName: chrome, browserVersion: 98.0.4758.82, chrome: {chromedriverVersion: 98.0.4758.80 (7f0488e8ba0d8..., userDataDir: C:\Users\Natali\AppData\Loc...}, goog:chromeOptions: {debuggerAddress: localhost:65294}, javascriptEnabled: true, networkConnectionEnabled: false, pageLoadStrategy: normal, platform: WINDOWS, platformName: WINDOWS, proxy: Proxy(), setWindowRect: true, strictFileInteractability: false, timeouts: {implicit: 0, pageLoad: 300000, script: 30000}, unhandledPromptBehavior: dismiss and notify, webauthn:extension:credBlob: true, webauthn:extension:largeBlob: true, webauthn:virtualAuthenticators: true}
Session ID: d3c088d79115a8b6c7f54bb42ccb61f2
*** Element info: {Using=xpath, value=//button[text()='Sign Out']}
20:08:54  INFO  manager.MyListener - org.openqa.selenium.NoSuchWindowException: no such window: target window already closed
from unknown error: web view not found
  (Session info: chrome=98.0.4758.82)
Build info: version: '3.141.59', revision: 'e82be7d358', time: '2018-11-14T08:17:03'
System info: host: 'DESKTOP-O62I6CB', ip: '10.100.102.5', os.name: 'Windows 10', os.arch: 'amd64', os.version: '10.0', java.version: '11.0.13'
Driver info: org.openqa.selenium.chrome.ChromeDriver
Capabilities {acceptInsecureCerts: false, browserName: chrome, browserVersion: 98.0.4758.82, chrome: {chromedriverVersion: 98.0.4758.80 (7f0488e8ba0d8..., userDataDir: C:\Users\Natali\AppData\Loc...}, goog:chromeOptions: {debuggerAddress: localhost:65294}, javascriptEnabled: true, networkConnectionEnabled: false, pageLoadStrategy: normal, platform: WINDOWS, platformName: WINDOWS, proxy: Proxy(), setWindowRect: true, strictFileInteractability: false, timeouts: {implicit: 0, pageLoad: 300000, script: 30000}, unhandledPromptBehavior: dismiss and notify, webauthn:extension:credBlob: true, webauthn:extension:largeBlob: true, webauthn:virtualAuthenticators: true}
Session ID: d3c088d79115a8b6c7f54bb42ccb61f2
*** Element info: {Using=xpath, value=//button[text()='Sign Out']}
20:08:54  INFO  manager.MyListener - This is your screen with error -->src/test/screenshorts/screen534.png
20:08:54  INFO  tests.TestBase - Name of test ---> registrationSuccess
20:08:54  INFO  manager.MyListener - Start find element --->By.xpath: //button[text()='Sign Out']
20:08:55  INFO  manager.MyListener - We have a throwable ---> no such window: target window already closed
from unknown error: web view not found
  (Session info: chrome=98.0.4758.82)
Build info: version: '3.141.59', revision: 'e82be7d358', time: '2018-11-14T08:17:03'
System info: host: 'DESKTOP-O62I6CB', ip: '10.100.102.5', os.name: 'Windows 10', os.arch: 'amd64', os.version: '10.0', java.version: '11.0.13'
Driver info: org.openqa.selenium.chrome.ChromeDriver
Capabilities {acceptInsecureCerts: false, browserName: chrome, browserVersion: 98.0.4758.82, chrome: {chromedriverVersion: 98.0.4758.80 (7f0488e8ba0d8..., userDataDir: C:\Users\Natali\AppData\Loc...}, goog:chromeOptions: {debuggerAddress: localhost:65294}, javascriptEnabled: true, networkConnectionEnabled: false, pageLoadStrategy: normal, platform: WINDOWS, platformName: WINDOWS, proxy: Proxy(), setWindowRect: true, strictFileInteractability: false, timeouts: {implicit: 0, pageLoad: 300000, script: 30000}, unhandledPromptBehavior: dismiss and notify, webauthn:extension:credBlob: true, webauthn:extension:largeBlob: true, webauthn:virtualAuthenticators: true}
Session ID: d3c088d79115a8b6c7f54bb42ccb61f2
*** Element info: {Using=xpath, value=//button[text()='Sign Out']}
20:08:55  INFO  manager.MyListener - org.openqa.selenium.NoSuchWindowException: no such window: target window already closed
from unknown error: web view not found
  (Session info: chrome=98.0.4758.82)
Build info: version: '3.141.59', revision: 'e82be7d358', time: '2018-11-14T08:17:03'
System info: host: 'DESKTOP-O62I6CB', ip: '10.100.102.5', os.name: 'Windows 10', os.arch: 'amd64', os.version: '10.0', java.version: '11.0.13'
Driver info: org.openqa.selenium.chrome.ChromeDriver
Capabilities {acceptInsecureCerts: false, browserName: chrome, browserVersion: 98.0.4758.82, chrome: {chromedriverVersion: 98.0.4758.80 (7f0488e8ba0d8..., userDataDir: C:\Users\Natali\AppData\Loc...}, goog:chromeOptions: {debuggerAddress: localhost:65294}, javascriptEnabled: true, networkConnectionEnabled: false, pageLoadStrategy: normal, platform: WINDOWS, platformName: WINDOWS, proxy: Proxy(), setWindowRect: true, strictFileInteractability: false, timeouts: {implicit: 0, pageLoad: 300000, script: 30000}, unhandledPromptBehavior: dismiss and notify, webauthn:extension:credBlob: true, webauthn:extension:largeBlob: true, webauthn:virtualAuthenticators: true}
Session ID: d3c088d79115a8b6c7f54bb42ccb61f2
*** Element info: {Using=xpath, value=//button[text()='Sign Out']}
20:08:55  INFO  manager.MyListener - This is your screen with error -->src/test/screenshorts/screen535.png
20:08:55  INFO  tests.TestBase - Name of test ---> removeAllContactTest
20:08:55  INFO  manager.MyListener - Start find element --->By.xpath: //button[text()='Sign Out']
20:08:55  INFO  manager.MyListener - We have a throwable ---> no such window: target window already closed
from unknown error: web view not found
  (Session info: chrome=98.0.4758.82)
Build info: version: '3.141.59', revision: 'e82be7d358', time: '2018-11-14T08:17:03'
System info: host: 'DESKTOP-O62I6CB', ip: '10.100.102.5', os.name: 'Windows 10', os.arch: 'amd64', os.version: '10.0', java.version: '11.0.13'
Driver info: org.openqa.selenium.chrome.ChromeDriver
Capabilities {acceptInsecureCerts: false, browserName: chrome, browserVersion: 98.0.4758.82, chrome: {chromedriverVersion: 98.0.4758.80 (7f0488e8ba0d8..., userDataDir: C:\Users\Natali\AppData\Loc...}, goog:chromeOptions: {debuggerAddress: localhost:65294}, javascriptEnabled: true, networkConnectionEnabled: false, pageLoadStrategy: normal, platform: WINDOWS, platformName: WINDOWS, proxy: Proxy(), setWindowRect: true, strictFileInteractability: false, timeouts: {implicit: 0, pageLoad: 300000, script: 30000}, unhandledPromptBehavior: dismiss and notify, webauthn:extension:credBlob: true, webauthn:extension:largeBlob: true, webauthn:virtualAuthenticators: true}
Session ID: d3c088d79115a8b6c7f54bb42ccb61f2
*** Element info: {Using=xpath, value=//button[text()='Sign Out']}
20:08:55  INFO  manager.MyListener - org.openqa.selenium.NoSuchWindowException: no such window: target window already closed
from unknown error: web view not found
  (Session info: chrome=98.0.4758.82)
Build info: version: '3.141.59', revision: 'e82be7d358', time: '2018-11-14T08:17:03'
System info: host: 'DESKTOP-O62I6CB', ip: '10.100.102.5', os.name: 'Windows 10', os.arch: 'amd64', os.version: '10.0', java.version: '11.0.13'
Driver info: org.openqa.selenium.chrome.ChromeDriver
Capabilities {acceptInsecureCerts: false, browserName: chrome, browserVersion: 98.0.4758.82, chrome: {chromedriverVersion: 98.0.4758.80 (7f0488e8ba0d8..., userDataDir: C:\Users\Natali\AppData\Loc...}, goog:chromeOptions: {debuggerAddress: localhost:65294}, javascriptEnabled: true, networkConnectionEnabled: false, pageLoadStrategy: normal, platform: WINDOWS, platformName: WINDOWS, proxy: Proxy(), setWindowRect: true, strictFileInteractability: false, timeouts: {implicit: 0, pageLoad: 300000, script: 30000}, unhandledPromptBehavior: dismiss and notify, webauthn:extension:credBlob: true, webauthn:extension:largeBlob: true, webauthn:virtualAuthenticators: true}
Session ID: d3c088d79115a8b6c7f54bb42ccb61f2
*** Element info: {Using=xpath, value=//button[text()='Sign Out']}
20:08:55  INFO  manager.MyListener - This is your screen with error -->src/test/screenshorts/screen535.png
