10:12:03  INFO  manager.ApplicationManager - All tests starts in 'Chrom' browser
10:12:04  INFO  tests.TestBase - Name of test ---> addNewContactSuccess
10:12:04  INFO  manager.MyListener - Start find element --->By.xpath: //button[text()='Sign Out']
10:12:09  INFO  manager.MyListener - The element with locator --->By.xpath: //button[text()='Sign Out']--->was found
10:12:09  INFO  manager.MyListener - Start find element --->By.xpath: //a[@href='/login']
10:12:09  INFO  manager.MyListener - The element with locator --->By.xpath: //a[@href='/login']--->was found
10:12:09  INFO  manager.MyListener - Start find element --->By.xpath: //input[1]
10:12:09  INFO  manager.MyListener - The element with locator --->By.xpath: //input[1]--->was found
10:12:09  INFO  manager.MyListener - Start find element --->By.xpath: //input[2]
10:12:09  INFO  manager.MyListener - The element with locator --->By.xpath: //input[2]--->was found
10:12:09  INFO  manager.MyListener - Start find element --->By.xpath: //button[text()=' Login']
10:12:09  INFO  manager.MyListener - The element with locator --->By.xpath: //button[text()=' Login']--->was found
10:12:09  INFO  tests.TestBase - Contact was added for userUser{email='Tomy123456@mail.com', password='Qq123666$45'}
10:12:09  INFO  manager.MyListener - Start find element --->By.cssSelector: .contact-item_card__2SOIM
10:12:10  INFO  manager.MyListener - The element with locator --->By.cssSelector: .contact-item_card__2SOIM--->was found
10:12:10  INFO  tests.TestBase - Contact(name=Jack, lastName=Sparrow, phone=972345730, email=jacky730@gmail.com, address=Tortuga, description=Friend)contact was added
10:12:10  INFO  manager.MyListener - Start find element --->By.xpath: //a[text()='ADD']
10:12:10  INFO  manager.MyListener - The element with locator --->By.xpath: //a[text()='ADD']--->was found
10:12:10  INFO  manager.MyListener - Start find element --->By.cssSelector: [placeholder='Name']
10:12:10  INFO  manager.MyListener - The element with locator --->By.cssSelector: [placeholder='Name']--->was found
10:12:10  INFO  manager.MyListener - Start find element --->By.cssSelector: [placeholder='Last Name']
10:12:10  INFO  manager.MyListener - The element with locator --->By.cssSelector: [placeholder='Last Name']--->was found
10:12:10  INFO  manager.MyListener - Start find element --->By.cssSelector: [placeholder='Phone']
10:12:10  INFO  manager.MyListener - The element with locator --->By.cssSelector: [placeholder='Phone']--->was found
10:12:10  INFO  manager.MyListener - Start find element --->By.cssSelector: [placeholder='email']
10:12:11  INFO  manager.MyListener - The element with locator --->By.cssSelector: [placeholder='email']--->was found
10:12:11  INFO  manager.MyListener - Start find element --->By.cssSelector: [placeholder='Address']
10:12:11  INFO  manager.MyListener - The element with locator --->By.cssSelector: [placeholder='Address']--->was found
10:12:11  INFO  manager.MyListener - Start find element --->By.cssSelector: [placeholder='description']
10:12:11  INFO  manager.MyListener - The element with locator --->By.cssSelector: [placeholder='description']--->was found
10:12:11  INFO  manager.MyListener - Start find element --->By.xpath: //button[contains(.,'Save')]
10:12:11  INFO  manager.MyListener - The element with locator --->By.xpath: //button[contains(.,'Save')]--->was found
10:12:11  INFO  manager.MyListener - Start find element --->By.cssSelector: .contact-item_card__2SOIM
10:12:11  INFO  manager.MyListener - The element with locator --->By.cssSelector: .contact-item_card__2SOIM--->was found
10:12:11  INFO  manager.MyListener - Start find element --->By.cssSelector: h2
10:12:11  INFO  manager.MyListener - The element with locator --->By.cssSelector: h2--->was found
10:12:11  INFO  manager.MyListener - Start find element --->By.cssSelector: h3
10:12:11  INFO  manager.MyListener - The element with locator --->By.cssSelector: h3--->was found
10:12:12  INFO  tests.TestBase - Name of test ---> addNewContactSuccess2
10:12:12  INFO  manager.MyListener - Start find element --->By.xpath: //button[text()='Sign Out']
10:12:12  INFO  manager.MyListener - The element with locator --->By.xpath: //button[text()='Sign Out']--->was found
10:12:12  INFO  manager.MyListener - Start find element --->By.cssSelector: .contact-item_card__2SOIM
10:12:12  INFO  manager.MyListener - The element with locator --->By.cssSelector: .contact-item_card__2SOIM--->was found
10:12:12  INFO  tests.TestBase - Contact(name=Elizabet, lastName=Swon, phone=5464748456, email=eliz@gmail.com, address=Tortuga, description=Friend)contact was added
10:12:12  INFO  manager.MyListener - Start find element --->By.xpath: //a[text()='ADD']
10:12:12  INFO  manager.MyListener - The element with locator --->By.xpath: //a[text()='ADD']--->was found
10:12:12  INFO  manager.MyListener - Start find element --->By.cssSelector: [placeholder='Name']
10:12:12  INFO  manager.MyListener - The element with locator --->By.cssSelector: [placeholder='Name']--->was found
10:12:12  INFO  manager.MyListener - Start find element --->By.cssSelector: [placeholder='Last Name']
10:12:12  INFO  manager.MyListener - The element with locator --->By.cssSelector: [placeholder='Last Name']--->was found
10:12:12  INFO  manager.MyListener - Start find element --->By.cssSelector: [placeholder='Phone']
10:12:12  INFO  manager.MyListener - The element with locator --->By.cssSelector: [placeholder='Phone']--->was found
10:12:12  INFO  manager.MyListener - Start find element --->By.cssSelector: [placeholder='email']
10:12:12  INFO  manager.MyListener - The element with locator --->By.cssSelector: [placeholder='email']--->was found
10:12:12  INFO  manager.MyListener - Start find element --->By.cssSelector: [placeholder='Address']
10:12:12  INFO  manager.MyListener - The element with locator --->By.cssSelector: [placeholder='Address']--->was found
10:12:12  INFO  manager.MyListener - Start find element --->By.cssSelector: [placeholder='description']
10:12:12  INFO  manager.MyListener - The element with locator --->By.cssSelector: [placeholder='description']--->was found
10:12:12  INFO  manager.MyListener - Start find element --->By.xpath: //button[contains(.,'Save')]
10:12:13  INFO  manager.MyListener - The element with locator --->By.xpath: //button[contains(.,'Save')]--->was found
10:12:13  INFO  manager.MyListener - Start find element --->By.cssSelector: .contact-item_card__2SOIM
10:12:18  INFO  manager.MyListener - The element with locator --->By.cssSelector: .contact-item_card__2SOIM--->was found
10:12:18  INFO  tests.TestBase - Name of test ---> addNewContactSuccess2
10:12:18  INFO  manager.MyListener - Start find element --->By.xpath: //button[text()='Sign Out']
10:12:18  INFO  manager.MyListener - The element with locator --->By.xpath: //button[text()='Sign Out']--->was found
10:12:18  INFO  manager.MyListener - Start find element --->By.cssSelector: .contact-item_card__2SOIM
10:12:23  INFO  manager.MyListener - The element with locator --->By.cssSelector: .contact-item_card__2SOIM--->was found
10:12:23  INFO  tests.TestBase - Contact(name=Elizabet, lastName=Swon, phone=5464748457, email=eliz1@gmail.com, address=Tortuga, description=Friend)contact was added
10:12:23  INFO  manager.MyListener - Start find element --->By.xpath: //a[text()='ADD']
10:12:23  INFO  manager.MyListener - The element with locator --->By.xpath: //a[text()='ADD']--->was found
10:12:23  INFO  manager.MyListener - Start find element --->By.cssSelector: [placeholder='Name']
10:12:23  INFO  manager.MyListener - The element with locator --->By.cssSelector: [placeholder='Name']--->was found
10:12:23  INFO  manager.MyListener - Start find element --->By.cssSelector: [placeholder='Last Name']
10:12:23  INFO  manager.MyListener - The element with locator --->By.cssSelector: [placeholder='Last Name']--->was found
10:12:23  INFO  manager.MyListener - Start find element --->By.cssSelector: [placeholder='Phone']
10:12:23  INFO  manager.MyListener - The element with locator --->By.cssSelector: [placeholder='Phone']--->was found
10:12:23  INFO  manager.MyListener - Start find element --->By.cssSelector: [placeholder='email']
10:12:23  INFO  manager.MyListener - The element with locator --->By.cssSelector: [placeholder='email']--->was found
10:12:23  INFO  manager.MyListener - Start find element --->By.cssSelector: [placeholder='Address']
10:12:23  INFO  manager.MyListener - The element with locator --->By.cssSelector: [placeholder='Address']--->was found
10:12:23  INFO  manager.MyListener - Start find element --->By.cssSelector: [placeholder='description']
10:12:23  INFO  manager.MyListener - The element with locator --->By.cssSelector: [placeholder='description']--->was found
10:12:24  INFO  manager.MyListener - Start find element --->By.xpath: //button[contains(.,'Save')]
10:12:24  INFO  manager.MyListener - The element with locator --->By.xpath: //button[contains(.,'Save')]--->was found
10:12:24  INFO  manager.MyListener - Start find element --->By.cssSelector: .contact-item_card__2SOIM
10:12:29  INFO  manager.MyListener - The element with locator --->By.cssSelector: .contact-item_card__2SOIM--->was found
10:12:29  INFO  tests.TestBase - Name of test ---> addNewContactSuccess2
10:12:29  INFO  manager.MyListener - Start find element --->By.xpath: //button[text()='Sign Out']
10:12:29  INFO  manager.MyListener - The element with locator --->By.xpath: //button[text()='Sign Out']--->was found
10:12:29  INFO  manager.MyListener - Start find element --->By.cssSelector: .contact-item_card__2SOIM
10:12:34  INFO  manager.MyListener - The element with locator --->By.cssSelector: .contact-item_card__2SOIM--->was found
10:12:34  INFO  tests.TestBase - Contact(name=Elizabet, lastName=Swon, phone=5464748454, email=eliz2@gmail.com, address=Tortuga, description=Friend)contact was added
10:12:34  INFO  manager.MyListener - Start find element --->By.xpath: //a[text()='ADD']
10:12:34  INFO  manager.MyListener - The element with locator --->By.xpath: //a[text()='ADD']--->was found
10:12:34  INFO  manager.MyListener - Start find element --->By.cssSelector: [placeholder='Name']
10:12:34  INFO  manager.MyListener - The element with locator --->By.cssSelector: [placeholder='Name']--->was found
10:12:34  INFO  manager.MyListener - Start find element --->By.cssSelector: [placeholder='Last Name']
10:12:34  INFO  manager.MyListener - The element with locator --->By.cssSelector: [placeholder='Last Name']--->was found
10:12:34  INFO  manager.MyListener - Start find element --->By.cssSelector: [placeholder='Phone']
10:12:34  INFO  manager.MyListener - The element with locator --->By.cssSelector: [placeholder='Phone']--->was found
10:12:34  INFO  manager.MyListener - Start find element --->By.cssSelector: [placeholder='email']
10:12:34  INFO  manager.MyListener - The element with locator --->By.cssSelector: [placeholder='email']--->was found
10:12:34  INFO  manager.MyListener - Start find element --->By.cssSelector: [placeholder='Address']
10:12:34  INFO  manager.MyListener - The element with locator --->By.cssSelector: [placeholder='Address']--->was found
10:12:34  INFO  manager.MyListener - Start find element --->By.cssSelector: [placeholder='description']
10:12:34  INFO  manager.MyListener - The element with locator --->By.cssSelector: [placeholder='description']--->was found
10:12:35  INFO  manager.MyListener - Start find element --->By.xpath: //button[contains(.,'Save')]
10:12:35  INFO  manager.MyListener - The element with locator --->By.xpath: //button[contains(.,'Save')]--->was found
10:12:35  INFO  manager.MyListener - Start find element --->By.cssSelector: .contact-item_card__2SOIM
10:12:40  INFO  manager.MyListener - The element with locator --->By.cssSelector: .contact-item_card__2SOIM--->was found
10:12:40  INFO  tests.TestBase - Name of test ---> loginNegativeTestWrongPassword
10:12:40  INFO  manager.MyListener - Start find element --->By.xpath: //button[text()='Sign Out']
10:12:40  INFO  manager.MyListener - The element with locator --->By.xpath: //button[text()='Sign Out']--->was found
10:12:40  INFO  manager.MyListener - Start find element --->By.xpath: //button[text()='Sign Out']
10:12:40  INFO  manager.MyListener - The element with locator --->By.xpath: //button[text()='Sign Out']--->was found
10:12:40  INFO  tests.TestBase - The user start negative login process with data : --->User{email='Tomy123456@mail.com', password='Qq'}
10:12:40  INFO  manager.MyListener - Start find element --->By.xpath: //a[@href='/login']
10:12:40  INFO  manager.MyListener - The element with locator --->By.xpath: //a[@href='/login']--->was found
10:12:40  INFO  manager.MyListener - Start find element --->By.xpath: //input[1]
10:12:40  INFO  manager.MyListener - The element with locator --->By.xpath: //input[1]--->was found
10:12:40  INFO  manager.MyListener - Start find element --->By.xpath: //input[2]
10:12:40  INFO  manager.MyListener - The element with locator --->By.xpath: //input[2]--->was found
10:12:40  INFO  manager.MyListener - Start find element --->By.xpath: //button[text()=' Login']
10:12:40  INFO  manager.MyListener - The element with locator --->By.xpath: //button[text()=' Login']--->was found
10:12:45  INFO  manager.MyListener - Start find element --->By.xpath: //button[text()='Sign Out']
10:12:50  INFO  manager.MyListener - The element with locator --->By.xpath: //button[text()='Sign Out']--->was found
10:12:50  INFO  tests.TestBase - Name of test ---> loginSuccessModel
10:12:50  INFO  manager.MyListener - Start find element --->By.xpath: //button[text()='Sign Out']
10:12:55  INFO  manager.MyListener - The element with locator --->By.xpath: //button[text()='Sign Out']--->was found
10:12:55  INFO  tests.TestBase - Test starts with email [Tomy123456@mail.com], pessword[Qq123666$45]
10:12:55  INFO  manager.MyListener - Start find element --->By.xpath: //a[@href='/login']
10:12:55  INFO  manager.MyListener - The element with locator --->By.xpath: //a[@href='/login']--->was found
10:12:55  INFO  manager.MyListener - Start find element --->By.xpath: //input[1]
10:12:55  INFO  manager.MyListener - The element with locator --->By.xpath: //input[1]--->was found
10:12:55  INFO  manager.MyListener - Start find element --->By.xpath: //input[2]
10:12:55  INFO  manager.MyListener - The element with locator --->By.xpath: //input[2]--->was found
10:12:56  INFO  manager.MyListener - Start find element --->By.xpath: //button[text()=' Login']
10:12:56  INFO  manager.MyListener - The element with locator --->By.xpath: //button[text()=' Login']--->was found
10:12:56  INFO  manager.MyListener - Start find element --->By.xpath: //a[@href='/contacts']
10:12:56  INFO  manager.MyListener - The element with locator --->By.xpath: //a[@href='/contacts']--->was found
10:12:56  INFO  tests.TestBase - Name of test ---> loginSuccessModelDataProvider
10:12:56  INFO  manager.MyListener - Start find element --->By.xpath: //button[text()='Sign Out']
10:12:56  INFO  manager.MyListener - The element with locator --->By.xpath: //button[text()='Sign Out']--->was found
10:12:56  INFO  manager.MyListener - Start find element --->By.xpath: //button[text()='Sign Out']
10:12:56  INFO  manager.MyListener - The element with locator --->By.xpath: //button[text()='Sign Out']--->was found
10:12:56  INFO  tests.TestBase - Test user starts with data:User{email='Tomy123456@mail.com', password='Qq123666$45'}
10:12:56  INFO  manager.MyListener - Start find element --->By.xpath: //a[@href='/login']
10:12:56  INFO  manager.MyListener - The element with locator --->By.xpath: //a[@href='/login']--->was found
10:12:56  INFO  manager.MyListener - Start find element --->By.xpath: //input[1]
10:12:56  INFO  manager.MyListener - The element with locator --->By.xpath: //input[1]--->was found
10:12:56  INFO  manager.MyListener - Start find element --->By.xpath: //input[2]
10:12:56  INFO  manager.MyListener - The element with locator --->By.xpath: //input[2]--->was found
10:12:56  INFO  manager.MyListener - Start find element --->By.xpath: //button[text()=' Login']
10:12:56  INFO  manager.MyListener - The element with locator --->By.xpath: //button[text()=' Login']--->was found
10:12:57  INFO  manager.MyListener - Start find element --->By.xpath: //a[@href='/contacts']
10:12:57  INFO  manager.MyListener - The element with locator --->By.xpath: //a[@href='/contacts']--->was found
10:12:57  INFO  tests.TestBase - Name of test ---> loginSuccessModelDataProvider
10:12:57  INFO  manager.MyListener - Start find element --->By.xpath: //button[text()='Sign Out']
10:12:57  INFO  manager.MyListener - The element with locator --->By.xpath: //button[text()='Sign Out']--->was found
10:12:57  INFO  manager.MyListener - Start find element --->By.xpath: //button[text()='Sign Out']
10:12:57  INFO  manager.MyListener - The element with locator --->By.xpath: //button[text()='Sign Out']--->was found
10:12:57  INFO  tests.TestBase - Test user starts with data:User{email='Tomy123456@mail.com', password='Qq123666$45'}
10:12:57  INFO  manager.MyListener - Start find element --->By.xpath: //a[@href='/login']
10:12:57  INFO  manager.MyListener - The element with locator --->By.xpath: //a[@href='/login']--->was found
10:12:57  INFO  manager.MyListener - Start find element --->By.xpath: //input[1]
10:12:57  INFO  manager.MyListener - The element with locator --->By.xpath: //input[1]--->was found
10:12:57  INFO  manager.MyListener - Start find element --->By.xpath: //input[2]
10:12:57  INFO  manager.MyListener - The element with locator --->By.xpath: //input[2]--->was found
10:12:57  INFO  manager.MyListener - Start find element --->By.xpath: //button[text()=' Login']
10:12:57  INFO  manager.MyListener - The element with locator --->By.xpath: //button[text()=' Login']--->was found
10:12:58  INFO  manager.MyListener - Start find element --->By.xpath: //a[@href='/contacts']
10:12:58  INFO  manager.MyListener - The element with locator --->By.xpath: //a[@href='/contacts']--->was found
10:12:58  INFO  tests.TestBase - Name of test ---> loginSuccessModelDataProvider
10:12:58  INFO  manager.MyListener - Start find element --->By.xpath: //button[text()='Sign Out']
10:12:58  INFO  manager.MyListener - The element with locator --->By.xpath: //button[text()='Sign Out']--->was found
10:12:58  INFO  manager.MyListener - Start find element --->By.xpath: //button[text()='Sign Out']
10:12:58  INFO  manager.MyListener - The element with locator --->By.xpath: //button[text()='Sign Out']--->was found
10:12:58  INFO  tests.TestBase - Test user starts with data:User{email='Tomy123456@mail.com', password='Qq123666$45'}
10:12:58  INFO  manager.MyListener - Start find element --->By.xpath: //a[@href='/login']
10:12:58  INFO  manager.MyListener - The element with locator --->By.xpath: //a[@href='/login']--->was found
10:12:58  INFO  manager.MyListener - Start find element --->By.xpath: //input[1]
10:12:58  INFO  manager.MyListener - The element with locator --->By.xpath: //input[1]--->was found
10:12:58  INFO  manager.MyListener - Start find element --->By.xpath: //input[2]
10:12:58  INFO  manager.MyListener - The element with locator --->By.xpath: //input[2]--->was found
10:12:58  INFO  manager.MyListener - Start find element --->By.xpath: //button[text()=' Login']
10:12:58  INFO  manager.MyListener - The element with locator --->By.xpath: //button[text()=' Login']--->was found
10:12:58  INFO  manager.MyListener - Start find element --->By.xpath: //a[@href='/contacts']
10:12:58  INFO  manager.MyListener - The element with locator --->By.xpath: //a[@href='/contacts']--->was found
10:12:59  INFO  tests.TestBase - Name of test ---> loginSuccessTestDataProvider
10:12:59  INFO  manager.MyListener - Start find element --->By.xpath: //button[text()='Sign Out']
10:12:59  INFO  manager.MyListener - The element with locator --->By.xpath: //button[text()='Sign Out']--->was found
10:12:59  INFO  manager.MyListener - Start find element --->By.xpath: //button[text()='Sign Out']
10:12:59  INFO  manager.MyListener - The element with locator --->By.xpath: //button[text()='Sign Out']--->was found
10:12:59  INFO  tests.TestBase - Test starts with email Tomy123456@mail.com  && password Qq123666$45
10:12:59  INFO  manager.MyListener - Start find element --->By.xpath: //a[@href='/login']
10:12:59  INFO  manager.MyListener - The element with locator --->By.xpath: //a[@href='/login']--->was found
10:13:02  INFO  manager.MyListener - Start find element --->By.xpath: //input[1]
10:13:02  INFO  manager.MyListener - The element with locator --->By.xpath: //input[1]--->was found
10:13:02  INFO  manager.MyListener - Start find element --->By.xpath: //input[2]
10:13:02  INFO  manager.MyListener - The element with locator --->By.xpath: //input[2]--->was found
10:13:02  INFO  manager.MyListener - Start find element --->By.xpath: //button[text()=' Login']
10:13:02  INFO  manager.MyListener - The element with locator --->By.xpath: //button[text()=' Login']--->was found
10:13:02  INFO  manager.MyListener - Start find element --->By.xpath: //a[@href='/contacts']
10:13:02  INFO  manager.MyListener - The element with locator --->By.xpath: //a[@href='/contacts']--->was found
10:13:02  INFO  tests.TestBase - Name of test ---> loginSuccessTestDataProvider
10:13:02  INFO  manager.MyListener - Start find element --->By.xpath: //button[text()='Sign Out']
10:13:02  INFO  manager.MyListener - The element with locator --->By.xpath: //button[text()='Sign Out']--->was found
10:13:02  INFO  manager.MyListener - Start find element --->By.xpath: //button[text()='Sign Out']
10:13:02  INFO  manager.MyListener - The element with locator --->By.xpath: //button[text()='Sign Out']--->was found
10:13:02  INFO  tests.TestBase - Test starts with email Tomy123456@mail.com  && password Qq123666$45
10:13:02  INFO  manager.MyListener - Start find element --->By.xpath: //a[@href='/login']
10:13:02  INFO  manager.MyListener - The element with locator --->By.xpath: //a[@href='/login']--->was found
10:13:05  INFO  manager.MyListener - Start find element --->By.xpath: //input[1]
10:13:05  INFO  manager.MyListener - The element with locator --->By.xpath: //input[1]--->was found
10:13:06  INFO  manager.MyListener - Start find element --->By.xpath: //input[2]
10:13:06  INFO  manager.MyListener - The element with locator --->By.xpath: //input[2]--->was found
10:13:06  INFO  manager.MyListener - Start find element --->By.xpath: //button[text()=' Login']
10:13:06  INFO  manager.MyListener - The element with locator --->By.xpath: //button[text()=' Login']--->was found
10:13:06  INFO  manager.MyListener - Start find element --->By.xpath: //a[@href='/contacts']
10:13:06  INFO  manager.MyListener - The element with locator --->By.xpath: //a[@href='/contacts']--->was found
10:13:06  INFO  tests.TestBase - Name of test ---> loginSuccessTestDataProvider
10:13:06  INFO  manager.MyListener - Start find element --->By.xpath: //button[text()='Sign Out']
10:13:06  INFO  manager.MyListener - The element with locator --->By.xpath: //button[text()='Sign Out']--->was found
10:13:06  INFO  manager.MyListener - Start find element --->By.xpath: //button[text()='Sign Out']
10:13:06  INFO  manager.MyListener - The element with locator --->By.xpath: //button[text()='Sign Out']--->was found
10:13:06  INFO  tests.TestBase - Test starts with email elizabet123456@mail.com  && password El098765$
10:13:06  INFO  manager.MyListener - Start find element --->By.xpath: //a[@href='/login']
10:13:06  INFO  manager.MyListener - The element with locator --->By.xpath: //a[@href='/login']--->was found
10:13:09  INFO  manager.MyListener - Start find element --->By.xpath: //input[1]
10:13:09  INFO  manager.MyListener - The element with locator --->By.xpath: //input[1]--->was found
10:13:09  INFO  manager.MyListener - Start find element --->By.xpath: //input[2]
10:13:09  INFO  manager.MyListener - The element with locator --->By.xpath: //input[2]--->was found
10:13:09  INFO  manager.MyListener - Start find element --->By.xpath: //button[text()=' Login']
10:13:09  INFO  manager.MyListener - The element with locator --->By.xpath: //button[text()=' Login']--->was found
10:13:09  INFO  manager.MyListener - Start find element --->By.xpath: //a[@href='/contacts']
10:13:10  INFO  manager.MyListener - The element with locator --->By.xpath: //a[@href='/contacts']--->was found
10:13:10  INFO  tests.TestBase - Name of test ---> registrationSuccess
10:13:10  INFO  manager.MyListener - Start find element --->By.xpath: //button[text()='Sign Out']
10:13:10  INFO  manager.MyListener - The element with locator --->By.xpath: //button[text()='Sign Out']--->was found
10:13:10  INFO  manager.MyListener - Start find element --->By.xpath: //button[text()='Sign Out']
10:13:10  INFO  manager.MyListener - The element with locator --->By.xpath: //button[text()='Sign Out']--->was found
10:13:10  INFO  manager.MyListener - Start find element --->By.xpath: //a[@href='/login']
10:13:10  INFO  manager.MyListener - The element with locator --->By.xpath: //a[@href='/login']--->was found
10:13:10  INFO  manager.MyListener - Start find element --->By.xpath: //input[1]
10:13:10  INFO  manager.MyListener - The element with locator --->By.xpath: //input[1]--->was found
10:13:10  INFO  manager.MyListener - Start find element --->By.xpath: //input[2]
10:13:10  INFO  manager.MyListener - The element with locator --->By.xpath: //input[2]--->was found
10:13:10  INFO  manager.MyListener - Start find element --->By.xpath: //button[text()=' Registration']
10:13:10  INFO  manager.MyListener - The element with locator --->By.xpath: //button[text()=' Registration']--->was found
10:13:10  INFO  manager.MyListener - Start find element --->By.cssSelector: h2
10:13:10  INFO  manager.MyListener - The element with locator --->By.cssSelector: h2--->was found
10:13:10  INFO  tests.TestBase - Name of test ---> registrationSuccessModel
10:13:10  INFO  manager.MyListener - Start find element --->By.xpath: //button[text()='Sign Out']
10:13:10  INFO  manager.MyListener - The element with locator --->By.xpath: //button[text()='Sign Out']--->was found
10:13:10  INFO  manager.MyListener - Start find element --->By.xpath: //button[text()='Sign Out']
10:13:10  INFO  manager.MyListener - The element with locator --->By.xpath: //button[text()='Sign Out']--->was found
10:13:11  INFO  manager.MyListener - Start find element --->By.xpath: //a[@href='/login']
10:13:11  INFO  manager.MyListener - The element with locator --->By.xpath: //a[@href='/login']--->was found
10:13:11  INFO  manager.MyListener - Start find element --->By.xpath: //input[1]
10:13:11  INFO  manager.MyListener - The element with locator --->By.xpath: //input[1]--->was found
10:13:11  INFO  manager.MyListener - Start find element --->By.xpath: //input[2]
10:13:11  INFO  manager.MyListener - The element with locator --->By.xpath: //input[2]--->was found
10:13:11  INFO  manager.MyListener - Start find element --->By.xpath: //button[text()=' Registration']
10:13:11  INFO  manager.MyListener - The element with locator --->By.xpath: //button[text()=' Registration']--->was found
10:13:11  INFO  tests.TestBase - User register with dataUser{email='maya791@mail.com', password='Ma098765$'}
10:13:11  INFO  manager.MyListener - Start find element --->By.cssSelector: h2
10:13:11  INFO  manager.MyListener - The element with locator --->By.cssSelector: h2--->was found
10:13:11  INFO  tests.TestBase - Name of test ---> removeAllContactTest
10:13:11  INFO  manager.MyListener - Start find element --->By.xpath: //button[text()='Sign Out']
10:13:11  INFO  manager.MyListener - The element with locator --->By.xpath: //button[text()='Sign Out']--->was found
10:13:11  INFO  manager.MyListener - Start find element --->By.cssSelector: .contact-item_card__2SOIM
10:13:16  INFO  manager.MyListener - The element with locator --->By.cssSelector: .contact-item_card__2SOIM--->was found
10:13:16  INFO  manager.MyListener - Start find element --->By.xpath: //a[text()='ADD']
10:13:16  INFO  manager.MyListener - The element with locator --->By.xpath: //a[text()='ADD']--->was found
10:13:16  INFO  manager.MyListener - Start find element --->By.cssSelector: [placeholder='Name']
10:13:16  INFO  manager.MyListener - The element with locator --->By.cssSelector: [placeholder='Name']--->was found
10:13:16  INFO  manager.MyListener - Start find element --->By.cssSelector: [placeholder='Last Name']
10:13:16  INFO  manager.MyListener - The element with locator --->By.cssSelector: [placeholder='Last Name']--->was found
10:13:16  INFO  manager.MyListener - Start find element --->By.cssSelector: [placeholder='Phone']
10:13:17  INFO  manager.MyListener - The element with locator --->By.cssSelector: [placeholder='Phone']--->was found
10:13:17  INFO  manager.MyListener - Start find element --->By.cssSelector: [placeholder='email']
10:13:17  INFO  manager.MyListener - The element with locator --->By.cssSelector: [placeholder='email']--->was found
10:13:17  INFO  manager.MyListener - Start find element --->By.cssSelector: [placeholder='Address']
10:13:17  INFO  manager.MyListener - The element with locator --->By.cssSelector: [placeholder='Address']--->was found
10:13:17  INFO  manager.MyListener - Start find element --->By.cssSelector: [placeholder='description']
10:13:17  INFO  manager.MyListener - The element with locator --->By.cssSelector: [placeholder='description']--->was found
10:13:22  INFO  manager.MyListener - We have a throwable ---> element not interactable
  (Session info: chrome=98.0.4758.82)
Build info: version: '3.141.59', revision: 'e82be7d358', time: '2018-11-14T08:17:03'
System info: host: 'DESKTOP-O62I6CB', ip: '10.100.102.5', os.name: 'Windows 10', os.arch: 'amd64', os.version: '10.0', java.version: '11.0.13'
Driver info: org.openqa.selenium.chrome.ChromeDriver
Capabilities {acceptInsecureCerts: false, browserName: chrome, browserVersion: 98.0.4758.82, chrome: {chromedriverVersion: 98.0.4758.80 (7f0488e8ba0d8..., userDataDir: C:\Users\Natali\AppData\Loc...}, goog:chromeOptions: {debuggerAddress: localhost:61255}, javascriptEnabled: true, networkConnectionEnabled: false, pageLoadStrategy: normal, platform: WINDOWS, platformName: WINDOWS, proxy: Proxy(), setWindowRect: true, strictFileInteractability: false, timeouts: {implicit: 0, pageLoad: 300000, script: 30000}, unhandledPromptBehavior: dismiss and notify, webauthn:extension:credBlob: true, webauthn:extension:largeBlob: true, webauthn:virtualAuthenticators: true}
Session ID: 54df816453484cccc32920401c083b11
10:13:22  INFO  manager.MyListener - org.openqa.selenium.ElementNotInteractableException: element not interactable
  (Session info: chrome=98.0.4758.82)
Build info: version: '3.141.59', revision: 'e82be7d358', time: '2018-11-14T08:17:03'
System info: host: 'DESKTOP-O62I6CB', ip: '10.100.102.5', os.name: 'Windows 10', os.arch: 'amd64', os.version: '10.0', java.version: '11.0.13'
Driver info: org.openqa.selenium.chrome.ChromeDriver
Capabilities {acceptInsecureCerts: false, browserName: chrome, browserVersion: 98.0.4758.82, chrome: {chromedriverVersion: 98.0.4758.80 (7f0488e8ba0d8..., userDataDir: C:\Users\Natali\AppData\Loc...}, goog:chromeOptions: {debuggerAddress: localhost:61255}, javascriptEnabled: true, networkConnectionEnabled: false, pageLoadStrategy: normal, platform: WINDOWS, platformName: WINDOWS, proxy: Proxy(), setWindowRect: true, strictFileInteractability: false, timeouts: {implicit: 0, pageLoad: 300000, script: 30000}, unhandledPromptBehavior: dismiss and notify, webauthn:extension:credBlob: true, webauthn:extension:largeBlob: true, webauthn:virtualAuthenticators: true}
Session ID: 54df816453484cccc32920401c083b11
10:13:22  INFO  manager.MyListener - This is your screen with error -->src/test/screenshorts/screen802.png
