11:01:26  INFO  manager.ApplicationManager - All tests starts in 'Chrom' browser
11:01:27  INFO  tests.TestBase - Name of test ---> loginSuccessTestDataProviderCSV
11:01:27  INFO  manager.MyListener - Start find element --->By.xpath: //button[text()='Sign Out']
11:01:32  INFO  manager.MyListener - The element with locator --->By.xpath: //button[text()='Sign Out']--->was found
11:01:32  INFO  tests.TestBase - Test starts with email Tomy123456@mail.com  && password Qq123666$45
11:01:32  INFO  manager.MyListener - Start find element --->By.xpath: //a[@href='/login']
11:01:32  INFO  manager.MyListener - The element with locator --->By.xpath: //a[@href='/login']--->was found
11:01:36  INFO  manager.MyListener - Start find element --->By.xpath: //input[1]
11:01:36  INFO  manager.MyListener - The element with locator --->By.xpath: //input[1]--->was found
11:01:36  INFO  manager.MyListener - Start find element --->By.xpath: //input[2]
11:01:36  INFO  manager.MyListener - The element with locator --->By.xpath: //input[2]--->was found
11:01:36  INFO  manager.MyListener - Start find element --->By.xpath: //button[text()=' Login']
11:01:36  INFO  manager.MyListener - The element with locator --->By.xpath: //button[text()=' Login']--->was found
11:01:36  INFO  manager.MyListener - Start find element --->By.xpath: //a[@href='/contacts']
11:01:37  INFO  manager.MyListener - The element with locator --->By.xpath: //a[@href='/contacts']--->was found
11:01:37  INFO  tests.TestBase - Name of test ---> loginSuccessTestDataProviderCSV
11:01:37  INFO  manager.MyListener - Start find element --->By.xpath: //button[text()='Sign Out']
11:01:37  INFO  manager.MyListener - The element with locator --->By.xpath: //button[text()='Sign Out']--->was found
11:01:37  INFO  manager.MyListener - Start find element --->By.xpath: //button[text()='Sign Out']
11:01:37  INFO  manager.MyListener - The element with locator --->By.xpath: //button[text()='Sign Out']--->was found
11:01:37  INFO  tests.TestBase - Test starts with email elizabet123456@mail.com  && password El098765$
11:01:37  INFO  manager.MyListener - Start find element --->By.xpath: //a[@href='/login']
11:01:37  INFO  manager.MyListener - The element with locator --->By.xpath: //a[@href='/login']--->was found
11:01:40  INFO  manager.MyListener - Start find element --->By.xpath: //input[1]
11:01:40  INFO  manager.MyListener - The element with locator --->By.xpath: //input[1]--->was found
11:01:40  INFO  manager.MyListener - Start find element --->By.xpath: //input[2]
11:01:40  INFO  manager.MyListener - The element with locator --->By.xpath: //input[2]--->was found
11:01:41  INFO  manager.MyListener - Start find element --->By.xpath: //button[text()=' Login']
11:01:41  INFO  manager.MyListener - The element with locator --->By.xpath: //button[text()=' Login']--->was found
11:01:41  INFO  manager.MyListener - Start find element --->By.xpath: //a[@href='/contacts']
11:01:41  INFO  manager.MyListener - The element with locator --->By.xpath: //a[@href='/contacts']--->was found
