19:48:54  INFO  manager.ApplicationManager - All tests starts in 'Chrom' browser
19:48:55  INFO  tests.TestBase - Name of test ---> loginSuccessTestDataProvider
19:48:55  INFO  manager.MyListener - Start find element --->By.xpath: //button[text()='Sign Out']
19:49:00  INFO  manager.MyListener - The element with locator --->By.xpath: //button[text()='Sign Out']--->was found
19:49:00  INFO  tests.TestBase - Test starts with email Tomy123456@mail.com  && password Qq123666$45
19:49:00  INFO  manager.MyListener - Start find element --->By.xpath: //a[@href='/login']
19:49:00  INFO  manager.MyListener - The element with locator --->By.xpath: //a[@href='/login']--->was found
19:49:03  INFO  manager.MyListener - Start find element --->By.xpath: //input[1]
19:49:03  INFO  manager.MyListener - The element with locator --->By.xpath: //input[1]--->was found
19:49:03  INFO  manager.MyListener - Start find element --->By.xpath: //input[2]
19:49:04  INFO  manager.MyListener - The element with locator --->By.xpath: //input[2]--->was found
19:49:04  INFO  manager.MyListener - Start find element --->By.xpath: //button[text()=' Login']
19:49:04  INFO  manager.MyListener - The element with locator --->By.xpath: //button[text()=' Login']--->was found
19:49:04  INFO  manager.MyListener - Start find element --->By.xpath: //a[@href='/contacts']
19:49:04  INFO  manager.MyListener - The element with locator --->By.xpath: //a[@href='/contacts']--->was found
19:49:04  INFO  tests.TestBase - Name of test ---> loginSuccessTestDataProvider
19:49:04  INFO  manager.MyListener - Start find element --->By.xpath: //button[text()='Sign Out']
19:49:04  INFO  manager.MyListener - The element with locator --->By.xpath: //button[text()='Sign Out']--->was found
19:49:04  INFO  manager.MyListener - Start find element --->By.xpath: //button[text()='Sign Out']
19:49:05  INFO  manager.MyListener - The element with locator --->By.xpath: //button[text()='Sign Out']--->was found
19:49:05  INFO  tests.TestBase - Test starts with email Lizy123456@mail.com  && password Qq123666$45
19:49:05  INFO  manager.MyListener - Start find element --->By.xpath: //a[@href='/login']
19:49:05  INFO  manager.MyListener - The element with locator --->By.xpath: //a[@href='/login']--->was found
19:49:08  INFO  manager.MyListener - Start find element --->By.xpath: //input[1]
19:49:08  INFO  manager.MyListener - The element with locator --->By.xpath: //input[1]--->was found
19:49:08  INFO  manager.MyListener - Start find element --->By.xpath: //input[2]
19:49:08  INFO  manager.MyListener - The element with locator --->By.xpath: //input[2]--->was found
19:49:08  INFO  manager.MyListener - Start find element --->By.xpath: //button[text()=' Login']
19:49:08  INFO  manager.MyListener - The element with locator --->By.xpath: //button[text()=' Login']--->was found
19:49:08  INFO  manager.MyListener - Start find element --->By.xpath: //a[@href='/contacts']
19:49:09  INFO  manager.MyListener - We have a throwable ---> Cannot locate an element using xpath=//a[@href='/contacts']
For documentation on this error, please visit: https://www.seleniumhq.org/exceptions/no_such_element.html
Build info: version: '3.141.59', revision: 'e82be7d358', time: '2018-11-14T08:17:03'
System info: host: 'DESKTOP-O62I6CB', ip: '10.100.102.5', os.name: 'Windows 10', os.arch: 'amd64', os.version: '10.0', java.version: '11.0.13'
Driver info: driver.version: EventFiringWebDriver
19:49:09  INFO  manager.MyListener - org.openqa.selenium.NoSuchElementException: Cannot locate an element using xpath=//a[@href='/contacts']
For documentation on this error, please visit: https://www.seleniumhq.org/exceptions/no_such_element.html
Build info: version: '3.141.59', revision: 'e82be7d358', time: '2018-11-14T08:17:03'
System info: host: 'DESKTOP-O62I6CB', ip: '10.100.102.5', os.name: 'Windows 10', os.arch: 'amd64', os.version: '10.0', java.version: '11.0.13'
Driver info: driver.version: EventFiringWebDriver
19:49:09  INFO  manager.MyListener - This is your screen with error -->src/test/screenshorts/screen2949.png
19:49:09  INFO  tests.TestBase - Name of test ---> loginSuccessTestDataProvider
19:49:09  INFO  manager.MyListener - Start find element --->By.xpath: //button[text()='Sign Out']
19:49:14  INFO  manager.MyListener - The element with locator --->By.xpath: //button[text()='Sign Out']--->was found
19:49:14  INFO  tests.TestBase - Test starts with email elizabet123456@mail.com  && password El098765$
19:49:14  INFO  manager.MyListener - Start find element --->By.xpath: //a[@href='/login']
19:49:14  INFO  manager.MyListener - The element with locator --->By.xpath: //a[@href='/login']--->was found
19:49:17  INFO  manager.MyListener - Start find element --->By.xpath: //input[1]
19:49:17  INFO  manager.MyListener - The element with locator --->By.xpath: //input[1]--->was found
19:49:17  INFO  manager.MyListener - Start find element --->By.xpath: //input[2]
19:49:17  INFO  manager.MyListener - The element with locator --->By.xpath: //input[2]--->was found
19:49:18  INFO  manager.MyListener - Start find element --->By.xpath: //button[text()=' Login']
19:49:18  INFO  manager.MyListener - The element with locator --->By.xpath: //button[text()=' Login']--->was found
19:49:18  INFO  manager.MyListener - Start find element --->By.xpath: //a[@href='/contacts']
19:49:18  INFO  manager.MyListener - The element with locator --->By.xpath: //a[@href='/contacts']--->was found
