15:31:58  INFO  manager.ApplicationManager - All tests starts in 'Chrom' browser
15:31:58  INFO  tests.TestBase - Name of test ---> registrationSuccess
15:31:58  INFO  manager.MyListener - Start find element --->By.xpath: //button[text()='Sign Out']
15:32:04  INFO  manager.MyListener - The element with locator --->By.xpath: //button[text()='Sign Out']--->was found
15:32:04  INFO  manager.MyListener - Start find element --->By.xpath: //a[@href='/login']
15:32:04  INFO  manager.MyListener - The element with locator --->By.xpath: //a[@href='/login']--->was found
15:32:04  INFO  manager.MyListener - Start find element --->By.xpath: //input[1]
15:32:04  INFO  manager.MyListener - The element with locator --->By.xpath: //input[1]--->was found
15:32:04  INFO  manager.MyListener - Start find element --->By.xpath: //input[2]
15:32:04  INFO  manager.MyListener - The element with locator --->By.xpath: //input[2]--->was found
15:32:04  INFO  manager.MyListener - Start find element --->By.xpath: //button[text()=' Registration']
15:32:04  INFO  manager.MyListener - The element with locator --->By.xpath: //button[text()=' Registration']--->was found
15:32:04  INFO  manager.MyListener - Start find element --->By.cssSelector: h2
15:32:05  INFO  manager.MyListener - The element with locator --->By.cssSelector: h2--->was found
15:32:05  INFO  tests.TestBase - Name of test ---> registrationSuccessModel
15:32:05  INFO  manager.MyListener - Start find element --->By.xpath: //button[text()='Sign Out']
15:32:05  INFO  manager.MyListener - The element with locator --->By.xpath: //button[text()='Sign Out']--->was found
15:32:05  INFO  manager.MyListener - Start find element --->By.xpath: //button[text()='Sign Out']
15:32:05  INFO  manager.MyListener - The element with locator --->By.xpath: //button[text()='Sign Out']--->was found
15:32:05  INFO  manager.MyListener - Start find element --->By.xpath: //a[@href='/login']
15:32:05  INFO  manager.MyListener - The element with locator --->By.xpath: //a[@href='/login']--->was found
15:32:06  INFO  manager.MyListener - Start find element --->By.xpath: //input[1]
15:32:06  INFO  manager.MyListener - The element with locator --->By.xpath: //input[1]--->was found
15:32:06  INFO  manager.MyListener - Start find element --->By.xpath: //input[2]
15:32:06  INFO  manager.MyListener - The element with locator --->By.xpath: //input[2]--->was found
15:32:06  INFO  manager.MyListener - Start find element --->By.xpath: //button[text()=' Registration']
15:32:06  INFO  manager.MyListener - The element with locator --->By.xpath: //button[text()=' Registration']--->was found
15:32:06  INFO  tests.TestBase - User register with dataUser{email='maya1925@mail.com', password='Ma098765$'}
15:32:06  INFO  manager.MyListener - Start find element --->By.cssSelector: h2
15:32:06  INFO  manager.MyListener - The element with locator --->By.cssSelector: h2--->was found
15:32:06  INFO  tests.TestBase - Name of test ---> addNewContactSuccess
15:32:06  INFO  manager.MyListener - Start find element --->By.xpath: //button[text()='Sign Out']
15:32:06  INFO  manager.MyListener - The element with locator --->By.xpath: //button[text()='Sign Out']--->was found
15:32:06  INFO  manager.MyListener - Start find element --->By.cssSelector: .contact-item_card__2SOIM
15:32:11  INFO  manager.MyListener - The element with locator --->By.cssSelector: .contact-item_card__2SOIM--->was found
15:32:11  INFO  manager.MyListener - Start find element --->By.cssSelector: .contact-item_card__2SOIM
15:32:16  INFO  manager.MyListener - The element with locator --->By.cssSelector: .contact-item_card__2SOIM--->was found
15:32:16  INFO  tests.TestBase - Contact(name=Jack, lastName=Sparrow, phone=9723451936, email=jacky1936@gmail.com, address=Tortuga, description=Friend)contact was added
15:32:16  INFO  manager.MyListener - Start find element --->By.xpath: //a[text()='ADD']
15:32:16  INFO  manager.MyListener - The element with locator --->By.xpath: //a[text()='ADD']--->was found
15:32:16  INFO  manager.MyListener - Start find element --->By.cssSelector: [placeholder='Name']
15:32:16  INFO  manager.MyListener - The element with locator --->By.cssSelector: [placeholder='Name']--->was found
15:32:16  INFO  manager.MyListener - Start find element --->By.cssSelector: [placeholder='Last Name']
15:32:17  INFO  manager.MyListener - The element with locator --->By.cssSelector: [placeholder='Last Name']--->was found
15:32:17  INFO  manager.MyListener - Start find element --->By.cssSelector: [placeholder='Phone']
15:32:17  INFO  manager.MyListener - The element with locator --->By.cssSelector: [placeholder='Phone']--->was found
15:32:17  INFO  manager.MyListener - Start find element --->By.cssSelector: [placeholder='email']
15:32:17  INFO  manager.MyListener - The element with locator --->By.cssSelector: [placeholder='email']--->was found
15:32:17  INFO  manager.MyListener - Start find element --->By.cssSelector: [placeholder='Address']
15:32:17  INFO  manager.MyListener - The element with locator --->By.cssSelector: [placeholder='Address']--->was found
15:32:17  INFO  manager.MyListener - Start find element --->By.cssSelector: [placeholder='description']
15:32:17  INFO  manager.MyListener - The element with locator --->By.cssSelector: [placeholder='description']--->was found
15:32:22  INFO  manager.MyListener - We have a throwable ---> element not interactable
  (Session info: chrome=98.0.4758.82)
Build info: version: '3.141.59', revision: 'e82be7d358', time: '2018-11-14T08:17:03'
System info: host: 'DESKTOP-O62I6CB', ip: '10.100.102.5', os.name: 'Windows 10', os.arch: 'amd64', os.version: '10.0', java.version: '11.0.13'
Driver info: org.openqa.selenium.chrome.ChromeDriver
Capabilities {acceptInsecureCerts: false, browserName: chrome, browserVersion: 98.0.4758.82, chrome: {chromedriverVersion: 98.0.4758.80 (7f0488e8ba0d8..., userDataDir: C:\Users\Natali\AppData\Loc...}, goog:chromeOptions: {debuggerAddress: localhost:64393}, javascriptEnabled: true, networkConnectionEnabled: false, pageLoadStrategy: normal, platform: WINDOWS, platformName: WINDOWS, proxy: Proxy(), setWindowRect: true, strictFileInteractability: false, timeouts: {implicit: 0, pageLoad: 300000, script: 30000}, unhandledPromptBehavior: dismiss and notify, webauthn:extension:credBlob: true, webauthn:extension:largeBlob: true, webauthn:virtualAuthenticators: true}
Session ID: d5ad3170511a094d0c082c3096610bdd
15:32:22  INFO  manager.MyListener - org.openqa.selenium.ElementNotInteractableException: element not interactable
  (Session info: chrome=98.0.4758.82)
Build info: version: '3.141.59', revision: 'e82be7d358', time: '2018-11-14T08:17:03'
System info: host: 'DESKTOP-O62I6CB', ip: '10.100.102.5', os.name: 'Windows 10', os.arch: 'amd64', os.version: '10.0', java.version: '11.0.13'
Driver info: org.openqa.selenium.chrome.ChromeDriver
Capabilities {acceptInsecureCerts: false, browserName: chrome, browserVersion: 98.0.4758.82, chrome: {chromedriverVersion: 98.0.4758.80 (7f0488e8ba0d8..., userDataDir: C:\Users\Natali\AppData\Loc...}, goog:chromeOptions: {debuggerAddress: localhost:64393}, javascriptEnabled: true, networkConnectionEnabled: false, pageLoadStrategy: normal, platform: WINDOWS, platformName: WINDOWS, proxy: Proxy(), setWindowRect: true, strictFileInteractability: false, timeouts: {implicit: 0, pageLoad: 300000, script: 30000}, unhandledPromptBehavior: dismiss and notify, webauthn:extension:credBlob: true, webauthn:extension:largeBlob: true, webauthn:virtualAuthenticators: true}
Session ID: d5ad3170511a094d0c082c3096610bdd
15:32:22  INFO  manager.MyListener - This is your screen with error -->src/test/screenshorts/screen1942.png
15:32:22  INFO  tests.TestBase - Name of test ---> addNewContactSuccess2
15:32:22  INFO  manager.MyListener - Start find element --->By.xpath: //button[text()='Sign Out']
15:32:22  INFO  manager.MyListener - The element with locator --->By.xpath: //button[text()='Sign Out']--->was found
15:32:22  INFO  manager.MyListener - Start find element --->By.cssSelector: .contact-item_card__2SOIM
15:32:27  INFO  manager.MyListener - The element with locator --->By.cssSelector: .contact-item_card__2SOIM--->was found
15:32:27  INFO  manager.MyListener - Start find element --->By.cssSelector: .contact-item_card__2SOIM
15:32:33  INFO  manager.MyListener - The element with locator --->By.cssSelector: .contact-item_card__2SOIM--->was found
15:32:33  INFO  tests.TestBase - Contact(name=Elizabet, lastName=Swon, phone=5464748456, email=eliz@gmail.com, address=Tortuga, description=Friend)contact was added
15:32:33  INFO  manager.MyListener - Start find element --->By.xpath: //a[text()='ADD']
15:32:33  INFO  manager.MyListener - The element with locator --->By.xpath: //a[text()='ADD']--->was found
15:32:33  INFO  manager.MyListener - Start find element --->By.cssSelector: [placeholder='Name']
15:32:33  INFO  manager.MyListener - The element with locator --->By.cssSelector: [placeholder='Name']--->was found
15:32:33  INFO  manager.MyListener - Start find element --->By.cssSelector: [placeholder='Last Name']
15:32:33  INFO  manager.MyListener - The element with locator --->By.cssSelector: [placeholder='Last Name']--->was found
15:32:33  INFO  manager.MyListener - Start find element --->By.cssSelector: [placeholder='Phone']
15:32:33  INFO  manager.MyListener - The element with locator --->By.cssSelector: [placeholder='Phone']--->was found
15:32:33  INFO  manager.MyListener - Start find element --->By.cssSelector: [placeholder='email']
15:32:33  INFO  manager.MyListener - The element with locator --->By.cssSelector: [placeholder='email']--->was found
15:32:33  INFO  manager.MyListener - Start find element --->By.cssSelector: [placeholder='Address']
15:32:33  INFO  manager.MyListener - The element with locator --->By.cssSelector: [placeholder='Address']--->was found
15:32:33  INFO  manager.MyListener - Start find element --->By.cssSelector: [placeholder='description']
15:32:33  INFO  manager.MyListener - The element with locator --->By.cssSelector: [placeholder='description']--->was found
15:32:38  INFO  manager.MyListener - We have a throwable ---> element not interactable
  (Session info: chrome=98.0.4758.82)
Build info: version: '3.141.59', revision: 'e82be7d358', time: '2018-11-14T08:17:03'
System info: host: 'DESKTOP-O62I6CB', ip: '10.100.102.5', os.name: 'Windows 10', os.arch: 'amd64', os.version: '10.0', java.version: '11.0.13'
Driver info: org.openqa.selenium.chrome.ChromeDriver
Capabilities {acceptInsecureCerts: false, browserName: chrome, browserVersion: 98.0.4758.82, chrome: {chromedriverVersion: 98.0.4758.80 (7f0488e8ba0d8..., userDataDir: C:\Users\Natali\AppData\Loc...}, goog:chromeOptions: {debuggerAddress: localhost:64393}, javascriptEnabled: true, networkConnectionEnabled: false, pageLoadStrategy: normal, platform: WINDOWS, platformName: WINDOWS, proxy: Proxy(), setWindowRect: true, strictFileInteractability: false, timeouts: {implicit: 0, pageLoad: 300000, script: 30000}, unhandledPromptBehavior: dismiss and notify, webauthn:extension:credBlob: true, webauthn:extension:largeBlob: true, webauthn:virtualAuthenticators: true}
Session ID: d5ad3170511a094d0c082c3096610bdd
15:32:38  INFO  manager.MyListener - org.openqa.selenium.ElementNotInteractableException: element not interactable
  (Session info: chrome=98.0.4758.82)
Build info: version: '3.141.59', revision: 'e82be7d358', time: '2018-11-14T08:17:03'
System info: host: 'DESKTOP-O62I6CB', ip: '10.100.102.5', os.name: 'Windows 10', os.arch: 'amd64', os.version: '10.0', java.version: '11.0.13'
Driver info: org.openqa.selenium.chrome.ChromeDriver
Capabilities {acceptInsecureCerts: false, browserName: chrome, browserVersion: 98.0.4758.82, chrome: {chromedriverVersion: 98.0.4758.80 (7f0488e8ba0d8..., userDataDir: C:\Users\Natali\AppData\Loc...}, goog:chromeOptions: {debuggerAddress: localhost:64393}, javascriptEnabled: true, networkConnectionEnabled: false, pageLoadStrategy: normal, platform: WINDOWS, platformName: WINDOWS, proxy: Proxy(), setWindowRect: true, strictFileInteractability: false, timeouts: {implicit: 0, pageLoad: 300000, script: 30000}, unhandledPromptBehavior: dismiss and notify, webauthn:extension:credBlob: true, webauthn:extension:largeBlob: true, webauthn:virtualAuthenticators: true}
Session ID: d5ad3170511a094d0c082c3096610bdd
15:32:38  INFO  manager.MyListener - This is your screen with error -->src/test/screenshorts/screen1958.png
15:32:39  INFO  tests.TestBase - Name of test ---> addNewContactSuccess2
15:32:39  INFO  manager.MyListener - Start find element --->By.xpath: //button[text()='Sign Out']
15:32:39  INFO  manager.MyListener - The element with locator --->By.xpath: //button[text()='Sign Out']--->was found
15:32:39  INFO  manager.MyListener - Start find element --->By.cssSelector: .contact-item_card__2SOIM
15:32:44  INFO  manager.MyListener - The element with locator --->By.cssSelector: .contact-item_card__2SOIM--->was found
15:32:44  INFO  manager.MyListener - Start find element --->By.cssSelector: .contact-item_card__2SOIM
15:32:49  INFO  manager.MyListener - The element with locator --->By.cssSelector: .contact-item_card__2SOIM--->was found
15:32:49  INFO  tests.TestBase - Contact(name=Elizabet, lastName=Swon, phone=5464748457, email=eliz1@gmail.com, address=Tortuga, description=Friend)contact was added
15:32:49  INFO  manager.MyListener - Start find element --->By.xpath: //a[text()='ADD']
15:32:49  INFO  manager.MyListener - The element with locator --->By.xpath: //a[text()='ADD']--->was found
15:32:49  INFO  manager.MyListener - Start find element --->By.cssSelector: [placeholder='Name']
15:32:49  INFO  manager.MyListener - The element with locator --->By.cssSelector: [placeholder='Name']--->was found
15:32:49  INFO  manager.MyListener - Start find element --->By.cssSelector: [placeholder='Last Name']
15:32:49  INFO  manager.MyListener - The element with locator --->By.cssSelector: [placeholder='Last Name']--->was found
15:32:49  INFO  manager.MyListener - Start find element --->By.cssSelector: [placeholder='Phone']
15:32:49  INFO  manager.MyListener - The element with locator --->By.cssSelector: [placeholder='Phone']--->was found
15:32:49  INFO  manager.MyListener - Start find element --->By.cssSelector: [placeholder='email']
15:32:49  INFO  manager.MyListener - The element with locator --->By.cssSelector: [placeholder='email']--->was found
15:32:49  INFO  manager.MyListener - Start find element --->By.cssSelector: [placeholder='Address']
15:32:49  INFO  manager.MyListener - The element with locator --->By.cssSelector: [placeholder='Address']--->was found
15:32:49  INFO  manager.MyListener - Start find element --->By.cssSelector: [placeholder='description']
15:32:49  INFO  manager.MyListener - The element with locator --->By.cssSelector: [placeholder='description']--->was found
15:32:54  INFO  manager.MyListener - We have a throwable ---> element not interactable
  (Session info: chrome=98.0.4758.82)
Build info: version: '3.141.59', revision: 'e82be7d358', time: '2018-11-14T08:17:03'
System info: host: 'DESKTOP-O62I6CB', ip: '10.100.102.5', os.name: 'Windows 10', os.arch: 'amd64', os.version: '10.0', java.version: '11.0.13'
Driver info: org.openqa.selenium.chrome.ChromeDriver
Capabilities {acceptInsecureCerts: false, browserName: chrome, browserVersion: 98.0.4758.82, chrome: {chromedriverVersion: 98.0.4758.80 (7f0488e8ba0d8..., userDataDir: C:\Users\Natali\AppData\Loc...}, goog:chromeOptions: {debuggerAddress: localhost:64393}, javascriptEnabled: true, networkConnectionEnabled: false, pageLoadStrategy: normal, platform: WINDOWS, platformName: WINDOWS, proxy: Proxy(), setWindowRect: true, strictFileInteractability: false, timeouts: {implicit: 0, pageLoad: 300000, script: 30000}, unhandledPromptBehavior: dismiss and notify, webauthn:extension:credBlob: true, webauthn:extension:largeBlob: true, webauthn:virtualAuthenticators: true}
Session ID: d5ad3170511a094d0c082c3096610bdd
15:32:54  INFO  manager.MyListener - org.openqa.selenium.ElementNotInteractableException: element not interactable
  (Session info: chrome=98.0.4758.82)
Build info: version: '3.141.59', revision: 'e82be7d358', time: '2018-11-14T08:17:03'
System info: host: 'DESKTOP-O62I6CB', ip: '10.100.102.5', os.name: 'Windows 10', os.arch: 'amd64', os.version: '10.0', java.version: '11.0.13'
Driver info: org.openqa.selenium.chrome.ChromeDriver
Capabilities {acceptInsecureCerts: false, browserName: chrome, browserVersion: 98.0.4758.82, chrome: {chromedriverVersion: 98.0.4758.80 (7f0488e8ba0d8..., userDataDir: C:\Users\Natali\AppData\Loc...}, goog:chromeOptions: {debuggerAddress: localhost:64393}, javascriptEnabled: true, networkConnectionEnabled: false, pageLoadStrategy: normal, platform: WINDOWS, platformName: WINDOWS, proxy: Proxy(), setWindowRect: true, strictFileInteractability: false, timeouts: {implicit: 0, pageLoad: 300000, script: 30000}, unhandledPromptBehavior: dismiss and notify, webauthn:extension:credBlob: true, webauthn:extension:largeBlob: true, webauthn:virtualAuthenticators: true}
Session ID: d5ad3170511a094d0c082c3096610bdd
15:32:54  INFO  manager.MyListener - This is your screen with error -->src/test/screenshorts/screen1974.png
15:32:55  INFO  tests.TestBase - Name of test ---> addNewContactSuccess2
15:32:55  INFO  manager.MyListener - Start find element --->By.xpath: //button[text()='Sign Out']
15:32:55  INFO  manager.MyListener - The element with locator --->By.xpath: //button[text()='Sign Out']--->was found
15:32:55  INFO  manager.MyListener - Start find element --->By.cssSelector: .contact-item_card__2SOIM
15:33:00  INFO  manager.MyListener - The element with locator --->By.cssSelector: .contact-item_card__2SOIM--->was found
15:33:00  INFO  manager.MyListener - Start find element --->By.cssSelector: .contact-item_card__2SOIM
15:33:05  INFO  manager.MyListener - The element with locator --->By.cssSelector: .contact-item_card__2SOIM--->was found
15:33:05  INFO  tests.TestBase - Contact(name=Elizabet, lastName=Swon, phone=5464748454, email=eliz2@gmail.com, address=Tortuga, description=Friend)contact was added
15:33:05  INFO  manager.MyListener - Start find element --->By.xpath: //a[text()='ADD']
15:33:05  INFO  manager.MyListener - The element with locator --->By.xpath: //a[text()='ADD']--->was found
15:33:05  INFO  manager.MyListener - Start find element --->By.cssSelector: [placeholder='Name']
15:33:05  INFO  manager.MyListener - The element with locator --->By.cssSelector: [placeholder='Name']--->was found
15:33:05  INFO  manager.MyListener - Start find element --->By.cssSelector: [placeholder='Last Name']
15:33:05  INFO  manager.MyListener - The element with locator --->By.cssSelector: [placeholder='Last Name']--->was found
15:33:05  INFO  manager.MyListener - Start find element --->By.cssSelector: [placeholder='Phone']
15:33:05  INFO  manager.MyListener - The element with locator --->By.cssSelector: [placeholder='Phone']--->was found
15:33:05  INFO  manager.MyListener - Start find element --->By.cssSelector: [placeholder='email']
15:33:05  INFO  manager.MyListener - The element with locator --->By.cssSelector: [placeholder='email']--->was found
15:33:05  INFO  manager.MyListener - Start find element --->By.cssSelector: [placeholder='Address']
15:33:05  INFO  manager.MyListener - The element with locator --->By.cssSelector: [placeholder='Address']--->was found
15:33:05  INFO  manager.MyListener - Start find element --->By.cssSelector: [placeholder='description']
15:33:05  INFO  manager.MyListener - The element with locator --->By.cssSelector: [placeholder='description']--->was found
15:33:10  INFO  manager.MyListener - We have a throwable ---> element not interactable
  (Session info: chrome=98.0.4758.82)
Build info: version: '3.141.59', revision: 'e82be7d358', time: '2018-11-14T08:17:03'
System info: host: 'DESKTOP-O62I6CB', ip: '10.100.102.5', os.name: 'Windows 10', os.arch: 'amd64', os.version: '10.0', java.version: '11.0.13'
Driver info: org.openqa.selenium.chrome.ChromeDriver
Capabilities {acceptInsecureCerts: false, browserName: chrome, browserVersion: 98.0.4758.82, chrome: {chromedriverVersion: 98.0.4758.80 (7f0488e8ba0d8..., userDataDir: C:\Users\Natali\AppData\Loc...}, goog:chromeOptions: {debuggerAddress: localhost:64393}, javascriptEnabled: true, networkConnectionEnabled: false, pageLoadStrategy: normal, platform: WINDOWS, platformName: WINDOWS, proxy: Proxy(), setWindowRect: true, strictFileInteractability: false, timeouts: {implicit: 0, pageLoad: 300000, script: 30000}, unhandledPromptBehavior: dismiss and notify, webauthn:extension:credBlob: true, webauthn:extension:largeBlob: true, webauthn:virtualAuthenticators: true}
Session ID: d5ad3170511a094d0c082c3096610bdd
15:33:10  INFO  manager.MyListener - org.openqa.selenium.ElementNotInteractableException: element not interactable
  (Session info: chrome=98.0.4758.82)
Build info: version: '3.141.59', revision: 'e82be7d358', time: '2018-11-14T08:17:03'
System info: host: 'DESKTOP-O62I6CB', ip: '10.100.102.5', os.name: 'Windows 10', os.arch: 'amd64', os.version: '10.0', java.version: '11.0.13'
Driver info: org.openqa.selenium.chrome.ChromeDriver
Capabilities {acceptInsecureCerts: false, browserName: chrome, browserVersion: 98.0.4758.82, chrome: {chromedriverVersion: 98.0.4758.80 (7f0488e8ba0d8..., userDataDir: C:\Users\Natali\AppData\Loc...}, goog:chromeOptions: {debuggerAddress: localhost:64393}, javascriptEnabled: true, networkConnectionEnabled: false, pageLoadStrategy: normal, platform: WINDOWS, platformName: WINDOWS, proxy: Proxy(), setWindowRect: true, strictFileInteractability: false, timeouts: {implicit: 0, pageLoad: 300000, script: 30000}, unhandledPromptBehavior: dismiss and notify, webauthn:extension:credBlob: true, webauthn:extension:largeBlob: true, webauthn:virtualAuthenticators: true}
Session ID: d5ad3170511a094d0c082c3096610bdd
15:33:10  INFO  manager.MyListener - This is your screen with error -->src/test/screenshorts/screen1990.png
