18:20:04  INFO  manager.ApplicationManager - All tests starts in 'Chrom' browser
18:20:05  INFO  tests.TestBase - Name of test ---> loginSuccessTestDataProviderCSV
18:20:05  INFO  manager.MyListener - Start find element --->By.xpath: //button[text()='Sign Out']
18:20:10  INFO  manager.MyListener - The element with locator --->By.xpath: //button[text()='Sign Out']--->was found
18:20:10  INFO  tests.TestBase - Test starts with email Tomy123456@mail.com  && password Qq123666$45
18:20:10  INFO  manager.MyListener - Start find element --->By.xpath: //a[@href='/login']
18:20:10  INFO  manager.MyListener - The element with locator --->By.xpath: //a[@href='/login']--->was found
18:20:13  INFO  manager.MyListener - Start find element --->By.xpath: //input[1]
18:20:13  INFO  manager.MyListener - The element with locator --->By.xpath: //input[1]--->was found
18:20:13  INFO  manager.MyListener - Start find element --->By.xpath: //input[2]
18:20:13  INFO  manager.MyListener - The element with locator --->By.xpath: //input[2]--->was found
18:20:14  INFO  manager.MyListener - Start find element --->By.xpath: //button[text()=' Login']
18:20:14  INFO  manager.MyListener - The element with locator --->By.xpath: //button[text()=' Login']--->was found
18:20:14  INFO  manager.MyListener - Start find element --->By.xpath: //a[@href='/contacts']
18:20:14  INFO  manager.MyListener - The element with locator --->By.xpath: //a[@href='/contacts']--->was found
18:20:14  INFO  tests.TestBase - Name of test ---> loginSuccessTestDataProviderCSV
18:20:15  INFO  manager.MyListener - Start find element --->By.xpath: //button[text()='Sign Out']
18:20:15  INFO  manager.MyListener - The element with locator --->By.xpath: //button[text()='Sign Out']--->was found
18:20:15  INFO  manager.MyListener - Start find element --->By.xpath: //button[text()='Sign Out']
18:20:15  INFO  manager.MyListener - The element with locator --->By.xpath: //button[text()='Sign Out']--->was found
18:20:15  INFO  tests.TestBase - Test starts with email elizabet123456@mail.com  && password El098765$
18:20:15  INFO  manager.MyListener - Start find element --->By.xpath: //a[@href='/login']
18:20:15  INFO  manager.MyListener - The element with locator --->By.xpath: //a[@href='/login']--->was found
18:20:18  INFO  manager.MyListener - Start find element --->By.xpath: //input[1]
18:20:18  INFO  manager.MyListener - The element with locator --->By.xpath: //input[1]--->was found
18:20:18  INFO  manager.MyListener - Start find element --->By.xpath: //input[2]
18:20:18  INFO  manager.MyListener - The element with locator --->By.xpath: //input[2]--->was found
18:20:18  INFO  manager.MyListener - Start find element --->By.xpath: //button[text()=' Login']
18:20:18  INFO  manager.MyListener - The element with locator --->By.xpath: //button[text()=' Login']--->was found
18:20:18  INFO  manager.MyListener - Start find element --->By.xpath: //a[@href='/contacts']
18:20:18  INFO  manager.MyListener - The element with locator --->By.xpath: //a[@href='/contacts']--->was found
