11:32:31  INFO  manager.ApplicationManager - All tests starts in 'FIREFOX' browser
11:32:31  INFO  tests.TestBase - Name of test ---> addNewContactSuccess
11:32:31  INFO  manager.MyListener - Start find element --->By.xpath: //button[text()='Sign Out']
11:32:36  INFO  manager.MyListener - The element with locator --->By.xpath: //button[text()='Sign Out']--->was found
11:32:36  INFO  manager.MyListener - Start find element --->By.xpath: //a[@href='/login']
11:32:36  INFO  manager.MyListener - The element with locator --->By.xpath: //a[@href='/login']--->was found
11:32:37  INFO  manager.MyListener - Start find element --->By.xpath: //input[1]
11:32:37  INFO  manager.MyListener - The element with locator --->By.xpath: //input[1]--->was found
11:32:37  INFO  manager.MyListener - Start find element --->By.xpath: //input[2]
11:32:37  INFO  manager.MyListener - The element with locator --->By.xpath: //input[2]--->was found
11:32:37  INFO  manager.MyListener - Start find element --->By.xpath: //button[text()=' Login']
11:32:37  INFO  manager.MyListener - The element with locator --->By.xpath: //button[text()=' Login']--->was found
11:32:37  INFO  manager.MyListener - Start find element --->By.cssSelector: .contact-item_card__2SOIM
11:32:38  INFO  manager.MyListener - The element with locator --->By.cssSelector: .contact-item_card__2SOIM--->was found
11:32:38  INFO  manager.MyListener - Start find element --->By.cssSelector: .contact-item_card__2SOIM
11:32:38  INFO  manager.MyListener - The element with locator --->By.cssSelector: .contact-item_card__2SOIM--->was found
11:32:38  INFO  tests.TestBase - The test 'Add new contact' start with count of contact in start --->1
11:32:38  INFO  tests.TestBase - The test 'Add new contact' start with data ---->Contact(name=Maya1958, lastName=Foot, phone=12345671958, email=maya1958@gmail.com, address=Tel-Aviv, description=friend)
11:32:38  INFO  manager.MyListener - Start find element --->By.xpath: //a[text()='ADD']
11:32:38  INFO  manager.MyListener - The element with locator --->By.xpath: //a[text()='ADD']--->was found
11:32:39  INFO  manager.MyListener - Start find element --->By.cssSelector: [placeholder='Name']
11:32:39  INFO  manager.MyListener - The element with locator --->By.cssSelector: [placeholder='Name']--->was found
11:32:39  INFO  manager.MyListener - Start find element --->By.cssSelector: [placeholder='Last Name']
11:32:39  INFO  manager.MyListener - The element with locator --->By.cssSelector: [placeholder='Last Name']--->was found
11:32:39  INFO  manager.MyListener - Start find element --->By.cssSelector: [placeholder='Phone']
11:32:39  INFO  manager.MyListener - The element with locator --->By.cssSelector: [placeholder='Phone']--->was found
11:32:39  INFO  manager.MyListener - Start find element --->By.cssSelector: [placeholder='email']
11:32:39  INFO  manager.MyListener - The element with locator --->By.cssSelector: [placeholder='email']--->was found
11:32:40  INFO  manager.MyListener - Start find element --->By.cssSelector: [placeholder='Address']
11:32:40  INFO  manager.MyListener - The element with locator --->By.cssSelector: [placeholder='Address']--->was found
11:32:40  INFO  manager.MyListener - Start find element --->By.cssSelector: [placeholder='description']
11:32:40  INFO  manager.MyListener - The element with locator --->By.cssSelector: [placeholder='description']--->was found
11:32:40  INFO  manager.MyListener - Start find element --->By.xpath: //button[contains(.,'Save')]
11:32:40  INFO  manager.MyListener - The element with locator --->By.xpath: //button[contains(.,'Save')]--->was found
11:32:41  INFO  manager.MyListener - Start find element --->By.cssSelector: .contact-item_card__2SOIM
11:32:41  INFO  manager.MyListener - The element with locator --->By.cssSelector: .contact-item_card__2SOIM--->was found
11:32:41  INFO  tests.TestBase - The test 'Add new contact' end with count of contact in the end --->2
11:32:41  INFO  manager.MyListener - Start find element --->By.cssSelector: h2
11:32:41  INFO  manager.MyListener - The element with locator --->By.cssSelector: h2--->was found
11:32:41  INFO  manager.MyListener - Start find element --->By.cssSelector: h3
11:32:41  INFO  manager.MyListener - The element with locator --->By.cssSelector: h3--->was found
11:32:41  INFO  tests.TestBase - Name of test ---> loginSuccessModel
11:32:41  INFO  manager.MyListener - Start find element --->By.xpath: //button[text()='Sign Out']
11:32:41  INFO  manager.MyListener - The element with locator --->By.xpath: //button[text()='Sign Out']--->was found
11:32:41  INFO  manager.MyListener - Start find element --->By.xpath: //button[text()='Sign Out']
11:32:41  INFO  manager.MyListener - The element with locator --->By.xpath: //button[text()='Sign Out']--->was found
11:32:41  INFO  tests.TestBase - Test starts with email [Tomy123456@mail.com], pessword[Qq123666$45]
11:32:41  INFO  manager.MyListener - Start find element --->By.xpath: //a[@href='/login']
11:32:41  INFO  manager.MyListener - The element with locator --->By.xpath: //a[@href='/login']--->was found
11:32:41  INFO  manager.MyListener - Start find element --->By.xpath: //input[1]
11:32:41  INFO  manager.MyListener - The element with locator --->By.xpath: //input[1]--->was found
11:32:42  INFO  manager.MyListener - Start find element --->By.xpath: //input[2]
11:32:42  INFO  manager.MyListener - The element with locator --->By.xpath: //input[2]--->was found
11:32:42  INFO  manager.MyListener - Start find element --->By.xpath: //button[text()=' Login']
11:32:42  INFO  manager.MyListener - The element with locator --->By.xpath: //button[text()=' Login']--->was found
11:32:42  INFO  manager.MyListener - Start find element --->By.xpath: //a[@href='/contacts']
11:32:42  INFO  manager.MyListener - The element with locator --->By.xpath: //a[@href='/contacts']--->was found
11:32:43  INFO  tests.TestBase - Name of test ---> loginSuccessModelDataProvider
11:32:43  INFO  manager.MyListener - Start find element --->By.xpath: //button[text()='Sign Out']
11:32:43  INFO  manager.MyListener - The element with locator --->By.xpath: //button[text()='Sign Out']--->was found
11:32:43  INFO  manager.MyListener - Start find element --->By.xpath: //button[text()='Sign Out']
11:32:43  INFO  manager.MyListener - The element with locator --->By.xpath: //button[text()='Sign Out']--->was found
11:32:43  INFO  tests.TestBase - Test user starts with data:User{email='Tomy123456@mail.com', password='Qq123666$45'}
11:32:43  INFO  manager.MyListener - Start find element --->By.xpath: //a[@href='/login']
11:32:43  INFO  manager.MyListener - The element with locator --->By.xpath: //a[@href='/login']--->was found
11:32:43  INFO  manager.MyListener - Start find element --->By.xpath: //input[1]
11:32:43  INFO  manager.MyListener - The element with locator --->By.xpath: //input[1]--->was found
11:32:43  INFO  manager.MyListener - Start find element --->By.xpath: //input[2]
11:32:43  INFO  manager.MyListener - The element with locator --->By.xpath: //input[2]--->was found
11:32:44  INFO  manager.MyListener - Start find element --->By.xpath: //button[text()=' Login']
11:32:44  INFO  manager.MyListener - The element with locator --->By.xpath: //button[text()=' Login']--->was found
11:32:44  INFO  manager.MyListener - Start find element --->By.xpath: //a[@href='/contacts']
11:32:44  INFO  manager.MyListener - The element with locator --->By.xpath: //a[@href='/contacts']--->was found
11:32:44  INFO  tests.TestBase - Name of test ---> loginSuccessModelDataProvider
11:32:44  INFO  manager.MyListener - Start find element --->By.xpath: //button[text()='Sign Out']
11:32:44  INFO  manager.MyListener - The element with locator --->By.xpath: //button[text()='Sign Out']--->was found
11:32:44  INFO  manager.MyListener - Start find element --->By.xpath: //button[text()='Sign Out']
11:32:44  INFO  manager.MyListener - The element with locator --->By.xpath: //button[text()='Sign Out']--->was found
11:32:44  INFO  tests.TestBase - Test user starts with data:User{email='Tomy123456@mail.com', password='Qq123666$45'}
11:32:44  INFO  manager.MyListener - Start find element --->By.xpath: //a[@href='/login']
11:32:45  INFO  manager.MyListener - The element with locator --->By.xpath: //a[@href='/login']--->was found
11:32:45  INFO  manager.MyListener - Start find element --->By.xpath: //input[1]
11:32:45  INFO  manager.MyListener - The element with locator --->By.xpath: //input[1]--->was found
11:32:45  INFO  manager.MyListener - Start find element --->By.xpath: //input[2]
11:32:45  INFO  manager.MyListener - The element with locator --->By.xpath: //input[2]--->was found
11:32:45  INFO  manager.MyListener - Start find element --->By.xpath: //button[text()=' Login']
11:32:45  INFO  manager.MyListener - The element with locator --->By.xpath: //button[text()=' Login']--->was found
11:32:46  INFO  manager.MyListener - Start find element --->By.xpath: //a[@href='/contacts']
11:32:46  INFO  manager.MyListener - The element with locator --->By.xpath: //a[@href='/contacts']--->was found
11:32:46  INFO  tests.TestBase - Name of test ---> loginSuccessModelDataProvider
11:32:46  INFO  manager.MyListener - Start find element --->By.xpath: //button[text()='Sign Out']
11:32:46  INFO  manager.MyListener - The element with locator --->By.xpath: //button[text()='Sign Out']--->was found
11:32:46  INFO  manager.MyListener - Start find element --->By.xpath: //button[text()='Sign Out']
11:32:46  INFO  manager.MyListener - The element with locator --->By.xpath: //button[text()='Sign Out']--->was found
11:32:46  INFO  tests.TestBase - Test user starts with data:User{email='Tomy123456@mail.com', password='Qq123666$45'}
11:32:46  INFO  manager.MyListener - Start find element --->By.xpath: //a[@href='/login']
11:32:46  INFO  manager.MyListener - The element with locator --->By.xpath: //a[@href='/login']--->was found
11:32:46  INFO  manager.MyListener - Start find element --->By.xpath: //input[1]
11:32:46  INFO  manager.MyListener - The element with locator --->By.xpath: //input[1]--->was found
11:32:47  INFO  manager.MyListener - Start find element --->By.xpath: //input[2]
11:32:47  INFO  manager.MyListener - The element with locator --->By.xpath: //input[2]--->was found
11:32:47  INFO  manager.MyListener - Start find element --->By.xpath: //button[text()=' Login']
11:32:47  INFO  manager.MyListener - The element with locator --->By.xpath: //button[text()=' Login']--->was found
11:32:48  INFO  manager.MyListener - Start find element --->By.xpath: //a[@href='/contacts']
11:32:48  INFO  manager.MyListener - The element with locator --->By.xpath: //a[@href='/contacts']--->was found
11:32:48  INFO  tests.TestBase - Name of test ---> loginSuccessTestDataProvider
11:32:48  INFO  manager.MyListener - Start find element --->By.xpath: //button[text()='Sign Out']
11:32:48  INFO  manager.MyListener - The element with locator --->By.xpath: //button[text()='Sign Out']--->was found
11:32:48  INFO  manager.MyListener - Start find element --->By.xpath: //button[text()='Sign Out']
11:32:48  INFO  manager.MyListener - The element with locator --->By.xpath: //button[text()='Sign Out']--->was found
11:32:48  INFO  tests.TestBase - Test starts with email Tomy123456@mail.com  && password Qq123666$45
11:32:48  INFO  manager.MyListener - Start find element --->By.xpath: //a[@href='/login']
11:32:48  INFO  manager.MyListener - The element with locator --->By.xpath: //a[@href='/login']--->was found
11:32:51  INFO  manager.MyListener - Start find element --->By.xpath: //input[1]
11:32:51  INFO  manager.MyListener - The element with locator --->By.xpath: //input[1]--->was found
11:32:51  INFO  manager.MyListener - Start find element --->By.xpath: //input[2]
11:32:51  INFO  manager.MyListener - The element with locator --->By.xpath: //input[2]--->was found
11:32:52  INFO  manager.MyListener - Start find element --->By.xpath: //button[text()=' Login']
11:32:52  INFO  manager.MyListener - The element with locator --->By.xpath: //button[text()=' Login']--->was found
11:32:52  INFO  manager.MyListener - Start find element --->By.xpath: //a[@href='/contacts']
11:32:52  INFO  manager.MyListener - The element with locator --->By.xpath: //a[@href='/contacts']--->was found
11:32:52  INFO  tests.TestBase - Name of test ---> loginSuccessTestDataProvider
11:32:52  INFO  manager.MyListener - Start find element --->By.xpath: //button[text()='Sign Out']
11:32:52  INFO  manager.MyListener - The element with locator --->By.xpath: //button[text()='Sign Out']--->was found
11:32:52  INFO  manager.MyListener - Start find element --->By.xpath: //button[text()='Sign Out']
11:32:52  INFO  manager.MyListener - The element with locator --->By.xpath: //button[text()='Sign Out']--->was found
11:32:52  INFO  tests.TestBase - Test starts with email Tomy123456@mail.com  && password Qq123666$45
11:32:52  INFO  manager.MyListener - Start find element --->By.xpath: //a[@href='/login']
11:32:52  INFO  manager.MyListener - The element with locator --->By.xpath: //a[@href='/login']--->was found
11:32:55  INFO  manager.MyListener - Start find element --->By.xpath: //input[1]
11:32:55  INFO  manager.MyListener - The element with locator --->By.xpath: //input[1]--->was found
11:32:56  INFO  manager.MyListener - Start find element --->By.xpath: //input[2]
11:32:56  INFO  manager.MyListener - The element with locator --->By.xpath: //input[2]--->was found
11:32:56  INFO  manager.MyListener - Start find element --->By.xpath: //button[text()=' Login']
11:32:56  INFO  manager.MyListener - The element with locator --->By.xpath: //button[text()=' Login']--->was found
11:32:56  INFO  manager.MyListener - Start find element --->By.xpath: //a[@href='/contacts']
11:32:56  INFO  manager.MyListener - The element with locator --->By.xpath: //a[@href='/contacts']--->was found
11:32:56  INFO  tests.TestBase - Name of test ---> loginSuccessTestDataProvider
11:32:56  INFO  manager.MyListener - Start find element --->By.xpath: //button[text()='Sign Out']
11:32:56  INFO  manager.MyListener - The element with locator --->By.xpath: //button[text()='Sign Out']--->was found
11:32:56  INFO  manager.MyListener - Start find element --->By.xpath: //button[text()='Sign Out']
11:32:56  INFO  manager.MyListener - The element with locator --->By.xpath: //button[text()='Sign Out']--->was found
11:32:57  INFO  tests.TestBase - Test starts with email elizabet123456@mail.com  && password El098765$
11:32:57  INFO  manager.MyListener - Start find element --->By.xpath: //a[@href='/login']
11:32:57  INFO  manager.MyListener - The element with locator --->By.xpath: //a[@href='/login']--->was found
11:33:00  INFO  manager.MyListener - Start find element --->By.xpath: //input[1]
11:33:00  INFO  manager.MyListener - The element with locator --->By.xpath: //input[1]--->was found
11:33:00  INFO  manager.MyListener - Start find element --->By.xpath: //input[2]
11:33:00  INFO  manager.MyListener - The element with locator --->By.xpath: //input[2]--->was found
11:33:01  INFO  manager.MyListener - Start find element --->By.xpath: //button[text()=' Login']
11:33:01  INFO  manager.MyListener - The element with locator --->By.xpath: //button[text()=' Login']--->was found
11:33:01  INFO  manager.MyListener - Start find element --->By.xpath: //a[@href='/contacts']
11:33:01  INFO  manager.MyListener - The element with locator --->By.xpath: //a[@href='/contacts']--->was found
11:33:01  INFO  tests.TestBase - Name of test ---> loginSuccessTestDataProviderCSV
11:33:01  INFO  manager.MyListener - Start find element --->By.xpath: //button[text()='Sign Out']
11:33:01  INFO  manager.MyListener - The element with locator --->By.xpath: //button[text()='Sign Out']--->was found
11:33:01  INFO  manager.MyListener - Start find element --->By.xpath: //button[text()='Sign Out']
11:33:01  INFO  manager.MyListener - The element with locator --->By.xpath: //button[text()='Sign Out']--->was found
11:33:01  INFO  tests.TestBase - Test starts with email Tomy123456@mail.com  && password Qq123666$45
11:33:01  INFO  manager.MyListener - Start find element --->By.xpath: //a[@href='/login']
11:33:01  INFO  manager.MyListener - The element with locator --->By.xpath: //a[@href='/login']--->was found
11:33:04  INFO  manager.MyListener - Start find element --->By.xpath: //input[1]
11:33:04  INFO  manager.MyListener - The element with locator --->By.xpath: //input[1]--->was found
11:33:05  INFO  manager.MyListener - Start find element --->By.xpath: //input[2]
11:33:05  INFO  manager.MyListener - The element with locator --->By.xpath: //input[2]--->was found
11:33:05  INFO  manager.MyListener - Start find element --->By.xpath: //button[text()=' Login']
11:33:05  INFO  manager.MyListener - The element with locator --->By.xpath: //button[text()=' Login']--->was found
11:33:05  INFO  manager.MyListener - Start find element --->By.xpath: //a[@href='/contacts']
11:33:05  INFO  manager.MyListener - The element with locator --->By.xpath: //a[@href='/contacts']--->was found
11:33:05  INFO  tests.TestBase - Name of test ---> loginSuccessTestDataProviderCSV
11:33:05  INFO  manager.MyListener - Start find element --->By.xpath: //button[text()='Sign Out']
11:33:05  INFO  manager.MyListener - The element with locator --->By.xpath: //button[text()='Sign Out']--->was found
11:33:05  INFO  manager.MyListener - Start find element --->By.xpath: //button[text()='Sign Out']
11:33:05  INFO  manager.MyListener - The element with locator --->By.xpath: //button[text()='Sign Out']--->was found
11:33:05  INFO  tests.TestBase - Test starts with email elizabet123456@mail.com  && password El098765$
11:33:05  INFO  manager.MyListener - Start find element --->By.xpath: //a[@href='/login']
11:33:05  INFO  manager.MyListener - The element with locator --->By.xpath: //a[@href='/login']--->was found
11:33:09  INFO  manager.MyListener - Start find element --->By.xpath: //input[1]
11:33:09  INFO  manager.MyListener - The element with locator --->By.xpath: //input[1]--->was found
11:33:09  INFO  manager.MyListener - Start find element --->By.xpath: //input[2]
11:33:09  INFO  manager.MyListener - The element with locator --->By.xpath: //input[2]--->was found
11:33:09  INFO  manager.MyListener - Start find element --->By.xpath: //button[text()=' Login']
11:33:09  INFO  manager.MyListener - The element with locator --->By.xpath: //button[text()=' Login']--->was found
11:33:10  INFO  manager.MyListener - Start find element --->By.xpath: //a[@href='/contacts']
11:33:10  INFO  manager.MyListener - The element with locator --->By.xpath: //a[@href='/contacts']--->was found
11:33:10  INFO  tests.TestBase - Name of test ---> registrationSuccess
11:33:10  INFO  manager.MyListener - Start find element --->By.xpath: //button[text()='Sign Out']
11:33:10  INFO  manager.MyListener - The element with locator --->By.xpath: //button[text()='Sign Out']--->was found
11:33:10  INFO  manager.MyListener - Start find element --->By.xpath: //button[text()='Sign Out']
11:33:10  INFO  manager.MyListener - The element with locator --->By.xpath: //button[text()='Sign Out']--->was found
11:33:10  INFO  manager.MyListener - Start find element --->By.xpath: //a[@href='/login']
11:33:10  INFO  manager.MyListener - The element with locator --->By.xpath: //a[@href='/login']--->was found
11:33:10  INFO  manager.MyListener - Start find element --->By.xpath: //input[1]
11:33:10  INFO  manager.MyListener - The element with locator --->By.xpath: //input[1]--->was found
11:33:10  INFO  manager.MyListener - Start find element --->By.xpath: //input[2]
11:33:10  INFO  manager.MyListener - The element with locator --->By.xpath: //input[2]--->was found
11:33:11  INFO  manager.MyListener - Start find element --->By.xpath: //button[text()=' Registration']
11:33:11  INFO  manager.MyListener - The element with locator --->By.xpath: //button[text()=' Registration']--->was found
11:33:11  INFO  manager.MyListener - Start find element --->By.cssSelector: h2
11:33:11  INFO  manager.MyListener - The element with locator --->By.cssSelector: h2--->was found
11:33:11  INFO  tests.TestBase - Name of test ---> registrationSuccessModel
11:33:11  INFO  manager.MyListener - Start find element --->By.xpath: //button[text()='Sign Out']
11:33:11  INFO  manager.MyListener - The element with locator --->By.xpath: //button[text()='Sign Out']--->was found
11:33:11  INFO  manager.MyListener - Start find element --->By.xpath: //button[text()='Sign Out']
11:33:11  INFO  manager.MyListener - The element with locator --->By.xpath: //button[text()='Sign Out']--->was found
11:33:11  INFO  manager.MyListener - Start find element --->By.xpath: //a[@href='/login']
11:33:11  INFO  manager.MyListener - The element with locator --->By.xpath: //a[@href='/login']--->was found
11:33:12  INFO  manager.MyListener - Start find element --->By.xpath: //input[1]
11:33:12  INFO  manager.MyListener - The element with locator --->By.xpath: //input[1]--->was found
11:33:12  INFO  manager.MyListener - Start find element --->By.xpath: //input[2]
11:33:12  INFO  manager.MyListener - The element with locator --->By.xpath: //input[2]--->was found
11:33:12  INFO  manager.MyListener - Start find element --->By.xpath: //button[text()=' Registration']
11:33:12  INFO  manager.MyListener - The element with locator --->By.xpath: //button[text()=' Registration']--->was found
11:33:12  INFO  tests.TestBase - User register with dataUser{email='maya1991@mail.com', password='Ma098765$'}
11:33:12  INFO  manager.MyListener - Start find element --->By.cssSelector: h2
11:33:12  INFO  manager.MyListener - The element with locator --->By.cssSelector: h2--->was found
11:33:12  INFO  tests.TestBase - Name of test ---> removeAllContactTest
11:33:12  INFO  manager.MyListener - Start find element --->By.xpath: //button[text()='Sign Out']
11:33:12  INFO  manager.MyListener - The element with locator --->By.xpath: //button[text()='Sign Out']--->was found
11:33:12  INFO  manager.MyListener - Start find element --->By.cssSelector: .contact-item_card__2SOIM
11:33:17  INFO  manager.MyListener - The element with locator --->By.cssSelector: .contact-item_card__2SOIM--->was found
11:33:17  INFO  manager.MyListener - Start find element --->By.xpath: //a[text()='ADD']
11:33:17  INFO  manager.MyListener - The element with locator --->By.xpath: //a[text()='ADD']--->was found
11:33:18  INFO  manager.MyListener - Start find element --->By.cssSelector: [placeholder='Name']
11:33:18  INFO  manager.MyListener - The element with locator --->By.cssSelector: [placeholder='Name']--->was found
11:33:18  INFO  manager.MyListener - Start find element --->By.cssSelector: [placeholder='Last Name']
11:33:18  INFO  manager.MyListener - The element with locator --->By.cssSelector: [placeholder='Last Name']--->was found
11:33:18  INFO  manager.MyListener - Start find element --->By.cssSelector: [placeholder='Phone']
11:33:18  INFO  manager.MyListener - The element with locator --->By.cssSelector: [placeholder='Phone']--->was found
11:33:19  INFO  manager.MyListener - Start find element --->By.cssSelector: [placeholder='email']
11:33:19  INFO  manager.MyListener - The element with locator --->By.cssSelector: [placeholder='email']--->was found
11:33:19  INFO  manager.MyListener - Start find element --->By.cssSelector: [placeholder='Address']
11:33:19  INFO  manager.MyListener - The element with locator --->By.cssSelector: [placeholder='Address']--->was found
11:33:19  INFO  manager.MyListener - Start find element --->By.cssSelector: [placeholder='description']
11:33:19  INFO  manager.MyListener - The element with locator --->By.cssSelector: [placeholder='description']--->was found
11:33:19  INFO  manager.MyListener - Start find element --->By.xpath: //button[contains(.,'Save')]
11:33:19  INFO  manager.MyListener - The element with locator --->By.xpath: //button[contains(.,'Save')]--->was found
11:33:21  INFO  manager.MyListener - Start find element --->By.xpath: //a[text()='ADD']
11:33:21  INFO  manager.MyListener - The element with locator --->By.xpath: //a[text()='ADD']--->was found
11:33:21  INFO  manager.MyListener - Start find element --->By.cssSelector: [placeholder='Name']
11:33:21  INFO  manager.MyListener - The element with locator --->By.cssSelector: [placeholder='Name']--->was found
11:33:21  INFO  manager.MyListener - Start find element --->By.cssSelector: [placeholder='Last Name']
11:33:21  INFO  manager.MyListener - The element with locator --->By.cssSelector: [placeholder='Last Name']--->was found
11:33:22  INFO  manager.MyListener - Start find element --->By.cssSelector: [placeholder='Phone']
11:33:22  INFO  manager.MyListener - The element with locator --->By.cssSelector: [placeholder='Phone']--->was found
11:33:22  INFO  manager.MyListener - Start find element --->By.cssSelector: [placeholder='email']
11:33:22  INFO  manager.MyListener - The element with locator --->By.cssSelector: [placeholder='email']--->was found
11:33:22  INFO  manager.MyListener - Start find element --->By.cssSelector: [placeholder='Address']
11:33:22  INFO  manager.MyListener - The element with locator --->By.cssSelector: [placeholder='Address']--->was found
11:33:22  INFO  manager.MyListener - Start find element --->By.cssSelector: [placeholder='description']
11:33:22  INFO  manager.MyListener - The element with locator --->By.cssSelector: [placeholder='description']--->was found
11:33:23  INFO  manager.MyListener - Start find element --->By.xpath: //button[contains(.,'Save')]
11:33:23  INFO  manager.MyListener - The element with locator --->By.xpath: //button[contains(.,'Save')]--->was found
11:33:24  INFO  manager.MyListener - Start find element --->By.xpath: //a[text()='ADD']
11:33:24  INFO  manager.MyListener - The element with locator --->By.xpath: //a[text()='ADD']--->was found
11:33:24  INFO  manager.MyListener - Start find element --->By.cssSelector: [placeholder='Name']
11:33:24  INFO  manager.MyListener - The element with locator --->By.cssSelector: [placeholder='Name']--->was found
11:33:24  INFO  manager.MyListener - Start find element --->By.cssSelector: [placeholder='Last Name']
11:33:24  INFO  manager.MyListener - The element with locator --->By.cssSelector: [placeholder='Last Name']--->was found
11:33:25  INFO  manager.MyListener - Start find element --->By.cssSelector: [placeholder='Phone']
11:33:25  INFO  manager.MyListener - The element with locator --->By.cssSelector: [placeholder='Phone']--->was found
11:33:25  INFO  manager.MyListener - Start find element --->By.cssSelector: [placeholder='email']
11:33:25  INFO  manager.MyListener - The element with locator --->By.cssSelector: [placeholder='email']--->was found
11:33:25  INFO  manager.MyListener - Start find element --->By.cssSelector: [placeholder='Address']
11:33:25  INFO  manager.MyListener - The element with locator --->By.cssSelector: [placeholder='Address']--->was found
11:33:26  INFO  manager.MyListener - Start find element --->By.cssSelector: [placeholder='description']
11:33:26  INFO  manager.MyListener - The element with locator --->By.cssSelector: [placeholder='description']--->was found
11:33:26  INFO  manager.MyListener - Start find element --->By.xpath: //button[contains(.,'Save')]
11:33:26  INFO  manager.MyListener - The element with locator --->By.xpath: //button[contains(.,'Save')]--->was found
11:33:27  INFO  manager.MyListener - Start find element --->By.cssSelector: .contact-item_card__2SOIM
11:33:27  INFO  manager.MyListener - The element with locator --->By.cssSelector: .contact-item_card__2SOIM--->was found
11:33:27  INFO  manager.MyListener - Start find element --->By.cssSelector: .contact-item_card__2SOIM
11:33:27  INFO  manager.MyListener - The element with locator --->By.cssSelector: .contact-item_card__2SOIM--->was found
11:33:27  INFO  manager.HelperBase - Before remove 'One contact tests' count was --->3
11:33:27  INFO  manager.MyListener - Start find element --->By.cssSelector: .contact-item_card__2SOIM
11:33:27  INFO  manager.MyListener - The element with locator --->By.cssSelector: .contact-item_card__2SOIM--->was found
11:33:27  INFO  manager.MyListener - Start find element --->By.cssSelector: .contact-item_card__2SOIM h3
11:33:27  INFO  manager.MyListener - The element with locator --->By.cssSelector: .contact-item_card__2SOIM h3--->was found
11:33:27  INFO  manager.HelperBase - The phone number of removed contact was -->121201997
11:33:27  INFO  manager.MyListener - Start find element --->By.cssSelector: .contact-item_card__2SOIM
11:33:27  INFO  manager.MyListener - The element with locator --->By.cssSelector: .contact-item_card__2SOIM--->was found
11:33:27  INFO  manager.MyListener - Start find element --->By.xpath: //button[text()='Remove']
11:33:27  INFO  manager.MyListener - The element with locator --->By.xpath: //button[text()='Remove']--->was found
11:33:28  INFO  manager.MyListener - Start find element --->By.cssSelector: .contact-item_card__2SOIM
11:33:28  INFO  manager.MyListener - The element with locator --->By.cssSelector: .contact-item_card__2SOIM--->was found
11:33:28  INFO  manager.HelperBase - After remove one contact the count is --->2
11:33:28  INFO  manager.MyListener - Start find element --->By.cssSelector: .contact-item_card__2SOIM
11:33:28  INFO  manager.MyListener - The element with locator --->By.cssSelector: .contact-item_card__2SOIM--->was found
11:33:28  INFO  manager.MyListener - Start find element --->By.cssSelector: .contact-item_card__2SOIM
11:33:28  INFO  manager.MyListener - The element with locator --->By.cssSelector: .contact-item_card__2SOIM--->was found
11:33:28  INFO  manager.HelperBase - Before remove 'One contact tests' count was --->2
11:33:28  INFO  manager.MyListener - Start find element --->By.cssSelector: .contact-item_card__2SOIM
11:33:28  INFO  manager.MyListener - The element with locator --->By.cssSelector: .contact-item_card__2SOIM--->was found
11:33:28  INFO  manager.MyListener - Start find element --->By.cssSelector: .contact-item_card__2SOIM h3
11:33:28  INFO  manager.MyListener - The element with locator --->By.cssSelector: .contact-item_card__2SOIM h3--->was found
11:33:28  INFO  manager.HelperBase - The phone number of removed contact was -->121211997
11:33:28  INFO  manager.MyListener - Start find element --->By.cssSelector: .contact-item_card__2SOIM
11:33:28  INFO  manager.MyListener - The element with locator --->By.cssSelector: .contact-item_card__2SOIM--->was found
11:33:29  INFO  manager.MyListener - Start find element --->By.xpath: //button[text()='Remove']
11:33:29  INFO  manager.MyListener - The element with locator --->By.xpath: //button[text()='Remove']--->was found
11:33:29  INFO  manager.MyListener - Start find element --->By.cssSelector: .contact-item_card__2SOIM
11:33:29  INFO  manager.MyListener - The element with locator --->By.cssSelector: .contact-item_card__2SOIM--->was found
11:33:29  INFO  manager.HelperBase - After remove one contact the count is --->1
11:33:29  INFO  manager.MyListener - Start find element --->By.cssSelector: .contact-item_card__2SOIM
11:33:29  INFO  manager.MyListener - The element with locator --->By.cssSelector: .contact-item_card__2SOIM--->was found
11:33:29  INFO  manager.MyListener - Start find element --->By.cssSelector: .contact-item_card__2SOIM
11:33:29  INFO  manager.MyListener - The element with locator --->By.cssSelector: .contact-item_card__2SOIM--->was found
11:33:29  INFO  manager.HelperBase - Before remove 'One contact tests' count was --->1
11:33:29  INFO  manager.MyListener - Start find element --->By.cssSelector: .contact-item_card__2SOIM
11:33:29  INFO  manager.MyListener - The element with locator --->By.cssSelector: .contact-item_card__2SOIM--->was found
11:33:29  INFO  manager.MyListener - Start find element --->By.cssSelector: .contact-item_card__2SOIM h3
11:33:29  INFO  manager.MyListener - The element with locator --->By.cssSelector: .contact-item_card__2SOIM h3--->was found
11:33:29  INFO  manager.HelperBase - The phone number of removed contact was -->121221997
11:33:29  INFO  manager.MyListener - Start find element --->By.cssSelector: .contact-item_card__2SOIM
11:33:29  INFO  manager.MyListener - The element with locator --->By.cssSelector: .contact-item_card__2SOIM--->was found
11:33:30  INFO  manager.MyListener - Start find element --->By.xpath: //button[text()='Remove']
11:33:30  INFO  manager.MyListener - The element with locator --->By.xpath: //button[text()='Remove']--->was found
11:33:30  INFO  manager.MyListener - Start find element --->By.cssSelector: .contact-item_card__2SOIM
11:33:35  INFO  manager.MyListener - The element with locator --->By.cssSelector: .contact-item_card__2SOIM--->was found
11:33:35  INFO  manager.HelperBase - After remove one contact the count is --->0
11:33:35  INFO  manager.MyListener - Start find element --->By.cssSelector: .contact-item_card__2SOIM
11:33:40  INFO  manager.MyListener - The element with locator --->By.cssSelector: .contact-item_card__2SOIM--->was found
11:33:40  INFO  manager.MyListener - Start find element --->By.cssSelector: .contact-item_card__2SOIM
11:33:45  INFO  manager.MyListener - The element with locator --->By.cssSelector: .contact-item_card__2SOIM--->was found
11:33:45  INFO  tests.TestBase - Name of test ---> removeOneContact
11:33:45  INFO  manager.MyListener - Start find element --->By.xpath: //button[text()='Sign Out']
11:33:45  INFO  manager.MyListener - The element with locator --->By.xpath: //button[text()='Sign Out']--->was found
11:33:45  INFO  manager.MyListener - Start find element --->By.cssSelector: .contact-item_card__2SOIM
11:33:50  INFO  manager.MyListener - The element with locator --->By.cssSelector: .contact-item_card__2SOIM--->was found
11:33:50  INFO  manager.MyListener - Start find element --->By.xpath: //a[text()='ADD']
11:33:51  INFO  manager.MyListener - The element with locator --->By.xpath: //a[text()='ADD']--->was found
11:33:51  INFO  manager.MyListener - Start find element --->By.cssSelector: [placeholder='Name']
11:33:51  INFO  manager.MyListener - The element with locator --->By.cssSelector: [placeholder='Name']--->was found
11:33:51  INFO  manager.MyListener - Start find element --->By.cssSelector: [placeholder='Last Name']
11:33:51  INFO  manager.MyListener - The element with locator --->By.cssSelector: [placeholder='Last Name']--->was found
11:33:51  INFO  manager.MyListener - Start find element --->By.cssSelector: [placeholder='Phone']
11:33:51  INFO  manager.MyListener - The element with locator --->By.cssSelector: [placeholder='Phone']--->was found
11:33:52  INFO  manager.MyListener - Start find element --->By.cssSelector: [placeholder='email']
11:33:52  INFO  manager.MyListener - The element with locator --->By.cssSelector: [placeholder='email']--->was found
11:33:52  INFO  manager.MyListener - Start find element --->By.cssSelector: [placeholder='Address']
11:33:52  INFO  manager.MyListener - The element with locator --->By.cssSelector: [placeholder='Address']--->was found
11:33:52  INFO  manager.MyListener - Start find element --->By.cssSelector: [placeholder='description']
11:33:52  INFO  manager.MyListener - The element with locator --->By.cssSelector: [placeholder='description']--->was found
11:33:53  INFO  manager.MyListener - Start find element --->By.xpath: //button[contains(.,'Save')]
11:33:53  INFO  manager.MyListener - The element with locator --->By.xpath: //button[contains(.,'Save')]--->was found
11:33:54  INFO  manager.MyListener - Start find element --->By.xpath: //a[text()='ADD']
11:33:54  INFO  manager.MyListener - The element with locator --->By.xpath: //a[text()='ADD']--->was found
11:33:54  INFO  manager.MyListener - Start find element --->By.cssSelector: [placeholder='Name']
11:33:54  INFO  manager.MyListener - The element with locator --->By.cssSelector: [placeholder='Name']--->was found
11:33:54  INFO  manager.MyListener - Start find element --->By.cssSelector: [placeholder='Last Name']
11:33:54  INFO  manager.MyListener - The element with locator --->By.cssSelector: [placeholder='Last Name']--->was found
11:33:55  INFO  manager.MyListener - Start find element --->By.cssSelector: [placeholder='Phone']
11:33:55  INFO  manager.MyListener - The element with locator --->By.cssSelector: [placeholder='Phone']--->was found
11:33:55  INFO  manager.MyListener - Start find element --->By.cssSelector: [placeholder='email']
11:33:55  INFO  manager.MyListener - The element with locator --->By.cssSelector: [placeholder='email']--->was found
11:33:55  INFO  manager.MyListener - Start find element --->By.cssSelector: [placeholder='Address']
11:33:55  INFO  manager.MyListener - The element with locator --->By.cssSelector: [placeholder='Address']--->was found
11:33:56  INFO  manager.MyListener - Start find element --->By.cssSelector: [placeholder='description']
11:33:56  INFO  manager.MyListener - The element with locator --->By.cssSelector: [placeholder='description']--->was found
11:33:56  INFO  manager.MyListener - Start find element --->By.xpath: //button[contains(.,'Save')]
11:33:56  INFO  manager.MyListener - The element with locator --->By.xpath: //button[contains(.,'Save')]--->was found
11:33:57  INFO  manager.MyListener - Start find element --->By.xpath: //a[text()='ADD']
11:33:57  INFO  manager.MyListener - The element with locator --->By.xpath: //a[text()='ADD']--->was found
11:33:57  INFO  manager.MyListener - Start find element --->By.cssSelector: [placeholder='Name']
11:33:57  INFO  manager.MyListener - The element with locator --->By.cssSelector: [placeholder='Name']--->was found
11:33:58  INFO  manager.MyListener - Start find element --->By.cssSelector: [placeholder='Last Name']
11:33:58  INFO  manager.MyListener - The element with locator --->By.cssSelector: [placeholder='Last Name']--->was found
11:33:58  INFO  manager.MyListener - Start find element --->By.cssSelector: [placeholder='Phone']
11:33:58  INFO  manager.MyListener - The element with locator --->By.cssSelector: [placeholder='Phone']--->was found
11:33:58  INFO  manager.MyListener - Start find element --->By.cssSelector: [placeholder='email']
11:33:58  INFO  manager.MyListener - The element with locator --->By.cssSelector: [placeholder='email']--->was found
11:33:59  INFO  manager.MyListener - Start find element --->By.cssSelector: [placeholder='Address']
11:33:59  INFO  manager.MyListener - The element with locator --->By.cssSelector: [placeholder='Address']--->was found
11:33:59  INFO  manager.MyListener - Start find element --->By.cssSelector: [placeholder='description']
11:33:59  INFO  manager.MyListener - The element with locator --->By.cssSelector: [placeholder='description']--->was found
11:33:59  INFO  manager.MyListener - Start find element --->By.xpath: //button[contains(.,'Save')]
11:33:59  INFO  manager.MyListener - The element with locator --->By.xpath: //button[contains(.,'Save')]--->was found
11:34:00  INFO  manager.MyListener - Start find element --->By.cssSelector: .contact-item_card__2SOIM
11:34:00  INFO  manager.MyListener - The element with locator --->By.cssSelector: .contact-item_card__2SOIM--->was found
11:34:01  INFO  manager.MyListener - Start find element --->By.xpath: //button[.='Remove']
11:34:01  INFO  manager.MyListener - The element with locator --->By.xpath: //button[.='Remove']--->was found
11:34:01  INFO  tests.TestBase - Name of test ---> removeOneContactCount
11:34:01  INFO  manager.MyListener - Start find element --->By.xpath: //button[text()='Sign Out']
11:34:01  INFO  manager.MyListener - The element with locator --->By.xpath: //button[text()='Sign Out']--->was found
11:34:01  INFO  manager.MyListener - Start find element --->By.cssSelector: .contact-item_card__2SOIM
11:34:01  INFO  manager.MyListener - The element with locator --->By.cssSelector: .contact-item_card__2SOIM--->was found
11:34:01  INFO  manager.MyListener - Start find element --->By.cssSelector: .contact-item_card__2SOIM
11:34:01  INFO  manager.MyListener - The element with locator --->By.cssSelector: .contact-item_card__2SOIM--->was found
11:34:01  INFO  manager.HelperBase - Before remove 'One contact tests' count was --->3
11:34:01  INFO  manager.MyListener - Start find element --->By.cssSelector: .contact-item_card__2SOIM
11:34:01  INFO  manager.MyListener - The element with locator --->By.cssSelector: .contact-item_card__2SOIM--->was found
11:34:01  INFO  manager.MyListener - Start find element --->By.cssSelector: .contact-item_card__2SOIM h3
11:34:01  INFO  manager.MyListener - The element with locator --->By.cssSelector: .contact-item_card__2SOIM h3--->was found
11:34:01  INFO  manager.HelperBase - The phone number of removed contact was -->121202030
11:34:01  INFO  manager.MyListener - Start find element --->By.cssSelector: .contact-item_card__2SOIM
11:34:01  INFO  manager.MyListener - The element with locator --->By.cssSelector: .contact-item_card__2SOIM--->was found
11:34:01  INFO  manager.MyListener - Start find element --->By.xpath: //button[text()='Remove']
11:34:01  INFO  manager.MyListener - The element with locator --->By.xpath: //button[text()='Remove']--->was found
11:34:02  INFO  manager.MyListener - Start find element --->By.cssSelector: .contact-item_card__2SOIM
11:34:02  INFO  manager.MyListener - The element with locator --->By.cssSelector: .contact-item_card__2SOIM--->was found
11:34:02  INFO  manager.HelperBase - After remove one contact the count is --->1
