19:14:40  INFO  manager.ApplicationManager - All tests starts in 'Chrom' browser
19:14:41  INFO  tests.TestBase - Name of test ---> addNewContactSuccess
19:14:41  INFO  manager.MyListener - Start find element --->By.xpath: //button[text()='Sign Out']
19:14:46  INFO  manager.MyListener - The element with locator --->By.xpath: //button[text()='Sign Out']--->was found
19:14:46  INFO  manager.MyListener - Start find element --->By.xpath: //a[@href='/login']
19:14:46  INFO  manager.MyListener - The element with locator --->By.xpath: //a[@href='/login']--->was found
19:14:46  INFO  manager.MyListener - Start find element --->By.xpath: //input[1]
19:14:46  INFO  manager.MyListener - The element with locator --->By.xpath: //input[1]--->was found
19:14:46  INFO  manager.MyListener - Start find element --->By.xpath: //input[2]
19:14:46  INFO  manager.MyListener - The element with locator --->By.xpath: //input[2]--->was found
19:14:47  INFO  manager.MyListener - Start find element --->By.xpath: //button[text()=' Login']
19:14:47  INFO  manager.MyListener - The element with locator --->By.xpath: //button[text()=' Login']--->was found
19:14:47  INFO  tests.TestBase - Contact was added for userUser{email='Tomy123456@mail.com', password='Qq123666$45'}
19:14:47  INFO  manager.MyListener - Start find element --->By.cssSelector: .contact-item_card__2SOIM
19:14:47  INFO  manager.MyListener - The element with locator --->By.cssSelector: .contact-item_card__2SOIM--->was found
19:14:47  INFO  manager.MyListener - Start find element --->By.cssSelector: .contact-item_card__2SOIM
19:14:47  INFO  manager.MyListener - The element with locator --->By.cssSelector: .contact-item_card__2SOIM--->was found
19:14:47  INFO  tests.TestBase - Contact(name=Jack, lastName=Sparrow, phone=972345887, email=jacky887@gmail.com, address=Tortuga, description=Friend)contact was added
19:14:47  INFO  manager.MyListener - Start find element --->By.xpath: //a[text()='ADD']
19:14:48  INFO  manager.MyListener - The element with locator --->By.xpath: //a[text()='ADD']--->was found
19:14:48  INFO  manager.MyListener - Start find element --->By.cssSelector: [placeholder='Name']
19:14:48  INFO  manager.MyListener - The element with locator --->By.cssSelector: [placeholder='Name']--->was found
19:14:48  INFO  manager.MyListener - Start find element --->By.cssSelector: [placeholder='Last Name']
19:14:48  INFO  manager.MyListener - The element with locator --->By.cssSelector: [placeholder='Last Name']--->was found
19:14:48  INFO  manager.MyListener - Start find element --->By.cssSelector: [placeholder='Phone']
19:14:48  INFO  manager.MyListener - The element with locator --->By.cssSelector: [placeholder='Phone']--->was found
19:14:48  INFO  manager.MyListener - Start find element --->By.cssSelector: [placeholder='email']
19:14:48  INFO  manager.MyListener - The element with locator --->By.cssSelector: [placeholder='email']--->was found
19:14:48  INFO  manager.MyListener - Start find element --->By.cssSelector: [placeholder='Address']
19:14:48  INFO  manager.MyListener - The element with locator --->By.cssSelector: [placeholder='Address']--->was found
19:14:48  INFO  manager.MyListener - Start find element --->By.cssSelector: [placeholder='description']
19:14:48  INFO  manager.MyListener - The element with locator --->By.cssSelector: [placeholder='description']--->was found
19:14:49  INFO  manager.MyListener - Start find element --->By.xpath: //button[contains(.,'Save')]
19:14:49  INFO  manager.MyListener - The element with locator --->By.xpath: //button[contains(.,'Save')]--->was found
19:14:49  INFO  manager.MyListener - Start find element --->By.cssSelector: .contact-item_card__2SOIM
19:14:49  INFO  manager.MyListener - The element with locator --->By.cssSelector: .contact-item_card__2SOIM--->was found
19:14:49  INFO  manager.MyListener - Start find element --->By.cssSelector: h2
19:14:49  INFO  manager.MyListener - The element with locator --->By.cssSelector: h2--->was found
19:14:49  INFO  manager.MyListener - Start find element --->By.cssSelector: h3
19:14:49  INFO  manager.MyListener - The element with locator --->By.cssSelector: h3--->was found
19:14:49  INFO  tests.TestBase - Name of test ---> addNewContactSuccess2
19:14:49  INFO  manager.MyListener - Start find element --->By.xpath: //button[text()='Sign Out']
19:14:49  INFO  manager.MyListener - The element with locator --->By.xpath: //button[text()='Sign Out']--->was found
19:14:49  INFO  manager.MyListener - Start find element --->By.cssSelector: .contact-item_card__2SOIM
19:14:49  INFO  manager.MyListener - The element with locator --->By.cssSelector: .contact-item_card__2SOIM--->was found
19:14:49  INFO  manager.MyListener - Start find element --->By.cssSelector: .contact-item_card__2SOIM
19:14:49  INFO  manager.MyListener - The element with locator --->By.cssSelector: .contact-item_card__2SOIM--->was found
19:14:49  INFO  tests.TestBase - Contact(name=Elizabet, lastName=Swon, phone=5464748456, email=eliz@gmail.com, address=Tortuga, description=Friend)contact was added
19:14:49  INFO  manager.MyListener - Start find element --->By.xpath: //a[text()='ADD']
19:14:49  INFO  manager.MyListener - The element with locator --->By.xpath: //a[text()='ADD']--->was found
19:14:49  INFO  manager.MyListener - Start find element --->By.cssSelector: [placeholder='Name']
19:14:49  INFO  manager.MyListener - The element with locator --->By.cssSelector: [placeholder='Name']--->was found
19:14:49  INFO  manager.MyListener - Start find element --->By.cssSelector: [placeholder='Last Name']
19:14:49  INFO  manager.MyListener - The element with locator --->By.cssSelector: [placeholder='Last Name']--->was found
19:14:50  INFO  manager.MyListener - Start find element --->By.cssSelector: [placeholder='Phone']
19:14:50  INFO  manager.MyListener - The element with locator --->By.cssSelector: [placeholder='Phone']--->was found
19:14:50  INFO  manager.MyListener - Start find element --->By.cssSelector: [placeholder='email']
19:14:50  INFO  manager.MyListener - The element with locator --->By.cssSelector: [placeholder='email']--->was found
19:14:50  INFO  manager.MyListener - Start find element --->By.cssSelector: [placeholder='Address']
19:14:50  INFO  manager.MyListener - The element with locator --->By.cssSelector: [placeholder='Address']--->was found
19:14:50  INFO  manager.MyListener - Start find element --->By.cssSelector: [placeholder='description']
19:14:50  INFO  manager.MyListener - The element with locator --->By.cssSelector: [placeholder='description']--->was found
19:14:50  INFO  manager.MyListener - Start find element --->By.xpath: //button[contains(.,'Save')]
19:14:50  INFO  manager.MyListener - The element with locator --->By.xpath: //button[contains(.,'Save')]--->was found
19:14:50  INFO  manager.MyListener - Start find element --->By.cssSelector: .contact-item_card__2SOIM
19:14:55  INFO  manager.MyListener - The element with locator --->By.cssSelector: .contact-item_card__2SOIM--->was found
19:14:55  INFO  tests.TestBase - Name of test ---> addNewContactSuccess2
19:14:55  INFO  manager.MyListener - Start find element --->By.xpath: //button[text()='Sign Out']
19:14:55  INFO  manager.MyListener - The element with locator --->By.xpath: //button[text()='Sign Out']--->was found
19:14:55  INFO  manager.MyListener - Start find element --->By.cssSelector: .contact-item_card__2SOIM
19:15:00  INFO  manager.MyListener - The element with locator --->By.cssSelector: .contact-item_card__2SOIM--->was found
19:15:00  INFO  manager.MyListener - Start find element --->By.cssSelector: .contact-item_card__2SOIM
19:15:06  INFO  manager.MyListener - The element with locator --->By.cssSelector: .contact-item_card__2SOIM--->was found
19:15:06  INFO  tests.TestBase - Contact(name=Elizabet, lastName=Swon, phone=5464748457, email=eliz1@gmail.com, address=Tortuga, description=Friend)contact was added
19:15:06  INFO  manager.MyListener - Start find element --->By.xpath: //a[text()='ADD']
19:15:06  INFO  manager.MyListener - The element with locator --->By.xpath: //a[text()='ADD']--->was found
19:15:06  INFO  manager.MyListener - Start find element --->By.cssSelector: [placeholder='Name']
19:15:06  INFO  manager.MyListener - The element with locator --->By.cssSelector: [placeholder='Name']--->was found
19:15:06  INFO  manager.MyListener - Start find element --->By.cssSelector: [placeholder='Last Name']
19:15:06  INFO  manager.MyListener - The element with locator --->By.cssSelector: [placeholder='Last Name']--->was found
19:15:06  INFO  manager.MyListener - Start find element --->By.cssSelector: [placeholder='Phone']
19:15:06  INFO  manager.MyListener - The element with locator --->By.cssSelector: [placeholder='Phone']--->was found
19:15:06  INFO  manager.MyListener - Start find element --->By.cssSelector: [placeholder='email']
19:15:06  INFO  manager.MyListener - The element with locator --->By.cssSelector: [placeholder='email']--->was found
19:15:06  INFO  manager.MyListener - Start find element --->By.cssSelector: [placeholder='Address']
19:15:06  INFO  manager.MyListener - The element with locator --->By.cssSelector: [placeholder='Address']--->was found
19:15:06  INFO  manager.MyListener - Start find element --->By.cssSelector: [placeholder='description']
19:15:06  INFO  manager.MyListener - The element with locator --->By.cssSelector: [placeholder='description']--->was found
19:15:06  INFO  manager.MyListener - Start find element --->By.xpath: //button[contains(.,'Save')]
19:15:07  INFO  manager.MyListener - The element with locator --->By.xpath: //button[contains(.,'Save')]--->was found
19:15:07  INFO  manager.MyListener - Start find element --->By.cssSelector: .contact-item_card__2SOIM
19:15:12  INFO  manager.MyListener - The element with locator --->By.cssSelector: .contact-item_card__2SOIM--->was found
19:15:12  INFO  tests.TestBase - Name of test ---> addNewContactSuccess2
19:15:12  INFO  manager.MyListener - Start find element --->By.xpath: //button[text()='Sign Out']
19:15:12  INFO  manager.MyListener - The element with locator --->By.xpath: //button[text()='Sign Out']--->was found
19:15:12  INFO  manager.MyListener - Start find element --->By.cssSelector: .contact-item_card__2SOIM
19:15:17  INFO  manager.MyListener - The element with locator --->By.cssSelector: .contact-item_card__2SOIM--->was found
19:15:17  INFO  manager.MyListener - Start find element --->By.cssSelector: .contact-item_card__2SOIM
19:15:22  INFO  manager.MyListener - The element with locator --->By.cssSelector: .contact-item_card__2SOIM--->was found
19:15:22  INFO  tests.TestBase - Contact(name=Elizabet, lastName=Swon, phone=5464748454, email=eliz2@gmail.com, address=Tortuga, description=Friend)contact was added
19:15:22  INFO  manager.MyListener - Start find element --->By.xpath: //a[text()='ADD']
19:15:22  INFO  manager.MyListener - The element with locator --->By.xpath: //a[text()='ADD']--->was found
19:15:22  INFO  manager.MyListener - Start find element --->By.cssSelector: [placeholder='Name']
19:15:22  INFO  manager.MyListener - The element with locator --->By.cssSelector: [placeholder='Name']--->was found
19:15:22  INFO  manager.MyListener - Start find element --->By.cssSelector: [placeholder='Last Name']
19:15:22  INFO  manager.MyListener - The element with locator --->By.cssSelector: [placeholder='Last Name']--->was found
19:15:22  INFO  manager.MyListener - Start find element --->By.cssSelector: [placeholder='Phone']
19:15:22  INFO  manager.MyListener - The element with locator --->By.cssSelector: [placeholder='Phone']--->was found
19:15:22  INFO  manager.MyListener - Start find element --->By.cssSelector: [placeholder='email']
19:15:22  INFO  manager.MyListener - The element with locator --->By.cssSelector: [placeholder='email']--->was found
19:15:22  INFO  manager.MyListener - Start find element --->By.cssSelector: [placeholder='Address']
19:15:22  INFO  manager.MyListener - The element with locator --->By.cssSelector: [placeholder='Address']--->was found
19:15:22  INFO  manager.MyListener - Start find element --->By.cssSelector: [placeholder='description']
19:15:22  INFO  manager.MyListener - The element with locator --->By.cssSelector: [placeholder='description']--->was found
19:15:22  INFO  manager.MyListener - Start find element --->By.xpath: //button[contains(.,'Save')]
19:15:23  INFO  manager.MyListener - The element with locator --->By.xpath: //button[contains(.,'Save')]--->was found
19:15:23  INFO  manager.MyListener - Start find element --->By.cssSelector: .contact-item_card__2SOIM
19:15:28  INFO  manager.MyListener - The element with locator --->By.cssSelector: .contact-item_card__2SOIM--->was found
19:15:28  INFO  tests.TestBase - Name of test ---> loginNegativeTestWrongPassword
19:15:28  INFO  manager.MyListener - Start find element --->By.xpath: //button[text()='Sign Out']
19:15:28  INFO  manager.MyListener - The element with locator --->By.xpath: //button[text()='Sign Out']--->was found
19:15:28  INFO  manager.MyListener - Start find element --->By.xpath: //button[text()='Sign Out']
19:15:28  INFO  manager.MyListener - The element with locator --->By.xpath: //button[text()='Sign Out']--->was found
19:15:28  INFO  tests.TestBase - The user start negative login process with data : --->User{email='Tomy123456@mail.com', password='Qq'}
19:15:28  INFO  manager.MyListener - Start find element --->By.xpath: //a[@href='/login']
19:15:28  INFO  manager.MyListener - The element with locator --->By.xpath: //a[@href='/login']--->was found
19:15:28  INFO  manager.MyListener - Start find element --->By.xpath: //input[1]
19:15:28  INFO  manager.MyListener - The element with locator --->By.xpath: //input[1]--->was found
19:15:28  INFO  manager.MyListener - Start find element --->By.xpath: //input[2]
19:15:28  INFO  manager.MyListener - The element with locator --->By.xpath: //input[2]--->was found
19:15:28  INFO  manager.MyListener - Start find element --->By.xpath: //button[text()=' Login']
19:15:28  INFO  manager.MyListener - The element with locator --->By.xpath: //button[text()=' Login']--->was found
19:15:33  INFO  manager.MyListener - Start find element --->By.xpath: //button[text()='Sign Out']
19:15:38  INFO  manager.MyListener - The element with locator --->By.xpath: //button[text()='Sign Out']--->was found
19:15:38  INFO  tests.TestBase - Name of test ---> loginSuccessModel
19:15:38  INFO  manager.MyListener - Start find element --->By.xpath: //button[text()='Sign Out']
19:15:43  INFO  manager.MyListener - The element with locator --->By.xpath: //button[text()='Sign Out']--->was found
19:15:43  INFO  tests.TestBase - Test starts with email [Tomy123456@mail.com], pessword[Qq123666$45]
19:15:43  INFO  manager.MyListener - Start find element --->By.xpath: //a[@href='/login']
19:15:43  INFO  manager.MyListener - The element with locator --->By.xpath: //a[@href='/login']--->was found
19:15:43  INFO  manager.MyListener - Start find element --->By.xpath: //input[1]
19:15:43  INFO  manager.MyListener - The element with locator --->By.xpath: //input[1]--->was found
19:15:43  INFO  manager.MyListener - Start find element --->By.xpath: //input[2]
19:15:43  INFO  manager.MyListener - The element with locator --->By.xpath: //input[2]--->was found
19:15:44  INFO  manager.MyListener - Start find element --->By.xpath: //button[text()=' Login']
19:15:44  INFO  manager.MyListener - The element with locator --->By.xpath: //button[text()=' Login']--->was found
19:15:44  INFO  manager.MyListener - Start find element --->By.xpath: //a[@href='/contacts']
19:15:44  INFO  manager.MyListener - The element with locator --->By.xpath: //a[@href='/contacts']--->was found
19:15:44  INFO  tests.TestBase - Name of test ---> loginSuccessModelDataProvider
19:15:44  INFO  manager.MyListener - Start find element --->By.xpath: //button[text()='Sign Out']
19:15:44  INFO  manager.MyListener - The element with locator --->By.xpath: //button[text()='Sign Out']--->was found
19:15:44  INFO  manager.MyListener - Start find element --->By.xpath: //button[text()='Sign Out']
19:15:44  INFO  manager.MyListener - The element with locator --->By.xpath: //button[text()='Sign Out']--->was found
19:15:44  INFO  tests.TestBase - Test user starts with data:User{email='Tomy123456@mail.com', password='Qq123666$45'}
19:15:44  INFO  manager.MyListener - Start find element --->By.xpath: //a[@href='/login']
19:15:44  INFO  manager.MyListener - The element with locator --->By.xpath: //a[@href='/login']--->was found
19:15:44  INFO  manager.MyListener - Start find element --->By.xpath: //input[1]
19:15:44  INFO  manager.MyListener - The element with locator --->By.xpath: //input[1]--->was found
19:15:44  INFO  manager.MyListener - Start find element --->By.xpath: //input[2]
19:15:44  INFO  manager.MyListener - The element with locator --->By.xpath: //input[2]--->was found
19:15:45  INFO  manager.MyListener - Start find element --->By.xpath: //button[text()=' Login']
19:15:45  INFO  manager.MyListener - The element with locator --->By.xpath: //button[text()=' Login']--->was found
19:15:45  INFO  manager.MyListener - Start find element --->By.xpath: //a[@href='/contacts']
19:15:45  INFO  manager.MyListener - The element with locator --->By.xpath: //a[@href='/contacts']--->was found
19:15:45  INFO  tests.TestBase - Name of test ---> loginSuccessModelDataProvider
19:15:45  INFO  manager.MyListener - Start find element --->By.xpath: //button[text()='Sign Out']
19:15:45  INFO  manager.MyListener - The element with locator --->By.xpath: //button[text()='Sign Out']--->was found
19:15:45  INFO  manager.MyListener - Start find element --->By.xpath: //button[text()='Sign Out']
19:15:45  INFO  manager.MyListener - The element with locator --->By.xpath: //button[text()='Sign Out']--->was found
19:15:45  INFO  tests.TestBase - Test user starts with data:User{email='Tomy123456@mail.com', password='Qq123666$45'}
19:15:45  INFO  manager.MyListener - Start find element --->By.xpath: //a[@href='/login']
19:15:45  INFO  manager.MyListener - The element with locator --->By.xpath: //a[@href='/login']--->was found
19:15:45  INFO  manager.MyListener - Start find element --->By.xpath: //input[1]
19:15:45  INFO  manager.MyListener - The element with locator --->By.xpath: //input[1]--->was found
19:15:45  INFO  manager.MyListener - Start find element --->By.xpath: //input[2]
19:15:45  INFO  manager.MyListener - The element with locator --->By.xpath: //input[2]--->was found
19:15:45  INFO  manager.MyListener - Start find element --->By.xpath: //button[text()=' Login']
19:15:45  INFO  manager.MyListener - The element with locator --->By.xpath: //button[text()=' Login']--->was found
19:15:46  INFO  manager.MyListener - Start find element --->By.xpath: //a[@href='/contacts']
19:15:46  INFO  manager.MyListener - The element with locator --->By.xpath: //a[@href='/contacts']--->was found
19:15:46  INFO  tests.TestBase - Name of test ---> loginSuccessModelDataProvider
19:15:46  INFO  manager.MyListener - Start find element --->By.xpath: //button[text()='Sign Out']
19:15:46  INFO  manager.MyListener - The element with locator --->By.xpath: //button[text()='Sign Out']--->was found
19:15:46  INFO  manager.MyListener - Start find element --->By.xpath: //button[text()='Sign Out']
19:15:46  INFO  manager.MyListener - The element with locator --->By.xpath: //button[text()='Sign Out']--->was found
19:15:46  INFO  tests.TestBase - Test user starts with data:User{email='Tomy123456@mail.com', password='Qq123666$45'}
19:15:46  INFO  manager.MyListener - Start find element --->By.xpath: //a[@href='/login']
19:15:46  INFO  manager.MyListener - The element with locator --->By.xpath: //a[@href='/login']--->was found
19:15:46  INFO  manager.MyListener - Start find element --->By.xpath: //input[1]
19:15:46  INFO  manager.MyListener - The element with locator --->By.xpath: //input[1]--->was found
19:15:46  INFO  manager.MyListener - Start find element --->By.xpath: //input[2]
19:15:46  INFO  manager.MyListener - The element with locator --->By.xpath: //input[2]--->was found
19:15:46  INFO  manager.MyListener - Start find element --->By.xpath: //button[text()=' Login']
19:15:46  INFO  manager.MyListener - The element with locator --->By.xpath: //button[text()=' Login']--->was found
19:15:47  INFO  manager.MyListener - Start find element --->By.xpath: //a[@href='/contacts']
19:15:47  INFO  manager.MyListener - The element with locator --->By.xpath: //a[@href='/contacts']--->was found
19:15:47  INFO  tests.TestBase - Name of test ---> loginSuccessTestDataProvider
19:15:47  INFO  manager.MyListener - Start find element --->By.xpath: //button[text()='Sign Out']
19:15:47  INFO  manager.MyListener - The element with locator --->By.xpath: //button[text()='Sign Out']--->was found
19:15:47  INFO  manager.MyListener - Start find element --->By.xpath: //button[text()='Sign Out']
19:15:47  INFO  manager.MyListener - The element with locator --->By.xpath: //button[text()='Sign Out']--->was found
19:15:47  INFO  tests.TestBase - Test starts with email Tomy123456@mail.com  && password Qq123666$45
19:15:47  INFO  manager.MyListener - Start find element --->By.xpath: //a[@href='/login']
19:15:47  INFO  manager.MyListener - The element with locator --->By.xpath: //a[@href='/login']--->was found
19:15:50  INFO  manager.MyListener - Start find element --->By.xpath: //input[1]
19:15:50  INFO  manager.MyListener - The element with locator --->By.xpath: //input[1]--->was found
19:15:50  INFO  manager.MyListener - Start find element --->By.xpath: //input[2]
19:15:50  INFO  manager.MyListener - The element with locator --->By.xpath: //input[2]--->was found
19:15:50  INFO  manager.MyListener - Start find element --->By.xpath: //button[text()=' Login']
19:15:50  INFO  manager.MyListener - The element with locator --->By.xpath: //button[text()=' Login']--->was found
19:15:50  INFO  manager.MyListener - Start find element --->By.xpath: //a[@href='/contacts']
19:15:50  INFO  manager.MyListener - The element with locator --->By.xpath: //a[@href='/contacts']--->was found
19:15:50  INFO  tests.TestBase - Name of test ---> loginSuccessTestDataProvider
19:15:50  INFO  manager.MyListener - Start find element --->By.xpath: //button[text()='Sign Out']
19:15:50  INFO  manager.MyListener - The element with locator --->By.xpath: //button[text()='Sign Out']--->was found
19:15:50  INFO  manager.MyListener - Start find element --->By.xpath: //button[text()='Sign Out']
19:15:50  INFO  manager.MyListener - The element with locator --->By.xpath: //button[text()='Sign Out']--->was found
19:15:50  INFO  tests.TestBase - Test starts with email Tomy123456@mail.com  && password Qq123666$45
19:15:50  INFO  manager.MyListener - Start find element --->By.xpath: //a[@href='/login']
19:15:50  INFO  manager.MyListener - The element with locator --->By.xpath: //a[@href='/login']--->was found
19:15:53  INFO  manager.MyListener - Start find element --->By.xpath: //input[1]
19:15:54  INFO  manager.MyListener - The element with locator --->By.xpath: //input[1]--->was found
19:15:54  INFO  manager.MyListener - Start find element --->By.xpath: //input[2]
19:15:54  INFO  manager.MyListener - The element with locator --->By.xpath: //input[2]--->was found
19:15:54  INFO  manager.MyListener - Start find element --->By.xpath: //button[text()=' Login']
19:15:54  INFO  manager.MyListener - The element with locator --->By.xpath: //button[text()=' Login']--->was found
19:15:54  INFO  manager.MyListener - Start find element --->By.xpath: //a[@href='/contacts']
19:15:54  INFO  manager.MyListener - The element with locator --->By.xpath: //a[@href='/contacts']--->was found
19:15:54  INFO  tests.TestBase - Name of test ---> loginSuccessTestDataProvider
19:15:54  INFO  manager.MyListener - Start find element --->By.xpath: //button[text()='Sign Out']
19:15:54  INFO  manager.MyListener - The element with locator --->By.xpath: //button[text()='Sign Out']--->was found
19:15:54  INFO  manager.MyListener - Start find element --->By.xpath: //button[text()='Sign Out']
19:15:54  INFO  manager.MyListener - The element with locator --->By.xpath: //button[text()='Sign Out']--->was found
19:15:54  INFO  tests.TestBase - Test starts with email elizabet123456@mail.com  && password El098765$
19:15:54  INFO  manager.MyListener - Start find element --->By.xpath: //a[@href='/login']
19:15:54  INFO  manager.MyListener - The element with locator --->By.xpath: //a[@href='/login']--->was found
19:15:57  INFO  manager.MyListener - Start find element --->By.xpath: //input[1]
19:15:57  INFO  manager.MyListener - The element with locator --->By.xpath: //input[1]--->was found
19:15:57  INFO  manager.MyListener - Start find element --->By.xpath: //input[2]
19:15:57  INFO  manager.MyListener - The element with locator --->By.xpath: //input[2]--->was found
19:15:57  INFO  manager.MyListener - Start find element --->By.xpath: //button[text()=' Login']
19:15:57  INFO  manager.MyListener - The element with locator --->By.xpath: //button[text()=' Login']--->was found
19:15:57  INFO  manager.MyListener - Start find element --->By.xpath: //a[@href='/contacts']
19:15:58  INFO  manager.MyListener - The element with locator --->By.xpath: //a[@href='/contacts']--->was found
19:15:58  INFO  tests.TestBase - Name of test ---> loginSuccessTestDataProviderCSV
19:15:58  INFO  manager.MyListener - Start find element --->By.xpath: //button[text()='Sign Out']
19:15:58  INFO  manager.MyListener - The element with locator --->By.xpath: //button[text()='Sign Out']--->was found
19:15:58  INFO  manager.MyListener - Start find element --->By.xpath: //button[text()='Sign Out']
19:15:58  INFO  manager.MyListener - The element with locator --->By.xpath: //button[text()='Sign Out']--->was found
19:15:58  INFO  tests.TestBase - Test starts with email Tomy123456@mail.com  && password Qq123666$45
19:15:58  INFO  manager.MyListener - Start find element --->By.xpath: //a[@href='/login']
19:15:58  INFO  manager.MyListener - The element with locator --->By.xpath: //a[@href='/login']--->was found
19:16:01  INFO  manager.MyListener - Start find element --->By.xpath: //input[1]
19:16:01  INFO  manager.MyListener - The element with locator --->By.xpath: //input[1]--->was found
19:16:01  INFO  manager.MyListener - Start find element --->By.xpath: //input[2]
19:16:01  INFO  manager.MyListener - The element with locator --->By.xpath: //input[2]--->was found
19:16:01  INFO  manager.MyListener - Start find element --->By.xpath: //button[text()=' Login']
19:16:01  INFO  manager.MyListener - The element with locator --->By.xpath: //button[text()=' Login']--->was found
19:16:01  INFO  manager.MyListener - Start find element --->By.xpath: //a[@href='/contacts']
19:16:01  INFO  manager.MyListener - The element with locator --->By.xpath: //a[@href='/contacts']--->was found
19:16:01  INFO  tests.TestBase - Name of test ---> loginSuccessTestDataProviderCSV
19:16:01  INFO  manager.MyListener - Start find element --->By.xpath: //button[text()='Sign Out']
19:16:01  INFO  manager.MyListener - The element with locator --->By.xpath: //button[text()='Sign Out']--->was found
19:16:01  INFO  manager.MyListener - Start find element --->By.xpath: //button[text()='Sign Out']
19:16:01  INFO  manager.MyListener - The element with locator --->By.xpath: //button[text()='Sign Out']--->was found
19:16:02  INFO  tests.TestBase - Test starts with email elizabet123456@mail.com  && password El098765$
19:16:02  INFO  manager.MyListener - Start find element --->By.xpath: //a[@href='/login']
19:16:02  INFO  manager.MyListener - The element with locator --->By.xpath: //a[@href='/login']--->was found
19:16:05  INFO  manager.MyListener - Start find element --->By.xpath: //input[1]
19:16:05  INFO  manager.MyListener - The element with locator --->By.xpath: //input[1]--->was found
19:16:05  INFO  manager.MyListener - Start find element --->By.xpath: //input[2]
19:16:05  INFO  manager.MyListener - The element with locator --->By.xpath: //input[2]--->was found
19:16:05  INFO  manager.MyListener - Start find element --->By.xpath: //button[text()=' Login']
19:16:05  INFO  manager.MyListener - The element with locator --->By.xpath: //button[text()=' Login']--->was found
19:16:05  INFO  manager.MyListener - Start find element --->By.xpath: //a[@href='/contacts']
19:16:05  INFO  manager.MyListener - The element with locator --->By.xpath: //a[@href='/contacts']--->was found
19:16:05  INFO  tests.TestBase - Name of test ---> registrationSuccess
19:16:05  INFO  manager.MyListener - Start find element --->By.xpath: //button[text()='Sign Out']
19:16:05  INFO  manager.MyListener - The element with locator --->By.xpath: //button[text()='Sign Out']--->was found
19:16:05  INFO  manager.MyListener - Start find element --->By.xpath: //button[text()='Sign Out']
19:16:05  INFO  manager.MyListener - The element with locator --->By.xpath: //button[text()='Sign Out']--->was found
19:16:05  INFO  manager.MyListener - Start find element --->By.xpath: //a[@href='/login']
19:16:05  INFO  manager.MyListener - The element with locator --->By.xpath: //a[@href='/login']--->was found
19:16:05  INFO  manager.MyListener - Start find element --->By.xpath: //input[1]
19:16:05  INFO  manager.MyListener - The element with locator --->By.xpath: //input[1]--->was found
19:16:06  INFO  manager.MyListener - Start find element --->By.xpath: //input[2]
19:16:06  INFO  manager.MyListener - The element with locator --->By.xpath: //input[2]--->was found
19:16:06  INFO  manager.MyListener - Start find element --->By.xpath: //button[text()=' Registration']
19:16:06  INFO  manager.MyListener - The element with locator --->By.xpath: //button[text()=' Registration']--->was found
19:16:06  INFO  manager.MyListener - Start find element --->By.cssSelector: h2
19:16:06  INFO  manager.MyListener - The element with locator --->By.cssSelector: h2--->was found
19:16:06  INFO  tests.TestBase - Name of test ---> registrationSuccessModel
19:16:06  INFO  manager.MyListener - Start find element --->By.xpath: //button[text()='Sign Out']
19:16:06  INFO  manager.MyListener - The element with locator --->By.xpath: //button[text()='Sign Out']--->was found
19:16:06  INFO  manager.MyListener - Start find element --->By.xpath: //button[text()='Sign Out']
19:16:06  INFO  manager.MyListener - The element with locator --->By.xpath: //button[text()='Sign Out']--->was found
19:16:06  INFO  manager.MyListener - Start find element --->By.xpath: //a[@href='/login']
19:16:06  INFO  manager.MyListener - The element with locator --->By.xpath: //a[@href='/login']--->was found
19:16:06  INFO  manager.MyListener - Start find element --->By.xpath: //input[1]
19:16:06  INFO  manager.MyListener - The element with locator --->By.xpath: //input[1]--->was found
19:16:06  INFO  manager.MyListener - Start find element --->By.xpath: //input[2]
19:16:06  INFO  manager.MyListener - The element with locator --->By.xpath: //input[2]--->was found
19:16:07  INFO  manager.MyListener - Start find element --->By.xpath: //button[text()=' Registration']
19:16:07  INFO  manager.MyListener - The element with locator --->By.xpath: //button[text()=' Registration']--->was found
19:16:07  INFO  tests.TestBase - User register with dataUser{email='maya966@mail.com', password='Ma098765$'}
19:16:07  INFO  manager.MyListener - Start find element --->By.cssSelector: h2
19:16:07  INFO  manager.MyListener - The element with locator --->By.cssSelector: h2--->was found
19:16:07  INFO  tests.TestBase - Name of test ---> removeAllContactTest
19:16:07  INFO  manager.MyListener - Start find element --->By.xpath: //button[text()='Sign Out']
19:16:07  INFO  manager.MyListener - The element with locator --->By.xpath: //button[text()='Sign Out']--->was found
19:16:07  INFO  manager.MyListener - Start find element --->By.cssSelector: .contact-item_card__2SOIM
19:16:12  INFO  manager.MyListener - The element with locator --->By.cssSelector: .contact-item_card__2SOIM--->was found
19:16:12  INFO  manager.MyListener - Start find element --->By.xpath: //a[text()='ADD']
19:16:12  INFO  manager.MyListener - The element with locator --->By.xpath: //a[text()='ADD']--->was found
19:16:12  INFO  manager.MyListener - Start find element --->By.cssSelector: [placeholder='Name']
19:16:12  INFO  manager.MyListener - The element with locator --->By.cssSelector: [placeholder='Name']--->was found
19:16:12  INFO  manager.MyListener - Start find element --->By.cssSelector: [placeholder='Last Name']
19:16:12  INFO  manager.MyListener - The element with locator --->By.cssSelector: [placeholder='Last Name']--->was found
19:16:12  INFO  manager.MyListener - Start find element --->By.cssSelector: [placeholder='Phone']
19:16:12  INFO  manager.MyListener - The element with locator --->By.cssSelector: [placeholder='Phone']--->was found
19:16:12  INFO  manager.MyListener - Start find element --->By.cssSelector: [placeholder='email']
19:16:12  INFO  manager.MyListener - The element with locator --->By.cssSelector: [placeholder='email']--->was found
19:16:13  INFO  manager.MyListener - Start find element --->By.cssSelector: [placeholder='Address']
19:16:13  INFO  manager.MyListener - The element with locator --->By.cssSelector: [placeholder='Address']--->was found
19:16:13  INFO  manager.MyListener - Start find element --->By.cssSelector: [placeholder='description']
19:16:13  INFO  manager.MyListener - The element with locator --->By.cssSelector: [placeholder='description']--->was found
19:16:18  INFO  manager.MyListener - We have a throwable ---> element not interactable
  (Session info: chrome=98.0.4758.82)
Build info: version: '3.141.59', revision: 'e82be7d358', time: '2018-11-14T08:17:03'
System info: host: 'DESKTOP-O62I6CB', ip: '10.100.102.5', os.name: 'Windows 10', os.arch: 'amd64', os.version: '10.0', java.version: '11.0.13'
Driver info: org.openqa.selenium.chrome.ChromeDriver
Capabilities {acceptInsecureCerts: false, browserName: chrome, browserVersion: 98.0.4758.82, chrome: {chromedriverVersion: 98.0.4758.80 (7f0488e8ba0d8..., userDataDir: C:\Users\Natali\AppData\Loc...}, goog:chromeOptions: {debuggerAddress: localhost:60414}, javascriptEnabled: true, networkConnectionEnabled: false, pageLoadStrategy: normal, platform: WINDOWS, platformName: WINDOWS, proxy: Proxy(), setWindowRect: true, strictFileInteractability: false, timeouts: {implicit: 0, pageLoad: 300000, script: 30000}, unhandledPromptBehavior: dismiss and notify, webauthn:extension:credBlob: true, webauthn:extension:largeBlob: true, webauthn:virtualAuthenticators: true}
Session ID: d68f05f00a5fb5d52726cb7fbc098c34
19:16:18  INFO  manager.MyListener - org.openqa.selenium.ElementNotInteractableException: element not interactable
  (Session info: chrome=98.0.4758.82)
Build info: version: '3.141.59', revision: 'e82be7d358', time: '2018-11-14T08:17:03'
System info: host: 'DESKTOP-O62I6CB', ip: '10.100.102.5', os.name: 'Windows 10', os.arch: 'amd64', os.version: '10.0', java.version: '11.0.13'
Driver info: org.openqa.selenium.chrome.ChromeDriver
Capabilities {acceptInsecureCerts: false, browserName: chrome, browserVersion: 98.0.4758.82, chrome: {chromedriverVersion: 98.0.4758.80 (7f0488e8ba0d8..., userDataDir: C:\Users\Natali\AppData\Loc...}, goog:chromeOptions: {debuggerAddress: localhost:60414}, javascriptEnabled: true, networkConnectionEnabled: false, pageLoadStrategy: normal, platform: WINDOWS, platformName: WINDOWS, proxy: Proxy(), setWindowRect: true, strictFileInteractability: false, timeouts: {implicit: 0, pageLoad: 300000, script: 30000}, unhandledPromptBehavior: dismiss and notify, webauthn:extension:credBlob: true, webauthn:extension:largeBlob: true, webauthn:virtualAuthenticators: true}
Session ID: d68f05f00a5fb5d52726cb7fbc098c34
19:16:18  INFO  manager.MyListener - This is your screen with error -->src/test/screenshorts/screen978.png
