14:21:33  INFO  manager.ApplicationManager - All tests starts in 'Chrom' browser
14:21:34  INFO  tests.TestBase - Name of test ---> loginSuccessModel
14:21:34  INFO  manager.MyListener - Start find element --->By.xpath: //button[text()='Sign Out']
14:21:39  INFO  manager.MyListener - The element with locator --->By.xpath: //button[text()='Sign Out']--->was found
14:21:39  INFO  tests.TestBase - Test starts with email [Tomy123456@mail.com], pessword[Qq123666$45]
14:21:39  INFO  manager.MyListener - Start find element --->By.xpath: //a[@href='/login']
14:21:39  INFO  manager.MyListener - The element with locator --->By.xpath: //a[@href='/login']--->was found
14:21:39  INFO  manager.MyListener - Start find element --->By.xpath: //input[1]
14:21:39  INFO  manager.MyListener - The element with locator --->By.xpath: //input[1]--->was found
14:21:39  INFO  manager.MyListener - Start find element --->By.xpath: //input[2]
14:21:39  INFO  manager.MyListener - The element with locator --->By.xpath: //input[2]--->was found
14:21:39  INFO  manager.MyListener - Start find element --->By.xpath: //button[text()=' Login']
14:21:39  INFO  manager.MyListener - The element with locator --->By.xpath: //button[text()=' Login']--->was found
14:21:40  INFO  manager.MyListener - Start find element --->By.xpath: //a[@href='/contacts']
14:21:40  INFO  manager.MyListener - The element with locator --->By.xpath: //a[@href='/contacts']--->was found
14:21:40  INFO  tests.TestBase - Name of test ---> loginSuccessModelDataProvider
14:21:40  INFO  manager.MyListener - Start find element --->By.xpath: //button[text()='Sign Out']
14:21:40  INFO  manager.MyListener - The element with locator --->By.xpath: //button[text()='Sign Out']--->was found
14:21:40  INFO  manager.MyListener - Start find element --->By.xpath: //button[text()='Sign Out']
14:21:40  INFO  manager.MyListener - The element with locator --->By.xpath: //button[text()='Sign Out']--->was found
14:21:40  INFO  tests.TestBase - Test user starts with data:User{email='Tomy123456@mail.com', password='Qq123666$45'}
14:21:40  INFO  manager.MyListener - Start find element --->By.xpath: //a[@href='/login']
14:21:40  INFO  manager.MyListener - The element with locator --->By.xpath: //a[@href='/login']--->was found
14:21:40  INFO  manager.MyListener - Start find element --->By.xpath: //input[1]
14:21:40  INFO  manager.MyListener - The element with locator --->By.xpath: //input[1]--->was found
14:21:41  INFO  manager.MyListener - Start find element --->By.xpath: //input[2]
14:21:41  INFO  manager.MyListener - The element with locator --->By.xpath: //input[2]--->was found
14:21:41  INFO  manager.MyListener - Start find element --->By.xpath: //button[text()=' Login']
14:21:41  INFO  manager.MyListener - The element with locator --->By.xpath: //button[text()=' Login']--->was found
14:21:41  INFO  manager.MyListener - Start find element --->By.xpath: //a[@href='/contacts']
14:21:41  INFO  manager.MyListener - The element with locator --->By.xpath: //a[@href='/contacts']--->was found
14:21:41  INFO  tests.TestBase - Name of test ---> loginSuccessModelDataProvider
14:21:41  INFO  manager.MyListener - Start find element --->By.xpath: //button[text()='Sign Out']
14:21:41  INFO  manager.MyListener - The element with locator --->By.xpath: //button[text()='Sign Out']--->was found
14:21:41  INFO  manager.MyListener - Start find element --->By.xpath: //button[text()='Sign Out']
14:21:41  INFO  manager.MyListener - The element with locator --->By.xpath: //button[text()='Sign Out']--->was found
14:21:41  INFO  tests.TestBase - Test user starts with data:User{email='Tomy123456@mail.com', password='Qq123666$45'}
14:21:41  INFO  manager.MyListener - Start find element --->By.xpath: //a[@href='/login']
14:21:41  INFO  manager.MyListener - The element with locator --->By.xpath: //a[@href='/login']--->was found
14:21:42  INFO  manager.MyListener - Start find element --->By.xpath: //input[1]
14:21:42  INFO  manager.MyListener - The element with locator --->By.xpath: //input[1]--->was found
14:21:42  INFO  manager.MyListener - Start find element --->By.xpath: //input[2]
14:21:42  INFO  manager.MyListener - The element with locator --->By.xpath: //input[2]--->was found
14:21:42  INFO  manager.MyListener - Start find element --->By.xpath: //button[text()=' Login']
14:21:42  INFO  manager.MyListener - The element with locator --->By.xpath: //button[text()=' Login']--->was found
14:21:42  INFO  manager.MyListener - Start find element --->By.xpath: //a[@href='/contacts']
14:21:42  INFO  manager.MyListener - The element with locator --->By.xpath: //a[@href='/contacts']--->was found
14:21:42  INFO  tests.TestBase - Name of test ---> loginSuccessModelDataProvider
14:21:42  INFO  manager.MyListener - Start find element --->By.xpath: //button[text()='Sign Out']
14:21:42  INFO  manager.MyListener - The element with locator --->By.xpath: //button[text()='Sign Out']--->was found
14:21:42  INFO  manager.MyListener - Start find element --->By.xpath: //button[text()='Sign Out']
14:21:42  INFO  manager.MyListener - The element with locator --->By.xpath: //button[text()='Sign Out']--->was found
14:21:42  INFO  tests.TestBase - Test user starts with data:User{email='Tomy123456@mail.com', password='Qq123666$45'}
14:21:42  INFO  manager.MyListener - Start find element --->By.xpath: //a[@href='/login']
14:21:42  INFO  manager.MyListener - The element with locator --->By.xpath: //a[@href='/login']--->was found
14:21:43  INFO  manager.MyListener - Start find element --->By.xpath: //input[1]
14:21:43  INFO  manager.MyListener - The element with locator --->By.xpath: //input[1]--->was found
14:21:43  INFO  manager.MyListener - Start find element --->By.xpath: //input[2]
14:21:43  INFO  manager.MyListener - The element with locator --->By.xpath: //input[2]--->was found
14:21:43  INFO  manager.MyListener - Start find element --->By.xpath: //button[text()=' Login']
14:21:43  INFO  manager.MyListener - The element with locator --->By.xpath: //button[text()=' Login']--->was found
14:21:43  INFO  manager.MyListener - Start find element --->By.xpath: //a[@href='/contacts']
14:21:43  INFO  manager.MyListener - The element with locator --->By.xpath: //a[@href='/contacts']--->was found
14:21:43  INFO  tests.TestBase - Name of test ---> loginSuccessTestDataProvider
14:21:43  INFO  manager.MyListener - Start find element --->By.xpath: //button[text()='Sign Out']
14:21:43  INFO  manager.MyListener - The element with locator --->By.xpath: //button[text()='Sign Out']--->was found
14:21:43  INFO  manager.MyListener - Start find element --->By.xpath: //button[text()='Sign Out']
14:21:43  INFO  manager.MyListener - The element with locator --->By.xpath: //button[text()='Sign Out']--->was found
14:21:43  INFO  tests.TestBase - Test starts with email Tomy123456@mail.com  && password Qq123666$45
14:21:43  INFO  manager.MyListener - Start find element --->By.xpath: //a[@href='/login']
14:21:43  INFO  manager.MyListener - The element with locator --->By.xpath: //a[@href='/login']--->was found
14:21:47  INFO  manager.MyListener - Start find element --->By.xpath: //input[1]
14:21:47  INFO  manager.MyListener - The element with locator --->By.xpath: //input[1]--->was found
14:21:47  INFO  manager.MyListener - Start find element --->By.xpath: //input[2]
14:21:47  INFO  manager.MyListener - The element with locator --->By.xpath: //input[2]--->was found
14:21:47  INFO  manager.MyListener - Start find element --->By.xpath: //button[text()=' Login']
14:21:47  INFO  manager.MyListener - The element with locator --->By.xpath: //button[text()=' Login']--->was found
14:21:47  INFO  manager.MyListener - Start find element --->By.xpath: //a[@href='/contacts']
14:21:47  INFO  manager.MyListener - The element with locator --->By.xpath: //a[@href='/contacts']--->was found
14:21:47  INFO  tests.TestBase - Name of test ---> loginSuccessTestDataProvider
14:21:47  INFO  manager.MyListener - Start find element --->By.xpath: //button[text()='Sign Out']
14:21:47  INFO  manager.MyListener - The element with locator --->By.xpath: //button[text()='Sign Out']--->was found
14:21:47  INFO  manager.MyListener - Start find element --->By.xpath: //button[text()='Sign Out']
14:21:47  INFO  manager.MyListener - The element with locator --->By.xpath: //button[text()='Sign Out']--->was found
14:21:47  INFO  tests.TestBase - Test starts with email Tomy123456@mail.com  && password Qq123666$45
14:21:47  INFO  manager.MyListener - Start find element --->By.xpath: //a[@href='/login']
14:21:47  INFO  manager.MyListener - The element with locator --->By.xpath: //a[@href='/login']--->was found
14:21:50  INFO  manager.MyListener - Start find element --->By.xpath: //input[1]
14:21:50  INFO  manager.MyListener - The element with locator --->By.xpath: //input[1]--->was found
14:21:50  INFO  manager.MyListener - Start find element --->By.xpath: //input[2]
14:21:50  INFO  manager.MyListener - The element with locator --->By.xpath: //input[2]--->was found
14:21:50  INFO  manager.MyListener - Start find element --->By.xpath: //button[text()=' Login']
14:21:50  INFO  manager.MyListener - The element with locator --->By.xpath: //button[text()=' Login']--->was found
14:21:50  INFO  manager.MyListener - Start find element --->By.xpath: //a[@href='/contacts']
14:21:51  INFO  manager.MyListener - The element with locator --->By.xpath: //a[@href='/contacts']--->was found
14:21:51  INFO  tests.TestBase - Name of test ---> loginSuccessTestDataProvider
14:21:51  INFO  manager.MyListener - Start find element --->By.xpath: //button[text()='Sign Out']
14:21:51  INFO  manager.MyListener - The element with locator --->By.xpath: //button[text()='Sign Out']--->was found
14:21:51  INFO  manager.MyListener - Start find element --->By.xpath: //button[text()='Sign Out']
14:21:51  INFO  manager.MyListener - The element with locator --->By.xpath: //button[text()='Sign Out']--->was found
14:21:51  INFO  tests.TestBase - Test starts with email elizabet123456@mail.com  && password El098765$
14:21:51  INFO  manager.MyListener - Start find element --->By.xpath: //a[@href='/login']
14:21:51  INFO  manager.MyListener - The element with locator --->By.xpath: //a[@href='/login']--->was found
14:21:54  INFO  manager.MyListener - Start find element --->By.xpath: //input[1]
14:21:54  INFO  manager.MyListener - The element with locator --->By.xpath: //input[1]--->was found
14:21:54  INFO  manager.MyListener - Start find element --->By.xpath: //input[2]
14:21:54  INFO  manager.MyListener - The element with locator --->By.xpath: //input[2]--->was found
14:21:54  INFO  manager.MyListener - Start find element --->By.xpath: //button[text()=' Login']
14:21:54  INFO  manager.MyListener - The element with locator --->By.xpath: //button[text()=' Login']--->was found
14:21:54  INFO  manager.MyListener - Start find element --->By.xpath: //a[@href='/contacts']
14:21:55  INFO  manager.MyListener - The element with locator --->By.xpath: //a[@href='/contacts']--->was found
14:21:55  INFO  tests.TestBase - Name of test ---> loginSuccessTestDataProviderCSV
14:21:55  INFO  manager.MyListener - Start find element --->By.xpath: //button[text()='Sign Out']
14:21:55  INFO  manager.MyListener - The element with locator --->By.xpath: //button[text()='Sign Out']--->was found
14:21:55  INFO  manager.MyListener - Start find element --->By.xpath: //button[text()='Sign Out']
14:21:55  INFO  manager.MyListener - The element with locator --->By.xpath: //button[text()='Sign Out']--->was found
14:21:55  INFO  tests.TestBase - Test starts with email Tomy123456@mail.com  && password Qq123666$45
14:21:55  INFO  manager.MyListener - Start find element --->By.xpath: //a[@href='/login']
14:21:55  INFO  manager.MyListener - The element with locator --->By.xpath: //a[@href='/login']--->was found
14:21:58  INFO  manager.MyListener - Start find element --->By.xpath: //input[1]
14:21:58  INFO  manager.MyListener - The element with locator --->By.xpath: //input[1]--->was found
14:21:58  INFO  manager.MyListener - Start find element --->By.xpath: //input[2]
14:21:58  INFO  manager.MyListener - The element with locator --->By.xpath: //input[2]--->was found
14:21:58  INFO  manager.MyListener - Start find element --->By.xpath: //button[text()=' Login']
14:21:58  INFO  manager.MyListener - The element with locator --->By.xpath: //button[text()=' Login']--->was found
14:21:58  INFO  manager.MyListener - Start find element --->By.xpath: //a[@href='/contacts']
14:21:58  INFO  manager.MyListener - The element with locator --->By.xpath: //a[@href='/contacts']--->was found
14:21:58  INFO  tests.TestBase - Name of test ---> loginSuccessTestDataProviderCSV
14:21:58  INFO  manager.MyListener - Start find element --->By.xpath: //button[text()='Sign Out']
14:21:58  INFO  manager.MyListener - The element with locator --->By.xpath: //button[text()='Sign Out']--->was found
14:21:58  INFO  manager.MyListener - Start find element --->By.xpath: //button[text()='Sign Out']
14:21:58  INFO  manager.MyListener - The element with locator --->By.xpath: //button[text()='Sign Out']--->was found
14:21:58  INFO  tests.TestBase - Test starts with email elizabet123456@mail.com  && password El098765$
14:21:58  INFO  manager.MyListener - Start find element --->By.xpath: //a[@href='/login']
14:21:58  INFO  manager.MyListener - The element with locator --->By.xpath: //a[@href='/login']--->was found
14:22:01  INFO  manager.MyListener - Start find element --->By.xpath: //input[1]
14:22:01  INFO  manager.MyListener - The element with locator --->By.xpath: //input[1]--->was found
14:22:01  INFO  manager.MyListener - Start find element --->By.xpath: //input[2]
14:22:02  INFO  manager.MyListener - The element with locator --->By.xpath: //input[2]--->was found
14:22:02  INFO  manager.MyListener - Start find element --->By.xpath: //button[text()=' Login']
14:22:02  INFO  manager.MyListener - The element with locator --->By.xpath: //button[text()=' Login']--->was found
14:22:02  INFO  manager.MyListener - Start find element --->By.xpath: //a[@href='/contacts']
14:22:02  INFO  manager.MyListener - The element with locator --->By.xpath: //a[@href='/contacts']--->was found
14:22:02  INFO  tests.TestBase - Name of test ---> registrationSuccess
14:22:02  INFO  manager.MyListener - Start find element --->By.xpath: //button[text()='Sign Out']
14:22:02  INFO  manager.MyListener - The element with locator --->By.xpath: //button[text()='Sign Out']--->was found
14:22:02  INFO  manager.MyListener - Start find element --->By.xpath: //button[text()='Sign Out']
14:22:02  INFO  manager.MyListener - The element with locator --->By.xpath: //button[text()='Sign Out']--->was found
14:22:02  INFO  manager.MyListener - Start find element --->By.xpath: //a[@href='/login']
14:22:02  INFO  manager.MyListener - The element with locator --->By.xpath: //a[@href='/login']--->was found
14:22:02  INFO  manager.MyListener - Start find element --->By.xpath: //input[1]
14:22:02  INFO  manager.MyListener - The element with locator --->By.xpath: //input[1]--->was found
14:22:02  INFO  manager.MyListener - Start find element --->By.xpath: //input[2]
14:22:02  INFO  manager.MyListener - The element with locator --->By.xpath: //input[2]--->was found
14:22:02  INFO  manager.MyListener - Start find element --->By.xpath: //button[text()=' Registration']
14:22:02  INFO  manager.MyListener - The element with locator --->By.xpath: //button[text()=' Registration']--->was found
14:22:02  INFO  manager.MyListener - Start find element --->By.cssSelector: h2
14:22:03  INFO  manager.MyListener - The element with locator --->By.cssSelector: h2--->was found
14:22:03  INFO  tests.TestBase - Name of test ---> registrationSuccessModel
14:22:03  INFO  manager.MyListener - Start find element --->By.xpath: //button[text()='Sign Out']
14:22:03  INFO  manager.MyListener - The element with locator --->By.xpath: //button[text()='Sign Out']--->was found
14:22:03  INFO  manager.MyListener - Start find element --->By.xpath: //button[text()='Sign Out']
14:22:03  INFO  manager.MyListener - The element with locator --->By.xpath: //button[text()='Sign Out']--->was found
14:22:03  INFO  manager.MyListener - Start find element --->By.xpath: //a[@href='/login']
14:22:03  INFO  manager.MyListener - The element with locator --->By.xpath: //a[@href='/login']--->was found
14:22:03  INFO  manager.MyListener - Start find element --->By.xpath: //input[1]
14:22:03  INFO  manager.MyListener - The element with locator --->By.xpath: //input[1]--->was found
14:22:03  INFO  manager.MyListener - Start find element --->By.xpath: //input[2]
14:22:03  INFO  manager.MyListener - The element with locator --->By.xpath: //input[2]--->was found
14:22:03  INFO  manager.MyListener - Start find element --->By.xpath: //button[text()=' Registration']
14:22:03  INFO  manager.MyListener - The element with locator --->By.xpath: //button[text()=' Registration']--->was found
14:22:03  INFO  tests.TestBase - User register with dataUser{email='maya1323@mail.com', password='Ma098765$'}
14:22:03  INFO  manager.MyListener - Start find element --->By.cssSelector: h2
14:22:04  INFO  manager.MyListener - The element with locator --->By.cssSelector: h2--->was found
14:22:04  INFO  tests.TestBase - Name of test ---> addNewContactSuccess
14:22:04  INFO  manager.MyListener - Start find element --->By.xpath: //button[text()='Sign Out']
14:22:04  INFO  manager.MyListener - The element with locator --->By.xpath: //button[text()='Sign Out']--->was found
14:22:04  INFO  manager.MyListener - Start find element --->By.cssSelector: .contact-item_card__2SOIM
14:22:09  INFO  manager.MyListener - The element with locator --->By.cssSelector: .contact-item_card__2SOIM--->was found
14:22:09  INFO  manager.MyListener - Start find element --->By.cssSelector: .contact-item_card__2SOIM
14:22:14  INFO  manager.MyListener - The element with locator --->By.cssSelector: .contact-item_card__2SOIM--->was found
14:22:14  INFO  tests.TestBase - Contact(name=Jack, lastName=Sparrow, phone=9723451334, email=jacky1334@gmail.com, address=Tortuga, description=Friend)contact was added
14:22:14  INFO  manager.MyListener - Start find element --->By.xpath: //a[text()='ADD']
14:22:14  INFO  manager.MyListener - The element with locator --->By.xpath: //a[text()='ADD']--->was found
14:22:14  INFO  manager.MyListener - Start find element --->By.cssSelector: [placeholder='Name']
14:22:14  INFO  manager.MyListener - The element with locator --->By.cssSelector: [placeholder='Name']--->was found
14:22:14  INFO  manager.MyListener - Start find element --->By.cssSelector: [placeholder='Last Name']
14:22:14  INFO  manager.MyListener - The element with locator --->By.cssSelector: [placeholder='Last Name']--->was found
14:22:14  INFO  manager.MyListener - Start find element --->By.cssSelector: [placeholder='Phone']
14:22:14  INFO  manager.MyListener - The element with locator --->By.cssSelector: [placeholder='Phone']--->was found
14:22:14  INFO  manager.MyListener - Start find element --->By.cssSelector: [placeholder='email']
14:22:14  INFO  manager.MyListener - The element with locator --->By.cssSelector: [placeholder='email']--->was found
14:22:14  INFO  manager.MyListener - Start find element --->By.cssSelector: [placeholder='Address']
14:22:14  INFO  manager.MyListener - The element with locator --->By.cssSelector: [placeholder='Address']--->was found
14:22:14  INFO  manager.MyListener - Start find element --->By.cssSelector: [placeholder='description']
14:22:15  INFO  manager.MyListener - The element with locator --->By.cssSelector: [placeholder='description']--->was found
14:22:15  INFO  manager.MyListener - Start find element --->By.xpath: //button[contains(.,'Save')]
14:22:15  INFO  manager.MyListener - The element with locator --->By.xpath: //button[contains(.,'Save')]--->was found
14:22:15  INFO  manager.MyListener - Start find element --->By.cssSelector: .contact-item_card__2SOIM
14:22:15  INFO  manager.MyListener - The element with locator --->By.cssSelector: .contact-item_card__2SOIM--->was found
14:22:15  INFO  manager.MyListener - Start find element --->By.cssSelector: h2
14:22:15  INFO  manager.MyListener - The element with locator --->By.cssSelector: h2--->was found
14:22:15  INFO  manager.MyListener - Start find element --->By.cssSelector: h3
14:22:15  INFO  manager.MyListener - The element with locator --->By.cssSelector: h3--->was found
14:22:15  INFO  tests.TestBase - Name of test ---> addNewContactSuccess2
14:22:15  INFO  manager.MyListener - Start find element --->By.xpath: //button[text()='Sign Out']
14:22:15  INFO  manager.MyListener - The element with locator --->By.xpath: //button[text()='Sign Out']--->was found
14:22:15  INFO  manager.MyListener - Start find element --->By.cssSelector: .contact-item_card__2SOIM
14:22:15  INFO  manager.MyListener - The element with locator --->By.cssSelector: .contact-item_card__2SOIM--->was found
14:22:15  INFO  manager.MyListener - Start find element --->By.cssSelector: .contact-item_card__2SOIM
14:22:15  INFO  manager.MyListener - The element with locator --->By.cssSelector: .contact-item_card__2SOIM--->was found
14:22:15  INFO  tests.TestBase - Contact(name=Elizabet, lastName=Swon, phone=5464748456, email=eliz@gmail.com, address=Tortuga, description=Friend)contact was added
14:22:15  INFO  manager.MyListener - Start find element --->By.xpath: //a[text()='ADD']
14:22:15  INFO  manager.MyListener - The element with locator --->By.xpath: //a[text()='ADD']--->was found
14:22:15  INFO  manager.MyListener - Start find element --->By.cssSelector: [placeholder='Name']
14:22:15  INFO  manager.MyListener - The element with locator --->By.cssSelector: [placeholder='Name']--->was found
14:22:15  INFO  manager.MyListener - Start find element --->By.cssSelector: [placeholder='Last Name']
14:22:15  INFO  manager.MyListener - The element with locator --->By.cssSelector: [placeholder='Last Name']--->was found
14:22:15  INFO  manager.MyListener - Start find element --->By.cssSelector: [placeholder='Phone']
14:22:15  INFO  manager.MyListener - The element with locator --->By.cssSelector: [placeholder='Phone']--->was found
14:22:16  INFO  manager.MyListener - Start find element --->By.cssSelector: [placeholder='email']
14:22:16  INFO  manager.MyListener - The element with locator --->By.cssSelector: [placeholder='email']--->was found
14:22:16  INFO  manager.MyListener - Start find element --->By.cssSelector: [placeholder='Address']
14:22:16  INFO  manager.MyListener - The element with locator --->By.cssSelector: [placeholder='Address']--->was found
14:22:16  INFO  manager.MyListener - Start find element --->By.cssSelector: [placeholder='description']
14:22:16  INFO  manager.MyListener - The element with locator --->By.cssSelector: [placeholder='description']--->was found
14:22:16  INFO  manager.MyListener - Start find element --->By.xpath: //button[contains(.,'Save')]
14:22:16  INFO  manager.MyListener - The element with locator --->By.xpath: //button[contains(.,'Save')]--->was found
14:22:16  INFO  manager.MyListener - Start find element --->By.cssSelector: .contact-item_card__2SOIM
14:22:16  INFO  manager.MyListener - The element with locator --->By.cssSelector: .contact-item_card__2SOIM--->was found
14:22:16  INFO  manager.MyListener - Start find element --->By.cssSelector: h2
14:22:16  INFO  manager.MyListener - The element with locator --->By.cssSelector: h2--->was found
14:22:16  INFO  manager.MyListener - Start find element --->By.cssSelector: h3
14:22:16  INFO  manager.MyListener - The element with locator --->By.cssSelector: h3--->was found
14:22:16  INFO  tests.TestBase - Name of test ---> addNewContactSuccess2
14:22:16  INFO  manager.MyListener - Start find element --->By.xpath: //button[text()='Sign Out']
14:22:16  INFO  manager.MyListener - The element with locator --->By.xpath: //button[text()='Sign Out']--->was found
14:22:16  INFO  manager.MyListener - Start find element --->By.cssSelector: .contact-item_card__2SOIM
14:22:16  INFO  manager.MyListener - The element with locator --->By.cssSelector: .contact-item_card__2SOIM--->was found
14:22:16  INFO  manager.MyListener - Start find element --->By.cssSelector: .contact-item_card__2SOIM
14:22:16  INFO  manager.MyListener - The element with locator --->By.cssSelector: .contact-item_card__2SOIM--->was found
14:22:16  INFO  tests.TestBase - Contact(name=Elizabet, lastName=Swon, phone=5464748457, email=eliz1@gmail.com, address=Tortuga, description=Friend)contact was added
14:22:16  INFO  manager.MyListener - Start find element --->By.xpath: //a[text()='ADD']
14:22:16  INFO  manager.MyListener - The element with locator --->By.xpath: //a[text()='ADD']--->was found
14:22:16  INFO  manager.MyListener - Start find element --->By.cssSelector: [placeholder='Name']
14:22:16  INFO  manager.MyListener - The element with locator --->By.cssSelector: [placeholder='Name']--->was found
14:22:17  INFO  manager.MyListener - Start find element --->By.cssSelector: [placeholder='Last Name']
14:22:17  INFO  manager.MyListener - The element with locator --->By.cssSelector: [placeholder='Last Name']--->was found
14:22:17  INFO  manager.MyListener - Start find element --->By.cssSelector: [placeholder='Phone']
14:22:17  INFO  manager.MyListener - The element with locator --->By.cssSelector: [placeholder='Phone']--->was found
14:22:17  INFO  manager.MyListener - Start find element --->By.cssSelector: [placeholder='email']
14:22:17  INFO  manager.MyListener - The element with locator --->By.cssSelector: [placeholder='email']--->was found
14:22:17  INFO  manager.MyListener - Start find element --->By.cssSelector: [placeholder='Address']
14:22:17  INFO  manager.MyListener - The element with locator --->By.cssSelector: [placeholder='Address']--->was found
14:22:17  INFO  manager.MyListener - Start find element --->By.cssSelector: [placeholder='description']
14:22:17  INFO  manager.MyListener - The element with locator --->By.cssSelector: [placeholder='description']--->was found
14:22:17  INFO  manager.MyListener - Start find element --->By.xpath: //button[contains(.,'Save')]
14:22:17  INFO  manager.MyListener - The element with locator --->By.xpath: //button[contains(.,'Save')]--->was found
14:22:17  INFO  manager.MyListener - Start find element --->By.cssSelector: .contact-item_card__2SOIM
14:22:18  INFO  manager.MyListener - The element with locator --->By.cssSelector: .contact-item_card__2SOIM--->was found
14:22:18  INFO  manager.MyListener - Start find element --->By.cssSelector: h2
14:22:18  INFO  manager.MyListener - The element with locator --->By.cssSelector: h2--->was found
14:22:18  INFO  manager.MyListener - Start find element --->By.cssSelector: h3
14:22:18  INFO  manager.MyListener - The element with locator --->By.cssSelector: h3--->was found
14:22:18  INFO  tests.TestBase - Name of test ---> addNewContactSuccess2
14:22:18  INFO  manager.MyListener - Start find element --->By.xpath: //button[text()='Sign Out']
14:22:18  INFO  manager.MyListener - The element with locator --->By.xpath: //button[text()='Sign Out']--->was found
14:22:18  INFO  manager.MyListener - Start find element --->By.cssSelector: .contact-item_card__2SOIM
14:22:18  INFO  manager.MyListener - The element with locator --->By.cssSelector: .contact-item_card__2SOIM--->was found
14:22:18  INFO  manager.MyListener - Start find element --->By.cssSelector: .contact-item_card__2SOIM
14:22:18  INFO  manager.MyListener - The element with locator --->By.cssSelector: .contact-item_card__2SOIM--->was found
14:22:18  INFO  tests.TestBase - Contact(name=Elizabet, lastName=Swon, phone=5464748454, email=eliz2@gmail.com, address=Tortuga, description=Friend)contact was added
14:22:18  INFO  manager.MyListener - Start find element --->By.xpath: //a[text()='ADD']
14:22:18  INFO  manager.MyListener - The element with locator --->By.xpath: //a[text()='ADD']--->was found
14:22:18  INFO  manager.MyListener - Start find element --->By.cssSelector: [placeholder='Name']
14:22:18  INFO  manager.MyListener - The element with locator --->By.cssSelector: [placeholder='Name']--->was found
14:22:18  INFO  manager.MyListener - Start find element --->By.cssSelector: [placeholder='Last Name']
14:22:18  INFO  manager.MyListener - The element with locator --->By.cssSelector: [placeholder='Last Name']--->was found
14:22:18  INFO  manager.MyListener - Start find element --->By.cssSelector: [placeholder='Phone']
14:22:18  INFO  manager.MyListener - The element with locator --->By.cssSelector: [placeholder='Phone']--->was found
14:22:18  INFO  manager.MyListener - Start find element --->By.cssSelector: [placeholder='email']
14:22:18  INFO  manager.MyListener - The element with locator --->By.cssSelector: [placeholder='email']--->was found
14:22:18  INFO  manager.MyListener - Start find element --->By.cssSelector: [placeholder='Address']
14:22:18  INFO  manager.MyListener - The element with locator --->By.cssSelector: [placeholder='Address']--->was found
14:22:18  INFO  manager.MyListener - Start find element --->By.cssSelector: [placeholder='description']
14:22:18  INFO  manager.MyListener - The element with locator --->By.cssSelector: [placeholder='description']--->was found
14:22:18  INFO  manager.MyListener - Start find element --->By.xpath: //button[contains(.,'Save')]
14:22:18  INFO  manager.MyListener - The element with locator --->By.xpath: //button[contains(.,'Save')]--->was found
14:22:19  INFO  manager.MyListener - Start find element --->By.cssSelector: .contact-item_card__2SOIM
14:22:19  INFO  manager.MyListener - The element with locator --->By.cssSelector: .contact-item_card__2SOIM--->was found
14:22:19  INFO  manager.MyListener - Start find element --->By.cssSelector: h2
14:22:19  INFO  manager.MyListener - The element with locator --->By.cssSelector: h2--->was found
14:22:19  INFO  manager.MyListener - Start find element --->By.cssSelector: h3
14:22:19  INFO  manager.MyListener - The element with locator --->By.cssSelector: h3--->was found
