17:50:12  INFO  manager.ApplicationManager - All tests starts in 'FIREFOX' browser
17:50:13  INFO  tests.TestBase - Name of test ---> removeAllContactTest
17:50:13  INFO  manager.MyListener - Start find element --->By.xpath: //button[text()='Sign Out']
17:50:18  INFO  manager.MyListener - The element with locator --->By.xpath: //button[text()='Sign Out']--->was found
17:50:18  INFO  manager.MyListener - Start find element --->By.xpath: //a[@href='/login']
17:50:18  INFO  manager.MyListener - The element with locator --->By.xpath: //a[@href='/login']--->was found
17:50:18  INFO  manager.MyListener - Start find element --->By.xpath: //input[1]
17:50:18  INFO  manager.MyListener - The element with locator --->By.xpath: //input[1]--->was found
17:50:19  INFO  manager.MyListener - Start find element --->By.xpath: //input[2]
17:50:19  INFO  manager.MyListener - The element with locator --->By.xpath: //input[2]--->was found
17:50:19  INFO  manager.MyListener - Start find element --->By.xpath: //button[text()=' Login']
17:50:19  INFO  manager.MyListener - The element with locator --->By.xpath: //button[text()=' Login']--->was found
17:50:19  INFO  manager.MyListener - Start find element --->By.cssSelector: .contact-item_card__2SOIM
17:50:20  INFO  manager.MyListener - The element with locator --->By.cssSelector: .contact-item_card__2SOIM--->was found
17:50:20  INFO  manager.MyListener - Start find element --->By.xpath: //a[text()='ADD']
17:50:20  INFO  manager.MyListener - The element with locator --->By.xpath: //a[text()='ADD']--->was found
17:50:20  INFO  manager.MyListener - Start find element --->By.cssSelector: [placeholder='Name']
17:50:20  INFO  manager.MyListener - The element with locator --->By.cssSelector: [placeholder='Name']--->was found
17:50:21  INFO  manager.MyListener - Start find element --->By.cssSelector: [placeholder='Last Name']
17:50:21  INFO  manager.MyListener - The element with locator --->By.cssSelector: [placeholder='Last Name']--->was found
17:50:21  INFO  manager.MyListener - Start find element --->By.cssSelector: [placeholder='Phone']
17:50:21  INFO  manager.MyListener - The element with locator --->By.cssSelector: [placeholder='Phone']--->was found
17:50:21  INFO  manager.MyListener - Start find element --->By.cssSelector: [placeholder='email']
17:50:21  INFO  manager.MyListener - The element with locator --->By.cssSelector: [placeholder='email']--->was found
17:50:22  INFO  manager.MyListener - Start find element --->By.cssSelector: [placeholder='Address']
17:50:22  INFO  manager.MyListener - The element with locator --->By.cssSelector: [placeholder='Address']--->was found
17:50:22  INFO  manager.MyListener - Start find element --->By.cssSelector: [placeholder='description']
17:50:22  INFO  manager.MyListener - The element with locator --->By.cssSelector: [placeholder='description']--->was found
17:50:22  INFO  manager.MyListener - Start find element --->By.xpath: //button[contains(.,'Save')]
17:50:22  INFO  manager.MyListener - The element with locator --->By.xpath: //button[contains(.,'Save')]--->was found
17:50:23  INFO  manager.MyListener - Start find element --->By.xpath: //a[text()='ADD']
17:50:23  INFO  manager.MyListener - The element with locator --->By.xpath: //a[text()='ADD']--->was found
17:50:24  INFO  manager.MyListener - Start find element --->By.cssSelector: [placeholder='Name']
17:50:24  INFO  manager.MyListener - The element with locator --->By.cssSelector: [placeholder='Name']--->was found
17:50:24  INFO  manager.MyListener - Start find element --->By.cssSelector: [placeholder='Last Name']
17:50:24  INFO  manager.MyListener - The element with locator --->By.cssSelector: [placeholder='Last Name']--->was found
17:50:24  INFO  manager.MyListener - Start find element --->By.cssSelector: [placeholder='Phone']
17:50:24  INFO  manager.MyListener - The element with locator --->By.cssSelector: [placeholder='Phone']--->was found
17:50:24  INFO  manager.MyListener - Start find element --->By.cssSelector: [placeholder='email']
17:50:25  INFO  manager.MyListener - The element with locator --->By.cssSelector: [placeholder='email']--->was found
17:50:25  INFO  manager.MyListener - Start find element --->By.cssSelector: [placeholder='Address']
17:50:25  INFO  manager.MyListener - The element with locator --->By.cssSelector: [placeholder='Address']--->was found
17:50:25  INFO  manager.MyListener - Start find element --->By.cssSelector: [placeholder='description']
17:50:25  INFO  manager.MyListener - The element with locator --->By.cssSelector: [placeholder='description']--->was found
17:50:25  INFO  manager.MyListener - Start find element --->By.xpath: //button[contains(.,'Save')]
17:50:25  INFO  manager.MyListener - The element with locator --->By.xpath: //button[contains(.,'Save')]--->was found
17:50:27  INFO  manager.MyListener - Start find element --->By.xpath: //a[text()='ADD']
17:50:27  INFO  manager.MyListener - The element with locator --->By.xpath: //a[text()='ADD']--->was found
17:50:27  INFO  manager.MyListener - Start find element --->By.cssSelector: [placeholder='Name']
17:50:27  INFO  manager.MyListener - The element with locator --->By.cssSelector: [placeholder='Name']--->was found
17:50:27  INFO  manager.MyListener - Start find element --->By.cssSelector: [placeholder='Last Name']
17:50:27  INFO  manager.MyListener - The element with locator --->By.cssSelector: [placeholder='Last Name']--->was found
17:50:27  INFO  manager.MyListener - Start find element --->By.cssSelector: [placeholder='Phone']
17:50:28  INFO  manager.MyListener - The element with locator --->By.cssSelector: [placeholder='Phone']--->was found
17:50:28  INFO  manager.MyListener - Start find element --->By.cssSelector: [placeholder='email']
17:50:28  INFO  manager.MyListener - The element with locator --->By.cssSelector: [placeholder='email']--->was found
17:50:28  INFO  manager.MyListener - Start find element --->By.cssSelector: [placeholder='Address']
17:50:28  INFO  manager.MyListener - The element with locator --->By.cssSelector: [placeholder='Address']--->was found
17:50:28  INFO  manager.MyListener - Start find element --->By.cssSelector: [placeholder='description']
17:50:28  INFO  manager.MyListener - The element with locator --->By.cssSelector: [placeholder='description']--->was found
17:50:29  INFO  manager.MyListener - Start find element --->By.xpath: //button[contains(.,'Save')]
17:50:29  INFO  manager.MyListener - The element with locator --->By.xpath: //button[contains(.,'Save')]--->was found
17:50:30  INFO  manager.MyListener - Start find element --->By.cssSelector: .contact-item_card__2SOIM
17:50:30  INFO  manager.MyListener - The element with locator --->By.cssSelector: .contact-item_card__2SOIM--->was found
17:50:30  INFO  manager.MyListener - Start find element --->By.cssSelector: .contact-item_card__2SOIM
17:50:30  INFO  manager.MyListener - The element with locator --->By.cssSelector: .contact-item_card__2SOIM--->was found
17:50:30  INFO  manager.HelperBase - Before remove 'One contact tests' count was --->5
17:50:30  INFO  manager.MyListener - Start find element --->By.cssSelector: .contact-item_card__2SOIM
17:50:30  INFO  manager.MyListener - The element with locator --->By.cssSelector: .contact-item_card__2SOIM--->was found
17:50:30  INFO  manager.MyListener - Start find element --->By.cssSelector: .contact-item_card__2SOIM h3
17:50:30  INFO  manager.MyListener - The element with locator --->By.cssSelector: .contact-item_card__2SOIM h3--->was found
17:50:30  INFO  manager.HelperBase - The phone number of removed contact was -->9723452867
17:50:30  INFO  manager.MyListener - Start find element --->By.cssSelector: .contact-item_card__2SOIM
17:50:30  INFO  manager.MyListener - The element with locator --->By.cssSelector: .contact-item_card__2SOIM--->was found
17:50:30  INFO  manager.MyListener - Start find element --->By.xpath: //button[text()='Remove']
17:50:30  INFO  manager.MyListener - The element with locator --->By.xpath: //button[text()='Remove']--->was found
17:50:31  INFO  manager.MyListener - Start find element --->By.cssSelector: .contact-item_card__2SOIM
17:50:31  INFO  manager.MyListener - The element with locator --->By.cssSelector: .contact-item_card__2SOIM--->was found
17:50:31  INFO  manager.HelperBase - After remove one contact the count is --->4
17:50:31  INFO  manager.MyListener - Start find element --->By.cssSelector: .contact-item_card__2SOIM
17:50:31  INFO  manager.MyListener - The element with locator --->By.cssSelector: .contact-item_card__2SOIM--->was found
17:50:31  INFO  manager.MyListener - Start find element --->By.cssSelector: .contact-item_card__2SOIM
17:50:31  INFO  manager.MyListener - The element with locator --->By.cssSelector: .contact-item_card__2SOIM--->was found
17:50:31  INFO  manager.HelperBase - Before remove 'One contact tests' count was --->4
17:50:31  INFO  manager.MyListener - Start find element --->By.cssSelector: .contact-item_card__2SOIM
17:50:31  INFO  manager.MyListener - The element with locator --->By.cssSelector: .contact-item_card__2SOIM--->was found
17:50:31  INFO  manager.MyListener - Start find element --->By.cssSelector: .contact-item_card__2SOIM h3
17:50:31  INFO  manager.MyListener - The element with locator --->By.cssSelector: .contact-item_card__2SOIM h3--->was found
17:50:31  INFO  manager.HelperBase - The phone number of removed contact was -->9723452906
17:50:31  INFO  manager.MyListener - Start find element --->By.cssSelector: .contact-item_card__2SOIM
17:50:31  INFO  manager.MyListener - The element with locator --->By.cssSelector: .contact-item_card__2SOIM--->was found
17:50:31  INFO  manager.MyListener - Start find element --->By.xpath: //button[text()='Remove']
17:50:31  INFO  manager.MyListener - The element with locator --->By.xpath: //button[text()='Remove']--->was found
17:50:32  INFO  manager.MyListener - Start find element --->By.cssSelector: .contact-item_card__2SOIM
17:50:32  INFO  manager.MyListener - The element with locator --->By.cssSelector: .contact-item_card__2SOIM--->was found
17:50:32  INFO  manager.HelperBase - After remove one contact the count is --->3
17:50:32  INFO  manager.MyListener - Start find element --->By.cssSelector: .contact-item_card__2SOIM
17:50:32  INFO  manager.MyListener - The element with locator --->By.cssSelector: .contact-item_card__2SOIM--->was found
17:50:32  INFO  manager.MyListener - Start find element --->By.cssSelector: .contact-item_card__2SOIM
17:50:32  INFO  manager.MyListener - The element with locator --->By.cssSelector: .contact-item_card__2SOIM--->was found
17:50:32  INFO  manager.HelperBase - Before remove 'One contact tests' count was --->3
17:50:32  INFO  manager.MyListener - Start find element --->By.cssSelector: .contact-item_card__2SOIM
17:50:32  INFO  manager.MyListener - The element with locator --->By.cssSelector: .contact-item_card__2SOIM--->was found
17:50:32  INFO  manager.MyListener - Start find element --->By.cssSelector: .contact-item_card__2SOIM h3
17:50:32  INFO  manager.MyListener - The element with locator --->By.cssSelector: .contact-item_card__2SOIM h3--->was found
17:50:32  INFO  manager.HelperBase - The phone number of removed contact was -->121203020
17:50:32  INFO  manager.MyListener - Start find element --->By.cssSelector: .contact-item_card__2SOIM
17:50:32  INFO  manager.MyListener - The element with locator --->By.cssSelector: .contact-item_card__2SOIM--->was found
17:50:32  INFO  manager.MyListener - Start find element --->By.xpath: //button[text()='Remove']
17:50:32  INFO  manager.MyListener - The element with locator --->By.xpath: //button[text()='Remove']--->was found
17:50:33  INFO  manager.MyListener - Start find element --->By.cssSelector: .contact-item_card__2SOIM
17:50:33  INFO  manager.MyListener - The element with locator --->By.cssSelector: .contact-item_card__2SOIM--->was found
17:50:33  INFO  manager.HelperBase - After remove one contact the count is --->2
17:50:33  INFO  manager.MyListener - Start find element --->By.cssSelector: .contact-item_card__2SOIM
17:50:33  INFO  manager.MyListener - The element with locator --->By.cssSelector: .contact-item_card__2SOIM--->was found
17:50:33  INFO  manager.MyListener - Start find element --->By.cssSelector: .contact-item_card__2SOIM
17:50:33  INFO  manager.MyListener - The element with locator --->By.cssSelector: .contact-item_card__2SOIM--->was found
17:50:33  INFO  manager.HelperBase - Before remove 'One contact tests' count was --->2
17:50:33  INFO  manager.MyListener - Start find element --->By.cssSelector: .contact-item_card__2SOIM
17:50:33  INFO  manager.MyListener - The element with locator --->By.cssSelector: .contact-item_card__2SOIM--->was found
17:50:33  INFO  manager.MyListener - Start find element --->By.cssSelector: .contact-item_card__2SOIM h3
17:50:33  INFO  manager.MyListener - The element with locator --->By.cssSelector: .contact-item_card__2SOIM h3--->was found
17:50:33  INFO  manager.HelperBase - The phone number of removed contact was -->121213020
17:50:33  INFO  manager.MyListener - Start find element --->By.cssSelector: .contact-item_card__2SOIM
17:50:33  INFO  manager.MyListener - The element with locator --->By.cssSelector: .contact-item_card__2SOIM--->was found
17:50:34  INFO  manager.MyListener - Start find element --->By.xpath: //button[text()='Remove']
17:50:34  INFO  manager.MyListener - The element with locator --->By.xpath: //button[text()='Remove']--->was found
17:50:34  INFO  manager.MyListener - Start find element --->By.cssSelector: .contact-item_card__2SOIM
17:50:34  INFO  manager.MyListener - The element with locator --->By.cssSelector: .contact-item_card__2SOIM--->was found
17:50:34  INFO  manager.HelperBase - After remove one contact the count is --->1
17:50:34  INFO  manager.MyListener - Start find element --->By.cssSelector: .contact-item_card__2SOIM
17:50:34  INFO  manager.MyListener - The element with locator --->By.cssSelector: .contact-item_card__2SOIM--->was found
17:50:34  INFO  manager.MyListener - Start find element --->By.cssSelector: .contact-item_card__2SOIM
17:50:34  INFO  manager.MyListener - The element with locator --->By.cssSelector: .contact-item_card__2SOIM--->was found
17:50:34  INFO  manager.HelperBase - Before remove 'One contact tests' count was --->1
17:50:34  INFO  manager.MyListener - Start find element --->By.cssSelector: .contact-item_card__2SOIM
17:50:34  INFO  manager.MyListener - The element with locator --->By.cssSelector: .contact-item_card__2SOIM--->was found
17:50:34  INFO  manager.MyListener - Start find element --->By.cssSelector: .contact-item_card__2SOIM h3
17:50:34  INFO  manager.MyListener - The element with locator --->By.cssSelector: .contact-item_card__2SOIM h3--->was found
17:50:34  INFO  manager.HelperBase - The phone number of removed contact was -->121223020
17:50:34  INFO  manager.MyListener - Start find element --->By.cssSelector: .contact-item_card__2SOIM
17:50:34  INFO  manager.MyListener - The element with locator --->By.cssSelector: .contact-item_card__2SOIM--->was found
17:50:35  INFO  manager.MyListener - Start find element --->By.xpath: //button[text()='Remove']
17:50:35  INFO  manager.MyListener - The element with locator --->By.xpath: //button[text()='Remove']--->was found
17:50:35  INFO  manager.MyListener - Start find element --->By.cssSelector: .contact-item_card__2SOIM
17:50:40  INFO  manager.MyListener - The element with locator --->By.cssSelector: .contact-item_card__2SOIM--->was found
17:50:40  INFO  manager.HelperBase - After remove one contact the count is --->0
17:50:40  INFO  manager.MyListener - Start find element --->By.cssSelector: .contact-item_card__2SOIM
17:50:45  INFO  manager.MyListener - The element with locator --->By.cssSelector: .contact-item_card__2SOIM--->was found
17:50:45  INFO  manager.MyListener - Start find element --->By.cssSelector: .contact-item_card__2SOIM
17:50:50  INFO  manager.MyListener - The element with locator --->By.cssSelector: .contact-item_card__2SOIM--->was found
17:50:50  INFO  tests.TestBase - Name of test ---> removeOneContact
17:50:50  INFO  manager.MyListener - Start find element --->By.xpath: //button[text()='Sign Out']
17:50:50  INFO  manager.MyListener - The element with locator --->By.xpath: //button[text()='Sign Out']--->was found
17:50:50  INFO  manager.MyListener - Start find element --->By.cssSelector: .contact-item_card__2SOIM
17:50:56  INFO  manager.MyListener - The element with locator --->By.cssSelector: .contact-item_card__2SOIM--->was found
17:50:56  INFO  manager.MyListener - Start find element --->By.xpath: //a[text()='ADD']
17:50:56  INFO  manager.MyListener - The element with locator --->By.xpath: //a[text()='ADD']--->was found
17:50:56  INFO  manager.MyListener - Start find element --->By.cssSelector: [placeholder='Name']
17:50:56  INFO  manager.MyListener - The element with locator --->By.cssSelector: [placeholder='Name']--->was found
17:50:56  INFO  manager.MyListener - Start find element --->By.cssSelector: [placeholder='Last Name']
17:50:56  INFO  manager.MyListener - The element with locator --->By.cssSelector: [placeholder='Last Name']--->was found
17:50:56  INFO  manager.MyListener - Start find element --->By.cssSelector: [placeholder='Phone']
17:50:56  INFO  manager.MyListener - The element with locator --->By.cssSelector: [placeholder='Phone']--->was found
17:50:57  INFO  manager.MyListener - Start find element --->By.cssSelector: [placeholder='email']
17:50:57  INFO  manager.MyListener - The element with locator --->By.cssSelector: [placeholder='email']--->was found
17:50:57  INFO  manager.MyListener - Start find element --->By.cssSelector: [placeholder='Address']
17:50:57  INFO  manager.MyListener - The element with locator --->By.cssSelector: [placeholder='Address']--->was found
17:50:57  INFO  manager.MyListener - Start find element --->By.cssSelector: [placeholder='description']
17:50:57  INFO  manager.MyListener - The element with locator --->By.cssSelector: [placeholder='description']--->was found
17:50:58  INFO  manager.MyListener - Start find element --->By.xpath: //button[contains(.,'Save')]
17:50:58  INFO  manager.MyListener - The element with locator --->By.xpath: //button[contains(.,'Save')]--->was found
17:50:59  INFO  manager.MyListener - Start find element --->By.xpath: //a[text()='ADD']
17:50:59  INFO  manager.MyListener - The element with locator --->By.xpath: //a[text()='ADD']--->was found
17:50:59  INFO  manager.MyListener - Start find element --->By.cssSelector: [placeholder='Name']
17:50:59  INFO  manager.MyListener - The element with locator --->By.cssSelector: [placeholder='Name']--->was found
17:50:59  INFO  manager.MyListener - Start find element --->By.cssSelector: [placeholder='Last Name']
17:50:59  INFO  manager.MyListener - The element with locator --->By.cssSelector: [placeholder='Last Name']--->was found
17:51:00  INFO  manager.MyListener - Start find element --->By.cssSelector: [placeholder='Phone']
17:51:00  INFO  manager.MyListener - The element with locator --->By.cssSelector: [placeholder='Phone']--->was found
17:51:00  INFO  manager.MyListener - Start find element --->By.cssSelector: [placeholder='email']
17:51:00  INFO  manager.MyListener - The element with locator --->By.cssSelector: [placeholder='email']--->was found
17:51:00  INFO  manager.MyListener - Start find element --->By.cssSelector: [placeholder='Address']
17:51:00  INFO  manager.MyListener - The element with locator --->By.cssSelector: [placeholder='Address']--->was found
17:51:01  INFO  manager.MyListener - Start find element --->By.cssSelector: [placeholder='description']
17:51:01  INFO  manager.MyListener - The element with locator --->By.cssSelector: [placeholder='description']--->was found
17:51:01  INFO  manager.MyListener - Start find element --->By.xpath: //button[contains(.,'Save')]
17:51:01  INFO  manager.MyListener - The element with locator --->By.xpath: //button[contains(.,'Save')]--->was found
17:51:02  INFO  manager.MyListener - Start find element --->By.xpath: //a[text()='ADD']
17:51:02  INFO  manager.MyListener - The element with locator --->By.xpath: //a[text()='ADD']--->was found
17:51:02  INFO  manager.MyListener - Start find element --->By.cssSelector: [placeholder='Name']
17:51:02  INFO  manager.MyListener - The element with locator --->By.cssSelector: [placeholder='Name']--->was found
17:51:03  INFO  manager.MyListener - Start find element --->By.cssSelector: [placeholder='Last Name']
17:51:03  INFO  manager.MyListener - The element with locator --->By.cssSelector: [placeholder='Last Name']--->was found
17:51:03  INFO  manager.MyListener - Start find element --->By.cssSelector: [placeholder='Phone']
17:51:03  INFO  manager.MyListener - The element with locator --->By.cssSelector: [placeholder='Phone']--->was found
17:51:03  INFO  manager.MyListener - Start find element --->By.cssSelector: [placeholder='email']
17:51:03  INFO  manager.MyListener - The element with locator --->By.cssSelector: [placeholder='email']--->was found
17:51:04  INFO  manager.MyListener - Start find element --->By.cssSelector: [placeholder='Address']
17:51:04  INFO  manager.MyListener - The element with locator --->By.cssSelector: [placeholder='Address']--->was found
17:51:04  INFO  manager.MyListener - Start find element --->By.cssSelector: [placeholder='description']
17:51:04  INFO  manager.MyListener - The element with locator --->By.cssSelector: [placeholder='description']--->was found
17:51:04  INFO  manager.MyListener - Start find element --->By.xpath: //button[contains(.,'Save')]
17:51:04  INFO  manager.MyListener - The element with locator --->By.xpath: //button[contains(.,'Save')]--->was found
17:51:05  INFO  manager.MyListener - Start find element --->By.cssSelector: .contact-item_card__2SOIM
17:51:05  INFO  manager.MyListener - The element with locator --->By.cssSelector: .contact-item_card__2SOIM--->was found
17:51:06  INFO  manager.MyListener - Start find element --->By.xpath: //button[.='Remove']
17:51:06  INFO  manager.MyListener - The element with locator --->By.xpath: //button[.='Remove']--->was found
17:51:06  INFO  tests.TestBase - Name of test ---> removeOneContactCount
17:51:06  INFO  manager.MyListener - Start find element --->By.xpath: //button[text()='Sign Out']
17:51:06  INFO  manager.MyListener - The element with locator --->By.xpath: //button[text()='Sign Out']--->was found
17:51:06  INFO  manager.MyListener - Start find element --->By.cssSelector: .contact-item_card__2SOIM
17:51:06  INFO  manager.MyListener - The element with locator --->By.cssSelector: .contact-item_card__2SOIM--->was found
17:51:06  INFO  manager.MyListener - Start find element --->By.cssSelector: .contact-item_card__2SOIM
17:51:06  INFO  manager.MyListener - The element with locator --->By.cssSelector: .contact-item_card__2SOIM--->was found
17:51:06  INFO  manager.HelperBase - Before remove 'One contact tests' count was --->3
17:51:06  INFO  manager.MyListener - Start find element --->By.cssSelector: .contact-item_card__2SOIM
17:51:06  INFO  manager.MyListener - The element with locator --->By.cssSelector: .contact-item_card__2SOIM--->was found
17:51:06  INFO  manager.MyListener - Start find element --->By.cssSelector: .contact-item_card__2SOIM h3
17:51:06  INFO  manager.MyListener - The element with locator --->By.cssSelector: .contact-item_card__2SOIM h3--->was found
17:51:06  INFO  manager.HelperBase - The phone number of removed contact was -->121203056
17:51:06  INFO  manager.MyListener - Start find element --->By.cssSelector: .contact-item_card__2SOIM
17:51:06  INFO  manager.MyListener - The element with locator --->By.cssSelector: .contact-item_card__2SOIM--->was found
17:51:06  INFO  manager.MyListener - Start find element --->By.xpath: //button[text()='Remove']
17:51:06  INFO  manager.MyListener - The element with locator --->By.xpath: //button[text()='Remove']--->was found
17:51:07  INFO  manager.MyListener - Start find element --->By.cssSelector: .contact-item_card__2SOIM
17:51:07  INFO  manager.MyListener - The element with locator --->By.cssSelector: .contact-item_card__2SOIM--->was found
17:51:07  INFO  manager.HelperBase - After remove one contact the count is --->1
