14:39:28  INFO  manager.ApplicationManager - All tests starts in 'Chrom' browser
14:39:29  INFO  tests.TestBase - Name of test ---> loginSuccessTestDataProvider
14:39:29  INFO  manager.MyListener - Start find element --->By.xpath: //button[text()='Sign Out']
14:39:34  INFO  manager.MyListener - The element with locator --->By.xpath: //button[text()='Sign Out']--->was found
14:39:34  INFO  tests.TestBase - Test starts with email Tomy123456@mail.com  && password Qq123666$45
14:39:34  INFO  manager.MyListener - Start find element --->By.xpath: //a[@href='/login']
14:39:34  INFO  manager.MyListener - The element with locator --->By.xpath: //a[@href='/login']--->was found
14:39:37  INFO  manager.MyListener - Start find element --->By.xpath: //input[1]
14:39:37  INFO  manager.MyListener - The element with locator --->By.xpath: //input[1]--->was found
14:39:37  INFO  manager.MyListener - Start find element --->By.xpath: //input[2]
14:39:37  INFO  manager.MyListener - The element with locator --->By.xpath: //input[2]--->was found
14:39:37  INFO  manager.MyListener - Start find element --->By.xpath: //button[text()=' Login']
14:39:37  INFO  manager.MyListener - The element with locator --->By.xpath: //button[text()=' Login']--->was found
14:39:37  INFO  manager.MyListener - Start find element --->By.xpath: //a[@href='/contacts']
14:39:38  INFO  manager.MyListener - The element with locator --->By.xpath: //a[@href='/contacts']--->was found
14:39:38  INFO  tests.TestBase - Name of test ---> loginSuccessTestDataProvider
14:39:38  INFO  manager.MyListener - Start find element --->By.xpath: //button[text()='Sign Out']
14:39:38  INFO  manager.MyListener - The element with locator --->By.xpath: //button[text()='Sign Out']--->was found
14:39:38  INFO  manager.MyListener - Start find element --->By.xpath: //button[text()='Sign Out']
14:39:38  INFO  manager.MyListener - The element with locator --->By.xpath: //button[text()='Sign Out']--->was found
14:39:38  INFO  tests.TestBase - Test starts with email Tomy123456@mail.com  && password Qq123666$45
14:39:38  INFO  manager.MyListener - Start find element --->By.xpath: //a[@href='/login']
14:39:38  INFO  manager.MyListener - The element with locator --->By.xpath: //a[@href='/login']--->was found
14:39:41  INFO  manager.MyListener - Start find element --->By.xpath: //input[1]
14:39:41  INFO  manager.MyListener - The element with locator --->By.xpath: //input[1]--->was found
14:39:41  INFO  manager.MyListener - Start find element --->By.xpath: //input[2]
14:39:41  INFO  manager.MyListener - The element with locator --->By.xpath: //input[2]--->was found
14:39:42  INFO  manager.MyListener - Start find element --->By.xpath: //button[text()=' Login']
14:39:42  INFO  manager.MyListener - The element with locator --->By.xpath: //button[text()=' Login']--->was found
14:39:42  INFO  manager.MyListener - Start find element --->By.xpath: //a[@href='/contacts']
14:39:42  INFO  manager.MyListener - The element with locator --->By.xpath: //a[@href='/contacts']--->was found
14:39:42  INFO  tests.TestBase - Name of test ---> loginSuccessTestDataProvider
14:39:42  INFO  manager.MyListener - Start find element --->By.xpath: //button[text()='Sign Out']
14:39:42  INFO  manager.MyListener - The element with locator --->By.xpath: //button[text()='Sign Out']--->was found
14:39:42  INFO  manager.MyListener - Start find element --->By.xpath: //button[text()='Sign Out']
14:39:42  INFO  manager.MyListener - The element with locator --->By.xpath: //button[text()='Sign Out']--->was found
14:39:42  INFO  tests.TestBase - Test starts with email elizabet123456@mail.com  && password El098765$
14:39:42  INFO  manager.MyListener - Start find element --->By.xpath: //a[@href='/login']
14:39:42  INFO  manager.MyListener - The element with locator --->By.xpath: //a[@href='/login']--->was found
14:39:45  INFO  manager.MyListener - Start find element --->By.xpath: //input[1]
14:39:45  INFO  manager.MyListener - The element with locator --->By.xpath: //input[1]--->was found
14:39:45  INFO  manager.MyListener - Start find element --->By.xpath: //input[2]
14:39:45  INFO  manager.MyListener - The element with locator --->By.xpath: //input[2]--->was found
14:39:45  INFO  manager.MyListener - Start find element --->By.xpath: //button[text()=' Login']
14:39:45  INFO  manager.MyListener - The element with locator --->By.xpath: //button[text()=' Login']--->was found
14:39:45  INFO  manager.MyListener - Start find element --->By.xpath: //a[@href='/contacts']
14:39:46  INFO  manager.MyListener - The element with locator --->By.xpath: //a[@href='/contacts']--->was found
