16:03:43  INFO  manager.ApplicationManager - All tests starts in 'Chrom' browser
16:03:43  INFO  tests.TestBase - Name of test ---> addNewContactSuccess
16:03:43  INFO  manager.MyListener - Start find element --->By.xpath: //button[text()='Sign Out']
16:03:48  INFO  manager.MyListener - The element with locator --->By.xpath: //button[text()='Sign Out']--->was found
16:03:48  INFO  manager.MyListener - Start find element --->By.xpath: //a[@href='/login']
16:03:48  INFO  manager.MyListener - The element with locator --->By.xpath: //a[@href='/login']--->was found
16:03:48  INFO  manager.MyListener - Start find element --->By.xpath: //input[1]
16:03:48  INFO  manager.MyListener - The element with locator --->By.xpath: //input[1]--->was found
16:03:49  INFO  manager.MyListener - Start find element --->By.xpath: //input[2]
16:03:49  INFO  manager.MyListener - The element with locator --->By.xpath: //input[2]--->was found
16:03:49  INFO  manager.MyListener - Start find element --->By.xpath: //button[text()=' Login']
16:03:49  INFO  manager.MyListener - The element with locator --->By.xpath: //button[text()=' Login']--->was found
16:03:49  INFO  tests.TestBase - Contact was added for userUser{email='Tomy123456@mail.com', password='Qq123666$45'}
16:03:49  INFO  manager.MyListener - Start find element --->By.cssSelector: .contact-item_card__2SOIM
16:03:50  INFO  manager.MyListener - The element with locator --->By.cssSelector: .contact-item_card__2SOIM--->was found
16:03:50  INFO  tests.TestBase - Contact(name=Jack, lastName=Sparrow, phone=972345230, email=jacky230@gmail.com, address=Tortuga, description=Friend)contact was added
16:03:50  INFO  manager.MyListener - Start find element --->By.xpath: //a[text()='ADD']
16:03:50  INFO  manager.MyListener - The element with locator --->By.xpath: //a[text()='ADD']--->was found
16:03:50  INFO  manager.MyListener - Start find element --->By.cssSelector: [placeholder='Name']
16:03:50  INFO  manager.MyListener - The element with locator --->By.cssSelector: [placeholder='Name']--->was found
16:03:50  INFO  manager.MyListener - Start find element --->By.cssSelector: [placeholder='Last Name']
16:03:50  INFO  manager.MyListener - The element with locator --->By.cssSelector: [placeholder='Last Name']--->was found
16:03:50  INFO  manager.MyListener - Start find element --->By.cssSelector: [placeholder='Phone']
16:03:50  INFO  manager.MyListener - The element with locator --->By.cssSelector: [placeholder='Phone']--->was found
16:03:50  INFO  manager.MyListener - Start find element --->By.cssSelector: [placeholder='email']
16:03:50  INFO  manager.MyListener - The element with locator --->By.cssSelector: [placeholder='email']--->was found
16:03:50  INFO  manager.MyListener - Start find element --->By.cssSelector: [placeholder='Address']
16:03:50  INFO  manager.MyListener - The element with locator --->By.cssSelector: [placeholder='Address']--->was found
16:03:51  INFO  manager.MyListener - Start find element --->By.cssSelector: [placeholder='description']
16:03:51  INFO  manager.MyListener - The element with locator --->By.cssSelector: [placeholder='description']--->was found
16:03:51  INFO  manager.MyListener - Start find element --->By.xpath: //button[contains(.,'Save')]
16:03:51  INFO  manager.MyListener - The element with locator --->By.xpath: //button[contains(.,'Save')]--->was found
16:03:51  INFO  manager.MyListener - Start find element --->By.cssSelector: .contact-item_card__2SOIM
16:03:51  INFO  manager.MyListener - The element with locator --->By.cssSelector: .contact-item_card__2SOIM--->was found
16:03:51  INFO  manager.MyListener - Start find element --->By.cssSelector: h2
16:03:51  INFO  manager.MyListener - The element with locator --->By.cssSelector: h2--->was found
16:03:51  INFO  manager.MyListener - Start find element --->By.cssSelector: h3
16:03:51  INFO  manager.MyListener - The element with locator --->By.cssSelector: h3--->was found
16:03:51  INFO  tests.TestBase - Name of test ---> addNewContactSuccess
16:03:52  INFO  manager.MyListener - Start find element --->By.xpath: //button[text()='Sign Out']
16:03:52  INFO  manager.MyListener - The element with locator --->By.xpath: //button[text()='Sign Out']--->was found
16:03:52  INFO  manager.MyListener - Start find element --->By.cssSelector: .contact-item_card__2SOIM
16:03:52  INFO  manager.MyListener - The element with locator --->By.cssSelector: .contact-item_card__2SOIM--->was found
16:03:52  INFO  tests.TestBase - Contact(name=Jack, lastName=Sparrow, phone=972345232, email=jacky232@gmail.com, address=Tortuga, description=Friend)contact was added
16:03:52  INFO  manager.MyListener - Start find element --->By.xpath: //a[text()='ADD']
16:03:52  INFO  manager.MyListener - The element with locator --->By.xpath: //a[text()='ADD']--->was found
16:03:52  INFO  manager.MyListener - Start find element --->By.cssSelector: [placeholder='Name']
16:03:52  INFO  manager.MyListener - The element with locator --->By.cssSelector: [placeholder='Name']--->was found
16:03:52  INFO  manager.MyListener - Start find element --->By.cssSelector: [placeholder='Last Name']
16:03:52  INFO  manager.MyListener - The element with locator --->By.cssSelector: [placeholder='Last Name']--->was found
16:03:52  INFO  manager.MyListener - Start find element --->By.cssSelector: [placeholder='Phone']
16:03:52  INFO  manager.MyListener - The element with locator --->By.cssSelector: [placeholder='Phone']--->was found
16:03:52  INFO  manager.MyListener - Start find element --->By.cssSelector: [placeholder='email']
16:03:52  INFO  manager.MyListener - The element with locator --->By.cssSelector: [placeholder='email']--->was found
16:03:52  INFO  manager.MyListener - Start find element --->By.cssSelector: [placeholder='Address']
16:03:52  INFO  manager.MyListener - The element with locator --->By.cssSelector: [placeholder='Address']--->was found
16:03:52  INFO  manager.MyListener - Start find element --->By.cssSelector: [placeholder='description']
16:03:52  INFO  manager.MyListener - The element with locator --->By.cssSelector: [placeholder='description']--->was found
16:03:52  INFO  manager.MyListener - Start find element --->By.xpath: //button[contains(.,'Save')]
16:03:52  INFO  manager.MyListener - The element with locator --->By.xpath: //button[contains(.,'Save')]--->was found
16:03:52  INFO  manager.MyListener - Start find element --->By.cssSelector: .contact-item_card__2SOIM
16:03:53  INFO  manager.MyListener - The element with locator --->By.cssSelector: .contact-item_card__2SOIM--->was found
16:03:53  INFO  manager.MyListener - Start find element --->By.cssSelector: h2
16:03:53  INFO  manager.MyListener - The element with locator --->By.cssSelector: h2--->was found
16:03:53  INFO  manager.MyListener - Start find element --->By.cssSelector: h3
16:03:53  INFO  manager.MyListener - The element with locator --->By.cssSelector: h3--->was found
16:03:53  INFO  tests.TestBase - Name of test ---> addNewContactSuccess
16:03:53  INFO  manager.MyListener - Start find element --->By.xpath: //button[text()='Sign Out']
16:03:53  INFO  manager.MyListener - The element with locator --->By.xpath: //button[text()='Sign Out']--->was found
16:03:53  INFO  manager.MyListener - Start find element --->By.cssSelector: .contact-item_card__2SOIM
16:03:53  INFO  manager.MyListener - The element with locator --->By.cssSelector: .contact-item_card__2SOIM--->was found
16:03:53  INFO  tests.TestBase - Contact(name=Jack, lastName=Sparrow, phone=972345233, email=jacky233@gmail.com, address=Tortuga, description=Friend)contact was added
16:03:53  INFO  manager.MyListener - Start find element --->By.xpath: //a[text()='ADD']
16:03:53  INFO  manager.MyListener - The element with locator --->By.xpath: //a[text()='ADD']--->was found
16:03:53  INFO  manager.MyListener - Start find element --->By.cssSelector: [placeholder='Name']
16:03:53  INFO  manager.MyListener - The element with locator --->By.cssSelector: [placeholder='Name']--->was found
16:03:53  INFO  manager.MyListener - Start find element --->By.cssSelector: [placeholder='Last Name']
16:03:53  INFO  manager.MyListener - The element with locator --->By.cssSelector: [placeholder='Last Name']--->was found
16:03:54  INFO  manager.MyListener - Start find element --->By.cssSelector: [placeholder='Phone']
16:03:54  INFO  manager.MyListener - The element with locator --->By.cssSelector: [placeholder='Phone']--->was found
16:03:54  INFO  manager.MyListener - Start find element --->By.cssSelector: [placeholder='email']
16:03:54  INFO  manager.MyListener - The element with locator --->By.cssSelector: [placeholder='email']--->was found
16:03:54  INFO  manager.MyListener - Start find element --->By.cssSelector: [placeholder='Address']
16:03:54  INFO  manager.MyListener - The element with locator --->By.cssSelector: [placeholder='Address']--->was found
16:03:54  INFO  manager.MyListener - Start find element --->By.cssSelector: [placeholder='description']
16:03:54  INFO  manager.MyListener - The element with locator --->By.cssSelector: [placeholder='description']--->was found
16:03:54  INFO  manager.MyListener - Start find element --->By.xpath: //button[contains(.,'Save')]
16:03:54  INFO  manager.MyListener - The element with locator --->By.xpath: //button[contains(.,'Save')]--->was found
16:03:54  INFO  manager.MyListener - Start find element --->By.cssSelector: .contact-item_card__2SOIM
16:03:54  INFO  manager.MyListener - The element with locator --->By.cssSelector: .contact-item_card__2SOIM--->was found
16:03:54  INFO  manager.MyListener - Start find element --->By.cssSelector: h2
16:03:54  INFO  manager.MyListener - The element with locator --->By.cssSelector: h2--->was found
16:03:54  INFO  manager.MyListener - Start find element --->By.cssSelector: h3
16:03:55  INFO  manager.MyListener - The element with locator --->By.cssSelector: h3--->was found
16:03:55  INFO  tests.TestBase - Name of test ---> addNewContactSuccess
16:03:55  INFO  manager.MyListener - Start find element --->By.xpath: //button[text()='Sign Out']
16:03:55  INFO  manager.MyListener - The element with locator --->By.xpath: //button[text()='Sign Out']--->was found
16:03:55  INFO  manager.MyListener - Start find element --->By.cssSelector: .contact-item_card__2SOIM
16:03:55  INFO  manager.MyListener - The element with locator --->By.cssSelector: .contact-item_card__2SOIM--->was found
16:03:55  INFO  tests.TestBase - Contact(name=Jack, lastName=Sparrow, phone=972345235, email=jacky235@gmail.com, address=Tortuga, description=Friend)contact was added
16:03:55  INFO  manager.MyListener - Start find element --->By.xpath: //a[text()='ADD']
16:03:55  INFO  manager.MyListener - The element with locator --->By.xpath: //a[text()='ADD']--->was found
16:03:55  INFO  manager.MyListener - Start find element --->By.cssSelector: [placeholder='Name']
16:03:55  INFO  manager.MyListener - The element with locator --->By.cssSelector: [placeholder='Name']--->was found
16:03:55  INFO  manager.MyListener - Start find element --->By.cssSelector: [placeholder='Last Name']
16:03:55  INFO  manager.MyListener - The element with locator --->By.cssSelector: [placeholder='Last Name']--->was found
16:03:55  INFO  manager.MyListener - Start find element --->By.cssSelector: [placeholder='Phone']
16:03:55  INFO  manager.MyListener - The element with locator --->By.cssSelector: [placeholder='Phone']--->was found
16:03:55  INFO  manager.MyListener - Start find element --->By.cssSelector: [placeholder='email']
16:03:55  INFO  manager.MyListener - The element with locator --->By.cssSelector: [placeholder='email']--->was found
16:03:56  INFO  manager.MyListener - Start find element --->By.cssSelector: [placeholder='Address']
16:03:56  INFO  manager.MyListener - The element with locator --->By.cssSelector: [placeholder='Address']--->was found
16:03:56  INFO  manager.MyListener - Start find element --->By.cssSelector: [placeholder='description']
16:03:56  INFO  manager.MyListener - The element with locator --->By.cssSelector: [placeholder='description']--->was found
16:03:56  INFO  manager.MyListener - Start find element --->By.xpath: //button[contains(.,'Save')]
16:03:56  INFO  manager.MyListener - The element with locator --->By.xpath: //button[contains(.,'Save')]--->was found
16:03:56  INFO  manager.MyListener - Start find element --->By.cssSelector: .contact-item_card__2SOIM
16:03:56  INFO  manager.MyListener - The element with locator --->By.cssSelector: .contact-item_card__2SOIM--->was found
16:03:56  INFO  manager.MyListener - Start find element --->By.cssSelector: h2
16:03:56  INFO  manager.MyListener - The element with locator --->By.cssSelector: h2--->was found
16:03:56  INFO  manager.MyListener - Start find element --->By.cssSelector: h3
16:03:56  INFO  manager.MyListener - The element with locator --->By.cssSelector: h3--->was found
16:03:57  INFO  tests.TestBase - Name of test ---> addNewContactSuccess
16:03:57  INFO  manager.MyListener - Start find element --->By.xpath: //button[text()='Sign Out']
16:03:57  INFO  manager.MyListener - The element with locator --->By.xpath: //button[text()='Sign Out']--->was found
16:03:57  INFO  manager.MyListener - Start find element --->By.cssSelector: .contact-item_card__2SOIM
16:03:57  INFO  manager.MyListener - The element with locator --->By.cssSelector: .contact-item_card__2SOIM--->was found
16:03:57  INFO  tests.TestBase - Contact(name=Jack, lastName=Sparrow, phone=972345237, email=jacky237@gmail.com, address=Tortuga, description=Friend)contact was added
16:03:57  INFO  manager.MyListener - Start find element --->By.xpath: //a[text()='ADD']
16:03:57  INFO  manager.MyListener - The element with locator --->By.xpath: //a[text()='ADD']--->was found
16:03:57  INFO  manager.MyListener - Start find element --->By.cssSelector: [placeholder='Name']
16:03:57  INFO  manager.MyListener - The element with locator --->By.cssSelector: [placeholder='Name']--->was found
16:03:57  INFO  manager.MyListener - Start find element --->By.cssSelector: [placeholder='Last Name']
16:03:57  INFO  manager.MyListener - The element with locator --->By.cssSelector: [placeholder='Last Name']--->was found
16:03:57  INFO  manager.MyListener - Start find element --->By.cssSelector: [placeholder='Phone']
16:03:57  INFO  manager.MyListener - The element with locator --->By.cssSelector: [placeholder='Phone']--->was found
16:03:57  INFO  manager.MyListener - Start find element --->By.cssSelector: [placeholder='email']
16:03:57  INFO  manager.MyListener - The element with locator --->By.cssSelector: [placeholder='email']--->was found
16:03:57  INFO  manager.MyListener - Start find element --->By.cssSelector: [placeholder='Address']
16:03:57  INFO  manager.MyListener - The element with locator --->By.cssSelector: [placeholder='Address']--->was found
16:03:57  INFO  manager.MyListener - Start find element --->By.cssSelector: [placeholder='description']
16:03:57  INFO  manager.MyListener - The element with locator --->By.cssSelector: [placeholder='description']--->was found
16:03:58  INFO  manager.MyListener - Start find element --->By.xpath: //button[contains(.,'Save')]
16:03:58  INFO  manager.MyListener - The element with locator --->By.xpath: //button[contains(.,'Save')]--->was found
16:03:58  INFO  manager.MyListener - Start find element --->By.cssSelector: .contact-item_card__2SOIM
16:03:58  INFO  manager.MyListener - The element with locator --->By.cssSelector: .contact-item_card__2SOIM--->was found
16:03:58  INFO  manager.MyListener - Start find element --->By.cssSelector: h2
16:03:58  INFO  manager.MyListener - The element with locator --->By.cssSelector: h2--->was found
16:03:58  INFO  manager.MyListener - Start find element --->By.cssSelector: h3
16:03:58  INFO  manager.MyListener - The element with locator --->By.cssSelector: h3--->was found
