12:26:07  INFO  manager.ApplicationManager - All tests starts in 'FIREFOX' browser
12:26:08  INFO  tests.TestBase - Name of test ---> addNewContactSuccess
12:26:08  INFO  manager.MyListener - Start find element --->By.xpath: //button[text()='Sign Out']
12:26:13  INFO  manager.MyListener - The element with locator --->By.xpath: //button[text()='Sign Out']--->was found
12:26:13  INFO  manager.MyListener - Start find element --->By.xpath: //a[@href='/login']
12:26:13  INFO  manager.MyListener - The element with locator --->By.xpath: //a[@href='/login']--->was found
12:26:13  INFO  manager.MyListener - Start find element --->By.xpath: //input[1]
12:26:13  INFO  manager.MyListener - The element with locator --->By.xpath: //input[1]--->was found
12:26:14  INFO  manager.MyListener - Start find element --->By.xpath: //input[2]
12:26:14  INFO  manager.MyListener - The element with locator --->By.xpath: //input[2]--->was found
12:26:14  INFO  manager.MyListener - Start find element --->By.xpath: //button[text()=' Login']
12:26:14  INFO  manager.MyListener - The element with locator --->By.xpath: //button[text()=' Login']--->was found
12:26:14  INFO  manager.MyListener - Start find element --->By.cssSelector: .contact-item_card__2SOIM
12:26:15  INFO  manager.MyListener - The element with locator --->By.cssSelector: .contact-item_card__2SOIM--->was found
12:26:15  INFO  manager.MyListener - Start find element --->By.cssSelector: .contact-item_card__2SOIM
12:26:15  INFO  manager.MyListener - The element with locator --->By.cssSelector: .contact-item_card__2SOIM--->was found
12:26:15  INFO  tests.TestBase - The test 'Add new contact' start with count of contact in start --->6
12:26:15  INFO  tests.TestBase - The test 'Add new contact' start with data ---->Contact(name=Maya1575, lastName=Foot, phone=12345671575, email=maya1575@gmail.com, address=Tel-Aviv, description=friend)
12:26:15  INFO  manager.MyListener - Start find element --->By.xpath: //a[text()='ADD']
12:26:15  INFO  manager.MyListener - The element with locator --->By.xpath: //a[text()='ADD']--->was found
12:26:15  INFO  manager.MyListener - Start find element --->By.cssSelector: [placeholder='Name']
12:26:15  INFO  manager.MyListener - The element with locator --->By.cssSelector: [placeholder='Name']--->was found
12:26:16  INFO  manager.MyListener - Start find element --->By.cssSelector: [placeholder='Last Name']
12:26:16  INFO  manager.MyListener - The element with locator --->By.cssSelector: [placeholder='Last Name']--->was found
12:26:16  INFO  manager.MyListener - Start find element --->By.cssSelector: [placeholder='Phone']
12:26:16  INFO  manager.MyListener - The element with locator --->By.cssSelector: [placeholder='Phone']--->was found
12:26:16  INFO  manager.MyListener - Start find element --->By.cssSelector: [placeholder='email']
12:26:16  INFO  manager.MyListener - The element with locator --->By.cssSelector: [placeholder='email']--->was found
12:26:16  INFO  manager.MyListener - Start find element --->By.cssSelector: [placeholder='Address']
12:26:16  INFO  manager.MyListener - The element with locator --->By.cssSelector: [placeholder='Address']--->was found
12:26:17  INFO  manager.MyListener - Start find element --->By.cssSelector: [placeholder='description']
12:26:17  INFO  manager.MyListener - The element with locator --->By.cssSelector: [placeholder='description']--->was found
12:26:17  INFO  manager.MyListener - Start find element --->By.xpath: //button[contains(.,'Save')]
12:26:17  INFO  manager.MyListener - The element with locator --->By.xpath: //button[contains(.,'Save')]--->was found
12:26:17  INFO  manager.MyListener - Start find element --->By.cssSelector: .contact-item_card__2SOIM
12:26:17  INFO  manager.MyListener - The element with locator --->By.cssSelector: .contact-item_card__2SOIM--->was found
12:26:17  INFO  tests.TestBase - The test 'Add new contact' end with count of contact in the end --->7
12:26:17  INFO  manager.MyListener - Start find element --->By.cssSelector: h2
12:26:17  INFO  manager.MyListener - The element with locator --->By.cssSelector: h2--->was found
12:26:17  INFO  manager.MyListener - Start find element --->By.cssSelector: h3
12:26:17  INFO  manager.MyListener - The element with locator --->By.cssSelector: h3--->was found
12:26:17  INFO  tests.TestBase - Name of test ---> loginSuccessModel
12:26:17  INFO  manager.MyListener - Start find element --->By.xpath: //button[text()='Sign Out']
12:26:18  INFO  manager.MyListener - The element with locator --->By.xpath: //button[text()='Sign Out']--->was found
12:26:18  INFO  manager.MyListener - Start find element --->By.xpath: //button[text()='Sign Out']
12:26:18  INFO  manager.MyListener - The element with locator --->By.xpath: //button[text()='Sign Out']--->was found
12:26:18  INFO  tests.TestBase - Test starts with email [Tomy123456@mail.com], pessword[Qq123666$45]
12:26:18  INFO  manager.MyListener - Start find element --->By.xpath: //a[@href='/login']
12:26:18  INFO  manager.MyListener - The element with locator --->By.xpath: //a[@href='/login']--->was found
12:26:18  INFO  manager.MyListener - Start find element --->By.xpath: //input[1]
12:26:18  INFO  manager.MyListener - The element with locator --->By.xpath: //input[1]--->was found
12:26:18  INFO  manager.MyListener - Start find element --->By.xpath: //input[2]
12:26:18  INFO  manager.MyListener - The element with locator --->By.xpath: //input[2]--->was found
12:26:19  INFO  manager.MyListener - Start find element --->By.xpath: //button[text()=' Login']
12:26:19  INFO  manager.MyListener - The element with locator --->By.xpath: //button[text()=' Login']--->was found
12:26:19  INFO  manager.MyListener - Start find element --->By.xpath: //a[@href='/contacts']
12:26:19  INFO  manager.MyListener - The element with locator --->By.xpath: //a[@href='/contacts']--->was found
12:26:19  INFO  tests.TestBase - Name of test ---> loginSuccessModelDataProvider
12:26:19  INFO  manager.MyListener - Start find element --->By.xpath: //button[text()='Sign Out']
12:26:19  INFO  manager.MyListener - The element with locator --->By.xpath: //button[text()='Sign Out']--->was found
12:26:19  INFO  manager.MyListener - Start find element --->By.xpath: //button[text()='Sign Out']
12:26:19  INFO  manager.MyListener - The element with locator --->By.xpath: //button[text()='Sign Out']--->was found
12:26:20  INFO  tests.TestBase - Test user starts with data:User{email='Tomy123456@mail.com', password='Qq123666$45'}
12:26:20  INFO  manager.MyListener - Start find element --->By.xpath: //a[@href='/login']
12:26:20  INFO  manager.MyListener - The element with locator --->By.xpath: //a[@href='/login']--->was found
12:26:20  INFO  manager.MyListener - Start find element --->By.xpath: //input[1]
12:26:20  INFO  manager.MyListener - The element with locator --->By.xpath: //input[1]--->was found
12:26:20  INFO  manager.MyListener - Start find element --->By.xpath: //input[2]
12:26:20  INFO  manager.MyListener - The element with locator --->By.xpath: //input[2]--->was found
12:26:20  INFO  manager.MyListener - Start find element --->By.xpath: //button[text()=' Login']
12:26:20  INFO  manager.MyListener - The element with locator --->By.xpath: //button[text()=' Login']--->was found
12:26:21  INFO  manager.MyListener - Start find element --->By.xpath: //a[@href='/contacts']
12:26:21  INFO  manager.MyListener - The element with locator --->By.xpath: //a[@href='/contacts']--->was found
12:26:21  INFO  tests.TestBase - Name of test ---> loginSuccessModelDataProvider
12:26:21  INFO  manager.MyListener - Start find element --->By.xpath: //button[text()='Sign Out']
12:26:21  INFO  manager.MyListener - The element with locator --->By.xpath: //button[text()='Sign Out']--->was found
12:26:21  INFO  manager.MyListener - Start find element --->By.xpath: //button[text()='Sign Out']
12:26:21  INFO  manager.MyListener - The element with locator --->By.xpath: //button[text()='Sign Out']--->was found
12:26:21  INFO  tests.TestBase - Test user starts with data:User{email='Tomy123456@mail.com', password='Qq123666$45'}
12:26:21  INFO  manager.MyListener - Start find element --->By.xpath: //a[@href='/login']
12:26:21  INFO  manager.MyListener - The element with locator --->By.xpath: //a[@href='/login']--->was found
12:26:21  INFO  manager.MyListener - Start find element --->By.xpath: //input[1]
12:26:22  INFO  manager.MyListener - The element with locator --->By.xpath: //input[1]--->was found
12:26:22  INFO  manager.MyListener - Start find element --->By.xpath: //input[2]
12:26:22  INFO  manager.MyListener - The element with locator --->By.xpath: //input[2]--->was found
12:26:22  INFO  manager.MyListener - Start find element --->By.xpath: //button[text()=' Login']
12:26:22  INFO  manager.MyListener - The element with locator --->By.xpath: //button[text()=' Login']--->was found
12:26:23  INFO  manager.MyListener - Start find element --->By.xpath: //a[@href='/contacts']
12:26:23  INFO  manager.MyListener - The element with locator --->By.xpath: //a[@href='/contacts']--->was found
12:26:23  INFO  tests.TestBase - Name of test ---> loginSuccessModelDataProvider
12:26:23  INFO  manager.MyListener - Start find element --->By.xpath: //button[text()='Sign Out']
12:26:23  INFO  manager.MyListener - The element with locator --->By.xpath: //button[text()='Sign Out']--->was found
12:26:23  INFO  manager.MyListener - Start find element --->By.xpath: //button[text()='Sign Out']
12:26:23  INFO  manager.MyListener - The element with locator --->By.xpath: //button[text()='Sign Out']--->was found
12:26:23  INFO  tests.TestBase - Test user starts with data:User{email='Tomy123456@mail.com', password='Qq123666$45'}
12:26:23  INFO  manager.MyListener - Start find element --->By.xpath: //a[@href='/login']
12:26:23  INFO  manager.MyListener - The element with locator --->By.xpath: //a[@href='/login']--->was found
12:26:23  INFO  manager.MyListener - Start find element --->By.xpath: //input[1]
12:26:23  INFO  manager.MyListener - The element with locator --->By.xpath: //input[1]--->was found
12:26:23  INFO  manager.MyListener - Start find element --->By.xpath: //input[2]
12:26:24  INFO  manager.MyListener - The element with locator --->By.xpath: //input[2]--->was found
12:26:24  INFO  manager.MyListener - Start find element --->By.xpath: //button[text()=' Login']
12:26:24  INFO  manager.MyListener - The element with locator --->By.xpath: //button[text()=' Login']--->was found
12:26:24  INFO  manager.MyListener - Start find element --->By.xpath: //a[@href='/contacts']
12:26:24  INFO  manager.MyListener - The element with locator --->By.xpath: //a[@href='/contacts']--->was found
12:26:24  INFO  tests.TestBase - Name of test ---> loginSuccessTestDataProvider
12:26:24  INFO  manager.MyListener - Start find element --->By.xpath: //button[text()='Sign Out']
12:26:24  INFO  manager.MyListener - The element with locator --->By.xpath: //button[text()='Sign Out']--->was found
12:26:24  INFO  manager.MyListener - Start find element --->By.xpath: //button[text()='Sign Out']
12:26:24  INFO  manager.MyListener - The element with locator --->By.xpath: //button[text()='Sign Out']--->was found
12:26:25  INFO  tests.TestBase - Test starts with email Tomy123456@mail.com  && password Qq123666$45
12:26:25  INFO  manager.MyListener - Start find element --->By.xpath: //a[@href='/login']
12:26:25  INFO  manager.MyListener - The element with locator --->By.xpath: //a[@href='/login']--->was found
12:26:28  INFO  manager.MyListener - Start find element --->By.xpath: //input[1]
12:26:28  INFO  manager.MyListener - The element with locator --->By.xpath: //input[1]--->was found
12:26:28  INFO  manager.MyListener - Start find element --->By.xpath: //input[2]
12:26:28  INFO  manager.MyListener - The element with locator --->By.xpath: //input[2]--->was found
12:26:28  INFO  manager.MyListener - Start find element --->By.xpath: //button[text()=' Login']
12:26:28  INFO  manager.MyListener - The element with locator --->By.xpath: //button[text()=' Login']--->was found
12:26:29  INFO  manager.MyListener - Start find element --->By.xpath: //a[@href='/contacts']
12:26:29  INFO  manager.MyListener - The element with locator --->By.xpath: //a[@href='/contacts']--->was found
12:26:29  INFO  tests.TestBase - Name of test ---> loginSuccessTestDataProvider
12:26:29  INFO  manager.MyListener - Start find element --->By.xpath: //button[text()='Sign Out']
12:26:29  INFO  manager.MyListener - The element with locator --->By.xpath: //button[text()='Sign Out']--->was found
12:26:29  INFO  manager.MyListener - Start find element --->By.xpath: //button[text()='Sign Out']
12:26:29  INFO  manager.MyListener - The element with locator --->By.xpath: //button[text()='Sign Out']--->was found
12:26:29  INFO  tests.TestBase - Test starts with email Tomy123456@mail.com  && password Qq123666$45
12:26:29  INFO  manager.MyListener - Start find element --->By.xpath: //a[@href='/login']
12:26:29  INFO  manager.MyListener - The element with locator --->By.xpath: //a[@href='/login']--->was found
12:26:32  INFO  manager.MyListener - Start find element --->By.xpath: //input[1]
12:26:32  INFO  manager.MyListener - The element with locator --->By.xpath: //input[1]--->was found
12:26:33  INFO  manager.MyListener - Start find element --->By.xpath: //input[2]
12:26:33  INFO  manager.MyListener - The element with locator --->By.xpath: //input[2]--->was found
12:26:33  INFO  manager.MyListener - Start find element --->By.xpath: //button[text()=' Login']
12:26:33  INFO  manager.MyListener - The element with locator --->By.xpath: //button[text()=' Login']--->was found
12:26:33  INFO  manager.MyListener - Start find element --->By.xpath: //a[@href='/contacts']
12:26:33  INFO  manager.MyListener - The element with locator --->By.xpath: //a[@href='/contacts']--->was found
12:26:33  INFO  tests.TestBase - Name of test ---> loginSuccessTestDataProvider
12:26:33  INFO  manager.MyListener - Start find element --->By.xpath: //button[text()='Sign Out']
12:26:33  INFO  manager.MyListener - The element with locator --->By.xpath: //button[text()='Sign Out']--->was found
12:26:33  INFO  manager.MyListener - Start find element --->By.xpath: //button[text()='Sign Out']
12:26:33  INFO  manager.MyListener - The element with locator --->By.xpath: //button[text()='Sign Out']--->was found
12:26:33  INFO  tests.TestBase - Test starts with email elizabet123456@mail.com  && password El098765$
12:26:33  INFO  manager.MyListener - Start find element --->By.xpath: //a[@href='/login']
12:26:33  INFO  manager.MyListener - The element with locator --->By.xpath: //a[@href='/login']--->was found
12:26:37  INFO  manager.MyListener - Start find element --->By.xpath: //input[1]
12:26:37  INFO  manager.MyListener - The element with locator --->By.xpath: //input[1]--->was found
12:26:37  INFO  manager.MyListener - Start find element --->By.xpath: //input[2]
12:26:37  INFO  manager.MyListener - The element with locator --->By.xpath: //input[2]--->was found
12:26:37  INFO  manager.MyListener - Start find element --->By.xpath: //button[text()=' Login']
12:26:37  INFO  manager.MyListener - The element with locator --->By.xpath: //button[text()=' Login']--->was found
12:26:38  INFO  manager.MyListener - Start find element --->By.xpath: //a[@href='/contacts']
12:26:38  INFO  manager.MyListener - The element with locator --->By.xpath: //a[@href='/contacts']--->was found
12:26:38  INFO  tests.TestBase - Name of test ---> loginSuccessTestDataProviderCSV
12:26:38  INFO  manager.MyListener - Start find element --->By.xpath: //button[text()='Sign Out']
12:26:38  INFO  manager.MyListener - The element with locator --->By.xpath: //button[text()='Sign Out']--->was found
12:26:38  INFO  manager.MyListener - Start find element --->By.xpath: //button[text()='Sign Out']
12:26:38  INFO  manager.MyListener - The element with locator --->By.xpath: //button[text()='Sign Out']--->was found
12:26:38  INFO  tests.TestBase - Test starts with email Tomy123456@mail.com  && password Qq123666$45
12:26:38  INFO  manager.MyListener - Start find element --->By.xpath: //a[@href='/login']
12:26:38  INFO  manager.MyListener - The element with locator --->By.xpath: //a[@href='/login']--->was found
12:26:41  INFO  manager.MyListener - Start find element --->By.xpath: //input[1]
12:26:41  INFO  manager.MyListener - The element with locator --->By.xpath: //input[1]--->was found
12:26:41  INFO  manager.MyListener - Start find element --->By.xpath: //input[2]
12:26:41  INFO  manager.MyListener - The element with locator --->By.xpath: //input[2]--->was found
12:26:42  INFO  manager.MyListener - Start find element --->By.xpath: //button[text()=' Login']
12:26:42  INFO  manager.MyListener - The element with locator --->By.xpath: //button[text()=' Login']--->was found
12:26:42  INFO  manager.MyListener - Start find element --->By.xpath: //a[@href='/contacts']
12:26:42  INFO  manager.MyListener - The element with locator --->By.xpath: //a[@href='/contacts']--->was found
12:26:42  INFO  tests.TestBase - Name of test ---> loginSuccessTestDataProviderCSV
12:26:42  INFO  manager.MyListener - Start find element --->By.xpath: //button[text()='Sign Out']
12:26:42  INFO  manager.MyListener - The element with locator --->By.xpath: //button[text()='Sign Out']--->was found
12:26:42  INFO  manager.MyListener - Start find element --->By.xpath: //button[text()='Sign Out']
12:26:42  INFO  manager.MyListener - The element with locator --->By.xpath: //button[text()='Sign Out']--->was found
12:26:42  INFO  tests.TestBase - Test starts with email elizabet123456@mail.com  && password El098765$
12:26:42  INFO  manager.MyListener - Start find element --->By.xpath: //a[@href='/login']
12:26:42  INFO  manager.MyListener - The element with locator --->By.xpath: //a[@href='/login']--->was found
12:26:46  INFO  manager.MyListener - Start find element --->By.xpath: //input[1]
12:26:46  INFO  manager.MyListener - The element with locator --->By.xpath: //input[1]--->was found
12:26:46  INFO  manager.MyListener - Start find element --->By.xpath: //input[2]
12:26:46  INFO  manager.MyListener - The element with locator --->By.xpath: //input[2]--->was found
12:26:46  INFO  manager.MyListener - Start find element --->By.xpath: //button[text()=' Login']
12:26:46  INFO  manager.MyListener - The element with locator --->By.xpath: //button[text()=' Login']--->was found
12:26:46  INFO  manager.MyListener - Start find element --->By.xpath: //a[@href='/contacts']
12:26:46  INFO  manager.MyListener - The element with locator --->By.xpath: //a[@href='/contacts']--->was found
12:26:46  INFO  tests.TestBase - Name of test ---> registrationSuccess
12:26:46  INFO  manager.MyListener - Start find element --->By.xpath: //button[text()='Sign Out']
12:26:46  INFO  manager.MyListener - The element with locator --->By.xpath: //button[text()='Sign Out']--->was found
12:26:46  INFO  manager.MyListener - Start find element --->By.xpath: //button[text()='Sign Out']
12:26:46  INFO  manager.MyListener - The element with locator --->By.xpath: //button[text()='Sign Out']--->was found
12:26:47  INFO  manager.MyListener - Start find element --->By.xpath: //a[@href='/login']
12:26:47  INFO  manager.MyListener - The element with locator --->By.xpath: //a[@href='/login']--->was found
12:26:47  INFO  manager.MyListener - Start find element --->By.xpath: //input[1]
12:26:47  INFO  manager.MyListener - The element with locator --->By.xpath: //input[1]--->was found
12:26:47  INFO  manager.MyListener - Start find element --->By.xpath: //input[2]
12:26:47  INFO  manager.MyListener - The element with locator --->By.xpath: //input[2]--->was found
12:26:48  INFO  manager.MyListener - Start find element --->By.xpath: //button[text()=' Registration']
12:26:48  INFO  manager.MyListener - The element with locator --->By.xpath: //button[text()=' Registration']--->was found
12:26:48  INFO  manager.MyListener - Start find element --->By.cssSelector: h2
12:26:48  INFO  manager.MyListener - The element with locator --->By.cssSelector: h2--->was found
12:26:48  INFO  tests.TestBase - Name of test ---> registrationSuccessModel
12:26:48  INFO  manager.MyListener - Start find element --->By.xpath: //button[text()='Sign Out']
12:26:48  INFO  manager.MyListener - The element with locator --->By.xpath: //button[text()='Sign Out']--->was found
12:26:48  INFO  manager.MyListener - Start find element --->By.xpath: //button[text()='Sign Out']
12:26:48  INFO  manager.MyListener - The element with locator --->By.xpath: //button[text()='Sign Out']--->was found
12:26:48  INFO  manager.MyListener - Start find element --->By.xpath: //a[@href='/login']
12:26:48  INFO  manager.MyListener - The element with locator --->By.xpath: //a[@href='/login']--->was found
12:26:48  INFO  manager.MyListener - Start find element --->By.xpath: //input[1]
12:26:48  INFO  manager.MyListener - The element with locator --->By.xpath: //input[1]--->was found
12:26:49  INFO  manager.MyListener - Start find element --->By.xpath: //input[2]
12:26:49  INFO  manager.MyListener - The element with locator --->By.xpath: //input[2]--->was found
12:26:49  INFO  manager.MyListener - Start find element --->By.xpath: //button[text()=' Registration']
12:26:49  INFO  manager.MyListener - The element with locator --->By.xpath: //button[text()=' Registration']--->was found
12:26:49  INFO  tests.TestBase - User register with dataUser{email='maya1608@mail.com', password='Ma098765$'}
12:26:49  INFO  manager.MyListener - Start find element --->By.cssSelector: h2
12:26:49  INFO  manager.MyListener - The element with locator --->By.cssSelector: h2--->was found
12:26:49  INFO  tests.TestBase - Name of test ---> removeAllContactTest
12:26:49  INFO  manager.MyListener - Start find element --->By.xpath: //button[text()='Sign Out']
12:26:49  INFO  manager.MyListener - The element with locator --->By.xpath: //button[text()='Sign Out']--->was found
12:26:49  INFO  manager.MyListener - Start find element --->By.cssSelector: .contact-item_card__2SOIM
12:26:54  INFO  manager.MyListener - The element with locator --->By.cssSelector: .contact-item_card__2SOIM--->was found
12:26:54  INFO  manager.MyListener - Start find element --->By.xpath: //a[text()='ADD']
12:26:54  INFO  manager.MyListener - The element with locator --->By.xpath: //a[text()='ADD']--->was found
12:26:55  INFO  manager.MyListener - Start find element --->By.cssSelector: [placeholder='Name']
12:26:55  INFO  manager.MyListener - The element with locator --->By.cssSelector: [placeholder='Name']--->was found
12:26:55  INFO  manager.MyListener - Start find element --->By.cssSelector: [placeholder='Last Name']
12:26:55  INFO  manager.MyListener - The element with locator --->By.cssSelector: [placeholder='Last Name']--->was found
12:26:55  INFO  manager.MyListener - Start find element --->By.cssSelector: [placeholder='Phone']
12:26:55  INFO  manager.MyListener - The element with locator --->By.cssSelector: [placeholder='Phone']--->was found
12:26:56  INFO  manager.MyListener - Start find element --->By.cssSelector: [placeholder='email']
12:26:56  INFO  manager.MyListener - The element with locator --->By.cssSelector: [placeholder='email']--->was found
12:26:56  INFO  manager.MyListener - Start find element --->By.cssSelector: [placeholder='Address']
12:26:56  INFO  manager.MyListener - The element with locator --->By.cssSelector: [placeholder='Address']--->was found
12:26:56  INFO  manager.MyListener - Start find element --->By.cssSelector: [placeholder='description']
12:26:56  INFO  manager.MyListener - The element with locator --->By.cssSelector: [placeholder='description']--->was found
12:26:56  INFO  manager.MyListener - Start find element --->By.xpath: //button[contains(.,'Save')]
12:26:56  INFO  manager.MyListener - The element with locator --->By.xpath: //button[contains(.,'Save')]--->was found
12:26:58  INFO  manager.MyListener - Start find element --->By.xpath: //a[text()='ADD']
12:26:58  INFO  manager.MyListener - The element with locator --->By.xpath: //a[text()='ADD']--->was found
12:26:58  INFO  manager.MyListener - Start find element --->By.cssSelector: [placeholder='Name']
12:26:58  INFO  manager.MyListener - The element with locator --->By.cssSelector: [placeholder='Name']--->was found
12:26:58  INFO  manager.MyListener - Start find element --->By.cssSelector: [placeholder='Last Name']
12:26:58  INFO  manager.MyListener - The element with locator --->By.cssSelector: [placeholder='Last Name']--->was found
12:26:58  INFO  manager.MyListener - Start find element --->By.cssSelector: [placeholder='Phone']
12:26:58  INFO  manager.MyListener - The element with locator --->By.cssSelector: [placeholder='Phone']--->was found
12:26:59  INFO  manager.MyListener - Start find element --->By.cssSelector: [placeholder='email']
12:26:59  INFO  manager.MyListener - The element with locator --->By.cssSelector: [placeholder='email']--->was found
12:26:59  INFO  manager.MyListener - Start find element --->By.cssSelector: [placeholder='Address']
12:26:59  INFO  manager.MyListener - The element with locator --->By.cssSelector: [placeholder='Address']--->was found
12:26:59  INFO  manager.MyListener - Start find element --->By.cssSelector: [placeholder='description']
12:26:59  INFO  manager.MyListener - The element with locator --->By.cssSelector: [placeholder='description']--->was found
12:27:00  INFO  manager.MyListener - Start find element --->By.xpath: //button[contains(.,'Save')]
12:27:00  INFO  manager.MyListener - The element with locator --->By.xpath: //button[contains(.,'Save')]--->was found
12:27:01  INFO  manager.MyListener - Start find element --->By.xpath: //a[text()='ADD']
12:27:01  INFO  manager.MyListener - The element with locator --->By.xpath: //a[text()='ADD']--->was found
12:27:01  INFO  manager.MyListener - Start find element --->By.cssSelector: [placeholder='Name']
12:27:01  INFO  manager.MyListener - The element with locator --->By.cssSelector: [placeholder='Name']--->was found
12:27:01  INFO  manager.MyListener - Start find element --->By.cssSelector: [placeholder='Last Name']
12:27:01  INFO  manager.MyListener - The element with locator --->By.cssSelector: [placeholder='Last Name']--->was found
12:27:02  INFO  manager.MyListener - Start find element --->By.cssSelector: [placeholder='Phone']
12:27:02  INFO  manager.MyListener - The element with locator --->By.cssSelector: [placeholder='Phone']--->was found
12:27:02  INFO  manager.MyListener - Start find element --->By.cssSelector: [placeholder='email']
12:27:02  INFO  manager.MyListener - The element with locator --->By.cssSelector: [placeholder='email']--->was found
12:27:02  INFO  manager.MyListener - Start find element --->By.cssSelector: [placeholder='Address']
12:27:02  INFO  manager.MyListener - The element with locator --->By.cssSelector: [placeholder='Address']--->was found
12:27:03  INFO  manager.MyListener - Start find element --->By.cssSelector: [placeholder='description']
12:27:03  INFO  manager.MyListener - The element with locator --->By.cssSelector: [placeholder='description']--->was found
12:27:03  INFO  manager.MyListener - Start find element --->By.xpath: //button[contains(.,'Save')]
12:27:03  INFO  manager.MyListener - The element with locator --->By.xpath: //button[contains(.,'Save')]--->was found
12:27:04  INFO  manager.MyListener - Start find element --->By.cssSelector: .contact-item_card__2SOIM
12:27:04  INFO  manager.MyListener - The element with locator --->By.cssSelector: .contact-item_card__2SOIM--->was found
12:27:04  INFO  manager.MyListener - Start find element --->By.cssSelector: .contact-item_card__2SOIM
12:27:04  INFO  manager.MyListener - The element with locator --->By.cssSelector: .contact-item_card__2SOIM--->was found
12:27:04  INFO  manager.HelperBase - Before remove 'One contact tests' count was --->3
12:27:04  INFO  manager.MyListener - Start find element --->By.cssSelector: .contact-item_card__2SOIM
12:27:04  INFO  manager.MyListener - The element with locator --->By.cssSelector: .contact-item_card__2SOIM--->was found
12:27:04  INFO  manager.MyListener - Start find element --->By.cssSelector: .contact-item_card__2SOIM h3
12:27:04  INFO  manager.MyListener - The element with locator --->By.cssSelector: .contact-item_card__2SOIM h3--->was found
12:27:04  INFO  manager.HelperBase - The phone number of removed contact was -->121201614
12:27:04  INFO  manager.MyListener - Start find element --->By.cssSelector: .contact-item_card__2SOIM
12:27:04  INFO  manager.MyListener - The element with locator --->By.cssSelector: .contact-item_card__2SOIM--->was found
12:27:04  INFO  manager.MyListener - Start find element --->By.xpath: //button[text()='Remove']
12:27:04  INFO  manager.MyListener - The element with locator --->By.xpath: //button[text()='Remove']--->was found
12:27:05  INFO  manager.MyListener - Start find element --->By.cssSelector: .contact-item_card__2SOIM
12:27:05  INFO  manager.MyListener - The element with locator --->By.cssSelector: .contact-item_card__2SOIM--->was found
12:27:05  INFO  manager.HelperBase - After remove one contact the count is --->2
12:27:05  INFO  manager.MyListener - Start find element --->By.cssSelector: .contact-item_card__2SOIM
12:27:05  INFO  manager.MyListener - The element with locator --->By.cssSelector: .contact-item_card__2SOIM--->was found
12:27:05  INFO  manager.MyListener - Start find element --->By.cssSelector: .contact-item_card__2SOIM
12:27:05  INFO  manager.MyListener - The element with locator --->By.cssSelector: .contact-item_card__2SOIM--->was found
12:27:05  INFO  manager.HelperBase - Before remove 'One contact tests' count was --->2
12:27:05  INFO  manager.MyListener - Start find element --->By.cssSelector: .contact-item_card__2SOIM
12:27:05  INFO  manager.MyListener - The element with locator --->By.cssSelector: .contact-item_card__2SOIM--->was found
12:27:05  INFO  manager.MyListener - Start find element --->By.cssSelector: .contact-item_card__2SOIM h3
12:27:05  INFO  manager.MyListener - The element with locator --->By.cssSelector: .contact-item_card__2SOIM h3--->was found
12:27:05  INFO  manager.HelperBase - The phone number of removed contact was -->121211614
12:27:05  INFO  manager.MyListener - Start find element --->By.cssSelector: .contact-item_card__2SOIM
12:27:05  INFO  manager.MyListener - The element with locator --->By.cssSelector: .contact-item_card__2SOIM--->was found
12:27:06  INFO  manager.MyListener - Start find element --->By.xpath: //button[text()='Remove']
12:27:06  INFO  manager.MyListener - The element with locator --->By.xpath: //button[text()='Remove']--->was found
12:27:06  INFO  manager.MyListener - Start find element --->By.cssSelector: .contact-item_card__2SOIM
12:27:06  INFO  manager.MyListener - The element with locator --->By.cssSelector: .contact-item_card__2SOIM--->was found
12:27:06  INFO  manager.HelperBase - After remove one contact the count is --->1
12:27:06  INFO  manager.MyListener - Start find element --->By.cssSelector: .contact-item_card__2SOIM
12:27:06  INFO  manager.MyListener - The element with locator --->By.cssSelector: .contact-item_card__2SOIM--->was found
12:27:06  INFO  manager.MyListener - Start find element --->By.cssSelector: .contact-item_card__2SOIM
12:27:06  INFO  manager.MyListener - The element with locator --->By.cssSelector: .contact-item_card__2SOIM--->was found
12:27:06  INFO  manager.HelperBase - Before remove 'One contact tests' count was --->1
12:27:06  INFO  manager.MyListener - Start find element --->By.cssSelector: .contact-item_card__2SOIM
12:27:06  INFO  manager.MyListener - The element with locator --->By.cssSelector: .contact-item_card__2SOIM--->was found
12:27:06  INFO  manager.MyListener - Start find element --->By.cssSelector: .contact-item_card__2SOIM h3
12:27:06  INFO  manager.MyListener - The element with locator --->By.cssSelector: .contact-item_card__2SOIM h3--->was found
12:27:06  INFO  manager.HelperBase - The phone number of removed contact was -->121221614
12:27:06  INFO  manager.MyListener - Start find element --->By.cssSelector: .contact-item_card__2SOIM
12:27:06  INFO  manager.MyListener - The element with locator --->By.cssSelector: .contact-item_card__2SOIM--->was found
12:27:07  INFO  manager.MyListener - Start find element --->By.xpath: //button[text()='Remove']
12:27:07  INFO  manager.MyListener - The element with locator --->By.xpath: //button[text()='Remove']--->was found
12:27:07  INFO  manager.MyListener - Start find element --->By.cssSelector: .contact-item_card__2SOIM
12:27:12  INFO  manager.MyListener - The element with locator --->By.cssSelector: .contact-item_card__2SOIM--->was found
12:27:12  INFO  manager.HelperBase - After remove one contact the count is --->0
12:27:12  INFO  manager.MyListener - Start find element --->By.cssSelector: .contact-item_card__2SOIM
12:27:17  INFO  manager.MyListener - The element with locator --->By.cssSelector: .contact-item_card__2SOIM--->was found
12:27:17  INFO  manager.MyListener - Start find element --->By.cssSelector: .contact-item_card__2SOIM
12:27:22  INFO  manager.MyListener - The element with locator --->By.cssSelector: .contact-item_card__2SOIM--->was found
12:27:22  INFO  tests.TestBase - Name of test ---> removeOneContact
12:27:22  INFO  manager.MyListener - Start find element --->By.xpath: //button[text()='Sign Out']
12:27:22  INFO  manager.MyListener - The element with locator --->By.xpath: //button[text()='Sign Out']--->was found
12:27:22  INFO  manager.MyListener - Start find element --->By.cssSelector: .contact-item_card__2SOIM
12:27:27  INFO  manager.MyListener - The element with locator --->By.cssSelector: .contact-item_card__2SOIM--->was found
12:27:27  INFO  manager.MyListener - Start find element --->By.xpath: //a[text()='ADD']
12:27:27  INFO  manager.MyListener - The element with locator --->By.xpath: //a[text()='ADD']--->was found
12:27:28  INFO  manager.MyListener - Start find element --->By.cssSelector: [placeholder='Name']
12:27:28  INFO  manager.MyListener - The element with locator --->By.cssSelector: [placeholder='Name']--->was found
12:27:28  INFO  manager.MyListener - Start find element --->By.cssSelector: [placeholder='Last Name']
12:27:28  INFO  manager.MyListener - The element with locator --->By.cssSelector: [placeholder='Last Name']--->was found
12:27:28  INFO  manager.MyListener - Start find element --->By.cssSelector: [placeholder='Phone']
12:27:28  INFO  manager.MyListener - The element with locator --->By.cssSelector: [placeholder='Phone']--->was found
12:27:29  INFO  manager.MyListener - Start find element --->By.cssSelector: [placeholder='email']
12:27:29  INFO  manager.MyListener - The element with locator --->By.cssSelector: [placeholder='email']--->was found
12:27:29  INFO  manager.MyListener - Start find element --->By.cssSelector: [placeholder='Address']
12:27:29  INFO  manager.MyListener - The element with locator --->By.cssSelector: [placeholder='Address']--->was found
12:27:29  INFO  manager.MyListener - Start find element --->By.cssSelector: [placeholder='description']
12:27:29  INFO  manager.MyListener - The element with locator --->By.cssSelector: [placeholder='description']--->was found
12:27:29  INFO  manager.MyListener - Start find element --->By.xpath: //button[contains(.,'Save')]
12:27:29  INFO  manager.MyListener - The element with locator --->By.xpath: //button[contains(.,'Save')]--->was found
12:27:31  INFO  manager.MyListener - Start find element --->By.xpath: //a[text()='ADD']
12:27:31  INFO  manager.MyListener - The element with locator --->By.xpath: //a[text()='ADD']--->was found
12:27:31  INFO  manager.MyListener - Start find element --->By.cssSelector: [placeholder='Name']
12:27:31  INFO  manager.MyListener - The element with locator --->By.cssSelector: [placeholder='Name']--->was found
12:27:31  INFO  manager.MyListener - Start find element --->By.cssSelector: [placeholder='Last Name']
12:27:31  INFO  manager.MyListener - The element with locator --->By.cssSelector: [placeholder='Last Name']--->was found
12:27:32  INFO  manager.MyListener - Start find element --->By.cssSelector: [placeholder='Phone']
12:27:32  INFO  manager.MyListener - The element with locator --->By.cssSelector: [placeholder='Phone']--->was found
12:27:32  INFO  manager.MyListener - Start find element --->By.cssSelector: [placeholder='email']
12:27:32  INFO  manager.MyListener - The element with locator --->By.cssSelector: [placeholder='email']--->was found
12:27:32  INFO  manager.MyListener - Start find element --->By.cssSelector: [placeholder='Address']
12:27:32  INFO  manager.MyListener - The element with locator --->By.cssSelector: [placeholder='Address']--->was found
12:27:32  INFO  manager.MyListener - Start find element --->By.cssSelector: [placeholder='description']
12:27:32  INFO  manager.MyListener - The element with locator --->By.cssSelector: [placeholder='description']--->was found
12:27:33  INFO  manager.MyListener - Start find element --->By.xpath: //button[contains(.,'Save')]
12:27:33  INFO  manager.MyListener - The element with locator --->By.xpath: //button[contains(.,'Save')]--->was found
12:27:34  INFO  manager.MyListener - Start find element --->By.xpath: //a[text()='ADD']
12:27:34  INFO  manager.MyListener - The element with locator --->By.xpath: //a[text()='ADD']--->was found
12:27:34  INFO  manager.MyListener - Start find element --->By.cssSelector: [placeholder='Name']
12:27:34  INFO  manager.MyListener - The element with locator --->By.cssSelector: [placeholder='Name']--->was found
12:27:35  INFO  manager.MyListener - Start find element --->By.cssSelector: [placeholder='Last Name']
12:27:35  INFO  manager.MyListener - The element with locator --->By.cssSelector: [placeholder='Last Name']--->was found
12:27:35  INFO  manager.MyListener - Start find element --->By.cssSelector: [placeholder='Phone']
12:27:35  INFO  manager.MyListener - The element with locator --->By.cssSelector: [placeholder='Phone']--->was found
12:27:35  INFO  manager.MyListener - Start find element --->By.cssSelector: [placeholder='email']
12:27:35  INFO  manager.MyListener - The element with locator --->By.cssSelector: [placeholder='email']--->was found
12:27:35  INFO  manager.MyListener - Start find element --->By.cssSelector: [placeholder='Address']
12:27:35  INFO  manager.MyListener - The element with locator --->By.cssSelector: [placeholder='Address']--->was found
12:27:36  INFO  manager.MyListener - Start find element --->By.cssSelector: [placeholder='description']
12:27:36  INFO  manager.MyListener - The element with locator --->By.cssSelector: [placeholder='description']--->was found
12:27:36  INFO  manager.MyListener - Start find element --->By.xpath: //button[contains(.,'Save')]
12:27:36  INFO  manager.MyListener - The element with locator --->By.xpath: //button[contains(.,'Save')]--->was found
12:27:37  INFO  manager.MyListener - Start find element --->By.cssSelector: .contact-item_card__2SOIM
12:27:37  INFO  manager.MyListener - The element with locator --->By.cssSelector: .contact-item_card__2SOIM--->was found
12:27:37  INFO  manager.MyListener - Start find element --->By.xpath: //button[.='Remove']
12:27:37  INFO  manager.MyListener - The element with locator --->By.xpath: //button[.='Remove']--->was found
12:27:38  INFO  tests.TestBase - Name of test ---> removeOneContactCount
12:27:38  INFO  manager.MyListener - Start find element --->By.xpath: //button[text()='Sign Out']
12:27:38  INFO  manager.MyListener - The element with locator --->By.xpath: //button[text()='Sign Out']--->was found
12:27:38  INFO  manager.MyListener - Start find element --->By.cssSelector: .contact-item_card__2SOIM
12:27:38  INFO  manager.MyListener - The element with locator --->By.cssSelector: .contact-item_card__2SOIM--->was found
12:27:38  INFO  manager.MyListener - Start find element --->By.cssSelector: .contact-item_card__2SOIM
12:27:38  INFO  manager.MyListener - The element with locator --->By.cssSelector: .contact-item_card__2SOIM--->was found
12:27:38  INFO  manager.HelperBase - Before remove 'One contact tests' count was --->3
12:27:38  INFO  manager.MyListener - Start find element --->By.cssSelector: .contact-item_card__2SOIM
12:27:38  INFO  manager.MyListener - The element with locator --->By.cssSelector: .contact-item_card__2SOIM--->was found
12:27:38  INFO  manager.MyListener - Start find element --->By.cssSelector: .contact-item_card__2SOIM h3
12:27:38  INFO  manager.MyListener - The element with locator --->By.cssSelector: .contact-item_card__2SOIM h3--->was found
12:27:38  INFO  manager.HelperBase - The phone number of removed contact was -->121201647
12:27:38  INFO  manager.MyListener - Start find element --->By.cssSelector: .contact-item_card__2SOIM
12:27:38  INFO  manager.MyListener - The element with locator --->By.cssSelector: .contact-item_card__2SOIM--->was found
12:27:38  INFO  manager.MyListener - Start find element --->By.xpath: //button[text()='Remove']
12:27:38  INFO  manager.MyListener - The element with locator --->By.xpath: //button[text()='Remove']--->was found
12:27:39  INFO  manager.MyListener - Start find element --->By.cssSelector: .contact-item_card__2SOIM
12:27:39  INFO  manager.MyListener - The element with locator --->By.cssSelector: .contact-item_card__2SOIM--->was found
12:27:39  INFO  manager.HelperBase - After remove one contact the count is --->1
