11:38:48  INFO  manager.ApplicationManager - All tests starts in 'FIREFOX' browser
11:38:49  INFO  tests.TestBase - Name of test ---> addNewContactSuccess
11:38:49  INFO  manager.MyListener - Start find element --->By.xpath: //button[text()='Sign Out']
11:38:54  INFO  manager.MyListener - The element with locator --->By.xpath: //button[text()='Sign Out']--->was found
11:38:54  INFO  manager.MyListener - Start find element --->By.xpath: //a[@href='/login']
11:38:54  INFO  manager.MyListener - The element with locator --->By.xpath: //a[@href='/login']--->was found
11:38:54  INFO  manager.MyListener - Start find element --->By.xpath: //input[1]
11:38:54  INFO  manager.MyListener - The element with locator --->By.xpath: //input[1]--->was found
11:38:55  INFO  manager.MyListener - Start find element --->By.xpath: //input[2]
11:38:55  INFO  manager.MyListener - The element with locator --->By.xpath: //input[2]--->was found
11:38:55  INFO  manager.MyListener - Start find element --->By.xpath: //button[text()=' Login']
11:38:55  INFO  manager.MyListener - The element with locator --->By.xpath: //button[text()=' Login']--->was found
11:38:55  INFO  manager.MyListener - Start find element --->By.cssSelector: .contact-item_card__2SOIM
11:38:56  INFO  manager.MyListener - The element with locator --->By.cssSelector: .contact-item_card__2SOIM--->was found
11:38:56  INFO  manager.MyListener - Start find element --->By.cssSelector: .contact-item_card__2SOIM
11:38:56  INFO  manager.MyListener - The element with locator --->By.cssSelector: .contact-item_card__2SOIM--->was found
11:38:56  INFO  tests.TestBase - The test 'Add new contact' start with count of contact in start --->2
11:38:56  INFO  tests.TestBase - The test 'Add new contact' start with data ---->Contact(name=Maya2336, lastName=Foot, phone=12345672336, email=maya2336@gmail.com, address=Tel-Aviv, description=friend)
11:38:56  INFO  manager.MyListener - Start find element --->By.xpath: //a[text()='ADD']
11:38:56  INFO  manager.MyListener - The element with locator --->By.xpath: //a[text()='ADD']--->was found
11:38:57  INFO  manager.MyListener - Start find element --->By.cssSelector: [placeholder='Name']
11:38:57  INFO  manager.MyListener - The element with locator --->By.cssSelector: [placeholder='Name']--->was found
11:38:57  INFO  manager.MyListener - Start find element --->By.cssSelector: [placeholder='Last Name']
11:38:57  INFO  manager.MyListener - The element with locator --->By.cssSelector: [placeholder='Last Name']--->was found
11:38:57  INFO  manager.MyListener - Start find element --->By.cssSelector: [placeholder='Phone']
11:38:57  INFO  manager.MyListener - The element with locator --->By.cssSelector: [placeholder='Phone']--->was found
11:38:58  INFO  manager.MyListener - Start find element --->By.cssSelector: [placeholder='email']
11:38:58  INFO  manager.MyListener - The element with locator --->By.cssSelector: [placeholder='email']--->was found
11:38:58  INFO  manager.MyListener - Start find element --->By.cssSelector: [placeholder='Address']
11:38:58  INFO  manager.MyListener - The element with locator --->By.cssSelector: [placeholder='Address']--->was found
11:38:58  INFO  manager.MyListener - Start find element --->By.cssSelector: [placeholder='description']
11:38:58  INFO  manager.MyListener - The element with locator --->By.cssSelector: [placeholder='description']--->was found
11:38:59  INFO  manager.MyListener - Start find element --->By.xpath: //button[contains(.,'Save')]
11:38:59  INFO  manager.MyListener - The element with locator --->By.xpath: //button[contains(.,'Save')]--->was found
11:38:59  INFO  manager.MyListener - Start find element --->By.cssSelector: .contact-item_card__2SOIM
11:38:59  INFO  manager.MyListener - The element with locator --->By.cssSelector: .contact-item_card__2SOIM--->was found
11:38:59  INFO  tests.TestBase - The test 'Add new contact' end with count of contact in the end --->3
11:38:59  INFO  manager.MyListener - Start find element --->By.cssSelector: h2
11:38:59  INFO  manager.MyListener - The element with locator --->By.cssSelector: h2--->was found
11:38:59  INFO  manager.MyListener - Start find element --->By.cssSelector: h3
11:38:59  INFO  manager.MyListener - The element with locator --->By.cssSelector: h3--->was found
11:38:59  INFO  tests.TestBase - Name of test ---> loginSuccessModel
11:38:59  INFO  manager.MyListener - Start find element --->By.xpath: //button[text()='Sign Out']
11:38:59  INFO  manager.MyListener - The element with locator --->By.xpath: //button[text()='Sign Out']--->was found
11:38:59  INFO  manager.MyListener - Start find element --->By.xpath: //button[text()='Sign Out']
11:38:59  INFO  manager.MyListener - The element with locator --->By.xpath: //button[text()='Sign Out']--->was found
11:38:59  INFO  tests.TestBase - Test starts with email [Tomy123456@mail.com], pessword[Qq123666$45]
11:38:59  INFO  manager.MyListener - Start find element --->By.xpath: //a[@href='/login']
11:38:59  INFO  manager.MyListener - The element with locator --->By.xpath: //a[@href='/login']--->was found
11:39:00  INFO  manager.MyListener - Start find element --->By.xpath: //input[1]
11:39:00  INFO  manager.MyListener - The element with locator --->By.xpath: //input[1]--->was found
11:39:00  INFO  manager.MyListener - Start find element --->By.xpath: //input[2]
11:39:00  INFO  manager.MyListener - The element with locator --->By.xpath: //input[2]--->was found
11:39:00  INFO  manager.MyListener - Start find element --->By.xpath: //button[text()=' Login']
11:39:00  INFO  manager.MyListener - The element with locator --->By.xpath: //button[text()=' Login']--->was found
11:39:01  INFO  manager.MyListener - Start find element --->By.xpath: //a[@href='/contacts']
11:39:01  INFO  manager.MyListener - The element with locator --->By.xpath: //a[@href='/contacts']--->was found
11:39:01  INFO  tests.TestBase - Name of test ---> loginSuccessModelDataProvider
11:39:01  INFO  manager.MyListener - Start find element --->By.xpath: //button[text()='Sign Out']
11:39:01  INFO  manager.MyListener - The element with locator --->By.xpath: //button[text()='Sign Out']--->was found
11:39:01  INFO  manager.MyListener - Start find element --->By.xpath: //button[text()='Sign Out']
11:39:01  INFO  manager.MyListener - The element with locator --->By.xpath: //button[text()='Sign Out']--->was found
11:39:01  INFO  tests.TestBase - Test user starts with data:User{email='Tomy123456@mail.com', password='Qq123666$45'}
11:39:01  INFO  manager.MyListener - Start find element --->By.xpath: //a[@href='/login']
11:39:01  INFO  manager.MyListener - The element with locator --->By.xpath: //a[@href='/login']--->was found
11:39:01  INFO  manager.MyListener - Start find element --->By.xpath: //input[1]
11:39:01  INFO  manager.MyListener - The element with locator --->By.xpath: //input[1]--->was found
11:39:02  INFO  manager.MyListener - Start find element --->By.xpath: //input[2]
11:39:02  INFO  manager.MyListener - The element with locator --->By.xpath: //input[2]--->was found
11:39:02  INFO  manager.MyListener - Start find element --->By.xpath: //button[text()=' Login']
11:39:02  INFO  manager.MyListener - The element with locator --->By.xpath: //button[text()=' Login']--->was found
11:39:03  INFO  manager.MyListener - Start find element --->By.xpath: //a[@href='/contacts']
11:39:03  INFO  manager.MyListener - The element with locator --->By.xpath: //a[@href='/contacts']--->was found
11:39:03  INFO  tests.TestBase - Name of test ---> loginSuccessModelDataProvider
11:39:03  INFO  manager.MyListener - Start find element --->By.xpath: //button[text()='Sign Out']
11:39:03  INFO  manager.MyListener - The element with locator --->By.xpath: //button[text()='Sign Out']--->was found
11:39:03  INFO  manager.MyListener - Start find element --->By.xpath: //button[text()='Sign Out']
11:39:03  INFO  manager.MyListener - The element with locator --->By.xpath: //button[text()='Sign Out']--->was found
11:39:03  INFO  tests.TestBase - Test user starts with data:User{email='Tomy123456@mail.com', password='Qq123666$45'}
11:39:03  INFO  manager.MyListener - Start find element --->By.xpath: //a[@href='/login']
11:39:03  INFO  manager.MyListener - The element with locator --->By.xpath: //a[@href='/login']--->was found
11:39:03  INFO  manager.MyListener - Start find element --->By.xpath: //input[1]
11:39:03  INFO  manager.MyListener - The element with locator --->By.xpath: //input[1]--->was found
11:39:03  INFO  manager.MyListener - Start find element --->By.xpath: //input[2]
11:39:03  INFO  manager.MyListener - The element with locator --->By.xpath: //input[2]--->was found
11:39:04  INFO  manager.MyListener - Start find element --->By.xpath: //button[text()=' Login']
11:39:04  INFO  manager.MyListener - The element with locator --->By.xpath: //button[text()=' Login']--->was found
11:39:04  INFO  manager.MyListener - Start find element --->By.xpath: //a[@href='/contacts']
11:39:04  INFO  manager.MyListener - The element with locator --->By.xpath: //a[@href='/contacts']--->was found
11:39:04  INFO  tests.TestBase - Name of test ---> loginSuccessModelDataProvider
11:39:04  INFO  manager.MyListener - Start find element --->By.xpath: //button[text()='Sign Out']
11:39:04  INFO  manager.MyListener - The element with locator --->By.xpath: //button[text()='Sign Out']--->was found
11:39:04  INFO  manager.MyListener - Start find element --->By.xpath: //button[text()='Sign Out']
11:39:04  INFO  manager.MyListener - The element with locator --->By.xpath: //button[text()='Sign Out']--->was found
11:39:05  INFO  tests.TestBase - Test user starts with data:User{email='Tomy123456@mail.com', password='Qq123666$45'}
11:39:05  INFO  manager.MyListener - Start find element --->By.xpath: //a[@href='/login']
11:39:05  INFO  manager.MyListener - The element with locator --->By.xpath: //a[@href='/login']--->was found
11:39:05  INFO  manager.MyListener - Start find element --->By.xpath: //input[1]
11:39:05  INFO  manager.MyListener - The element with locator --->By.xpath: //input[1]--->was found
11:39:05  INFO  manager.MyListener - Start find element --->By.xpath: //input[2]
11:39:05  INFO  manager.MyListener - The element with locator --->By.xpath: //input[2]--->was found
11:39:05  INFO  manager.MyListener - Start find element --->By.xpath: //button[text()=' Login']
11:39:05  INFO  manager.MyListener - The element with locator --->By.xpath: //button[text()=' Login']--->was found
11:39:06  INFO  manager.MyListener - Start find element --->By.xpath: //a[@href='/contacts']
11:39:06  INFO  manager.MyListener - The element with locator --->By.xpath: //a[@href='/contacts']--->was found
11:39:06  INFO  tests.TestBase - Name of test ---> loginSuccessTestDataProvider
11:39:06  INFO  manager.MyListener - Start find element --->By.xpath: //button[text()='Sign Out']
11:39:06  INFO  manager.MyListener - The element with locator --->By.xpath: //button[text()='Sign Out']--->was found
11:39:06  INFO  manager.MyListener - Start find element --->By.xpath: //button[text()='Sign Out']
11:39:06  INFO  manager.MyListener - The element with locator --->By.xpath: //button[text()='Sign Out']--->was found
11:39:06  INFO  tests.TestBase - Test starts with email Tomy123456@mail.com  && password Qq123666$45
11:39:06  INFO  manager.MyListener - Start find element --->By.xpath: //a[@href='/login']
11:39:06  INFO  manager.MyListener - The element with locator --->By.xpath: //a[@href='/login']--->was found
11:39:10  INFO  manager.MyListener - Start find element --->By.xpath: //input[1]
11:39:10  INFO  manager.MyListener - The element with locator --->By.xpath: //input[1]--->was found
11:39:10  INFO  manager.MyListener - Start find element --->By.xpath: //input[2]
11:39:10  INFO  manager.MyListener - The element with locator --->By.xpath: //input[2]--->was found
11:39:10  INFO  manager.MyListener - Start find element --->By.xpath: //button[text()=' Login']
11:39:10  INFO  manager.MyListener - The element with locator --->By.xpath: //button[text()=' Login']--->was found
11:39:10  INFO  manager.MyListener - Start find element --->By.xpath: //a[@href='/contacts']
11:39:10  INFO  manager.MyListener - The element with locator --->By.xpath: //a[@href='/contacts']--->was found
11:39:10  INFO  tests.TestBase - Name of test ---> loginSuccessTestDataProvider
11:39:10  INFO  manager.MyListener - Start find element --->By.xpath: //button[text()='Sign Out']
11:39:10  INFO  manager.MyListener - The element with locator --->By.xpath: //button[text()='Sign Out']--->was found
11:39:10  INFO  manager.MyListener - Start find element --->By.xpath: //button[text()='Sign Out']
11:39:10  INFO  manager.MyListener - The element with locator --->By.xpath: //button[text()='Sign Out']--->was found
11:39:11  INFO  tests.TestBase - Test starts with email Tomy123456@mail.com  && password Qq123666$45
11:39:11  INFO  manager.MyListener - Start find element --->By.xpath: //a[@href='/login']
11:39:11  INFO  manager.MyListener - The element with locator --->By.xpath: //a[@href='/login']--->was found
11:39:14  INFO  manager.MyListener - Start find element --->By.xpath: //input[1]
11:39:14  INFO  manager.MyListener - The element with locator --->By.xpath: //input[1]--->was found
11:39:14  INFO  manager.MyListener - Start find element --->By.xpath: //input[2]
11:39:14  INFO  manager.MyListener - The element with locator --->By.xpath: //input[2]--->was found
11:39:15  INFO  manager.MyListener - Start find element --->By.xpath: //button[text()=' Login']
11:39:15  INFO  manager.MyListener - The element with locator --->By.xpath: //button[text()=' Login']--->was found
11:39:15  INFO  manager.MyListener - Start find element --->By.xpath: //a[@href='/contacts']
11:39:15  INFO  manager.MyListener - The element with locator --->By.xpath: //a[@href='/contacts']--->was found
11:39:15  INFO  tests.TestBase - Name of test ---> loginSuccessTestDataProvider
11:39:15  INFO  manager.MyListener - Start find element --->By.xpath: //button[text()='Sign Out']
11:39:15  INFO  manager.MyListener - The element with locator --->By.xpath: //button[text()='Sign Out']--->was found
11:39:15  INFO  manager.MyListener - Start find element --->By.xpath: //button[text()='Sign Out']
11:39:15  INFO  manager.MyListener - The element with locator --->By.xpath: //button[text()='Sign Out']--->was found
11:39:15  INFO  tests.TestBase - Test starts with email elizabet123456@mail.com  && password El098765$
11:39:15  INFO  manager.MyListener - Start find element --->By.xpath: //a[@href='/login']
11:39:15  INFO  manager.MyListener - The element with locator --->By.xpath: //a[@href='/login']--->was found
11:39:18  INFO  manager.MyListener - Start find element --->By.xpath: //input[1]
11:39:18  INFO  manager.MyListener - The element with locator --->By.xpath: //input[1]--->was found
11:39:19  INFO  manager.MyListener - Start find element --->By.xpath: //input[2]
11:39:19  INFO  manager.MyListener - The element with locator --->By.xpath: //input[2]--->was found
11:39:19  INFO  manager.MyListener - Start find element --->By.xpath: //button[text()=' Login']
11:39:19  INFO  manager.MyListener - The element with locator --->By.xpath: //button[text()=' Login']--->was found
11:39:19  INFO  manager.MyListener - Start find element --->By.xpath: //a[@href='/contacts']
11:39:19  INFO  manager.MyListener - The element with locator --->By.xpath: //a[@href='/contacts']--->was found
11:39:19  INFO  tests.TestBase - Name of test ---> loginSuccessTestDataProviderCSV
11:39:19  INFO  manager.MyListener - Start find element --->By.xpath: //button[text()='Sign Out']
11:39:19  INFO  manager.MyListener - The element with locator --->By.xpath: //button[text()='Sign Out']--->was found
11:39:19  INFO  manager.MyListener - Start find element --->By.xpath: //button[text()='Sign Out']
11:39:19  INFO  manager.MyListener - The element with locator --->By.xpath: //button[text()='Sign Out']--->was found
11:39:20  INFO  tests.TestBase - Test starts with email Tomy123456@mail.com  && password Qq123666$45
11:39:20  INFO  manager.MyListener - Start find element --->By.xpath: //a[@href='/login']
11:39:20  INFO  manager.MyListener - The element with locator --->By.xpath: //a[@href='/login']--->was found
11:39:23  INFO  manager.MyListener - Start find element --->By.xpath: //input[1]
11:39:23  INFO  manager.MyListener - The element with locator --->By.xpath: //input[1]--->was found
11:39:23  INFO  manager.MyListener - Start find element --->By.xpath: //input[2]
11:39:23  INFO  manager.MyListener - The element with locator --->By.xpath: //input[2]--->was found
11:39:23  INFO  manager.MyListener - Start find element --->By.xpath: //button[text()=' Login']
11:39:23  INFO  manager.MyListener - The element with locator --->By.xpath: //button[text()=' Login']--->was found
11:39:24  INFO  manager.MyListener - Start find element --->By.xpath: //a[@href='/contacts']
11:39:24  INFO  manager.MyListener - The element with locator --->By.xpath: //a[@href='/contacts']--->was found
11:39:24  INFO  tests.TestBase - Name of test ---> loginSuccessTestDataProviderCSV
11:39:24  INFO  manager.MyListener - Start find element --->By.xpath: //button[text()='Sign Out']
11:39:24  INFO  manager.MyListener - The element with locator --->By.xpath: //button[text()='Sign Out']--->was found
11:39:24  INFO  manager.MyListener - Start find element --->By.xpath: //button[text()='Sign Out']
11:39:24  INFO  manager.MyListener - The element with locator --->By.xpath: //button[text()='Sign Out']--->was found
11:39:24  INFO  tests.TestBase - Test starts with email elizabet123456@mail.com  && password El098765$
11:39:24  INFO  manager.MyListener - Start find element --->By.xpath: //a[@href='/login']
11:39:24  INFO  manager.MyListener - The element with locator --->By.xpath: //a[@href='/login']--->was found
11:39:27  INFO  manager.MyListener - Start find element --->By.xpath: //input[1]
11:39:27  INFO  manager.MyListener - The element with locator --->By.xpath: //input[1]--->was found
11:39:28  INFO  manager.MyListener - Start find element --->By.xpath: //input[2]
11:39:28  INFO  manager.MyListener - The element with locator --->By.xpath: //input[2]--->was found
11:39:28  INFO  manager.MyListener - Start find element --->By.xpath: //button[text()=' Login']
11:39:28  INFO  manager.MyListener - The element with locator --->By.xpath: //button[text()=' Login']--->was found
11:39:28  INFO  manager.MyListener - Start find element --->By.xpath: //a[@href='/contacts']
11:39:28  INFO  manager.MyListener - The element with locator --->By.xpath: //a[@href='/contacts']--->was found
11:39:28  INFO  tests.TestBase - Name of test ---> registrationSuccess
11:39:28  INFO  manager.MyListener - Start find element --->By.xpath: //button[text()='Sign Out']
11:39:28  INFO  manager.MyListener - The element with locator --->By.xpath: //button[text()='Sign Out']--->was found
11:39:28  INFO  manager.MyListener - Start find element --->By.xpath: //button[text()='Sign Out']
11:39:28  INFO  manager.MyListener - The element with locator --->By.xpath: //button[text()='Sign Out']--->was found
11:39:28  INFO  manager.MyListener - Start find element --->By.xpath: //a[@href='/login']
11:39:28  INFO  manager.MyListener - The element with locator --->By.xpath: //a[@href='/login']--->was found
11:39:29  INFO  manager.MyListener - Start find element --->By.xpath: //input[1]
11:39:29  INFO  manager.MyListener - The element with locator --->By.xpath: //input[1]--->was found
11:39:29  INFO  manager.MyListener - Start find element --->By.xpath: //input[2]
11:39:29  INFO  manager.MyListener - The element with locator --->By.xpath: //input[2]--->was found
11:39:29  INFO  manager.MyListener - Start find element --->By.xpath: //button[text()=' Registration']
11:39:29  INFO  manager.MyListener - The element with locator --->By.xpath: //button[text()=' Registration']--->was found
11:39:29  INFO  manager.MyListener - Start find element --->By.cssSelector: h2
11:39:30  INFO  manager.MyListener - The element with locator --->By.cssSelector: h2--->was found
11:39:30  INFO  tests.TestBase - Name of test ---> registrationSuccessModel
11:39:30  INFO  manager.MyListener - Start find element --->By.xpath: //button[text()='Sign Out']
11:39:30  INFO  manager.MyListener - The element with locator --->By.xpath: //button[text()='Sign Out']--->was found
11:39:30  INFO  manager.MyListener - Start find element --->By.xpath: //button[text()='Sign Out']
11:39:30  INFO  manager.MyListener - The element with locator --->By.xpath: //button[text()='Sign Out']--->was found
11:39:30  INFO  manager.MyListener - Start find element --->By.xpath: //a[@href='/login']
11:39:30  INFO  manager.MyListener - The element with locator --->By.xpath: //a[@href='/login']--->was found
11:39:30  INFO  manager.MyListener - Start find element --->By.xpath: //input[1]
11:39:30  INFO  manager.MyListener - The element with locator --->By.xpath: //input[1]--->was found
11:39:30  INFO  manager.MyListener - Start find element --->By.xpath: //input[2]
11:39:30  INFO  manager.MyListener - The element with locator --->By.xpath: //input[2]--->was found
11:39:31  INFO  manager.MyListener - Start find element --->By.xpath: //button[text()=' Registration']
11:39:31  INFO  manager.MyListener - The element with locator --->By.xpath: //button[text()=' Registration']--->was found
11:39:31  INFO  tests.TestBase - User register with dataUser{email='maya2370@mail.com', password='Ma098765$'}
11:39:31  INFO  manager.MyListener - Start find element --->By.cssSelector: h2
11:39:31  INFO  manager.MyListener - The element with locator --->By.cssSelector: h2--->was found
11:39:31  INFO  tests.TestBase - Name of test ---> removeAllContactTest
11:39:31  INFO  manager.MyListener - Start find element --->By.xpath: //button[text()='Sign Out']
11:39:31  INFO  manager.MyListener - The element with locator --->By.xpath: //button[text()='Sign Out']--->was found
11:39:31  INFO  manager.MyListener - Start find element --->By.cssSelector: .contact-item_card__2SOIM
11:39:36  INFO  manager.MyListener - The element with locator --->By.cssSelector: .contact-item_card__2SOIM--->was found
11:39:36  INFO  manager.MyListener - Start find element --->By.xpath: //a[text()='ADD']
11:39:36  INFO  manager.MyListener - The element with locator --->By.xpath: //a[text()='ADD']--->was found
11:39:36  INFO  manager.MyListener - Start find element --->By.cssSelector: [placeholder='Name']
11:39:36  INFO  manager.MyListener - The element with locator --->By.cssSelector: [placeholder='Name']--->was found
11:39:36  INFO  manager.MyListener - Start find element --->By.cssSelector: [placeholder='Last Name']
11:39:37  INFO  manager.MyListener - The element with locator --->By.cssSelector: [placeholder='Last Name']--->was found
11:39:37  INFO  manager.MyListener - Start find element --->By.cssSelector: [placeholder='Phone']
11:39:37  INFO  manager.MyListener - The element with locator --->By.cssSelector: [placeholder='Phone']--->was found
11:39:37  INFO  manager.MyListener - Start find element --->By.cssSelector: [placeholder='email']
11:39:37  INFO  manager.MyListener - The element with locator --->By.cssSelector: [placeholder='email']--->was found
11:39:37  INFO  manager.MyListener - Start find element --->By.cssSelector: [placeholder='Address']
11:39:37  INFO  manager.MyListener - The element with locator --->By.cssSelector: [placeholder='Address']--->was found
11:39:38  INFO  manager.MyListener - Start find element --->By.cssSelector: [placeholder='description']
11:39:38  INFO  manager.MyListener - The element with locator --->By.cssSelector: [placeholder='description']--->was found
11:39:38  INFO  manager.MyListener - Start find element --->By.xpath: //button[contains(.,'Save')]
11:39:38  INFO  manager.MyListener - The element with locator --->By.xpath: //button[contains(.,'Save')]--->was found
11:39:39  INFO  manager.MyListener - Start find element --->By.xpath: //a[text()='ADD']
11:39:39  INFO  manager.MyListener - The element with locator --->By.xpath: //a[text()='ADD']--->was found
11:39:39  INFO  manager.MyListener - Start find element --->By.cssSelector: [placeholder='Name']
11:39:39  INFO  manager.MyListener - The element with locator --->By.cssSelector: [placeholder='Name']--->was found
11:39:40  INFO  manager.MyListener - Start find element --->By.cssSelector: [placeholder='Last Name']
11:39:40  INFO  manager.MyListener - The element with locator --->By.cssSelector: [placeholder='Last Name']--->was found
11:39:40  INFO  manager.MyListener - Start find element --->By.cssSelector: [placeholder='Phone']
11:39:40  INFO  manager.MyListener - The element with locator --->By.cssSelector: [placeholder='Phone']--->was found
11:39:40  INFO  manager.MyListener - Start find element --->By.cssSelector: [placeholder='email']
11:39:40  INFO  manager.MyListener - The element with locator --->By.cssSelector: [placeholder='email']--->was found
11:39:41  INFO  manager.MyListener - Start find element --->By.cssSelector: [placeholder='Address']
11:39:41  INFO  manager.MyListener - The element with locator --->By.cssSelector: [placeholder='Address']--->was found
11:39:41  INFO  manager.MyListener - Start find element --->By.cssSelector: [placeholder='description']
11:39:41  INFO  manager.MyListener - The element with locator --->By.cssSelector: [placeholder='description']--->was found
11:39:41  INFO  manager.MyListener - Start find element --->By.xpath: //button[contains(.,'Save')]
11:39:41  INFO  manager.MyListener - The element with locator --->By.xpath: //button[contains(.,'Save')]--->was found
11:39:42  INFO  manager.MyListener - Start find element --->By.xpath: //a[text()='ADD']
11:39:42  INFO  manager.MyListener - The element with locator --->By.xpath: //a[text()='ADD']--->was found
11:39:43  INFO  manager.MyListener - Start find element --->By.cssSelector: [placeholder='Name']
11:39:43  INFO  manager.MyListener - The element with locator --->By.cssSelector: [placeholder='Name']--->was found
11:39:43  INFO  manager.MyListener - Start find element --->By.cssSelector: [placeholder='Last Name']
11:39:43  INFO  manager.MyListener - The element with locator --->By.cssSelector: [placeholder='Last Name']--->was found
11:39:43  INFO  manager.MyListener - Start find element --->By.cssSelector: [placeholder='Phone']
11:39:43  INFO  manager.MyListener - The element with locator --->By.cssSelector: [placeholder='Phone']--->was found
11:39:44  INFO  manager.MyListener - Start find element --->By.cssSelector: [placeholder='email']
11:39:44  INFO  manager.MyListener - The element with locator --->By.cssSelector: [placeholder='email']--->was found
11:39:44  INFO  manager.MyListener - Start find element --->By.cssSelector: [placeholder='Address']
11:39:44  INFO  manager.MyListener - The element with locator --->By.cssSelector: [placeholder='Address']--->was found
11:39:44  INFO  manager.MyListener - Start find element --->By.cssSelector: [placeholder='description']
11:39:44  INFO  manager.MyListener - The element with locator --->By.cssSelector: [placeholder='description']--->was found
11:39:44  INFO  manager.MyListener - Start find element --->By.xpath: //button[contains(.,'Save')]
11:39:44  INFO  manager.MyListener - The element with locator --->By.xpath: //button[contains(.,'Save')]--->was found
11:39:46  INFO  manager.MyListener - Start find element --->By.cssSelector: .contact-item_card__2SOIM
11:39:46  INFO  manager.MyListener - The element with locator --->By.cssSelector: .contact-item_card__2SOIM--->was found
11:39:46  INFO  manager.MyListener - Start find element --->By.cssSelector: .contact-item_card__2SOIM
11:39:46  INFO  manager.MyListener - The element with locator --->By.cssSelector: .contact-item_card__2SOIM--->was found
11:39:46  INFO  manager.HelperBase - Before remove 'One contact tests' count was --->3
11:39:46  INFO  manager.MyListener - Start find element --->By.cssSelector: .contact-item_card__2SOIM
11:39:46  INFO  manager.MyListener - The element with locator --->By.cssSelector: .contact-item_card__2SOIM--->was found
11:39:46  INFO  manager.MyListener - Start find element --->By.cssSelector: .contact-item_card__2SOIM h3
11:39:46  INFO  manager.MyListener - The element with locator --->By.cssSelector: .contact-item_card__2SOIM h3--->was found
11:39:46  INFO  manager.HelperBase - The phone number of removed contact was -->121202376
11:39:46  INFO  manager.MyListener - Start find element --->By.cssSelector: .contact-item_card__2SOIM
11:39:46  INFO  manager.MyListener - The element with locator --->By.cssSelector: .contact-item_card__2SOIM--->was found
11:39:46  INFO  manager.MyListener - Start find element --->By.xpath: //button[text()='Remove']
11:39:46  INFO  manager.MyListener - The element with locator --->By.xpath: //button[text()='Remove']--->was found
11:39:47  INFO  manager.MyListener - Start find element --->By.cssSelector: .contact-item_card__2SOIM
11:39:47  INFO  manager.MyListener - The element with locator --->By.cssSelector: .contact-item_card__2SOIM--->was found
11:39:47  INFO  manager.HelperBase - After remove one contact the count is --->2
11:39:47  INFO  manager.MyListener - Start find element --->By.cssSelector: .contact-item_card__2SOIM
11:39:47  INFO  manager.MyListener - The element with locator --->By.cssSelector: .contact-item_card__2SOIM--->was found
11:39:47  INFO  manager.MyListener - Start find element --->By.cssSelector: .contact-item_card__2SOIM
11:39:47  INFO  manager.MyListener - The element with locator --->By.cssSelector: .contact-item_card__2SOIM--->was found
11:39:47  INFO  manager.HelperBase - Before remove 'One contact tests' count was --->2
11:39:47  INFO  manager.MyListener - Start find element --->By.cssSelector: .contact-item_card__2SOIM
11:39:47  INFO  manager.MyListener - The element with locator --->By.cssSelector: .contact-item_card__2SOIM--->was found
11:39:47  INFO  manager.MyListener - Start find element --->By.cssSelector: .contact-item_card__2SOIM h3
11:39:47  INFO  manager.MyListener - The element with locator --->By.cssSelector: .contact-item_card__2SOIM h3--->was found
11:39:47  INFO  manager.HelperBase - The phone number of removed contact was -->121212376
11:39:47  INFO  manager.MyListener - Start find element --->By.cssSelector: .contact-item_card__2SOIM
11:39:47  INFO  manager.MyListener - The element with locator --->By.cssSelector: .contact-item_card__2SOIM--->was found
11:39:47  INFO  manager.MyListener - Start find element --->By.xpath: //button[text()='Remove']
11:39:47  INFO  manager.MyListener - The element with locator --->By.xpath: //button[text()='Remove']--->was found
11:39:48  INFO  manager.MyListener - Start find element --->By.cssSelector: .contact-item_card__2SOIM
11:39:48  INFO  manager.MyListener - The element with locator --->By.cssSelector: .contact-item_card__2SOIM--->was found
11:39:48  INFO  manager.HelperBase - After remove one contact the count is --->1
11:39:48  INFO  manager.MyListener - Start find element --->By.cssSelector: .contact-item_card__2SOIM
11:39:48  INFO  manager.MyListener - The element with locator --->By.cssSelector: .contact-item_card__2SOIM--->was found
11:39:48  INFO  manager.MyListener - Start find element --->By.cssSelector: .contact-item_card__2SOIM
11:39:48  INFO  manager.MyListener - The element with locator --->By.cssSelector: .contact-item_card__2SOIM--->was found
11:39:48  INFO  manager.HelperBase - Before remove 'One contact tests' count was --->1
11:39:48  INFO  manager.MyListener - Start find element --->By.cssSelector: .contact-item_card__2SOIM
11:39:48  INFO  manager.MyListener - The element with locator --->By.cssSelector: .contact-item_card__2SOIM--->was found
11:39:48  INFO  manager.MyListener - Start find element --->By.cssSelector: .contact-item_card__2SOIM h3
11:39:48  INFO  manager.MyListener - The element with locator --->By.cssSelector: .contact-item_card__2SOIM h3--->was found
11:39:48  INFO  manager.HelperBase - The phone number of removed contact was -->121222376
11:39:48  INFO  manager.MyListener - Start find element --->By.cssSelector: .contact-item_card__2SOIM
11:39:48  INFO  manager.MyListener - The element with locator --->By.cssSelector: .contact-item_card__2SOIM--->was found
11:39:48  INFO  manager.MyListener - Start find element --->By.xpath: //button[text()='Remove']
11:39:48  INFO  manager.MyListener - The element with locator --->By.xpath: //button[text()='Remove']--->was found
11:39:49  INFO  manager.MyListener - Start find element --->By.cssSelector: .contact-item_card__2SOIM
11:39:54  INFO  manager.MyListener - The element with locator --->By.cssSelector: .contact-item_card__2SOIM--->was found
11:39:54  INFO  manager.HelperBase - After remove one contact the count is --->0
11:39:54  INFO  manager.MyListener - Start find element --->By.cssSelector: .contact-item_card__2SOIM
11:39:59  INFO  manager.MyListener - The element with locator --->By.cssSelector: .contact-item_card__2SOIM--->was found
11:39:59  INFO  manager.MyListener - Start find element --->By.cssSelector: .contact-item_card__2SOIM
11:40:04  INFO  manager.MyListener - The element with locator --->By.cssSelector: .contact-item_card__2SOIM--->was found
11:40:04  INFO  tests.TestBase - Name of test ---> removeOneContact
11:40:04  INFO  manager.MyListener - Start find element --->By.xpath: //button[text()='Sign Out']
11:40:04  INFO  manager.MyListener - The element with locator --->By.xpath: //button[text()='Sign Out']--->was found
11:40:04  INFO  manager.MyListener - Start find element --->By.cssSelector: .contact-item_card__2SOIM
11:40:09  INFO  manager.MyListener - The element with locator --->By.cssSelector: .contact-item_card__2SOIM--->was found
11:40:09  INFO  manager.MyListener - Start find element --->By.xpath: //a[text()='ADD']
11:40:09  INFO  manager.MyListener - The element with locator --->By.xpath: //a[text()='ADD']--->was found
11:40:09  INFO  manager.MyListener - Start find element --->By.cssSelector: [placeholder='Name']
11:40:09  INFO  manager.MyListener - The element with locator --->By.cssSelector: [placeholder='Name']--->was found
11:40:10  INFO  manager.MyListener - Start find element --->By.cssSelector: [placeholder='Last Name']
11:40:10  INFO  manager.MyListener - The element with locator --->By.cssSelector: [placeholder='Last Name']--->was found
11:40:10  INFO  manager.MyListener - Start find element --->By.cssSelector: [placeholder='Phone']
11:40:10  INFO  manager.MyListener - The element with locator --->By.cssSelector: [placeholder='Phone']--->was found
11:40:10  INFO  manager.MyListener - Start find element --->By.cssSelector: [placeholder='email']
11:40:10  INFO  manager.MyListener - The element with locator --->By.cssSelector: [placeholder='email']--->was found
11:40:10  INFO  manager.MyListener - Start find element --->By.cssSelector: [placeholder='Address']
11:40:10  INFO  manager.MyListener - The element with locator --->By.cssSelector: [placeholder='Address']--->was found
11:40:11  INFO  manager.MyListener - Start find element --->By.cssSelector: [placeholder='description']
11:40:11  INFO  manager.MyListener - The element with locator --->By.cssSelector: [placeholder='description']--->was found
11:40:11  INFO  manager.MyListener - Start find element --->By.xpath: //button[contains(.,'Save')]
11:40:11  INFO  manager.MyListener - The element with locator --->By.xpath: //button[contains(.,'Save')]--->was found
11:40:12  INFO  manager.MyListener - Start find element --->By.xpath: //a[text()='ADD']
11:40:12  INFO  manager.MyListener - The element with locator --->By.xpath: //a[text()='ADD']--->was found
11:40:13  INFO  manager.MyListener - Start find element --->By.cssSelector: [placeholder='Name']
11:40:13  INFO  manager.MyListener - The element with locator --->By.cssSelector: [placeholder='Name']--->was found
11:40:13  INFO  manager.MyListener - Start find element --->By.cssSelector: [placeholder='Last Name']
11:40:13  INFO  manager.MyListener - The element with locator --->By.cssSelector: [placeholder='Last Name']--->was found
11:40:13  INFO  manager.MyListener - Start find element --->By.cssSelector: [placeholder='Phone']
11:40:13  INFO  manager.MyListener - The element with locator --->By.cssSelector: [placeholder='Phone']--->was found
11:40:13  INFO  manager.MyListener - Start find element --->By.cssSelector: [placeholder='email']
11:40:13  INFO  manager.MyListener - The element with locator --->By.cssSelector: [placeholder='email']--->was found
11:40:14  INFO  manager.MyListener - Start find element --->By.cssSelector: [placeholder='Address']
11:40:14  INFO  manager.MyListener - The element with locator --->By.cssSelector: [placeholder='Address']--->was found
11:40:14  INFO  manager.MyListener - Start find element --->By.cssSelector: [placeholder='description']
11:40:14  INFO  manager.MyListener - The element with locator --->By.cssSelector: [placeholder='description']--->was found
11:40:14  INFO  manager.MyListener - Start find element --->By.xpath: //button[contains(.,'Save')]
11:40:14  INFO  manager.MyListener - The element with locator --->By.xpath: //button[contains(.,'Save')]--->was found
11:40:16  INFO  manager.MyListener - Start find element --->By.xpath: //a[text()='ADD']
11:40:16  INFO  manager.MyListener - The element with locator --->By.xpath: //a[text()='ADD']--->was found
11:40:16  INFO  manager.MyListener - Start find element --->By.cssSelector: [placeholder='Name']
11:40:16  INFO  manager.MyListener - The element with locator --->By.cssSelector: [placeholder='Name']--->was found
11:40:16  INFO  manager.MyListener - Start find element --->By.cssSelector: [placeholder='Last Name']
11:40:16  INFO  manager.MyListener - The element with locator --->By.cssSelector: [placeholder='Last Name']--->was found
11:40:16  INFO  manager.MyListener - Start find element --->By.cssSelector: [placeholder='Phone']
11:40:16  INFO  manager.MyListener - The element with locator --->By.cssSelector: [placeholder='Phone']--->was found
11:40:17  INFO  manager.MyListener - Start find element --->By.cssSelector: [placeholder='email']
11:40:17  INFO  manager.MyListener - The element with locator --->By.cssSelector: [placeholder='email']--->was found
11:40:17  INFO  manager.MyListener - Start find element --->By.cssSelector: [placeholder='Address']
11:40:17  INFO  manager.MyListener - The element with locator --->By.cssSelector: [placeholder='Address']--->was found
11:40:17  INFO  manager.MyListener - Start find element --->By.cssSelector: [placeholder='description']
11:40:17  INFO  manager.MyListener - The element with locator --->By.cssSelector: [placeholder='description']--->was found
11:40:18  INFO  manager.MyListener - Start find element --->By.xpath: //button[contains(.,'Save')]
11:40:18  INFO  manager.MyListener - The element with locator --->By.xpath: //button[contains(.,'Save')]--->was found
11:40:19  INFO  manager.MyListener - Start find element --->By.cssSelector: .contact-item_card__2SOIM
11:40:19  INFO  manager.MyListener - The element with locator --->By.cssSelector: .contact-item_card__2SOIM--->was found
11:40:19  INFO  manager.MyListener - Start find element --->By.xpath: //button[.='Remove']
11:40:19  INFO  manager.MyListener - The element with locator --->By.xpath: //button[.='Remove']--->was found
11:40:19  INFO  tests.TestBase - Name of test ---> removeOneContactCount
11:40:19  INFO  manager.MyListener - Start find element --->By.xpath: //button[text()='Sign Out']
11:40:19  INFO  manager.MyListener - The element with locator --->By.xpath: //button[text()='Sign Out']--->was found
11:40:19  INFO  manager.MyListener - Start find element --->By.cssSelector: .contact-item_card__2SOIM
11:40:19  INFO  manager.MyListener - The element with locator --->By.cssSelector: .contact-item_card__2SOIM--->was found
11:40:19  INFO  manager.MyListener - Start find element --->By.cssSelector: .contact-item_card__2SOIM
11:40:19  INFO  manager.MyListener - The element with locator --->By.cssSelector: .contact-item_card__2SOIM--->was found
11:40:19  INFO  manager.HelperBase - Before remove 'One contact tests' count was --->3
11:40:19  INFO  manager.MyListener - Start find element --->By.cssSelector: .contact-item_card__2SOIM
11:40:19  INFO  manager.MyListener - The element with locator --->By.cssSelector: .contact-item_card__2SOIM--->was found
11:40:19  INFO  manager.MyListener - Start find element --->By.cssSelector: .contact-item_card__2SOIM h3
11:40:19  INFO  manager.MyListener - The element with locator --->By.cssSelector: .contact-item_card__2SOIM h3--->was found
11:40:19  INFO  manager.HelperBase - The phone number of removed contact was -->121212409
11:40:19  INFO  manager.MyListener - Start find element --->By.cssSelector: .contact-item_card__2SOIM
11:40:19  INFO  manager.MyListener - The element with locator --->By.cssSelector: .contact-item_card__2SOIM--->was found
11:40:20  INFO  manager.MyListener - Start find element --->By.xpath: //button[text()='Remove']
11:40:20  INFO  manager.MyListener - The element with locator --->By.xpath: //button[text()='Remove']--->was found
11:40:20  INFO  manager.MyListener - Start find element --->By.cssSelector: .contact-item_card__2SOIM
11:40:20  INFO  manager.MyListener - The element with locator --->By.cssSelector: .contact-item_card__2SOIM--->was found
11:40:20  INFO  manager.HelperBase - After remove one contact the count is --->1
