18:49:13  INFO  manager.ApplicationManager - All tests starts in 'FIREFOX' browser
18:49:14  INFO  tests.TestBase - Name of test ---> addNewContactSuccess
18:49:14  INFO  manager.MyListener - Start find element --->By.xpath: //button[text()='Sign Out']
18:49:19  INFO  manager.MyListener - The element with locator --->By.xpath: //button[text()='Sign Out']--->was found
18:49:19  INFO  manager.MyListener - Start find element --->By.xpath: //a[@href='/login']
18:49:19  INFO  manager.MyListener - The element with locator --->By.xpath: //a[@href='/login']--->was found
18:49:19  INFO  manager.MyListener - Start find element --->By.xpath: //input[1]
18:49:19  INFO  manager.MyListener - The element with locator --->By.xpath: //input[1]--->was found
18:49:19  INFO  manager.MyListener - Start find element --->By.xpath: //input[2]
18:49:19  INFO  manager.MyListener - The element with locator --->By.xpath: //input[2]--->was found
18:49:20  INFO  manager.MyListener - Start find element --->By.xpath: //button[text()=' Login']
18:49:20  INFO  manager.MyListener - The element with locator --->By.xpath: //button[text()=' Login']--->was found
18:49:20  INFO  tests.TestBase - Contact was added for userUser{email='Tomy123456@mail.com', password='Qq123666$45'}
18:49:20  INFO  manager.MyListener - Start find element --->By.cssSelector: .contact-item_card__2SOIM
18:49:21  INFO  manager.MyListener - The element with locator --->By.cssSelector: .contact-item_card__2SOIM--->was found
18:49:21  INFO  manager.MyListener - Start find element --->By.cssSelector: .contact-item_card__2SOIM
18:49:21  INFO  manager.MyListener - The element with locator --->By.cssSelector: .contact-item_card__2SOIM--->was found
18:49:24  INFO  tests.TestBase - Contact(name=Jack, lastName=Sparrow, phone=9723452964, email=jacky2964@gmail.com, address=Tortuga, description=Friend)contact was added
18:49:24  INFO  manager.MyListener - Start find element --->By.xpath: //a[text()='ADD']
18:49:24  INFO  manager.MyListener - The element with locator --->By.xpath: //a[text()='ADD']--->was found
18:49:24  INFO  manager.MyListener - Start find element --->By.cssSelector: [placeholder='Name']
18:49:24  INFO  manager.MyListener - The element with locator --->By.cssSelector: [placeholder='Name']--->was found
18:49:24  INFO  manager.MyListener - Start find element --->By.cssSelector: [placeholder='Last Name']
18:49:24  INFO  manager.MyListener - The element with locator --->By.cssSelector: [placeholder='Last Name']--->was found
18:49:25  INFO  manager.MyListener - Start find element --->By.cssSelector: [placeholder='Phone']
18:49:25  INFO  manager.MyListener - The element with locator --->By.cssSelector: [placeholder='Phone']--->was found
18:49:25  INFO  manager.MyListener - Start find element --->By.cssSelector: [placeholder='email']
18:49:25  INFO  manager.MyListener - The element with locator --->By.cssSelector: [placeholder='email']--->was found
18:49:25  INFO  manager.MyListener - Start find element --->By.cssSelector: [placeholder='Address']
18:49:25  INFO  manager.MyListener - The element with locator --->By.cssSelector: [placeholder='Address']--->was found
18:49:26  INFO  manager.MyListener - Start find element --->By.cssSelector: [placeholder='description']
18:49:26  INFO  manager.MyListener - The element with locator --->By.cssSelector: [placeholder='description']--->was found
18:49:26  INFO  manager.MyListener - Start find element --->By.xpath: //button[contains(.,'Save')]
18:49:26  INFO  manager.MyListener - The element with locator --->By.xpath: //button[contains(.,'Save')]--->was found
18:49:26  INFO  manager.MyListener - Start find element --->By.cssSelector: .contact-item_card__2SOIM
18:49:26  INFO  manager.MyListener - The element with locator --->By.cssSelector: .contact-item_card__2SOIM--->was found
18:49:26  INFO  manager.MyListener - Start find element --->By.cssSelector: h2
18:49:26  INFO  manager.MyListener - The element with locator --->By.cssSelector: h2--->was found
18:49:26  INFO  manager.MyListener - Start find element --->By.cssSelector: h3
18:49:26  INFO  manager.MyListener - The element with locator --->By.cssSelector: h3--->was found
