19:41:57  INFO  manager.ApplicationManager - All tests starts in 'Chrom' browser
19:41:58  INFO  tests.TestBase - Name of test ---> addNewContactSuccess
19:41:58  INFO  manager.MyListener - Start find element --->By.xpath: //button[text()='Sign Out']
19:42:03  INFO  manager.MyListener - The element with locator --->By.xpath: //button[text()='Sign Out']--->was found
19:42:03  INFO  manager.MyListener - Start find element --->By.xpath: //a[@href='/login']
19:42:03  INFO  manager.MyListener - The element with locator --->By.xpath: //a[@href='/login']--->was found
19:42:03  INFO  manager.MyListener - Start find element --->By.xpath: //input[1]
19:42:03  INFO  manager.MyListener - The element with locator --->By.xpath: //input[1]--->was found
19:42:03  INFO  manager.MyListener - Start find element --->By.xpath: //input[2]
19:42:03  INFO  manager.MyListener - The element with locator --->By.xpath: //input[2]--->was found
19:42:04  INFO  manager.MyListener - Start find element --->By.xpath: //button[text()=' Login']
19:42:04  INFO  manager.MyListener - The element with locator --->By.xpath: //button[text()=' Login']--->was found
19:42:04  INFO  tests.TestBase - Contact was added for userUser{email='Tomy123456@mail.com', password='Qq123666$45'}
19:42:04  INFO  manager.MyListener - Start find element --->By.cssSelector: .contact-item_card__2SOIM
19:42:05  INFO  manager.MyListener - The element with locator --->By.cssSelector: .contact-item_card__2SOIM--->was found
19:42:05  INFO  manager.MyListener - Start find element --->By.cssSelector: .contact-item_card__2SOIM
19:42:05  INFO  manager.MyListener - The element with locator --->By.cssSelector: .contact-item_card__2SOIM--->was found
19:42:05  INFO  tests.TestBase - Contact(name=Jack, lastName=Sparrow, phone=9723452525, email=jacky2525@gmail.com, address=Tortuga, description=Friend)contact was added
19:42:05  INFO  manager.MyListener - Start find element --->By.xpath: //a[text()='ADD']
19:42:05  INFO  manager.MyListener - The element with locator --->By.xpath: //a[text()='ADD']--->was found
19:42:05  INFO  manager.MyListener - Start find element --->By.cssSelector: [placeholder='Name']
19:42:05  INFO  manager.MyListener - The element with locator --->By.cssSelector: [placeholder='Name']--->was found
19:42:05  INFO  manager.MyListener - Start find element --->By.cssSelector: [placeholder='Last Name']
19:42:05  INFO  manager.MyListener - The element with locator --->By.cssSelector: [placeholder='Last Name']--->was found
19:42:05  INFO  manager.MyListener - Start find element --->By.cssSelector: [placeholder='Phone']
19:42:05  INFO  manager.MyListener - The element with locator --->By.cssSelector: [placeholder='Phone']--->was found
19:42:05  INFO  manager.MyListener - Start find element --->By.cssSelector: [placeholder='email']
19:42:05  INFO  manager.MyListener - The element with locator --->By.cssSelector: [placeholder='email']--->was found
19:42:05  INFO  manager.MyListener - Start find element --->By.cssSelector: [placeholder='Address']
19:42:05  INFO  manager.MyListener - The element with locator --->By.cssSelector: [placeholder='Address']--->was found
19:42:05  INFO  manager.MyListener - Start find element --->By.cssSelector: [placeholder='description']
19:42:05  INFO  manager.MyListener - The element with locator --->By.cssSelector: [placeholder='description']--->was found
19:42:06  INFO  manager.MyListener - Start find element --->By.xpath: //button[contains(.,'Save')]
19:42:06  INFO  manager.MyListener - The element with locator --->By.xpath: //button[contains(.,'Save')]--->was found
19:42:06  INFO  manager.MyListener - Start find element --->By.cssSelector: .contact-item_card__2SOIM
19:42:06  INFO  manager.MyListener - The element with locator --->By.cssSelector: .contact-item_card__2SOIM--->was found
19:42:06  INFO  manager.MyListener - Start find element --->By.cssSelector: h2
19:42:06  INFO  manager.MyListener - The element with locator --->By.cssSelector: h2--->was found
19:42:06  INFO  manager.MyListener - Start find element --->By.cssSelector: h3
19:42:06  INFO  manager.MyListener - The element with locator --->By.cssSelector: h3--->was found
19:42:06  INFO  tests.TestBase - Name of test ---> addNewContactSuccess2
19:42:06  INFO  manager.MyListener - Start find element --->By.xpath: //button[text()='Sign Out']
19:42:06  INFO  manager.MyListener - The element with locator --->By.xpath: //button[text()='Sign Out']--->was found
19:42:06  INFO  manager.MyListener - Start find element --->By.cssSelector: .contact-item_card__2SOIM
19:42:06  INFO  manager.MyListener - The element with locator --->By.cssSelector: .contact-item_card__2SOIM--->was found
19:42:06  INFO  manager.MyListener - Start find element --->By.cssSelector: .contact-item_card__2SOIM
19:42:06  INFO  manager.MyListener - The element with locator --->By.cssSelector: .contact-item_card__2SOIM--->was found
19:42:06  INFO  tests.TestBase - Contact(name=Elizabet, lastName=Swon, phone=5464748456, email=eliz@gmail.com, address=Tortuga, description=Friend)contact was added
19:42:06  INFO  manager.MyListener - Start find element --->By.xpath: //a[text()='ADD']
19:42:06  INFO  manager.MyListener - The element with locator --->By.xpath: //a[text()='ADD']--->was found
19:42:06  INFO  manager.MyListener - Start find element --->By.cssSelector: [placeholder='Name']
19:42:06  INFO  manager.MyListener - The element with locator --->By.cssSelector: [placeholder='Name']--->was found
19:42:06  INFO  manager.MyListener - Start find element --->By.cssSelector: [placeholder='Last Name']
19:42:06  INFO  manager.MyListener - The element with locator --->By.cssSelector: [placeholder='Last Name']--->was found
19:42:06  INFO  manager.MyListener - Start find element --->By.cssSelector: [placeholder='Phone']
19:42:06  INFO  manager.MyListener - The element with locator --->By.cssSelector: [placeholder='Phone']--->was found
19:42:07  INFO  manager.MyListener - Start find element --->By.cssSelector: [placeholder='email']
19:42:07  INFO  manager.MyListener - The element with locator --->By.cssSelector: [placeholder='email']--->was found
19:42:07  INFO  manager.MyListener - Start find element --->By.cssSelector: [placeholder='Address']
19:42:07  INFO  manager.MyListener - The element with locator --->By.cssSelector: [placeholder='Address']--->was found
19:42:07  INFO  manager.MyListener - Start find element --->By.cssSelector: [placeholder='description']
19:42:07  INFO  manager.MyListener - The element with locator --->By.cssSelector: [placeholder='description']--->was found
19:42:07  INFO  manager.MyListener - Start find element --->By.xpath: //button[contains(.,'Save')]
19:42:07  INFO  manager.MyListener - The element with locator --->By.xpath: //button[contains(.,'Save')]--->was found
19:42:07  INFO  manager.MyListener - Start find element --->By.cssSelector: .contact-item_card__2SOIM
19:42:12  INFO  manager.MyListener - The element with locator --->By.cssSelector: .contact-item_card__2SOIM--->was found
19:42:12  INFO  tests.TestBase - Name of test ---> addNewContactSuccess2
19:42:12  INFO  manager.MyListener - Start find element --->By.xpath: //button[text()='Sign Out']
19:42:12  INFO  manager.MyListener - The element with locator --->By.xpath: //button[text()='Sign Out']--->was found
19:42:12  INFO  manager.MyListener - Start find element --->By.cssSelector: .contact-item_card__2SOIM
19:42:17  INFO  manager.MyListener - The element with locator --->By.cssSelector: .contact-item_card__2SOIM--->was found
19:42:17  INFO  manager.MyListener - Start find element --->By.cssSelector: .contact-item_card__2SOIM
19:42:22  INFO  manager.MyListener - The element with locator --->By.cssSelector: .contact-item_card__2SOIM--->was found
19:42:22  INFO  tests.TestBase - Contact(name=Elizabet, lastName=Swon, phone=5464748457, email=eliz1@gmail.com, address=Tortuga, description=Friend)contact was added
19:42:22  INFO  manager.MyListener - Start find element --->By.xpath: //a[text()='ADD']
19:42:22  INFO  manager.MyListener - The element with locator --->By.xpath: //a[text()='ADD']--->was found
19:42:22  INFO  manager.MyListener - Start find element --->By.cssSelector: [placeholder='Name']
19:42:22  INFO  manager.MyListener - The element with locator --->By.cssSelector: [placeholder='Name']--->was found
19:42:22  INFO  manager.MyListener - Start find element --->By.cssSelector: [placeholder='Last Name']
19:42:22  INFO  manager.MyListener - The element with locator --->By.cssSelector: [placeholder='Last Name']--->was found
19:42:22  INFO  manager.MyListener - Start find element --->By.cssSelector: [placeholder='Phone']
19:42:23  INFO  manager.MyListener - The element with locator --->By.cssSelector: [placeholder='Phone']--->was found
19:42:23  INFO  manager.MyListener - Start find element --->By.cssSelector: [placeholder='email']
19:42:23  INFO  manager.MyListener - The element with locator --->By.cssSelector: [placeholder='email']--->was found
19:42:23  INFO  manager.MyListener - Start find element --->By.cssSelector: [placeholder='Address']
19:42:23  INFO  manager.MyListener - The element with locator --->By.cssSelector: [placeholder='Address']--->was found
19:42:23  INFO  manager.MyListener - Start find element --->By.cssSelector: [placeholder='description']
19:42:23  INFO  manager.MyListener - The element with locator --->By.cssSelector: [placeholder='description']--->was found
19:42:23  INFO  manager.MyListener - Start find element --->By.xpath: //button[contains(.,'Save')]
19:42:23  INFO  manager.MyListener - The element with locator --->By.xpath: //button[contains(.,'Save')]--->was found
19:42:23  INFO  manager.MyListener - Start find element --->By.cssSelector: .contact-item_card__2SOIM
19:42:28  INFO  manager.MyListener - The element with locator --->By.cssSelector: .contact-item_card__2SOIM--->was found
19:42:28  INFO  tests.TestBase - Name of test ---> addNewContactSuccess2
19:42:28  INFO  manager.MyListener - Start find element --->By.xpath: //button[text()='Sign Out']
19:42:28  INFO  manager.MyListener - The element with locator --->By.xpath: //button[text()='Sign Out']--->was found
19:42:28  INFO  manager.MyListener - Start find element --->By.cssSelector: .contact-item_card__2SOIM
19:42:33  INFO  manager.MyListener - The element with locator --->By.cssSelector: .contact-item_card__2SOIM--->was found
19:42:33  INFO  manager.MyListener - Start find element --->By.cssSelector: .contact-item_card__2SOIM
19:42:38  INFO  manager.MyListener - The element with locator --->By.cssSelector: .contact-item_card__2SOIM--->was found
19:42:38  INFO  tests.TestBase - Contact(name=Elizabet, lastName=Swon, phone=5464748454, email=eliz2@gmail.com, address=Tortuga, description=Friend)contact was added
19:42:38  INFO  manager.MyListener - Start find element --->By.xpath: //a[text()='ADD']
19:42:38  INFO  manager.MyListener - The element with locator --->By.xpath: //a[text()='ADD']--->was found
19:42:38  INFO  manager.MyListener - Start find element --->By.cssSelector: [placeholder='Name']
19:42:38  INFO  manager.MyListener - The element with locator --->By.cssSelector: [placeholder='Name']--->was found
19:42:38  INFO  manager.MyListener - Start find element --->By.cssSelector: [placeholder='Last Name']
19:42:38  INFO  manager.MyListener - The element with locator --->By.cssSelector: [placeholder='Last Name']--->was found
19:42:39  INFO  manager.MyListener - Start find element --->By.cssSelector: [placeholder='Phone']
19:42:39  INFO  manager.MyListener - The element with locator --->By.cssSelector: [placeholder='Phone']--->was found
19:42:39  INFO  manager.MyListener - Start find element --->By.cssSelector: [placeholder='email']
19:42:39  INFO  manager.MyListener - The element with locator --->By.cssSelector: [placeholder='email']--->was found
19:42:39  INFO  manager.MyListener - Start find element --->By.cssSelector: [placeholder='Address']
19:42:39  INFO  manager.MyListener - The element with locator --->By.cssSelector: [placeholder='Address']--->was found
19:42:39  INFO  manager.MyListener - Start find element --->By.cssSelector: [placeholder='description']
19:42:39  INFO  manager.MyListener - The element with locator --->By.cssSelector: [placeholder='description']--->was found
19:42:39  INFO  manager.MyListener - Start find element --->By.xpath: //button[contains(.,'Save')]
19:42:39  INFO  manager.MyListener - The element with locator --->By.xpath: //button[contains(.,'Save')]--->was found
19:42:39  INFO  manager.MyListener - Start find element --->By.cssSelector: .contact-item_card__2SOIM
19:42:44  INFO  manager.MyListener - The element with locator --->By.cssSelector: .contact-item_card__2SOIM--->was found
19:42:44  INFO  tests.TestBase - Name of test ---> loginNegativeTestWrongPassword
19:42:44  INFO  manager.MyListener - Start find element --->By.xpath: //button[text()='Sign Out']
19:42:44  INFO  manager.MyListener - The element with locator --->By.xpath: //button[text()='Sign Out']--->was found
19:42:44  INFO  manager.MyListener - Start find element --->By.xpath: //button[text()='Sign Out']
19:42:44  INFO  manager.MyListener - The element with locator --->By.xpath: //button[text()='Sign Out']--->was found
19:42:44  INFO  tests.TestBase - The user start negative login process with data : --->User{email='Tomy123456@mail.com', password='Qq'}
19:42:44  INFO  manager.MyListener - Start find element --->By.xpath: //a[@href='/login']
19:42:44  INFO  manager.MyListener - The element with locator --->By.xpath: //a[@href='/login']--->was found
19:42:44  INFO  manager.MyListener - Start find element --->By.xpath: //input[1]
19:42:44  INFO  manager.MyListener - The element with locator --->By.xpath: //input[1]--->was found
19:42:44  INFO  manager.MyListener - Start find element --->By.xpath: //input[2]
19:42:44  INFO  manager.MyListener - The element with locator --->By.xpath: //input[2]--->was found
19:42:45  INFO  manager.MyListener - Start find element --->By.xpath: //button[text()=' Login']
19:42:45  INFO  manager.MyListener - The element with locator --->By.xpath: //button[text()=' Login']--->was found
19:42:50  INFO  manager.MyListener - Start find element --->By.xpath: //button[text()='Sign Out']
19:42:55  INFO  manager.MyListener - The element with locator --->By.xpath: //button[text()='Sign Out']--->was found
19:42:55  INFO  tests.TestBase - Name of test ---> loginSuccessModel
19:42:55  INFO  manager.MyListener - Start find element --->By.xpath: //button[text()='Sign Out']
19:43:00  INFO  manager.MyListener - The element with locator --->By.xpath: //button[text()='Sign Out']--->was found
19:43:00  INFO  tests.TestBase - Test starts with email [Tomy123456@mail.com], pessword[Qq123666$45]
19:43:00  INFO  manager.MyListener - Start find element --->By.xpath: //a[@href='/login']
19:43:00  INFO  manager.MyListener - The element with locator --->By.xpath: //a[@href='/login']--->was found
19:43:00  INFO  manager.MyListener - Start find element --->By.xpath: //input[1]
19:43:00  INFO  manager.MyListener - The element with locator --->By.xpath: //input[1]--->was found
19:43:00  INFO  manager.MyListener - Start find element --->By.xpath: //input[2]
19:43:00  INFO  manager.MyListener - The element with locator --->By.xpath: //input[2]--->was found
19:43:00  INFO  manager.MyListener - Start find element --->By.xpath: //button[text()=' Login']
19:43:00  INFO  manager.MyListener - The element with locator --->By.xpath: //button[text()=' Login']--->was found
19:43:01  INFO  manager.MyListener - Start find element --->By.xpath: //a[@href='/contacts']
19:43:01  INFO  manager.MyListener - The element with locator --->By.xpath: //a[@href='/contacts']--->was found
19:43:01  INFO  tests.TestBase - Name of test ---> loginSuccessModelDataProvider
19:43:01  INFO  manager.MyListener - Start find element --->By.xpath: //button[text()='Sign Out']
19:43:01  INFO  manager.MyListener - The element with locator --->By.xpath: //button[text()='Sign Out']--->was found
19:43:01  INFO  manager.MyListener - Start find element --->By.xpath: //button[text()='Sign Out']
19:43:01  INFO  manager.MyListener - The element with locator --->By.xpath: //button[text()='Sign Out']--->was found
19:43:01  INFO  tests.TestBase - Test user starts with data:User{email='Tomy123456@mail.com', password='Qq123666$45'}
19:43:01  INFO  manager.MyListener - Start find element --->By.xpath: //a[@href='/login']
19:43:01  INFO  manager.MyListener - The element with locator --->By.xpath: //a[@href='/login']--->was found
19:43:01  INFO  manager.MyListener - Start find element --->By.xpath: //input[1]
19:43:01  INFO  manager.MyListener - The element with locator --->By.xpath: //input[1]--->was found
19:43:01  INFO  manager.MyListener - Start find element --->By.xpath: //input[2]
19:43:01  INFO  manager.MyListener - The element with locator --->By.xpath: //input[2]--->was found
19:43:01  INFO  manager.MyListener - Start find element --->By.xpath: //button[text()=' Login']
19:43:01  INFO  manager.MyListener - The element with locator --->By.xpath: //button[text()=' Login']--->was found
19:43:01  INFO  manager.MyListener - Start find element --->By.xpath: //a[@href='/contacts']
19:43:01  INFO  manager.MyListener - The element with locator --->By.xpath: //a[@href='/contacts']--->was found
19:43:01  INFO  tests.TestBase - Name of test ---> loginSuccessModelDataProvider
19:43:01  INFO  manager.MyListener - Start find element --->By.xpath: //button[text()='Sign Out']
19:43:01  INFO  manager.MyListener - The element with locator --->By.xpath: //button[text()='Sign Out']--->was found
19:43:01  INFO  manager.MyListener - Start find element --->By.xpath: //button[text()='Sign Out']
19:43:01  INFO  manager.MyListener - The element with locator --->By.xpath: //button[text()='Sign Out']--->was found
19:43:02  INFO  tests.TestBase - Test user starts with data:User{email='Tomy123456@mail.com', password='Qq123666$45'}
19:43:02  INFO  manager.MyListener - Start find element --->By.xpath: //a[@href='/login']
19:43:02  INFO  manager.MyListener - The element with locator --->By.xpath: //a[@href='/login']--->was found
19:43:02  INFO  manager.MyListener - Start find element --->By.xpath: //input[1]
19:43:02  INFO  manager.MyListener - The element with locator --->By.xpath: //input[1]--->was found
19:43:02  INFO  manager.MyListener - Start find element --->By.xpath: //input[2]
19:43:02  INFO  manager.MyListener - The element with locator --->By.xpath: //input[2]--->was found
19:43:02  INFO  manager.MyListener - Start find element --->By.xpath: //button[text()=' Login']
19:43:02  INFO  manager.MyListener - The element with locator --->By.xpath: //button[text()=' Login']--->was found
19:43:02  INFO  manager.MyListener - Start find element --->By.xpath: //a[@href='/contacts']
19:43:02  INFO  manager.MyListener - The element with locator --->By.xpath: //a[@href='/contacts']--->was found
19:43:02  INFO  tests.TestBase - Name of test ---> loginSuccessModelDataProvider
19:43:02  INFO  manager.MyListener - Start find element --->By.xpath: //button[text()='Sign Out']
19:43:02  INFO  manager.MyListener - The element with locator --->By.xpath: //button[text()='Sign Out']--->was found
19:43:02  INFO  manager.MyListener - Start find element --->By.xpath: //button[text()='Sign Out']
19:43:02  INFO  manager.MyListener - The element with locator --->By.xpath: //button[text()='Sign Out']--->was found
19:43:02  INFO  tests.TestBase - Test user starts with data:User{email='Tomy123456@mail.com', password='Qq123666$45'}
19:43:02  INFO  manager.MyListener - Start find element --->By.xpath: //a[@href='/login']
19:43:02  INFO  manager.MyListener - The element with locator --->By.xpath: //a[@href='/login']--->was found
19:43:02  INFO  manager.MyListener - Start find element --->By.xpath: //input[1]
19:43:02  INFO  manager.MyListener - The element with locator --->By.xpath: //input[1]--->was found
19:43:03  INFO  manager.MyListener - Start find element --->By.xpath: //input[2]
19:43:03  INFO  manager.MyListener - The element with locator --->By.xpath: //input[2]--->was found
19:43:03  INFO  manager.MyListener - Start find element --->By.xpath: //button[text()=' Login']
19:43:03  INFO  manager.MyListener - The element with locator --->By.xpath: //button[text()=' Login']--->was found
19:43:03  INFO  manager.MyListener - Start find element --->By.xpath: //a[@href='/contacts']
19:43:03  INFO  manager.MyListener - The element with locator --->By.xpath: //a[@href='/contacts']--->was found
19:43:03  INFO  tests.TestBase - Name of test ---> loginSuccessTestDataProvider
19:43:03  INFO  manager.MyListener - Start find element --->By.xpath: //button[text()='Sign Out']
19:43:03  INFO  manager.MyListener - The element with locator --->By.xpath: //button[text()='Sign Out']--->was found
19:43:03  INFO  manager.MyListener - Start find element --->By.xpath: //button[text()='Sign Out']
19:43:03  INFO  manager.MyListener - The element with locator --->By.xpath: //button[text()='Sign Out']--->was found
19:43:03  INFO  tests.TestBase - Test starts with email Tomy123456@mail.com  && password Qq123666$45
19:43:03  INFO  manager.MyListener - Start find element --->By.xpath: //a[@href='/login']
19:43:03  INFO  manager.MyListener - The element with locator --->By.xpath: //a[@href='/login']--->was found
19:43:06  INFO  manager.MyListener - Start find element --->By.xpath: //input[1]
19:43:06  INFO  manager.MyListener - The element with locator --->By.xpath: //input[1]--->was found
19:43:06  INFO  manager.MyListener - Start find element --->By.xpath: //input[2]
19:43:07  INFO  manager.MyListener - The element with locator --->By.xpath: //input[2]--->was found
19:43:07  INFO  manager.MyListener - Start find element --->By.xpath: //button[text()=' Login']
19:43:07  INFO  manager.MyListener - The element with locator --->By.xpath: //button[text()=' Login']--->was found
19:43:07  INFO  manager.MyListener - Start find element --->By.xpath: //a[@href='/contacts']
19:43:07  INFO  manager.MyListener - The element with locator --->By.xpath: //a[@href='/contacts']--->was found
19:43:07  INFO  tests.TestBase - Name of test ---> loginSuccessTestDataProvider
19:43:07  INFO  manager.MyListener - Start find element --->By.xpath: //button[text()='Sign Out']
19:43:07  INFO  manager.MyListener - The element with locator --->By.xpath: //button[text()='Sign Out']--->was found
19:43:07  INFO  manager.MyListener - Start find element --->By.xpath: //button[text()='Sign Out']
19:43:07  INFO  manager.MyListener - The element with locator --->By.xpath: //button[text()='Sign Out']--->was found
19:43:07  INFO  tests.TestBase - Test starts with email Tomy123456@mail.com  && password Qq123666$45
19:43:07  INFO  manager.MyListener - Start find element --->By.xpath: //a[@href='/login']
19:43:07  INFO  manager.MyListener - The element with locator --->By.xpath: //a[@href='/login']--->was found
19:43:10  INFO  manager.MyListener - Start find element --->By.xpath: //input[1]
19:43:10  INFO  manager.MyListener - The element with locator --->By.xpath: //input[1]--->was found
19:43:10  INFO  manager.MyListener - Start find element --->By.xpath: //input[2]
19:43:10  INFO  manager.MyListener - The element with locator --->By.xpath: //input[2]--->was found
19:43:10  INFO  manager.MyListener - Start find element --->By.xpath: //button[text()=' Login']
19:43:10  INFO  manager.MyListener - The element with locator --->By.xpath: //button[text()=' Login']--->was found
19:43:10  INFO  manager.MyListener - Start find element --->By.xpath: //a[@href='/contacts']
19:43:11  INFO  manager.MyListener - The element with locator --->By.xpath: //a[@href='/contacts']--->was found
19:43:11  INFO  tests.TestBase - Name of test ---> loginSuccessTestDataProvider
19:43:11  INFO  manager.MyListener - Start find element --->By.xpath: //button[text()='Sign Out']
19:43:11  INFO  manager.MyListener - The element with locator --->By.xpath: //button[text()='Sign Out']--->was found
19:43:11  INFO  manager.MyListener - Start find element --->By.xpath: //button[text()='Sign Out']
19:43:11  INFO  manager.MyListener - The element with locator --->By.xpath: //button[text()='Sign Out']--->was found
19:43:11  INFO  tests.TestBase - Test starts with email elizabet123456@mail.com  && password El098765$
19:43:11  INFO  manager.MyListener - Start find element --->By.xpath: //a[@href='/login']
19:43:11  INFO  manager.MyListener - The element with locator --->By.xpath: //a[@href='/login']--->was found
19:43:14  INFO  manager.MyListener - Start find element --->By.xpath: //input[1]
19:43:14  INFO  manager.MyListener - The element with locator --->By.xpath: //input[1]--->was found
19:43:14  INFO  manager.MyListener - Start find element --->By.xpath: //input[2]
19:43:14  INFO  manager.MyListener - The element with locator --->By.xpath: //input[2]--->was found
19:43:14  INFO  manager.MyListener - Start find element --->By.xpath: //button[text()=' Login']
19:43:14  INFO  manager.MyListener - The element with locator --->By.xpath: //button[text()=' Login']--->was found
19:43:14  INFO  manager.MyListener - Start find element --->By.xpath: //a[@href='/contacts']
19:43:14  INFO  manager.MyListener - The element with locator --->By.xpath: //a[@href='/contacts']--->was found
19:43:14  INFO  tests.TestBase - Name of test ---> loginSuccessTestDataProviderCSV
19:43:14  INFO  manager.MyListener - Start find element --->By.xpath: //button[text()='Sign Out']
19:43:14  INFO  manager.MyListener - The element with locator --->By.xpath: //button[text()='Sign Out']--->was found
19:43:14  INFO  manager.MyListener - Start find element --->By.xpath: //button[text()='Sign Out']
19:43:15  INFO  manager.MyListener - The element with locator --->By.xpath: //button[text()='Sign Out']--->was found
19:43:15  INFO  tests.TestBase - Test starts with email Tomy123456@mail.com  && password Qq123666$45
19:43:15  INFO  manager.MyListener - Start find element --->By.xpath: //a[@href='/login']
19:43:15  INFO  manager.MyListener - The element with locator --->By.xpath: //a[@href='/login']--->was found
19:43:18  INFO  manager.MyListener - Start find element --->By.xpath: //input[1]
19:43:18  INFO  manager.MyListener - The element with locator --->By.xpath: //input[1]--->was found
19:43:18  INFO  manager.MyListener - Start find element --->By.xpath: //input[2]
19:43:18  INFO  manager.MyListener - The element with locator --->By.xpath: //input[2]--->was found
19:43:18  INFO  manager.MyListener - Start find element --->By.xpath: //button[text()=' Login']
19:43:18  INFO  manager.MyListener - The element with locator --->By.xpath: //button[text()=' Login']--->was found
19:43:18  INFO  manager.MyListener - Start find element --->By.xpath: //a[@href='/contacts']
19:43:18  INFO  manager.MyListener - The element with locator --->By.xpath: //a[@href='/contacts']--->was found
19:43:18  INFO  tests.TestBase - Name of test ---> loginSuccessTestDataProviderCSV
19:43:18  INFO  manager.MyListener - Start find element --->By.xpath: //button[text()='Sign Out']
19:43:18  INFO  manager.MyListener - The element with locator --->By.xpath: //button[text()='Sign Out']--->was found
19:43:18  INFO  manager.MyListener - Start find element --->By.xpath: //button[text()='Sign Out']
19:43:18  INFO  manager.MyListener - The element with locator --->By.xpath: //button[text()='Sign Out']--->was found
19:43:18  INFO  tests.TestBase - Test starts with email elizabet123456@mail.com  && password El098765$
19:43:18  INFO  manager.MyListener - Start find element --->By.xpath: //a[@href='/login']
19:43:18  INFO  manager.MyListener - The element with locator --->By.xpath: //a[@href='/login']--->was found
19:43:21  INFO  manager.MyListener - Start find element --->By.xpath: //input[1]
19:43:21  INFO  manager.MyListener - The element with locator --->By.xpath: //input[1]--->was found
19:43:21  INFO  manager.MyListener - Start find element --->By.xpath: //input[2]
19:43:21  INFO  manager.MyListener - The element with locator --->By.xpath: //input[2]--->was found
19:43:22  INFO  manager.MyListener - Start find element --->By.xpath: //button[text()=' Login']
19:43:22  INFO  manager.MyListener - The element with locator --->By.xpath: //button[text()=' Login']--->was found
19:43:22  INFO  manager.MyListener - Start find element --->By.xpath: //a[@href='/contacts']
19:43:22  INFO  manager.MyListener - The element with locator --->By.xpath: //a[@href='/contacts']--->was found
19:43:22  INFO  tests.TestBase - Name of test ---> registrationSuccess
19:43:22  INFO  manager.MyListener - Start find element --->By.xpath: //button[text()='Sign Out']
19:43:22  INFO  manager.MyListener - The element with locator --->By.xpath: //button[text()='Sign Out']--->was found
19:43:22  INFO  manager.MyListener - Start find element --->By.xpath: //button[text()='Sign Out']
19:43:22  INFO  manager.MyListener - The element with locator --->By.xpath: //button[text()='Sign Out']--->was found
19:43:22  INFO  manager.MyListener - Start find element --->By.xpath: //a[@href='/login']
19:43:22  INFO  manager.MyListener - The element with locator --->By.xpath: //a[@href='/login']--->was found
19:43:22  INFO  manager.MyListener - Start find element --->By.xpath: //input[1]
19:43:22  INFO  manager.MyListener - The element with locator --->By.xpath: //input[1]--->was found
19:43:22  INFO  manager.MyListener - Start find element --->By.xpath: //input[2]
19:43:22  INFO  manager.MyListener - The element with locator --->By.xpath: //input[2]--->was found
19:43:22  INFO  manager.MyListener - Start find element --->By.xpath: //button[text()=' Registration']
19:43:22  INFO  manager.MyListener - The element with locator --->By.xpath: //button[text()=' Registration']--->was found
19:43:22  INFO  manager.MyListener - Start find element --->By.cssSelector: h2
19:43:23  INFO  manager.MyListener - The element with locator --->By.cssSelector: h2--->was found
19:43:23  INFO  tests.TestBase - Name of test ---> registrationSuccessModel
19:43:23  INFO  manager.MyListener - Start find element --->By.xpath: //button[text()='Sign Out']
19:43:23  INFO  manager.MyListener - The element with locator --->By.xpath: //button[text()='Sign Out']--->was found
19:43:23  INFO  manager.MyListener - Start find element --->By.xpath: //button[text()='Sign Out']
19:43:23  INFO  manager.MyListener - The element with locator --->By.xpath: //button[text()='Sign Out']--->was found
19:43:23  INFO  manager.MyListener - Start find element --->By.xpath: //a[@href='/login']
19:43:23  INFO  manager.MyListener - The element with locator --->By.xpath: //a[@href='/login']--->was found
19:43:23  INFO  manager.MyListener - Start find element --->By.xpath: //input[1]
19:43:23  INFO  manager.MyListener - The element with locator --->By.xpath: //input[1]--->was found
19:43:23  INFO  manager.MyListener - Start find element --->By.xpath: //input[2]
19:43:23  INFO  manager.MyListener - The element with locator --->By.xpath: //input[2]--->was found
19:43:23  INFO  manager.MyListener - Start find element --->By.xpath: //button[text()=' Registration']
19:43:23  INFO  manager.MyListener - The element with locator --->By.xpath: //button[text()=' Registration']--->was found
19:43:23  INFO  tests.TestBase - User register with dataUser{email='maya2603@mail.com', password='Ma098765$'}
19:43:23  INFO  manager.MyListener - Start find element --->By.cssSelector: h2
19:43:24  INFO  manager.MyListener - The element with locator --->By.cssSelector: h2--->was found
19:43:24  INFO  tests.TestBase - Name of test ---> removeAllContactTest
19:43:24  INFO  manager.MyListener - Start find element --->By.xpath: //button[text()='Sign Out']
19:43:24  INFO  manager.MyListener - The element with locator --->By.xpath: //button[text()='Sign Out']--->was found
19:43:24  INFO  manager.MyListener - Start find element --->By.cssSelector: .contact-item_card__2SOIM
19:43:29  INFO  manager.MyListener - The element with locator --->By.cssSelector: .contact-item_card__2SOIM--->was found
19:43:29  INFO  manager.MyListener - Start find element --->By.xpath: //a[text()='ADD']
19:43:29  INFO  manager.MyListener - The element with locator --->By.xpath: //a[text()='ADD']--->was found
19:43:29  INFO  manager.MyListener - Start find element --->By.cssSelector: [placeholder='Name']
19:43:29  INFO  manager.MyListener - The element with locator --->By.cssSelector: [placeholder='Name']--->was found
19:43:29  INFO  manager.MyListener - Start find element --->By.cssSelector: [placeholder='Last Name']
19:43:29  INFO  manager.MyListener - The element with locator --->By.cssSelector: [placeholder='Last Name']--->was found
19:43:29  INFO  manager.MyListener - Start find element --->By.cssSelector: [placeholder='Phone']
19:43:29  INFO  manager.MyListener - The element with locator --->By.cssSelector: [placeholder='Phone']--->was found
19:43:29  INFO  manager.MyListener - Start find element --->By.cssSelector: [placeholder='email']
19:43:29  INFO  manager.MyListener - The element with locator --->By.cssSelector: [placeholder='email']--->was found
19:43:29  INFO  manager.MyListener - Start find element --->By.cssSelector: [placeholder='Address']
19:43:29  INFO  manager.MyListener - The element with locator --->By.cssSelector: [placeholder='Address']--->was found
19:43:29  INFO  manager.MyListener - Start find element --->By.cssSelector: [placeholder='description']
19:43:29  INFO  manager.MyListener - The element with locator --->By.cssSelector: [placeholder='description']--->was found
19:43:34  INFO  manager.MyListener - We have a throwable ---> element not interactable
  (Session info: chrome=98.0.4758.82)
Build info: version: '3.141.59', revision: 'e82be7d358', time: '2018-11-14T08:17:03'
System info: host: 'DESKTOP-O62I6CB', ip: '10.100.102.5', os.name: 'Windows 10', os.arch: 'amd64', os.version: '10.0', java.version: '11.0.13'
Driver info: org.openqa.selenium.chrome.ChromeDriver
Capabilities {acceptInsecureCerts: false, browserName: chrome, browserVersion: 98.0.4758.82, chrome: {chromedriverVersion: 98.0.4758.80 (7f0488e8ba0d8..., userDataDir: C:\Users\Natali\AppData\Loc...}, goog:chromeOptions: {debuggerAddress: localhost:60741}, javascriptEnabled: true, networkConnectionEnabled: false, pageLoadStrategy: normal, platform: WINDOWS, platformName: WINDOWS, proxy: Proxy(), setWindowRect: true, strictFileInteractability: false, timeouts: {implicit: 0, pageLoad: 300000, script: 30000}, unhandledPromptBehavior: dismiss and notify, webauthn:extension:credBlob: true, webauthn:extension:largeBlob: true, webauthn:virtualAuthenticators: true}
Session ID: 8208ffd40c8af65685940a19f319fb63
19:43:34  INFO  manager.MyListener - org.openqa.selenium.ElementNotInteractableException: element not interactable
  (Session info: chrome=98.0.4758.82)
Build info: version: '3.141.59', revision: 'e82be7d358', time: '2018-11-14T08:17:03'
System info: host: 'DESKTOP-O62I6CB', ip: '10.100.102.5', os.name: 'Windows 10', os.arch: 'amd64', os.version: '10.0', java.version: '11.0.13'
Driver info: org.openqa.selenium.chrome.ChromeDriver
Capabilities {acceptInsecureCerts: false, browserName: chrome, browserVersion: 98.0.4758.82, chrome: {chromedriverVersion: 98.0.4758.80 (7f0488e8ba0d8..., userDataDir: C:\Users\Natali\AppData\Loc...}, goog:chromeOptions: {debuggerAddress: localhost:60741}, javascriptEnabled: true, networkConnectionEnabled: false, pageLoadStrategy: normal, platform: WINDOWS, platformName: WINDOWS, proxy: Proxy(), setWindowRect: true, strictFileInteractability: false, timeouts: {implicit: 0, pageLoad: 300000, script: 30000}, unhandledPromptBehavior: dismiss and notify, webauthn:extension:credBlob: true, webauthn:extension:largeBlob: true, webauthn:virtualAuthenticators: true}
Session ID: 8208ffd40c8af65685940a19f319fb63
19:43:34  INFO  manager.MyListener - This is your screen with error -->src/test/screenshorts/screen2614.png
