19:19:06  INFO  manager.ApplicationManager - All tests starts in 'Chrom' browser
19:19:07  INFO  tests.TestBase - Name of test ---> removeAllContactTest
19:19:07  INFO  manager.MyListener - Start find element --->By.xpath: //button[text()='Sign Out']
19:19:12  INFO  manager.MyListener - The element with locator --->By.xpath: //button[text()='Sign Out']--->was found
19:19:12  INFO  manager.MyListener - Start find element --->By.xpath: //a[@href='/login']
19:19:12  INFO  manager.MyListener - The element with locator --->By.xpath: //a[@href='/login']--->was found
19:19:12  INFO  manager.MyListener - Start find element --->By.xpath: //input[1]
19:19:12  INFO  manager.MyListener - The element with locator --->By.xpath: //input[1]--->was found
19:19:13  INFO  manager.MyListener - Start find element --->By.xpath: //input[2]
19:19:13  INFO  manager.MyListener - The element with locator --->By.xpath: //input[2]--->was found
19:19:13  INFO  manager.MyListener - Start find element --->By.xpath: //button[text()=' Login']
19:19:13  INFO  manager.MyListener - The element with locator --->By.xpath: //button[text()=' Login']--->was found
19:19:13  INFO  manager.MyListener - Start find element --->By.cssSelector: .contact-item_card__2SOIM
19:19:14  INFO  manager.MyListener - The element with locator --->By.cssSelector: .contact-item_card__2SOIM--->was found
19:19:14  INFO  manager.MyListener - Start find element --->By.cssSelector: .contact-item_card__2SOIM
19:19:14  INFO  manager.MyListener - The element with locator --->By.cssSelector: .contact-item_card__2SOIM--->was found
19:19:14  INFO  manager.MyListener - Start find element --->By.cssSelector: .contact-item_card__2SOIM
19:19:14  INFO  manager.MyListener - The element with locator --->By.cssSelector: .contact-item_card__2SOIM--->was found
19:19:14  INFO  manager.HelperBase - Before remove 'One contact tests' count was --->39
19:19:14  INFO  manager.MyListener - Start find element --->By.cssSelector: .contact-item_card__2SOIM
19:19:14  INFO  manager.MyListener - The element with locator --->By.cssSelector: .contact-item_card__2SOIM--->was found
19:19:14  INFO  manager.MyListener - Start find element --->By.cssSelector: .contact-item_card__2SOIM h3
19:19:14  INFO  manager.MyListener - The element with locator --->By.cssSelector: .contact-item_card__2SOIM h3--->was found
19:19:14  INFO  manager.HelperBase - The phone number of removed contact was -->3456789
19:19:14  INFO  manager.MyListener - Start find element --->By.cssSelector: .contact-item_card__2SOIM
19:19:14  INFO  manager.MyListener - The element with locator --->By.cssSelector: .contact-item_card__2SOIM--->was found
19:19:14  INFO  manager.MyListener - Start find element --->By.xpath: //button[text()='Remove']
19:19:14  INFO  manager.MyListener - The element with locator --->By.xpath: //button[text()='Remove']--->was found
19:19:15  INFO  manager.MyListener - Start find element --->By.cssSelector: .contact-item_card__2SOIM
19:19:15  INFO  manager.MyListener - The element with locator --->By.cssSelector: .contact-item_card__2SOIM--->was found
19:19:15  INFO  manager.HelperBase - After remove one contact the count is --->38
19:19:15  INFO  manager.MyListener - Start find element --->By.cssSelector: .contact-item_card__2SOIM
19:19:15  INFO  manager.MyListener - The element with locator --->By.cssSelector: .contact-item_card__2SOIM--->was found
19:19:15  INFO  manager.MyListener - Start find element --->By.cssSelector: .contact-item_card__2SOIM
19:19:15  INFO  manager.MyListener - The element with locator --->By.cssSelector: .contact-item_card__2SOIM--->was found
19:19:15  INFO  manager.HelperBase - Before remove 'One contact tests' count was --->38
19:19:15  INFO  manager.MyListener - Start find element --->By.cssSelector: .contact-item_card__2SOIM
19:19:15  INFO  manager.MyListener - The element with locator --->By.cssSelector: .contact-item_card__2SOIM--->was found
19:19:15  INFO  manager.MyListener - Start find element --->By.cssSelector: .contact-item_card__2SOIM h3
19:19:15  INFO  manager.MyListener - The element with locator --->By.cssSelector: .contact-item_card__2SOIM h3--->was found
19:19:15  INFO  manager.HelperBase - The phone number of removed contact was -->a
19:19:15  INFO  manager.MyListener - Start find element --->By.cssSelector: .contact-item_card__2SOIM
19:19:15  INFO  manager.MyListener - The element with locator --->By.cssSelector: .contact-item_card__2SOIM--->was found
19:19:15  INFO  manager.MyListener - Start find element --->By.xpath: //button[text()='Remove']
19:19:15  INFO  manager.MyListener - The element with locator --->By.xpath: //button[text()='Remove']--->was found
19:19:16  INFO  manager.MyListener - Start find element --->By.cssSelector: .contact-item_card__2SOIM
19:19:16  INFO  manager.MyListener - The element with locator --->By.cssSelector: .contact-item_card__2SOIM--->was found
19:19:16  INFO  manager.HelperBase - After remove one contact the count is --->37
19:19:16  INFO  manager.MyListener - Start find element --->By.cssSelector: .contact-item_card__2SOIM
19:19:16  INFO  manager.MyListener - The element with locator --->By.cssSelector: .contact-item_card__2SOIM--->was found
19:19:16  INFO  manager.MyListener - Start find element --->By.cssSelector: .contact-item_card__2SOIM
19:19:16  INFO  manager.MyListener - The element with locator --->By.cssSelector: .contact-item_card__2SOIM--->was found
19:19:16  INFO  manager.HelperBase - Before remove 'One contact tests' count was --->37
19:19:16  INFO  manager.MyListener - Start find element --->By.cssSelector: .contact-item_card__2SOIM
19:19:16  INFO  manager.MyListener - The element with locator --->By.cssSelector: .contact-item_card__2SOIM--->was found
19:19:16  INFO  manager.MyListener - Start find element --->By.cssSelector: .contact-item_card__2SOIM h3
19:19:16  INFO  manager.MyListener - The element with locator --->By.cssSelector: .contact-item_card__2SOIM h3--->was found
19:19:16  INFO  manager.HelperBase - The phone number of removed contact was -->q
19:19:16  INFO  manager.MyListener - Start find element --->By.cssSelector: .contact-item_card__2SOIM
19:19:16  INFO  manager.MyListener - The element with locator --->By.cssSelector: .contact-item_card__2SOIM--->was found
19:19:16  INFO  manager.MyListener - Start find element --->By.xpath: //button[text()='Remove']
19:19:16  INFO  manager.MyListener - The element with locator --->By.xpath: //button[text()='Remove']--->was found
19:19:17  INFO  manager.MyListener - Start find element --->By.cssSelector: .contact-item_card__2SOIM
19:19:17  INFO  manager.MyListener - The element with locator --->By.cssSelector: .contact-item_card__2SOIM--->was found
19:19:17  INFO  manager.HelperBase - After remove one contact the count is --->36
19:19:17  INFO  manager.MyListener - Start find element --->By.cssSelector: .contact-item_card__2SOIM
19:19:17  INFO  manager.MyListener - The element with locator --->By.cssSelector: .contact-item_card__2SOIM--->was found
19:19:17  INFO  manager.MyListener - Start find element --->By.cssSelector: .contact-item_card__2SOIM
19:19:17  INFO  manager.MyListener - The element with locator --->By.cssSelector: .contact-item_card__2SOIM--->was found
19:19:17  INFO  manager.HelperBase - Before remove 'One contact tests' count was --->36
19:19:17  INFO  manager.MyListener - Start find element --->By.cssSelector: .contact-item_card__2SOIM
19:19:17  INFO  manager.MyListener - The element with locator --->By.cssSelector: .contact-item_card__2SOIM--->was found
19:19:17  INFO  manager.MyListener - Start find element --->By.cssSelector: .contact-item_card__2SOIM h3
19:19:17  INFO  manager.MyListener - The element with locator --->By.cssSelector: .contact-item_card__2SOIM h3--->was found
19:19:17  INFO  manager.HelperBase - The phone number of removed contact was -->9723456462
19:19:17  INFO  manager.MyListener - Start find element --->By.cssSelector: .contact-item_card__2SOIM
19:19:17  INFO  manager.MyListener - The element with locator --->By.cssSelector: .contact-item_card__2SOIM--->was found
19:19:17  INFO  manager.MyListener - Start find element --->By.xpath: //button[text()='Remove']
19:19:17  INFO  manager.MyListener - The element with locator --->By.xpath: //button[text()='Remove']--->was found
19:19:17  INFO  manager.MyListener - Start find element --->By.cssSelector: .contact-item_card__2SOIM
19:19:17  INFO  manager.MyListener - The element with locator --->By.cssSelector: .contact-item_card__2SOIM--->was found
19:19:17  INFO  manager.HelperBase - After remove one contact the count is --->35
19:19:17  INFO  manager.MyListener - Start find element --->By.cssSelector: .contact-item_card__2SOIM
19:19:17  INFO  manager.MyListener - The element with locator --->By.cssSelector: .contact-item_card__2SOIM--->was found
19:19:17  INFO  manager.MyListener - Start find element --->By.cssSelector: .contact-item_card__2SOIM
19:19:17  INFO  manager.MyListener - The element with locator --->By.cssSelector: .contact-item_card__2SOIM--->was found
19:19:17  INFO  manager.HelperBase - Before remove 'One contact tests' count was --->35
19:19:17  INFO  manager.MyListener - Start find element --->By.cssSelector: .contact-item_card__2SOIM
19:19:18  INFO  manager.MyListener - The element with locator --->By.cssSelector: .contact-item_card__2SOIM--->was found
19:19:18  INFO  manager.MyListener - Start find element --->By.cssSelector: .contact-item_card__2SOIM h3
19:19:18  INFO  manager.MyListener - The element with locator --->By.cssSelector: .contact-item_card__2SOIM h3--->was found
19:19:18  INFO  manager.HelperBase - The phone number of removed contact was -->9723456692
19:19:18  INFO  manager.MyListener - Start find element --->By.cssSelector: .contact-item_card__2SOIM
19:19:18  INFO  manager.MyListener - The element with locator --->By.cssSelector: .contact-item_card__2SOIM--->was found
19:19:18  INFO  manager.MyListener - Start find element --->By.xpath: //button[text()='Remove']
19:19:18  INFO  manager.MyListener - The element with locator --->By.xpath: //button[text()='Remove']--->was found
19:19:18  INFO  manager.MyListener - Start find element --->By.cssSelector: .contact-item_card__2SOIM
19:19:18  INFO  manager.MyListener - The element with locator --->By.cssSelector: .contact-item_card__2SOIM--->was found
19:19:18  INFO  manager.HelperBase - After remove one contact the count is --->34
19:19:18  INFO  manager.MyListener - Start find element --->By.cssSelector: .contact-item_card__2SOIM
19:19:18  INFO  manager.MyListener - The element with locator --->By.cssSelector: .contact-item_card__2SOIM--->was found
19:19:18  INFO  manager.MyListener - Start find element --->By.cssSelector: .contact-item_card__2SOIM
19:19:18  INFO  manager.MyListener - The element with locator --->By.cssSelector: .contact-item_card__2SOIM--->was found
19:19:18  INFO  manager.HelperBase - Before remove 'One contact tests' count was --->34
19:19:18  INFO  manager.MyListener - Start find element --->By.cssSelector: .contact-item_card__2SOIM
19:19:18  INFO  manager.MyListener - The element with locator --->By.cssSelector: .contact-item_card__2SOIM--->was found
19:19:18  INFO  manager.MyListener - Start find element --->By.cssSelector: .contact-item_card__2SOIM h3
19:19:18  INFO  manager.MyListener - The element with locator --->By.cssSelector: .contact-item_card__2SOIM h3--->was found
19:19:18  INFO  manager.HelperBase - The phone number of removed contact was -->9723456801
19:19:18  INFO  manager.MyListener - Start find element --->By.cssSelector: .contact-item_card__2SOIM
19:19:18  INFO  manager.MyListener - The element with locator --->By.cssSelector: .contact-item_card__2SOIM--->was found
19:19:18  INFO  manager.MyListener - Start find element --->By.xpath: //button[text()='Remove']
19:19:18  INFO  manager.MyListener - The element with locator --->By.xpath: //button[text()='Remove']--->was found
19:19:19  INFO  manager.MyListener - Start find element --->By.cssSelector: .contact-item_card__2SOIM
19:19:19  INFO  manager.MyListener - The element with locator --->By.cssSelector: .contact-item_card__2SOIM--->was found
19:19:19  INFO  manager.HelperBase - After remove one contact the count is --->33
19:19:19  INFO  manager.MyListener - Start find element --->By.cssSelector: .contact-item_card__2SOIM
19:19:19  INFO  manager.MyListener - The element with locator --->By.cssSelector: .contact-item_card__2SOIM--->was found
19:19:19  INFO  manager.MyListener - Start find element --->By.cssSelector: .contact-item_card__2SOIM
19:19:19  INFO  manager.MyListener - The element with locator --->By.cssSelector: .contact-item_card__2SOIM--->was found
19:19:19  INFO  manager.HelperBase - Before remove 'One contact tests' count was --->33
19:19:19  INFO  manager.MyListener - Start find element --->By.cssSelector: .contact-item_card__2SOIM
19:19:19  INFO  manager.MyListener - The element with locator --->By.cssSelector: .contact-item_card__2SOIM--->was found
19:19:19  INFO  manager.MyListener - Start find element --->By.cssSelector: .contact-item_card__2SOIM h3
19:19:19  INFO  manager.MyListener - The element with locator --->By.cssSelector: .contact-item_card__2SOIM h3--->was found
19:19:19  INFO  manager.HelperBase - The phone number of removed contact was -->9723456856
19:19:19  INFO  manager.MyListener - Start find element --->By.cssSelector: .contact-item_card__2SOIM
19:19:19  INFO  manager.MyListener - The element with locator --->By.cssSelector: .contact-item_card__2SOIM--->was found
19:19:19  INFO  manager.MyListener - Start find element --->By.xpath: //button[text()='Remove']
19:19:19  INFO  manager.MyListener - The element with locator --->By.xpath: //button[text()='Remove']--->was found
19:19:20  INFO  manager.MyListener - Start find element --->By.cssSelector: .contact-item_card__2SOIM
19:19:20  INFO  manager.MyListener - The element with locator --->By.cssSelector: .contact-item_card__2SOIM--->was found
19:19:20  INFO  manager.HelperBase - After remove one contact the count is --->32
19:19:20  INFO  manager.MyListener - Start find element --->By.cssSelector: .contact-item_card__2SOIM
19:19:20  INFO  manager.MyListener - The element with locator --->By.cssSelector: .contact-item_card__2SOIM--->was found
19:19:20  INFO  manager.MyListener - Start find element --->By.cssSelector: .contact-item_card__2SOIM
19:19:20  INFO  manager.MyListener - The element with locator --->By.cssSelector: .contact-item_card__2SOIM--->was found
19:19:20  INFO  manager.HelperBase - Before remove 'One contact tests' count was --->32
19:19:20  INFO  manager.MyListener - Start find element --->By.cssSelector: .contact-item_card__2SOIM
19:19:20  INFO  manager.MyListener - The element with locator --->By.cssSelector: .contact-item_card__2SOIM--->was found
19:19:20  INFO  manager.MyListener - Start find element --->By.cssSelector: .contact-item_card__2SOIM h3
19:19:20  INFO  manager.MyListener - The element with locator --->By.cssSelector: .contact-item_card__2SOIM h3--->was found
19:19:20  INFO  manager.HelperBase - The phone number of removed contact was -->97234561048
19:19:20  INFO  manager.MyListener - Start find element --->By.cssSelector: .contact-item_card__2SOIM
19:19:20  INFO  manager.MyListener - The element with locator --->By.cssSelector: .contact-item_card__2SOIM--->was found
19:19:20  INFO  manager.MyListener - Start find element --->By.xpath: //button[text()='Remove']
19:19:20  INFO  manager.MyListener - The element with locator --->By.xpath: //button[text()='Remove']--->was found
19:19:21  INFO  manager.MyListener - Start find element --->By.cssSelector: .contact-item_card__2SOIM
19:19:21  INFO  manager.MyListener - The element with locator --->By.cssSelector: .contact-item_card__2SOIM--->was found
19:19:21  INFO  manager.HelperBase - After remove one contact the count is --->31
19:19:21  INFO  manager.MyListener - Start find element --->By.cssSelector: .contact-item_card__2SOIM
19:19:21  INFO  manager.MyListener - The element with locator --->By.cssSelector: .contact-item_card__2SOIM--->was found
19:19:21  INFO  manager.MyListener - Start find element --->By.cssSelector: .contact-item_card__2SOIM
19:19:21  INFO  manager.MyListener - The element with locator --->By.cssSelector: .contact-item_card__2SOIM--->was found
19:19:21  INFO  manager.HelperBase - Before remove 'One contact tests' count was --->31
19:19:21  INFO  manager.MyListener - Start find element --->By.cssSelector: .contact-item_card__2SOIM
19:19:21  INFO  manager.MyListener - The element with locator --->By.cssSelector: .contact-item_card__2SOIM--->was found
19:19:21  INFO  manager.MyListener - Start find element --->By.cssSelector: .contact-item_card__2SOIM h3
19:19:21  INFO  manager.MyListener - The element with locator --->By.cssSelector: .contact-item_card__2SOIM h3--->was found
19:19:21  INFO  manager.HelperBase - The phone number of removed contact was -->97234561322
19:19:21  INFO  manager.MyListener - Start find element --->By.cssSelector: .contact-item_card__2SOIM
19:19:21  INFO  manager.MyListener - The element with locator --->By.cssSelector: .contact-item_card__2SOIM--->was found
19:19:21  INFO  manager.MyListener - Start find element --->By.xpath: //button[text()='Remove']
19:19:21  INFO  manager.MyListener - The element with locator --->By.xpath: //button[text()='Remove']--->was found
19:19:21  INFO  manager.MyListener - Start find element --->By.cssSelector: .contact-item_card__2SOIM
19:19:22  INFO  manager.MyListener - The element with locator --->By.cssSelector: .contact-item_card__2SOIM--->was found
19:19:22  INFO  manager.HelperBase - After remove one contact the count is --->30
19:19:22  INFO  manager.MyListener - Start find element --->By.cssSelector: .contact-item_card__2SOIM
19:19:22  INFO  manager.MyListener - The element with locator --->By.cssSelector: .contact-item_card__2SOIM--->was found
19:19:22  INFO  manager.MyListener - Start find element --->By.cssSelector: .contact-item_card__2SOIM
19:19:22  INFO  manager.MyListener - The element with locator --->By.cssSelector: .contact-item_card__2SOIM--->was found
19:19:22  INFO  manager.HelperBase - Before remove 'One contact tests' count was --->30
19:19:22  INFO  manager.MyListener - Start find element --->By.cssSelector: .contact-item_card__2SOIM
19:19:22  INFO  manager.MyListener - The element with locator --->By.cssSelector: .contact-item_card__2SOIM--->was found
19:19:22  INFO  manager.MyListener - Start find element --->By.cssSelector: .contact-item_card__2SOIM h3
19:19:22  INFO  manager.MyListener - The element with locator --->By.cssSelector: .contact-item_card__2SOIM h3--->was found
19:19:22  INFO  manager.HelperBase - The phone number of removed contact was -->97234561348
19:19:22  INFO  manager.MyListener - Start find element --->By.cssSelector: .contact-item_card__2SOIM
19:19:22  INFO  manager.MyListener - The element with locator --->By.cssSelector: .contact-item_card__2SOIM--->was found
19:19:22  INFO  manager.MyListener - Start find element --->By.xpath: //button[text()='Remove']
19:19:22  INFO  manager.MyListener - The element with locator --->By.xpath: //button[text()='Remove']--->was found
19:19:22  INFO  manager.MyListener - Start find element --->By.cssSelector: .contact-item_card__2SOIM
19:19:22  INFO  manager.MyListener - The element with locator --->By.cssSelector: .contact-item_card__2SOIM--->was found
19:19:22  INFO  manager.HelperBase - After remove one contact the count is --->29
19:19:22  INFO  manager.MyListener - Start find element --->By.cssSelector: .contact-item_card__2SOIM
19:19:22  INFO  manager.MyListener - The element with locator --->By.cssSelector: .contact-item_card__2SOIM--->was found
19:19:22  INFO  manager.MyListener - Start find element --->By.cssSelector: .contact-item_card__2SOIM
19:19:22  INFO  manager.MyListener - The element with locator --->By.cssSelector: .contact-item_card__2SOIM--->was found
19:19:22  INFO  manager.HelperBase - Before remove 'One contact tests' count was --->29
19:19:22  INFO  manager.MyListener - Start find element --->By.cssSelector: .contact-item_card__2SOIM
19:19:22  INFO  manager.MyListener - The element with locator --->By.cssSelector: .contact-item_card__2SOIM--->was found
19:19:22  INFO  manager.MyListener - Start find element --->By.cssSelector: .contact-item_card__2SOIM h3
19:19:22  INFO  manager.MyListener - The element with locator --->By.cssSelector: .contact-item_card__2SOIM h3--->was found
19:19:22  INFO  manager.HelperBase - The phone number of removed contact was -->97234561423
19:19:22  INFO  manager.MyListener - Start find element --->By.cssSelector: .contact-item_card__2SOIM
19:19:23  INFO  manager.MyListener - The element with locator --->By.cssSelector: .contact-item_card__2SOIM--->was found
19:19:23  INFO  manager.MyListener - Start find element --->By.xpath: //button[text()='Remove']
19:19:23  INFO  manager.MyListener - The element with locator --->By.xpath: //button[text()='Remove']--->was found
19:19:23  INFO  manager.MyListener - Start find element --->By.cssSelector: .contact-item_card__2SOIM
19:19:23  INFO  manager.MyListener - The element with locator --->By.cssSelector: .contact-item_card__2SOIM--->was found
19:19:23  INFO  manager.HelperBase - After remove one contact the count is --->28
19:19:23  INFO  manager.MyListener - Start find element --->By.cssSelector: .contact-item_card__2SOIM
19:19:23  INFO  manager.MyListener - The element with locator --->By.cssSelector: .contact-item_card__2SOIM--->was found
19:19:23  INFO  manager.MyListener - Start find element --->By.cssSelector: .contact-item_card__2SOIM
19:19:23  INFO  manager.MyListener - The element with locator --->By.cssSelector: .contact-item_card__2SOIM--->was found
19:19:23  INFO  manager.HelperBase - Before remove 'One contact tests' count was --->28
19:19:23  INFO  manager.MyListener - Start find element --->By.cssSelector: .contact-item_card__2SOIM
19:19:23  INFO  manager.MyListener - The element with locator --->By.cssSelector: .contact-item_card__2SOIM--->was found
19:19:23  INFO  manager.MyListener - Start find element --->By.cssSelector: .contact-item_card__2SOIM h3
19:19:23  INFO  manager.MyListener - The element with locator --->By.cssSelector: .contact-item_card__2SOIM h3--->was found
19:19:23  INFO  manager.HelperBase - The phone number of removed contact was -->97234561513
19:19:23  INFO  manager.MyListener - Start find element --->By.cssSelector: .contact-item_card__2SOIM
19:19:23  INFO  manager.MyListener - The element with locator --->By.cssSelector: .contact-item_card__2SOIM--->was found
19:19:23  INFO  manager.MyListener - Start find element --->By.xpath: //button[text()='Remove']
19:19:23  INFO  manager.MyListener - The element with locator --->By.xpath: //button[text()='Remove']--->was found
19:19:24  INFO  manager.MyListener - Start find element --->By.cssSelector: .contact-item_card__2SOIM
19:19:24  INFO  manager.MyListener - The element with locator --->By.cssSelector: .contact-item_card__2SOIM--->was found
19:19:24  INFO  manager.HelperBase - After remove one contact the count is --->27
19:19:24  INFO  manager.MyListener - Start find element --->By.cssSelector: .contact-item_card__2SOIM
19:19:24  INFO  manager.MyListener - The element with locator --->By.cssSelector: .contact-item_card__2SOIM--->was found
19:19:24  INFO  manager.MyListener - Start find element --->By.cssSelector: .contact-item_card__2SOIM
19:19:24  INFO  manager.MyListener - The element with locator --->By.cssSelector: .contact-item_card__2SOIM--->was found
19:19:24  INFO  manager.HelperBase - Before remove 'One contact tests' count was --->27
19:19:24  INFO  manager.MyListener - Start find element --->By.cssSelector: .contact-item_card__2SOIM
19:19:24  INFO  manager.MyListener - The element with locator --->By.cssSelector: .contact-item_card__2SOIM--->was found
19:19:24  INFO  manager.MyListener - Start find element --->By.cssSelector: .contact-item_card__2SOIM h3
19:19:24  INFO  manager.MyListener - The element with locator --->By.cssSelector: .contact-item_card__2SOIM h3--->was found
19:19:24  INFO  manager.HelperBase - The phone number of removed contact was -->9876543
19:19:24  INFO  manager.MyListener - Start find element --->By.cssSelector: .contact-item_card__2SOIM
19:19:24  INFO  manager.MyListener - The element with locator --->By.cssSelector: .contact-item_card__2SOIM--->was found
19:19:24  INFO  manager.MyListener - Start find element --->By.xpath: //button[text()='Remove']
19:19:24  INFO  manager.MyListener - The element with locator --->By.xpath: //button[text()='Remove']--->was found
19:19:25  INFO  manager.MyListener - Start find element --->By.cssSelector: .contact-item_card__2SOIM
19:19:25  INFO  manager.MyListener - The element with locator --->By.cssSelector: .contact-item_card__2SOIM--->was found
19:19:25  INFO  manager.HelperBase - After remove one contact the count is --->26
19:19:25  INFO  manager.MyListener - Start find element --->By.cssSelector: .contact-item_card__2SOIM
19:19:25  INFO  manager.MyListener - The element with locator --->By.cssSelector: .contact-item_card__2SOIM--->was found
19:19:25  INFO  manager.MyListener - Start find element --->By.cssSelector: .contact-item_card__2SOIM
19:19:25  INFO  manager.MyListener - The element with locator --->By.cssSelector: .contact-item_card__2SOIM--->was found
19:19:25  INFO  manager.HelperBase - Before remove 'One contact tests' count was --->26
19:19:25  INFO  manager.MyListener - Start find element --->By.cssSelector: .contact-item_card__2SOIM
19:19:25  INFO  manager.MyListener - The element with locator --->By.cssSelector: .contact-item_card__2SOIM--->was found
19:19:25  INFO  manager.MyListener - Start find element --->By.cssSelector: .contact-item_card__2SOIM h3
19:19:25  INFO  manager.MyListener - The element with locator --->By.cssSelector: .contact-item_card__2SOIM h3--->was found
19:19:25  INFO  manager.HelperBase - The phone number of removed contact was -->4567898765
19:19:25  INFO  manager.MyListener - Start find element --->By.cssSelector: .contact-item_card__2SOIM
19:19:25  INFO  manager.MyListener - The element with locator --->By.cssSelector: .contact-item_card__2SOIM--->was found
19:19:25  INFO  manager.MyListener - Start find element --->By.xpath: //button[text()='Remove']
19:19:25  INFO  manager.MyListener - The element with locator --->By.xpath: //button[text()='Remove']--->was found
19:19:26  INFO  manager.MyListener - Start find element --->By.cssSelector: .contact-item_card__2SOIM
19:19:26  INFO  manager.MyListener - The element with locator --->By.cssSelector: .contact-item_card__2SOIM--->was found
19:19:26  INFO  manager.HelperBase - After remove one contact the count is --->25
19:19:26  INFO  manager.MyListener - Start find element --->By.cssSelector: .contact-item_card__2SOIM
19:19:26  INFO  manager.MyListener - The element with locator --->By.cssSelector: .contact-item_card__2SOIM--->was found
19:19:26  INFO  manager.MyListener - Start find element --->By.cssSelector: .contact-item_card__2SOIM
19:19:26  INFO  manager.MyListener - The element with locator --->By.cssSelector: .contact-item_card__2SOIM--->was found
19:19:26  INFO  manager.HelperBase - Before remove 'One contact tests' count was --->25
19:19:26  INFO  manager.MyListener - Start find element --->By.cssSelector: .contact-item_card__2SOIM
19:19:26  INFO  manager.MyListener - The element with locator --->By.cssSelector: .contact-item_card__2SOIM--->was found
19:19:26  INFO  manager.MyListener - Start find element --->By.cssSelector: .contact-item_card__2SOIM h3
19:19:26  INFO  manager.MyListener - The element with locator --->By.cssSelector: .contact-item_card__2SOIM h3--->was found
19:19:26  INFO  manager.HelperBase - The phone number of removed contact was -->97234561933
19:19:26  INFO  manager.MyListener - Start find element --->By.cssSelector: .contact-item_card__2SOIM
19:19:26  INFO  manager.MyListener - The element with locator --->By.cssSelector: .contact-item_card__2SOIM--->was found
19:19:26  INFO  manager.MyListener - Start find element --->By.xpath: //button[text()='Remove']
19:19:26  INFO  manager.MyListener - The element with locator --->By.xpath: //button[text()='Remove']--->was found
19:19:26  INFO  manager.MyListener - Start find element --->By.cssSelector: .contact-item_card__2SOIM
19:19:26  INFO  manager.MyListener - The element with locator --->By.cssSelector: .contact-item_card__2SOIM--->was found
19:19:26  INFO  manager.HelperBase - After remove one contact the count is --->24
19:19:26  INFO  manager.MyListener - Start find element --->By.cssSelector: .contact-item_card__2SOIM
19:19:26  INFO  manager.MyListener - The element with locator --->By.cssSelector: .contact-item_card__2SOIM--->was found
19:19:26  INFO  manager.MyListener - Start find element --->By.cssSelector: .contact-item_card__2SOIM
19:19:26  INFO  manager.MyListener - The element with locator --->By.cssSelector: .contact-item_card__2SOIM--->was found
19:19:26  INFO  manager.HelperBase - Before remove 'One contact tests' count was --->24
19:19:26  INFO  manager.MyListener - Start find element --->By.cssSelector: .contact-item_card__2SOIM
19:19:26  INFO  manager.MyListener - The element with locator --->By.cssSelector: .contact-item_card__2SOIM--->was found
19:19:26  INFO  manager.MyListener - Start find element --->By.cssSelector: .contact-item_card__2SOIM h3
19:19:26  INFO  manager.MyListener - The element with locator --->By.cssSelector: .contact-item_card__2SOIM h3--->was found
19:19:26  INFO  manager.HelperBase - The phone number of removed contact was -->9723452005
19:19:26  INFO  manager.MyListener - Start find element --->By.cssSelector: .contact-item_card__2SOIM
19:19:27  INFO  manager.MyListener - The element with locator --->By.cssSelector: .contact-item_card__2SOIM--->was found
19:19:27  INFO  manager.MyListener - Start find element --->By.xpath: //button[text()='Remove']
19:19:27  INFO  manager.MyListener - The element with locator --->By.xpath: //button[text()='Remove']--->was found
19:19:27  INFO  manager.MyListener - Start find element --->By.cssSelector: .contact-item_card__2SOIM
19:19:27  INFO  manager.MyListener - The element with locator --->By.cssSelector: .contact-item_card__2SOIM--->was found
19:19:27  INFO  manager.HelperBase - After remove one contact the count is --->23
19:19:27  INFO  manager.MyListener - Start find element --->By.cssSelector: .contact-item_card__2SOIM
19:19:27  INFO  manager.MyListener - The element with locator --->By.cssSelector: .contact-item_card__2SOIM--->was found
19:19:27  INFO  manager.MyListener - Start find element --->By.cssSelector: .contact-item_card__2SOIM
19:19:27  INFO  manager.MyListener - The element with locator --->By.cssSelector: .contact-item_card__2SOIM--->was found
19:19:27  INFO  manager.HelperBase - Before remove 'One contact tests' count was --->23
19:19:27  INFO  manager.MyListener - Start find element --->By.cssSelector: .contact-item_card__2SOIM
19:19:27  INFO  manager.MyListener - The element with locator --->By.cssSelector: .contact-item_card__2SOIM--->was found
19:19:27  INFO  manager.MyListener - Start find element --->By.cssSelector: .contact-item_card__2SOIM h3
19:19:27  INFO  manager.MyListener - The element with locator --->By.cssSelector: .contact-item_card__2SOIM h3--->was found
19:19:27  INFO  manager.HelperBase - The phone number of removed contact was -->9723452110
19:19:27  INFO  manager.MyListener - Start find element --->By.cssSelector: .contact-item_card__2SOIM
19:19:27  INFO  manager.MyListener - The element with locator --->By.cssSelector: .contact-item_card__2SOIM--->was found
19:19:27  INFO  manager.MyListener - Start find element --->By.xpath: //button[text()='Remove']
19:19:27  INFO  manager.MyListener - The element with locator --->By.xpath: //button[text()='Remove']--->was found
19:19:28  INFO  manager.MyListener - Start find element --->By.cssSelector: .contact-item_card__2SOIM
19:19:28  INFO  manager.MyListener - The element with locator --->By.cssSelector: .contact-item_card__2SOIM--->was found
19:19:28  INFO  manager.HelperBase - After remove one contact the count is --->22
19:19:28  INFO  manager.MyListener - Start find element --->By.cssSelector: .contact-item_card__2SOIM
19:19:28  INFO  manager.MyListener - The element with locator --->By.cssSelector: .contact-item_card__2SOIM--->was found
19:19:28  INFO  manager.MyListener - Start find element --->By.cssSelector: .contact-item_card__2SOIM
19:19:28  INFO  manager.MyListener - The element with locator --->By.cssSelector: .contact-item_card__2SOIM--->was found
19:19:28  INFO  manager.HelperBase - Before remove 'One contact tests' count was --->22
19:19:28  INFO  manager.MyListener - Start find element --->By.cssSelector: .contact-item_card__2SOIM
19:19:28  INFO  manager.MyListener - The element with locator --->By.cssSelector: .contact-item_card__2SOIM--->was found
19:19:28  INFO  manager.MyListener - Start find element --->By.cssSelector: .contact-item_card__2SOIM h3
19:19:28  INFO  manager.MyListener - The element with locator --->By.cssSelector: .contact-item_card__2SOIM h3--->was found
19:19:28  INFO  manager.HelperBase - The phone number of removed contact was -->9723452577
19:19:28  INFO  manager.MyListener - Start find element --->By.cssSelector: .contact-item_card__2SOIM
19:19:28  INFO  manager.MyListener - The element with locator --->By.cssSelector: .contact-item_card__2SOIM--->was found
19:19:28  INFO  manager.MyListener - Start find element --->By.xpath: //button[text()='Remove']
19:19:28  INFO  manager.MyListener - The element with locator --->By.xpath: //button[text()='Remove']--->was found
19:19:29  INFO  manager.MyListener - Start find element --->By.cssSelector: .contact-item_card__2SOIM
19:19:29  INFO  manager.MyListener - The element with locator --->By.cssSelector: .contact-item_card__2SOIM--->was found
19:19:29  INFO  manager.HelperBase - After remove one contact the count is --->21
19:19:29  INFO  manager.MyListener - Start find element --->By.cssSelector: .contact-item_card__2SOIM
19:19:29  INFO  manager.MyListener - The element with locator --->By.cssSelector: .contact-item_card__2SOIM--->was found
19:19:29  INFO  manager.MyListener - Start find element --->By.cssSelector: .contact-item_card__2SOIM
19:19:29  INFO  manager.MyListener - The element with locator --->By.cssSelector: .contact-item_card__2SOIM--->was found
19:19:29  INFO  manager.HelperBase - Before remove 'One contact tests' count was --->21
19:19:29  INFO  manager.MyListener - Start find element --->By.cssSelector: .contact-item_card__2SOIM
19:19:29  INFO  manager.MyListener - The element with locator --->By.cssSelector: .contact-item_card__2SOIM--->was found
19:19:29  INFO  manager.MyListener - Start find element --->By.cssSelector: .contact-item_card__2SOIM h3
19:19:29  INFO  manager.MyListener - The element with locator --->By.cssSelector: .contact-item_card__2SOIM h3--->was found
19:19:29  INFO  manager.HelperBase - The phone number of removed contact was -->9723453447
19:19:29  INFO  manager.MyListener - Start find element --->By.cssSelector: .contact-item_card__2SOIM
19:19:29  INFO  manager.MyListener - The element with locator --->By.cssSelector: .contact-item_card__2SOIM--->was found
19:19:29  INFO  manager.MyListener - Start find element --->By.xpath: //button[text()='Remove']
19:19:29  INFO  manager.MyListener - The element with locator --->By.xpath: //button[text()='Remove']--->was found
19:19:30  INFO  manager.MyListener - Start find element --->By.cssSelector: .contact-item_card__2SOIM
19:19:30  INFO  manager.MyListener - The element with locator --->By.cssSelector: .contact-item_card__2SOIM--->was found
19:19:30  INFO  manager.HelperBase - After remove one contact the count is --->20
19:19:30  INFO  manager.MyListener - Start find element --->By.cssSelector: .contact-item_card__2SOIM
19:19:30  INFO  manager.MyListener - The element with locator --->By.cssSelector: .contact-item_card__2SOIM--->was found
19:19:30  INFO  manager.MyListener - Start find element --->By.cssSelector: .contact-item_card__2SOIM
19:19:30  INFO  manager.MyListener - The element with locator --->By.cssSelector: .contact-item_card__2SOIM--->was found
19:19:30  INFO  manager.HelperBase - Before remove 'One contact tests' count was --->20
19:19:30  INFO  manager.MyListener - Start find element --->By.cssSelector: .contact-item_card__2SOIM
19:19:30  INFO  manager.MyListener - The element with locator --->By.cssSelector: .contact-item_card__2SOIM--->was found
19:19:30  INFO  manager.MyListener - Start find element --->By.cssSelector: .contact-item_card__2SOIM h3
19:19:30  INFO  manager.MyListener - The element with locator --->By.cssSelector: .contact-item_card__2SOIM h3--->was found
19:19:30  INFO  manager.HelperBase - The phone number of removed contact was -->972345611
19:19:30  INFO  manager.MyListener - Start find element --->By.cssSelector: .contact-item_card__2SOIM
19:19:30  INFO  manager.MyListener - The element with locator --->By.cssSelector: .contact-item_card__2SOIM--->was found
19:19:30  INFO  manager.MyListener - Start find element --->By.xpath: //button[text()='Remove']
19:19:30  INFO  manager.MyListener - The element with locator --->By.xpath: //button[text()='Remove']--->was found
19:19:30  INFO  manager.MyListener - Start find element --->By.cssSelector: .contact-item_card__2SOIM
19:19:30  INFO  manager.MyListener - The element with locator --->By.cssSelector: .contact-item_card__2SOIM--->was found
19:19:30  INFO  manager.HelperBase - After remove one contact the count is --->19
19:19:30  INFO  manager.MyListener - Start find element --->By.cssSelector: .contact-item_card__2SOIM
19:19:30  INFO  manager.MyListener - The element with locator --->By.cssSelector: .contact-item_card__2SOIM--->was found
19:19:30  INFO  manager.MyListener - Start find element --->By.cssSelector: .contact-item_card__2SOIM
19:19:30  INFO  manager.MyListener - The element with locator --->By.cssSelector: .contact-item_card__2SOIM--->was found
19:19:30  INFO  manager.HelperBase - Before remove 'One contact tests' count was --->19
19:19:30  INFO  manager.MyListener - Start find element --->By.cssSelector: .contact-item_card__2SOIM
19:19:30  INFO  manager.MyListener - The element with locator --->By.cssSelector: .contact-item_card__2SOIM--->was found
19:19:30  INFO  manager.MyListener - Start find element --->By.cssSelector: .contact-item_card__2SOIM h3
19:19:30  INFO  manager.MyListener - The element with locator --->By.cssSelector: .contact-item_card__2SOIM h3--->was found
19:19:30  INFO  manager.HelperBase - The phone number of removed contact was -->972345614
19:19:30  INFO  manager.MyListener - Start find element --->By.cssSelector: .contact-item_card__2SOIM
19:19:30  INFO  manager.MyListener - The element with locator --->By.cssSelector: .contact-item_card__2SOIM--->was found
19:19:30  INFO  manager.MyListener - Start find element --->By.xpath: //button[text()='Remove']
19:19:31  INFO  manager.MyListener - The element with locator --->By.xpath: //button[text()='Remove']--->was found
19:19:31  INFO  manager.MyListener - Start find element --->By.cssSelector: .contact-item_card__2SOIM
19:19:31  INFO  manager.MyListener - The element with locator --->By.cssSelector: .contact-item_card__2SOIM--->was found
19:19:31  INFO  manager.HelperBase - After remove one contact the count is --->18
19:19:31  INFO  manager.MyListener - Start find element --->By.cssSelector: .contact-item_card__2SOIM
19:19:31  INFO  manager.MyListener - The element with locator --->By.cssSelector: .contact-item_card__2SOIM--->was found
19:19:31  INFO  manager.MyListener - Start find element --->By.cssSelector: .contact-item_card__2SOIM
19:19:31  INFO  manager.MyListener - The element with locator --->By.cssSelector: .contact-item_card__2SOIM--->was found
19:19:31  INFO  manager.HelperBase - Before remove 'One contact tests' count was --->18
19:19:31  INFO  manager.MyListener - Start find element --->By.cssSelector: .contact-item_card__2SOIM
19:19:31  INFO  manager.MyListener - The element with locator --->By.cssSelector: .contact-item_card__2SOIM--->was found
19:19:31  INFO  manager.MyListener - Start find element --->By.cssSelector: .contact-item_card__2SOIM h3
19:19:31  INFO  manager.MyListener - The element with locator --->By.cssSelector: .contact-item_card__2SOIM h3--->was found
19:19:31  INFO  manager.HelperBase - The phone number of removed contact was -->972345616
19:19:31  INFO  manager.MyListener - Start find element --->By.cssSelector: .contact-item_card__2SOIM
19:19:31  INFO  manager.MyListener - The element with locator --->By.cssSelector: .contact-item_card__2SOIM--->was found
19:19:31  INFO  manager.MyListener - Start find element --->By.xpath: //button[text()='Remove']
19:19:31  INFO  manager.MyListener - The element with locator --->By.xpath: //button[text()='Remove']--->was found
19:19:32  INFO  manager.MyListener - Start find element --->By.cssSelector: .contact-item_card__2SOIM
19:19:32  INFO  manager.MyListener - The element with locator --->By.cssSelector: .contact-item_card__2SOIM--->was found
19:19:32  INFO  manager.HelperBase - After remove one contact the count is --->17
19:19:32  INFO  manager.MyListener - Start find element --->By.cssSelector: .contact-item_card__2SOIM
19:19:32  INFO  manager.MyListener - The element with locator --->By.cssSelector: .contact-item_card__2SOIM--->was found
19:19:32  INFO  manager.MyListener - Start find element --->By.cssSelector: .contact-item_card__2SOIM
19:19:32  INFO  manager.MyListener - The element with locator --->By.cssSelector: .contact-item_card__2SOIM--->was found
19:19:32  INFO  manager.HelperBase - Before remove 'One contact tests' count was --->17
19:19:32  INFO  manager.MyListener - Start find element --->By.cssSelector: .contact-item_card__2SOIM
19:19:32  INFO  manager.MyListener - The element with locator --->By.cssSelector: .contact-item_card__2SOIM--->was found
19:19:32  INFO  manager.MyListener - Start find element --->By.cssSelector: .contact-item_card__2SOIM h3
19:19:32  INFO  manager.MyListener - The element with locator --->By.cssSelector: .contact-item_card__2SOIM h3--->was found
19:19:32  INFO  manager.HelperBase - The phone number of removed contact was -->972345619
19:19:32  INFO  manager.MyListener - Start find element --->By.cssSelector: .contact-item_card__2SOIM
19:19:32  INFO  manager.MyListener - The element with locator --->By.cssSelector: .contact-item_card__2SOIM--->was found
19:19:32  INFO  manager.MyListener - Start find element --->By.xpath: //button[text()='Remove']
19:19:32  INFO  manager.MyListener - The element with locator --->By.xpath: //button[text()='Remove']--->was found
19:19:33  INFO  manager.MyListener - Start find element --->By.cssSelector: .contact-item_card__2SOIM
19:19:33  INFO  manager.MyListener - The element with locator --->By.cssSelector: .contact-item_card__2SOIM--->was found
19:19:33  INFO  manager.HelperBase - After remove one contact the count is --->16
19:19:33  INFO  manager.MyListener - Start find element --->By.cssSelector: .contact-item_card__2SOIM
19:19:33  INFO  manager.MyListener - The element with locator --->By.cssSelector: .contact-item_card__2SOIM--->was found
19:19:33  INFO  manager.MyListener - Start find element --->By.cssSelector: .contact-item_card__2SOIM
19:19:33  INFO  manager.MyListener - The element with locator --->By.cssSelector: .contact-item_card__2SOIM--->was found
19:19:33  INFO  manager.HelperBase - Before remove 'One contact tests' count was --->16
19:19:33  INFO  manager.MyListener - Start find element --->By.cssSelector: .contact-item_card__2SOIM
19:19:33  INFO  manager.MyListener - The element with locator --->By.cssSelector: .contact-item_card__2SOIM--->was found
19:19:33  INFO  manager.MyListener - Start find element --->By.cssSelector: .contact-item_card__2SOIM h3
19:19:33  INFO  manager.MyListener - The element with locator --->By.cssSelector: .contact-item_card__2SOIM h3--->was found
19:19:33  INFO  manager.HelperBase - The phone number of removed contact was -->972345621
19:19:33  INFO  manager.MyListener - Start find element --->By.cssSelector: .contact-item_card__2SOIM
19:19:33  INFO  manager.MyListener - The element with locator --->By.cssSelector: .contact-item_card__2SOIM--->was found
19:19:33  INFO  manager.MyListener - Start find element --->By.xpath: //button[text()='Remove']
19:19:33  INFO  manager.MyListener - The element with locator --->By.xpath: //button[text()='Remove']--->was found
19:19:33  INFO  manager.MyListener - Start find element --->By.cssSelector: .contact-item_card__2SOIM
19:19:33  INFO  manager.MyListener - The element with locator --->By.cssSelector: .contact-item_card__2SOIM--->was found
19:19:33  INFO  manager.HelperBase - After remove one contact the count is --->15
19:19:33  INFO  manager.MyListener - Start find element --->By.cssSelector: .contact-item_card__2SOIM
19:19:33  INFO  manager.MyListener - The element with locator --->By.cssSelector: .contact-item_card__2SOIM--->was found
19:19:33  INFO  manager.MyListener - Start find element --->By.cssSelector: .contact-item_card__2SOIM
19:19:33  INFO  manager.MyListener - The element with locator --->By.cssSelector: .contact-item_card__2SOIM--->was found
19:19:33  INFO  manager.HelperBase - Before remove 'One contact tests' count was --->15
19:19:33  INFO  manager.MyListener - Start find element --->By.cssSelector: .contact-item_card__2SOIM
19:19:33  INFO  manager.MyListener - The element with locator --->By.cssSelector: .contact-item_card__2SOIM--->was found
19:19:33  INFO  manager.MyListener - Start find element --->By.cssSelector: .contact-item_card__2SOIM h3
19:19:34  INFO  manager.MyListener - The element with locator --->By.cssSelector: .contact-item_card__2SOIM h3--->was found
19:19:34  INFO  manager.HelperBase - The phone number of removed contact was -->9723453285
19:19:34  INFO  manager.MyListener - Start find element --->By.cssSelector: .contact-item_card__2SOIM
19:19:34  INFO  manager.MyListener - The element with locator --->By.cssSelector: .contact-item_card__2SOIM--->was found
19:19:34  INFO  manager.MyListener - Start find element --->By.xpath: //button[text()='Remove']
19:19:34  INFO  manager.MyListener - The element with locator --->By.xpath: //button[text()='Remove']--->was found
19:19:34  INFO  manager.MyListener - Start find element --->By.cssSelector: .contact-item_card__2SOIM
19:19:34  INFO  manager.MyListener - The element with locator --->By.cssSelector: .contact-item_card__2SOIM--->was found
19:19:34  INFO  manager.HelperBase - After remove one contact the count is --->14
19:19:34  INFO  manager.MyListener - Start find element --->By.cssSelector: .contact-item_card__2SOIM
19:19:34  INFO  manager.MyListener - The element with locator --->By.cssSelector: .contact-item_card__2SOIM--->was found
19:19:34  INFO  manager.MyListener - Start find element --->By.cssSelector: .contact-item_card__2SOIM
19:19:34  INFO  manager.MyListener - The element with locator --->By.cssSelector: .contact-item_card__2SOIM--->was found
19:19:34  INFO  manager.HelperBase - Before remove 'One contact tests' count was --->14
19:19:34  INFO  manager.MyListener - Start find element --->By.cssSelector: .contact-item_card__2SOIM
19:19:34  INFO  manager.MyListener - The element with locator --->By.cssSelector: .contact-item_card__2SOIM--->was found
19:19:34  INFO  manager.MyListener - Start find element --->By.cssSelector: .contact-item_card__2SOIM h3
19:19:34  INFO  manager.MyListener - The element with locator --->By.cssSelector: .contact-item_card__2SOIM h3--->was found
19:19:34  INFO  manager.HelperBase - The phone number of removed contact was -->9723453287
19:19:34  INFO  manager.MyListener - Start find element --->By.cssSelector: .contact-item_card__2SOIM
19:19:34  INFO  manager.MyListener - The element with locator --->By.cssSelector: .contact-item_card__2SOIM--->was found
19:19:34  INFO  manager.MyListener - Start find element --->By.xpath: //button[text()='Remove']
19:19:34  INFO  manager.MyListener - The element with locator --->By.xpath: //button[text()='Remove']--->was found
19:19:35  INFO  manager.MyListener - Start find element --->By.cssSelector: .contact-item_card__2SOIM
19:19:35  INFO  manager.MyListener - The element with locator --->By.cssSelector: .contact-item_card__2SOIM--->was found
19:19:35  INFO  manager.HelperBase - After remove one contact the count is --->13
19:19:35  INFO  manager.MyListener - Start find element --->By.cssSelector: .contact-item_card__2SOIM
19:19:35  INFO  manager.MyListener - The element with locator --->By.cssSelector: .contact-item_card__2SOIM--->was found
19:19:35  INFO  manager.MyListener - Start find element --->By.cssSelector: .contact-item_card__2SOIM
19:19:35  INFO  manager.MyListener - The element with locator --->By.cssSelector: .contact-item_card__2SOIM--->was found
19:19:35  INFO  manager.HelperBase - Before remove 'One contact tests' count was --->13
19:19:35  INFO  manager.MyListener - Start find element --->By.cssSelector: .contact-item_card__2SOIM
19:19:35  INFO  manager.MyListener - The element with locator --->By.cssSelector: .contact-item_card__2SOIM--->was found
19:19:35  INFO  manager.MyListener - Start find element --->By.cssSelector: .contact-item_card__2SOIM h3
19:19:35  INFO  manager.MyListener - The element with locator --->By.cssSelector: .contact-item_card__2SOIM h3--->was found
19:19:35  INFO  manager.HelperBase - The phone number of removed contact was -->9723453289
19:19:35  INFO  manager.MyListener - Start find element --->By.cssSelector: .contact-item_card__2SOIM
19:19:35  INFO  manager.MyListener - The element with locator --->By.cssSelector: .contact-item_card__2SOIM--->was found
19:19:35  INFO  manager.MyListener - Start find element --->By.xpath: //button[text()='Remove']
19:19:35  INFO  manager.MyListener - The element with locator --->By.xpath: //button[text()='Remove']--->was found
19:19:36  INFO  manager.MyListener - Start find element --->By.cssSelector: .contact-item_card__2SOIM
19:19:36  INFO  manager.MyListener - The element with locator --->By.cssSelector: .contact-item_card__2SOIM--->was found
19:19:36  INFO  manager.HelperBase - After remove one contact the count is --->12
19:19:36  INFO  manager.MyListener - Start find element --->By.cssSelector: .contact-item_card__2SOIM
19:19:36  INFO  manager.MyListener - The element with locator --->By.cssSelector: .contact-item_card__2SOIM--->was found
19:19:36  INFO  manager.MyListener - Start find element --->By.cssSelector: .contact-item_card__2SOIM
19:19:36  INFO  manager.MyListener - The element with locator --->By.cssSelector: .contact-item_card__2SOIM--->was found
19:19:36  INFO  manager.HelperBase - Before remove 'One contact tests' count was --->12
19:19:36  INFO  manager.MyListener - Start find element --->By.cssSelector: .contact-item_card__2SOIM
19:19:36  INFO  manager.MyListener - The element with locator --->By.cssSelector: .contact-item_card__2SOIM--->was found
19:19:36  INFO  manager.MyListener - Start find element --->By.cssSelector: .contact-item_card__2SOIM h3
19:19:36  INFO  manager.MyListener - The element with locator --->By.cssSelector: .contact-item_card__2SOIM h3--->was found
19:19:36  INFO  manager.HelperBase - The phone number of removed contact was -->9723453291
19:19:36  INFO  manager.MyListener - Start find element --->By.cssSelector: .contact-item_card__2SOIM
19:19:36  INFO  manager.MyListener - The element with locator --->By.cssSelector: .contact-item_card__2SOIM--->was found
19:19:36  INFO  manager.MyListener - Start find element --->By.xpath: //button[text()='Remove']
19:19:36  INFO  manager.MyListener - The element with locator --->By.xpath: //button[text()='Remove']--->was found
19:19:36  INFO  manager.MyListener - Start find element --->By.cssSelector: .contact-item_card__2SOIM
19:19:37  INFO  manager.MyListener - The element with locator --->By.cssSelector: .contact-item_card__2SOIM--->was found
19:19:37  INFO  manager.HelperBase - After remove one contact the count is --->11
19:19:37  INFO  manager.MyListener - Start find element --->By.cssSelector: .contact-item_card__2SOIM
19:19:37  INFO  manager.MyListener - The element with locator --->By.cssSelector: .contact-item_card__2SOIM--->was found
19:19:37  INFO  manager.MyListener - Start find element --->By.cssSelector: .contact-item_card__2SOIM
19:19:37  INFO  manager.MyListener - The element with locator --->By.cssSelector: .contact-item_card__2SOIM--->was found
19:19:37  INFO  manager.HelperBase - Before remove 'One contact tests' count was --->11
19:19:37  INFO  manager.MyListener - Start find element --->By.cssSelector: .contact-item_card__2SOIM
19:19:37  INFO  manager.MyListener - The element with locator --->By.cssSelector: .contact-item_card__2SOIM--->was found
19:19:37  INFO  manager.MyListener - Start find element --->By.cssSelector: .contact-item_card__2SOIM h3
19:19:37  INFO  manager.MyListener - The element with locator --->By.cssSelector: .contact-item_card__2SOIM h3--->was found
19:19:37  INFO  manager.HelperBase - The phone number of removed contact was -->9723453293
19:19:37  INFO  manager.MyListener - Start find element --->By.cssSelector: .contact-item_card__2SOIM
19:19:37  INFO  manager.MyListener - The element with locator --->By.cssSelector: .contact-item_card__2SOIM--->was found
19:19:37  INFO  manager.MyListener - Start find element --->By.xpath: //button[text()='Remove']
19:19:37  INFO  manager.MyListener - The element with locator --->By.xpath: //button[text()='Remove']--->was found
19:19:37  INFO  manager.MyListener - Start find element --->By.cssSelector: .contact-item_card__2SOIM
19:19:37  INFO  manager.MyListener - The element with locator --->By.cssSelector: .contact-item_card__2SOIM--->was found
19:19:37  INFO  manager.HelperBase - After remove one contact the count is --->10
19:19:37  INFO  manager.MyListener - Start find element --->By.cssSelector: .contact-item_card__2SOIM
19:19:37  INFO  manager.MyListener - The element with locator --->By.cssSelector: .contact-item_card__2SOIM--->was found
19:19:37  INFO  manager.MyListener - Start find element --->By.cssSelector: .contact-item_card__2SOIM
19:19:37  INFO  manager.MyListener - The element with locator --->By.cssSelector: .contact-item_card__2SOIM--->was found
19:19:37  INFO  manager.HelperBase - Before remove 'One contact tests' count was --->10
19:19:37  INFO  manager.MyListener - Start find element --->By.cssSelector: .contact-item_card__2SOIM
19:19:37  INFO  manager.MyListener - The element with locator --->By.cssSelector: .contact-item_card__2SOIM--->was found
19:19:37  INFO  manager.MyListener - Start find element --->By.cssSelector: .contact-item_card__2SOIM h3
19:19:37  INFO  manager.MyListener - The element with locator --->By.cssSelector: .contact-item_card__2SOIM h3--->was found
19:19:37  INFO  manager.HelperBase - The phone number of removed contact was -->972345242
19:19:37  INFO  manager.MyListener - Start find element --->By.cssSelector: .contact-item_card__2SOIM
19:19:37  INFO  manager.MyListener - The element with locator --->By.cssSelector: .contact-item_card__2SOIM--->was found
19:19:37  INFO  manager.MyListener - Start find element --->By.xpath: //button[text()='Remove']
19:19:37  INFO  manager.MyListener - The element with locator --->By.xpath: //button[text()='Remove']--->was found
19:19:38  INFO  manager.MyListener - Start find element --->By.cssSelector: .contact-item_card__2SOIM
19:19:38  INFO  manager.MyListener - The element with locator --->By.cssSelector: .contact-item_card__2SOIM--->was found
19:19:38  INFO  manager.HelperBase - After remove one contact the count is --->9
19:19:38  INFO  manager.MyListener - Start find element --->By.cssSelector: .contact-item_card__2SOIM
19:19:38  INFO  manager.MyListener - The element with locator --->By.cssSelector: .contact-item_card__2SOIM--->was found
19:19:38  INFO  manager.MyListener - Start find element --->By.cssSelector: .contact-item_card__2SOIM
19:19:38  INFO  manager.MyListener - The element with locator --->By.cssSelector: .contact-item_card__2SOIM--->was found
19:19:38  INFO  manager.HelperBase - Before remove 'One contact tests' count was --->9
19:19:38  INFO  manager.MyListener - Start find element --->By.cssSelector: .contact-item_card__2SOIM
19:19:38  INFO  manager.MyListener - The element with locator --->By.cssSelector: .contact-item_card__2SOIM--->was found
19:19:38  INFO  manager.MyListener - Start find element --->By.cssSelector: .contact-item_card__2SOIM h3
19:19:38  INFO  manager.MyListener - The element with locator --->By.cssSelector: .contact-item_card__2SOIM h3--->was found
19:19:38  INFO  manager.HelperBase - The phone number of removed contact was -->972345245
19:19:38  INFO  manager.MyListener - Start find element --->By.cssSelector: .contact-item_card__2SOIM
19:19:38  INFO  manager.MyListener - The element with locator --->By.cssSelector: .contact-item_card__2SOIM--->was found
19:19:38  INFO  manager.MyListener - Start find element --->By.xpath: //button[text()='Remove']
19:19:38  INFO  manager.MyListener - The element with locator --->By.xpath: //button[text()='Remove']--->was found
19:19:39  INFO  manager.MyListener - Start find element --->By.cssSelector: .contact-item_card__2SOIM
19:19:39  INFO  manager.MyListener - The element with locator --->By.cssSelector: .contact-item_card__2SOIM--->was found
19:19:39  INFO  manager.HelperBase - After remove one contact the count is --->8
19:19:39  INFO  manager.MyListener - Start find element --->By.cssSelector: .contact-item_card__2SOIM
19:19:39  INFO  manager.MyListener - The element with locator --->By.cssSelector: .contact-item_card__2SOIM--->was found
19:19:39  INFO  manager.MyListener - Start find element --->By.cssSelector: .contact-item_card__2SOIM
19:19:39  INFO  manager.MyListener - The element with locator --->By.cssSelector: .contact-item_card__2SOIM--->was found
19:19:39  INFO  manager.HelperBase - Before remove 'One contact tests' count was --->8
19:19:39  INFO  manager.MyListener - Start find element --->By.cssSelector: .contact-item_card__2SOIM
19:19:39  INFO  manager.MyListener - The element with locator --->By.cssSelector: .contact-item_card__2SOIM--->was found
19:19:39  INFO  manager.MyListener - Start find element --->By.cssSelector: .contact-item_card__2SOIM h3
19:19:39  INFO  manager.MyListener - The element with locator --->By.cssSelector: .contact-item_card__2SOIM h3--->was found
19:19:39  INFO  manager.HelperBase - The phone number of removed contact was -->972345248
19:19:39  INFO  manager.MyListener - Start find element --->By.cssSelector: .contact-item_card__2SOIM
19:19:39  INFO  manager.MyListener - The element with locator --->By.cssSelector: .contact-item_card__2SOIM--->was found
19:19:39  INFO  manager.MyListener - Start find element --->By.xpath: //button[text()='Remove']
19:19:39  INFO  manager.MyListener - The element with locator --->By.xpath: //button[text()='Remove']--->was found
19:19:40  INFO  manager.MyListener - Start find element --->By.cssSelector: .contact-item_card__2SOIM
19:19:40  INFO  manager.MyListener - The element with locator --->By.cssSelector: .contact-item_card__2SOIM--->was found
19:19:40  INFO  manager.HelperBase - After remove one contact the count is --->7
19:19:40  INFO  manager.MyListener - Start find element --->By.cssSelector: .contact-item_card__2SOIM
19:19:40  INFO  manager.MyListener - The element with locator --->By.cssSelector: .contact-item_card__2SOIM--->was found
19:19:40  INFO  manager.MyListener - Start find element --->By.cssSelector: .contact-item_card__2SOIM
19:19:40  INFO  manager.MyListener - The element with locator --->By.cssSelector: .contact-item_card__2SOIM--->was found
19:19:40  INFO  manager.HelperBase - Before remove 'One contact tests' count was --->7
19:19:40  INFO  manager.MyListener - Start find element --->By.cssSelector: .contact-item_card__2SOIM
19:19:40  INFO  manager.MyListener - The element with locator --->By.cssSelector: .contact-item_card__2SOIM--->was found
19:19:40  INFO  manager.MyListener - Start find element --->By.cssSelector: .contact-item_card__2SOIM h3
19:19:40  INFO  manager.MyListener - The element with locator --->By.cssSelector: .contact-item_card__2SOIM h3--->was found
19:19:40  INFO  manager.HelperBase - The phone number of removed contact was -->972345251
19:19:40  INFO  manager.MyListener - Start find element --->By.cssSelector: .contact-item_card__2SOIM
19:19:40  INFO  manager.MyListener - The element with locator --->By.cssSelector: .contact-item_card__2SOIM--->was found
19:19:40  INFO  manager.MyListener - Start find element --->By.xpath: //button[text()='Remove']
19:19:40  INFO  manager.MyListener - The element with locator --->By.xpath: //button[text()='Remove']--->was found
19:19:40  INFO  manager.MyListener - Start find element --->By.cssSelector: .contact-item_card__2SOIM
19:19:40  INFO  manager.MyListener - The element with locator --->By.cssSelector: .contact-item_card__2SOIM--->was found
19:19:40  INFO  manager.HelperBase - After remove one contact the count is --->6
19:19:40  INFO  manager.MyListener - Start find element --->By.cssSelector: .contact-item_card__2SOIM
19:19:40  INFO  manager.MyListener - The element with locator --->By.cssSelector: .contact-item_card__2SOIM--->was found
19:19:40  INFO  manager.MyListener - Start find element --->By.cssSelector: .contact-item_card__2SOIM
19:19:40  INFO  manager.MyListener - The element with locator --->By.cssSelector: .contact-item_card__2SOIM--->was found
19:19:40  INFO  manager.HelperBase - Before remove 'One contact tests' count was --->6
19:19:40  INFO  manager.MyListener - Start find element --->By.cssSelector: .contact-item_card__2SOIM
19:19:40  INFO  manager.MyListener - The element with locator --->By.cssSelector: .contact-item_card__2SOIM--->was found
19:19:40  INFO  manager.MyListener - Start find element --->By.cssSelector: .contact-item_card__2SOIM h3
19:19:40  INFO  manager.MyListener - The element with locator --->By.cssSelector: .contact-item_card__2SOIM h3--->was found
19:19:40  INFO  manager.HelperBase - The phone number of removed contact was -->972345254
19:19:40  INFO  manager.MyListener - Start find element --->By.cssSelector: .contact-item_card__2SOIM
19:19:40  INFO  manager.MyListener - The element with locator --->By.cssSelector: .contact-item_card__2SOIM--->was found
19:19:40  INFO  manager.MyListener - Start find element --->By.xpath: //button[text()='Remove']
19:19:41  INFO  manager.MyListener - The element with locator --->By.xpath: //button[text()='Remove']--->was found
19:19:41  INFO  manager.MyListener - Start find element --->By.cssSelector: .contact-item_card__2SOIM
19:19:41  INFO  manager.MyListener - The element with locator --->By.cssSelector: .contact-item_card__2SOIM--->was found
19:19:41  INFO  manager.HelperBase - After remove one contact the count is --->5
19:19:41  INFO  manager.MyListener - Start find element --->By.cssSelector: .contact-item_card__2SOIM
19:19:41  INFO  manager.MyListener - The element with locator --->By.cssSelector: .contact-item_card__2SOIM--->was found
19:19:41  INFO  manager.MyListener - Start find element --->By.cssSelector: .contact-item_card__2SOIM
19:19:41  INFO  manager.MyListener - The element with locator --->By.cssSelector: .contact-item_card__2SOIM--->was found
19:19:41  INFO  manager.HelperBase - Before remove 'One contact tests' count was --->5
19:19:41  INFO  manager.MyListener - Start find element --->By.cssSelector: .contact-item_card__2SOIM
19:19:41  INFO  manager.MyListener - The element with locator --->By.cssSelector: .contact-item_card__2SOIM--->was found
19:19:41  INFO  manager.MyListener - Start find element --->By.cssSelector: .contact-item_card__2SOIM h3
19:19:41  INFO  manager.MyListener - The element with locator --->By.cssSelector: .contact-item_card__2SOIM h3--->was found
19:19:41  INFO  manager.HelperBase - The phone number of removed contact was -->972345230
19:19:41  INFO  manager.MyListener - Start find element --->By.cssSelector: .contact-item_card__2SOIM
19:19:41  INFO  manager.MyListener - The element with locator --->By.cssSelector: .contact-item_card__2SOIM--->was found
19:19:41  INFO  manager.MyListener - Start find element --->By.xpath: //button[text()='Remove']
19:19:41  INFO  manager.MyListener - The element with locator --->By.xpath: //button[text()='Remove']--->was found
19:19:42  INFO  manager.MyListener - Start find element --->By.cssSelector: .contact-item_card__2SOIM
19:19:42  INFO  manager.MyListener - The element with locator --->By.cssSelector: .contact-item_card__2SOIM--->was found
19:19:42  INFO  manager.HelperBase - After remove one contact the count is --->4
19:19:42  INFO  manager.MyListener - Start find element --->By.cssSelector: .contact-item_card__2SOIM
19:19:42  INFO  manager.MyListener - The element with locator --->By.cssSelector: .contact-item_card__2SOIM--->was found
19:19:42  INFO  manager.MyListener - Start find element --->By.cssSelector: .contact-item_card__2SOIM
19:19:42  INFO  manager.MyListener - The element with locator --->By.cssSelector: .contact-item_card__2SOIM--->was found
19:19:42  INFO  manager.HelperBase - Before remove 'One contact tests' count was --->4
19:19:42  INFO  manager.MyListener - Start find element --->By.cssSelector: .contact-item_card__2SOIM
19:19:42  INFO  manager.MyListener - The element with locator --->By.cssSelector: .contact-item_card__2SOIM--->was found
19:19:42  INFO  manager.MyListener - Start find element --->By.cssSelector: .contact-item_card__2SOIM h3
19:19:42  INFO  manager.MyListener - The element with locator --->By.cssSelector: .contact-item_card__2SOIM h3--->was found
19:19:42  INFO  manager.HelperBase - The phone number of removed contact was -->972345232
19:19:42  INFO  manager.MyListener - Start find element --->By.cssSelector: .contact-item_card__2SOIM
19:19:42  INFO  manager.MyListener - The element with locator --->By.cssSelector: .contact-item_card__2SOIM--->was found
19:19:42  INFO  manager.MyListener - Start find element --->By.xpath: //button[text()='Remove']
19:19:42  INFO  manager.MyListener - The element with locator --->By.xpath: //button[text()='Remove']--->was found
19:19:43  INFO  manager.MyListener - Start find element --->By.cssSelector: .contact-item_card__2SOIM
19:19:43  INFO  manager.MyListener - The element with locator --->By.cssSelector: .contact-item_card__2SOIM--->was found
19:19:43  INFO  manager.HelperBase - After remove one contact the count is --->3
19:19:43  INFO  manager.MyListener - Start find element --->By.cssSelector: .contact-item_card__2SOIM
19:19:43  INFO  manager.MyListener - The element with locator --->By.cssSelector: .contact-item_card__2SOIM--->was found
19:19:43  INFO  manager.MyListener - Start find element --->By.cssSelector: .contact-item_card__2SOIM
19:19:43  INFO  manager.MyListener - The element with locator --->By.cssSelector: .contact-item_card__2SOIM--->was found
19:19:43  INFO  manager.HelperBase - Before remove 'One contact tests' count was --->3
19:19:43  INFO  manager.MyListener - Start find element --->By.cssSelector: .contact-item_card__2SOIM
19:19:43  INFO  manager.MyListener - The element with locator --->By.cssSelector: .contact-item_card__2SOIM--->was found
19:19:43  INFO  manager.MyListener - Start find element --->By.cssSelector: .contact-item_card__2SOIM h3
19:19:43  INFO  manager.MyListener - The element with locator --->By.cssSelector: .contact-item_card__2SOIM h3--->was found
19:19:43  INFO  manager.HelperBase - The phone number of removed contact was -->972345233
19:19:43  INFO  manager.MyListener - Start find element --->By.cssSelector: .contact-item_card__2SOIM
19:19:43  INFO  manager.MyListener - The element with locator --->By.cssSelector: .contact-item_card__2SOIM--->was found
19:19:43  INFO  manager.MyListener - Start find element --->By.xpath: //button[text()='Remove']
19:19:43  INFO  manager.MyListener - The element with locator --->By.xpath: //button[text()='Remove']--->was found
19:19:43  INFO  manager.MyListener - Start find element --->By.cssSelector: .contact-item_card__2SOIM
19:19:43  INFO  manager.MyListener - The element with locator --->By.cssSelector: .contact-item_card__2SOIM--->was found
19:19:43  INFO  manager.HelperBase - After remove one contact the count is --->2
19:19:43  INFO  manager.MyListener - Start find element --->By.cssSelector: .contact-item_card__2SOIM
19:19:43  INFO  manager.MyListener - The element with locator --->By.cssSelector: .contact-item_card__2SOIM--->was found
19:19:43  INFO  manager.MyListener - Start find element --->By.cssSelector: .contact-item_card__2SOIM
19:19:43  INFO  manager.MyListener - The element with locator --->By.cssSelector: .contact-item_card__2SOIM--->was found
19:19:43  INFO  manager.HelperBase - Before remove 'One contact tests' count was --->2
19:19:43  INFO  manager.MyListener - Start find element --->By.cssSelector: .contact-item_card__2SOIM
19:19:43  INFO  manager.MyListener - The element with locator --->By.cssSelector: .contact-item_card__2SOIM--->was found
19:19:43  INFO  manager.MyListener - Start find element --->By.cssSelector: .contact-item_card__2SOIM h3
19:19:43  INFO  manager.MyListener - The element with locator --->By.cssSelector: .contact-item_card__2SOIM h3--->was found
19:19:43  INFO  manager.HelperBase - The phone number of removed contact was -->972345235
19:19:43  INFO  manager.MyListener - Start find element --->By.cssSelector: .contact-item_card__2SOIM
19:19:43  INFO  manager.MyListener - The element with locator --->By.cssSelector: .contact-item_card__2SOIM--->was found
19:19:44  INFO  manager.MyListener - Start find element --->By.xpath: //button[text()='Remove']
19:19:44  INFO  manager.MyListener - The element with locator --->By.xpath: //button[text()='Remove']--->was found
19:19:44  INFO  manager.MyListener - Start find element --->By.cssSelector: .contact-item_card__2SOIM
19:19:44  INFO  manager.MyListener - The element with locator --->By.cssSelector: .contact-item_card__2SOIM--->was found
19:19:44  INFO  manager.HelperBase - After remove one contact the count is --->1
19:19:44  INFO  manager.MyListener - Start find element --->By.cssSelector: .contact-item_card__2SOIM
19:19:44  INFO  manager.MyListener - The element with locator --->By.cssSelector: .contact-item_card__2SOIM--->was found
19:19:44  INFO  manager.MyListener - Start find element --->By.cssSelector: .contact-item_card__2SOIM
19:19:44  INFO  manager.MyListener - The element with locator --->By.cssSelector: .contact-item_card__2SOIM--->was found
19:19:44  INFO  manager.HelperBase - Before remove 'One contact tests' count was --->1
19:19:44  INFO  manager.MyListener - Start find element --->By.cssSelector: .contact-item_card__2SOIM
19:19:44  INFO  manager.MyListener - The element with locator --->By.cssSelector: .contact-item_card__2SOIM--->was found
19:19:44  INFO  manager.MyListener - Start find element --->By.cssSelector: .contact-item_card__2SOIM h3
19:19:44  INFO  manager.MyListener - The element with locator --->By.cssSelector: .contact-item_card__2SOIM h3--->was found
19:19:44  INFO  manager.HelperBase - The phone number of removed contact was -->972345237
19:19:44  INFO  manager.MyListener - Start find element --->By.cssSelector: .contact-item_card__2SOIM
19:19:44  INFO  manager.MyListener - The element with locator --->By.cssSelector: .contact-item_card__2SOIM--->was found
19:19:44  INFO  manager.MyListener - Start find element --->By.xpath: //button[text()='Remove']
19:19:44  INFO  manager.MyListener - The element with locator --->By.xpath: //button[text()='Remove']--->was found
19:19:45  INFO  manager.MyListener - Start find element --->By.cssSelector: .contact-item_card__2SOIM
19:19:50  INFO  manager.MyListener - The element with locator --->By.cssSelector: .contact-item_card__2SOIM--->was found
19:19:50  INFO  manager.HelperBase - After remove one contact the count is --->0
19:19:50  INFO  manager.MyListener - Start find element --->By.cssSelector: .contact-item_card__2SOIM
19:19:55  INFO  manager.MyListener - The element with locator --->By.cssSelector: .contact-item_card__2SOIM--->was found
19:19:55  INFO  manager.MyListener - Start find element --->By.cssSelector: .contact-item_card__2SOIM
19:20:00  INFO  manager.MyListener - The element with locator --->By.cssSelector: .contact-item_card__2SOIM--->was found
