17:45:36  INFO  manager.ApplicationManager - All tests starts in 'Chrom' browser
17:45:36  INFO  tests.TestBase - Name of test ---> addNewContactSuccess
17:45:36  INFO  manager.MyListener - Start find element --->By.xpath: //button[text()='Sign Out']
17:45:41  INFO  manager.MyListener - The element with locator --->By.xpath: //button[text()='Sign Out']--->was found
17:45:41  INFO  manager.MyListener - Start find element --->By.xpath: //a[@href='/login']
17:45:41  INFO  manager.MyListener - The element with locator --->By.xpath: //a[@href='/login']--->was found
17:45:42  INFO  manager.MyListener - Start find element --->By.xpath: //input[1]
17:45:42  INFO  manager.MyListener - The element with locator --->By.xpath: //input[1]--->was found
17:45:42  INFO  manager.MyListener - Start find element --->By.xpath: //input[2]
17:45:42  INFO  manager.MyListener - The element with locator --->By.xpath: //input[2]--->was found
17:45:42  INFO  manager.MyListener - Start find element --->By.xpath: //button[text()=' Login']
17:45:42  INFO  manager.MyListener - The element with locator --->By.xpath: //button[text()=' Login']--->was found
17:45:42  INFO  tests.TestBase - Contact was added for userUser{email='Tomy123456@mail.com', password='Qq123666$45'}
17:45:42  INFO  manager.MyListener - Start find element --->By.cssSelector: .contact-item_card__2SOIM
17:45:43  INFO  manager.MyListener - The element with locator --->By.cssSelector: .contact-item_card__2SOIM--->was found
17:45:43  INFO  manager.MyListener - Start find element --->By.cssSelector: .contact-item_card__2SOIM
17:45:43  INFO  manager.MyListener - The element with locator --->By.cssSelector: .contact-item_card__2SOIM--->was found
17:45:43  INFO  manager.MyListener - Start find element --->By.cssSelector: .contact-item_card__2SOIM
17:45:43  INFO  manager.MyListener - The element with locator --->By.cssSelector: .contact-item_card__2SOIM--->was found
17:45:43  INFO  manager.HelperBase - Before remove 'One contact tests' count was --->11
17:45:43  INFO  manager.MyListener - Start find element --->By.cssSelector: .contact-item_card__2SOIM
17:45:43  INFO  manager.MyListener - The element with locator --->By.cssSelector: .contact-item_card__2SOIM--->was found
17:45:43  INFO  manager.MyListener - Start find element --->By.cssSelector: .contact-item_card__2SOIM h3
17:45:43  INFO  manager.MyListener - The element with locator --->By.cssSelector: .contact-item_card__2SOIM h3--->was found
17:45:43  INFO  manager.HelperBase - The phone number of removed contact was -->5464748456
17:45:43  INFO  manager.MyListener - Start find element --->By.cssSelector: .contact-item_card__2SOIM
17:45:43  INFO  manager.MyListener - The element with locator --->By.cssSelector: .contact-item_card__2SOIM--->was found
17:45:43  INFO  manager.MyListener - Start find element --->By.xpath: //button[text()='Remove']
17:45:43  INFO  manager.MyListener - The element with locator --->By.xpath: //button[text()='Remove']--->was found
17:45:44  INFO  manager.MyListener - Start find element --->By.cssSelector: .contact-item_card__2SOIM
17:45:44  INFO  manager.MyListener - The element with locator --->By.cssSelector: .contact-item_card__2SOIM--->was found
17:45:44  INFO  manager.HelperBase - After remove one contact the count is --->10
17:45:44  INFO  manager.MyListener - Start find element --->By.cssSelector: .contact-item_card__2SOIM
17:45:44  INFO  manager.MyListener - The element with locator --->By.cssSelector: .contact-item_card__2SOIM--->was found
17:45:44  INFO  manager.MyListener - Start find element --->By.cssSelector: .contact-item_card__2SOIM
17:45:44  INFO  manager.MyListener - The element with locator --->By.cssSelector: .contact-item_card__2SOIM--->was found
17:45:44  INFO  manager.HelperBase - Before remove 'One contact tests' count was --->10
17:45:44  INFO  manager.MyListener - Start find element --->By.cssSelector: .contact-item_card__2SOIM
17:45:44  INFO  manager.MyListener - The element with locator --->By.cssSelector: .contact-item_card__2SOIM--->was found
17:45:44  INFO  manager.MyListener - Start find element --->By.cssSelector: .contact-item_card__2SOIM h3
17:45:44  INFO  manager.MyListener - The element with locator --->By.cssSelector: .contact-item_card__2SOIM h3--->was found
17:45:44  INFO  manager.HelperBase - The phone number of removed contact was -->5464748457
17:45:44  INFO  manager.MyListener - Start find element --->By.cssSelector: .contact-item_card__2SOIM
17:45:44  INFO  manager.MyListener - The element with locator --->By.cssSelector: .contact-item_card__2SOIM--->was found
17:45:44  INFO  manager.MyListener - Start find element --->By.xpath: //button[text()='Remove']
17:45:44  INFO  manager.MyListener - The element with locator --->By.xpath: //button[text()='Remove']--->was found
17:45:45  INFO  manager.MyListener - Start find element --->By.cssSelector: .contact-item_card__2SOIM
17:45:45  INFO  manager.MyListener - The element with locator --->By.cssSelector: .contact-item_card__2SOIM--->was found
17:45:45  INFO  manager.HelperBase - After remove one contact the count is --->9
17:45:45  INFO  manager.MyListener - Start find element --->By.cssSelector: .contact-item_card__2SOIM
17:45:45  INFO  manager.MyListener - The element with locator --->By.cssSelector: .contact-item_card__2SOIM--->was found
17:45:45  INFO  manager.MyListener - Start find element --->By.cssSelector: .contact-item_card__2SOIM
17:45:45  INFO  manager.MyListener - The element with locator --->By.cssSelector: .contact-item_card__2SOIM--->was found
17:45:45  INFO  manager.HelperBase - Before remove 'One contact tests' count was --->9
17:45:45  INFO  manager.MyListener - Start find element --->By.cssSelector: .contact-item_card__2SOIM
17:45:45  INFO  manager.MyListener - The element with locator --->By.cssSelector: .contact-item_card__2SOIM--->was found
17:45:45  INFO  manager.MyListener - Start find element --->By.cssSelector: .contact-item_card__2SOIM h3
17:45:45  INFO  manager.MyListener - The element with locator --->By.cssSelector: .contact-item_card__2SOIM h3--->was found
17:45:45  INFO  manager.HelperBase - The phone number of removed contact was -->5464748454
17:45:45  INFO  manager.MyListener - Start find element --->By.cssSelector: .contact-item_card__2SOIM
17:45:45  INFO  manager.MyListener - The element with locator --->By.cssSelector: .contact-item_card__2SOIM--->was found
17:45:45  INFO  manager.MyListener - Start find element --->By.xpath: //button[text()='Remove']
17:45:45  INFO  manager.MyListener - The element with locator --->By.xpath: //button[text()='Remove']--->was found
17:45:45  INFO  manager.MyListener - Start find element --->By.cssSelector: .contact-item_card__2SOIM
17:45:45  INFO  manager.MyListener - The element with locator --->By.cssSelector: .contact-item_card__2SOIM--->was found
17:45:45  INFO  manager.HelperBase - After remove one contact the count is --->8
17:45:45  INFO  manager.MyListener - Start find element --->By.cssSelector: .contact-item_card__2SOIM
17:45:45  INFO  manager.MyListener - The element with locator --->By.cssSelector: .contact-item_card__2SOIM--->was found
17:45:45  INFO  manager.MyListener - Start find element --->By.cssSelector: .contact-item_card__2SOIM
17:45:45  INFO  manager.MyListener - The element with locator --->By.cssSelector: .contact-item_card__2SOIM--->was found
17:45:45  INFO  manager.HelperBase - Before remove 'One contact tests' count was --->8
17:45:45  INFO  manager.MyListener - Start find element --->By.cssSelector: .contact-item_card__2SOIM
17:45:45  INFO  manager.MyListener - The element with locator --->By.cssSelector: .contact-item_card__2SOIM--->was found
17:45:45  INFO  manager.MyListener - Start find element --->By.cssSelector: .contact-item_card__2SOIM h3
17:45:45  INFO  manager.MyListener - The element with locator --->By.cssSelector: .contact-item_card__2SOIM h3--->was found
17:45:45  INFO  manager.HelperBase - The phone number of removed contact was -->9723452964
17:45:45  INFO  manager.MyListener - Start find element --->By.cssSelector: .contact-item_card__2SOIM
17:45:45  INFO  manager.MyListener - The element with locator --->By.cssSelector: .contact-item_card__2SOIM--->was found
17:45:45  INFO  manager.MyListener - Start find element --->By.xpath: //button[text()='Remove']
17:45:45  INFO  manager.MyListener - The element with locator --->By.xpath: //button[text()='Remove']--->was found
17:45:46  INFO  manager.MyListener - Start find element --->By.cssSelector: .contact-item_card__2SOIM
17:45:46  INFO  manager.MyListener - The element with locator --->By.cssSelector: .contact-item_card__2SOIM--->was found
17:45:46  INFO  manager.HelperBase - After remove one contact the count is --->7
17:45:46  INFO  manager.MyListener - Start find element --->By.cssSelector: .contact-item_card__2SOIM
17:45:46  INFO  manager.MyListener - The element with locator --->By.cssSelector: .contact-item_card__2SOIM--->was found
17:45:46  INFO  manager.MyListener - Start find element --->By.cssSelector: .contact-item_card__2SOIM
17:45:46  INFO  manager.MyListener - The element with locator --->By.cssSelector: .contact-item_card__2SOIM--->was found
17:45:46  INFO  manager.HelperBase - Before remove 'One contact tests' count was --->7
17:45:46  INFO  manager.MyListener - Start find element --->By.cssSelector: .contact-item_card__2SOIM
17:45:46  INFO  manager.MyListener - The element with locator --->By.cssSelector: .contact-item_card__2SOIM--->was found
17:45:46  INFO  manager.MyListener - Start find element --->By.cssSelector: .contact-item_card__2SOIM h3
17:45:46  INFO  manager.MyListener - The element with locator --->By.cssSelector: .contact-item_card__2SOIM h3--->was found
17:45:46  INFO  manager.HelperBase - The phone number of removed contact was -->9723451814
17:45:46  INFO  manager.MyListener - Start find element --->By.cssSelector: .contact-item_card__2SOIM
17:45:46  INFO  manager.MyListener - The element with locator --->By.cssSelector: .contact-item_card__2SOIM--->was found
17:45:46  INFO  manager.MyListener - Start find element --->By.xpath: //button[text()='Remove']
17:45:46  INFO  manager.MyListener - The element with locator --->By.xpath: //button[text()='Remove']--->was found
17:45:47  INFO  manager.MyListener - Start find element --->By.cssSelector: .contact-item_card__2SOIM
17:45:47  INFO  manager.MyListener - The element with locator --->By.cssSelector: .contact-item_card__2SOIM--->was found
17:45:47  INFO  manager.HelperBase - After remove one contact the count is --->6
17:45:47  INFO  manager.MyListener - Start find element --->By.cssSelector: .contact-item_card__2SOIM
17:45:47  INFO  manager.MyListener - The element with locator --->By.cssSelector: .contact-item_card__2SOIM--->was found
17:45:47  INFO  manager.MyListener - Start find element --->By.cssSelector: .contact-item_card__2SOIM
17:45:47  INFO  manager.MyListener - The element with locator --->By.cssSelector: .contact-item_card__2SOIM--->was found
17:45:47  INFO  manager.HelperBase - Before remove 'One contact tests' count was --->6
17:45:47  INFO  manager.MyListener - Start find element --->By.cssSelector: .contact-item_card__2SOIM
17:45:47  INFO  manager.MyListener - The element with locator --->By.cssSelector: .contact-item_card__2SOIM--->was found
17:45:47  INFO  manager.MyListener - Start find element --->By.cssSelector: .contact-item_card__2SOIM h3
17:45:47  INFO  manager.MyListener - The element with locator --->By.cssSelector: .contact-item_card__2SOIM h3--->was found
17:45:47  INFO  manager.HelperBase - The phone number of removed contact was -->9723452525
17:45:47  INFO  manager.MyListener - Start find element --->By.cssSelector: .contact-item_card__2SOIM
17:45:47  INFO  manager.MyListener - The element with locator --->By.cssSelector: .contact-item_card__2SOIM--->was found
17:45:47  INFO  manager.MyListener - Start find element --->By.xpath: //button[text()='Remove']
17:45:47  INFO  manager.MyListener - The element with locator --->By.xpath: //button[text()='Remove']--->was found
17:45:47  INFO  manager.MyListener - Start find element --->By.cssSelector: .contact-item_card__2SOIM
17:45:47  INFO  manager.MyListener - The element with locator --->By.cssSelector: .contact-item_card__2SOIM--->was found
17:45:47  INFO  manager.HelperBase - After remove one contact the count is --->5
17:45:47  INFO  manager.MyListener - Start find element --->By.cssSelector: .contact-item_card__2SOIM
17:45:47  INFO  manager.MyListener - The element with locator --->By.cssSelector: .contact-item_card__2SOIM--->was found
17:45:47  INFO  manager.MyListener - Start find element --->By.cssSelector: .contact-item_card__2SOIM
17:45:47  INFO  manager.MyListener - The element with locator --->By.cssSelector: .contact-item_card__2SOIM--->was found
17:45:47  INFO  manager.HelperBase - Before remove 'One contact tests' count was --->5
17:45:47  INFO  manager.MyListener - Start find element --->By.cssSelector: .contact-item_card__2SOIM
17:45:48  INFO  manager.MyListener - The element with locator --->By.cssSelector: .contact-item_card__2SOIM--->was found
17:45:48  INFO  manager.MyListener - Start find element --->By.cssSelector: .contact-item_card__2SOIM h3
17:45:48  INFO  manager.MyListener - The element with locator --->By.cssSelector: .contact-item_card__2SOIM h3--->was found
17:45:48  INFO  manager.HelperBase - The phone number of removed contact was -->9723452683
17:45:48  INFO  manager.MyListener - Start find element --->By.cssSelector: .contact-item_card__2SOIM
17:45:48  INFO  manager.MyListener - The element with locator --->By.cssSelector: .contact-item_card__2SOIM--->was found
17:45:48  INFO  manager.MyListener - Start find element --->By.xpath: //button[text()='Remove']
17:45:48  INFO  manager.MyListener - The element with locator --->By.xpath: //button[text()='Remove']--->was found
17:45:48  INFO  manager.MyListener - Start find element --->By.cssSelector: .contact-item_card__2SOIM
17:45:48  INFO  manager.MyListener - The element with locator --->By.cssSelector: .contact-item_card__2SOIM--->was found
17:45:48  INFO  manager.HelperBase - After remove one contact the count is --->4
17:45:48  INFO  manager.MyListener - Start find element --->By.cssSelector: .contact-item_card__2SOIM
17:45:48  INFO  manager.MyListener - The element with locator --->By.cssSelector: .contact-item_card__2SOIM--->was found
17:45:48  INFO  manager.MyListener - Start find element --->By.cssSelector: .contact-item_card__2SOIM
17:45:48  INFO  manager.MyListener - The element with locator --->By.cssSelector: .contact-item_card__2SOIM--->was found
17:45:48  INFO  manager.HelperBase - Before remove 'One contact tests' count was --->4
17:45:48  INFO  manager.MyListener - Start find element --->By.cssSelector: .contact-item_card__2SOIM
17:45:48  INFO  manager.MyListener - The element with locator --->By.cssSelector: .contact-item_card__2SOIM--->was found
17:45:48  INFO  manager.MyListener - Start find element --->By.cssSelector: .contact-item_card__2SOIM h3
17:45:48  INFO  manager.MyListener - The element with locator --->By.cssSelector: .contact-item_card__2SOIM h3--->was found
17:45:48  INFO  manager.HelperBase - The phone number of removed contact was -->9723452866
17:45:48  INFO  manager.MyListener - Start find element --->By.cssSelector: .contact-item_card__2SOIM
17:45:48  INFO  manager.MyListener - The element with locator --->By.cssSelector: .contact-item_card__2SOIM--->was found
17:45:48  INFO  manager.MyListener - Start find element --->By.xpath: //button[text()='Remove']
17:45:48  INFO  manager.MyListener - The element with locator --->By.xpath: //button[text()='Remove']--->was found
17:45:49  INFO  manager.MyListener - Start find element --->By.cssSelector: .contact-item_card__2SOIM
17:45:49  INFO  manager.MyListener - The element with locator --->By.cssSelector: .contact-item_card__2SOIM--->was found
17:45:49  INFO  manager.HelperBase - After remove one contact the count is --->3
17:45:49  INFO  manager.MyListener - Start find element --->By.cssSelector: .contact-item_card__2SOIM
17:45:49  INFO  manager.MyListener - The element with locator --->By.cssSelector: .contact-item_card__2SOIM--->was found
17:45:49  INFO  manager.MyListener - Start find element --->By.cssSelector: .contact-item_card__2SOIM
17:45:49  INFO  manager.MyListener - The element with locator --->By.cssSelector: .contact-item_card__2SOIM--->was found
17:45:49  INFO  manager.HelperBase - Before remove 'One contact tests' count was --->3
17:45:49  INFO  manager.MyListener - Start find element --->By.cssSelector: .contact-item_card__2SOIM
17:45:49  INFO  manager.MyListener - The element with locator --->By.cssSelector: .contact-item_card__2SOIM--->was found
17:45:49  INFO  manager.MyListener - Start find element --->By.cssSelector: .contact-item_card__2SOIM h3
17:45:49  INFO  manager.MyListener - The element with locator --->By.cssSelector: .contact-item_card__2SOIM h3--->was found
17:45:49  INFO  manager.HelperBase - The phone number of removed contact was -->9723452813
17:45:49  INFO  manager.MyListener - Start find element --->By.cssSelector: .contact-item_card__2SOIM
17:45:49  INFO  manager.MyListener - The element with locator --->By.cssSelector: .contact-item_card__2SOIM--->was found
17:45:49  INFO  manager.MyListener - Start find element --->By.xpath: //button[text()='Remove']
17:45:49  INFO  manager.MyListener - The element with locator --->By.xpath: //button[text()='Remove']--->was found
17:45:50  INFO  manager.MyListener - Start find element --->By.cssSelector: .contact-item_card__2SOIM
17:45:50  INFO  manager.MyListener - The element with locator --->By.cssSelector: .contact-item_card__2SOIM--->was found
17:45:50  INFO  manager.HelperBase - After remove one contact the count is --->2
17:45:50  INFO  manager.MyListener - Start find element --->By.cssSelector: .contact-item_card__2SOIM
17:45:50  INFO  manager.MyListener - The element with locator --->By.cssSelector: .contact-item_card__2SOIM--->was found
17:45:50  INFO  manager.MyListener - Start find element --->By.cssSelector: .contact-item_card__2SOIM
17:45:50  INFO  manager.MyListener - The element with locator --->By.cssSelector: .contact-item_card__2SOIM--->was found
17:45:50  INFO  manager.HelperBase - Before remove 'One contact tests' count was --->2
17:45:50  INFO  manager.MyListener - Start find element --->By.cssSelector: .contact-item_card__2SOIM
17:45:50  INFO  manager.MyListener - The element with locator --->By.cssSelector: .contact-item_card__2SOIM--->was found
17:45:50  INFO  manager.MyListener - Start find element --->By.cssSelector: .contact-item_card__2SOIM h3
17:45:50  INFO  manager.MyListener - The element with locator --->By.cssSelector: .contact-item_card__2SOIM h3--->was found
17:45:50  INFO  manager.HelperBase - The phone number of removed contact was -->121211923
17:45:50  INFO  manager.MyListener - Start find element --->By.cssSelector: .contact-item_card__2SOIM
17:45:50  INFO  manager.MyListener - The element with locator --->By.cssSelector: .contact-item_card__2SOIM--->was found
17:45:50  INFO  manager.MyListener - Start find element --->By.xpath: //button[text()='Remove']
17:45:50  INFO  manager.MyListener - The element with locator --->By.xpath: //button[text()='Remove']--->was found
17:45:50  INFO  manager.MyListener - Start find element --->By.cssSelector: .contact-item_card__2SOIM
17:45:50  INFO  manager.MyListener - The element with locator --->By.cssSelector: .contact-item_card__2SOIM--->was found
17:45:50  INFO  manager.HelperBase - After remove one contact the count is --->1
17:45:50  INFO  manager.MyListener - Start find element --->By.cssSelector: .contact-item_card__2SOIM
17:45:50  INFO  manager.MyListener - The element with locator --->By.cssSelector: .contact-item_card__2SOIM--->was found
17:45:50  INFO  manager.MyListener - Start find element --->By.cssSelector: .contact-item_card__2SOIM
17:45:50  INFO  manager.MyListener - The element with locator --->By.cssSelector: .contact-item_card__2SOIM--->was found
17:45:50  INFO  manager.HelperBase - Before remove 'One contact tests' count was --->1
17:45:50  INFO  manager.MyListener - Start find element --->By.cssSelector: .contact-item_card__2SOIM
17:45:50  INFO  manager.MyListener - The element with locator --->By.cssSelector: .contact-item_card__2SOIM--->was found
17:45:50  INFO  manager.MyListener - Start find element --->By.cssSelector: .contact-item_card__2SOIM h3
17:45:50  INFO  manager.MyListener - The element with locator --->By.cssSelector: .contact-item_card__2SOIM h3--->was found
17:45:50  INFO  manager.HelperBase - The phone number of removed contact was -->972345384
17:45:50  INFO  manager.MyListener - Start find element --->By.cssSelector: .contact-item_card__2SOIM
17:45:50  INFO  manager.MyListener - The element with locator --->By.cssSelector: .contact-item_card__2SOIM--->was found
17:45:50  INFO  manager.MyListener - Start find element --->By.xpath: //button[text()='Remove']
17:45:50  INFO  manager.MyListener - The element with locator --->By.xpath: //button[text()='Remove']--->was found
17:45:51  INFO  manager.MyListener - Start find element --->By.cssSelector: .contact-item_card__2SOIM
17:45:56  INFO  manager.MyListener - The element with locator --->By.cssSelector: .contact-item_card__2SOIM--->was found
17:45:56  INFO  manager.HelperBase - After remove one contact the count is --->0
17:45:56  INFO  manager.MyListener - Start find element --->By.cssSelector: .contact-item_card__2SOIM
17:46:01  INFO  manager.MyListener - The element with locator --->By.cssSelector: .contact-item_card__2SOIM--->was found
17:46:01  INFO  manager.MyListener - Start find element --->By.cssSelector: .contact-item_card__2SOIM
17:46:06  INFO  manager.MyListener - The element with locator --->By.cssSelector: .contact-item_card__2SOIM--->was found
17:46:09  INFO  tests.TestBase - Contact(name=Jack, lastName=Sparrow, phone=9723452769, email=jacky2769@gmail.com, address=Tortuga, description=Friend)contact was added
17:46:09  INFO  manager.MyListener - Start find element --->By.xpath: //a[text()='ADD']
17:46:09  INFO  manager.MyListener - The element with locator --->By.xpath: //a[text()='ADD']--->was found
17:46:09  INFO  manager.MyListener - Start find element --->By.cssSelector: [placeholder='Name']
17:46:09  INFO  manager.MyListener - The element with locator --->By.cssSelector: [placeholder='Name']--->was found
17:46:09  INFO  manager.MyListener - Start find element --->By.cssSelector: [placeholder='Last Name']
17:46:09  INFO  manager.MyListener - The element with locator --->By.cssSelector: [placeholder='Last Name']--->was found
17:46:09  INFO  manager.MyListener - Start find element --->By.cssSelector: [placeholder='Phone']
17:46:09  INFO  manager.MyListener - The element with locator --->By.cssSelector: [placeholder='Phone']--->was found
17:46:10  INFO  manager.MyListener - Start find element --->By.cssSelector: [placeholder='email']
17:46:10  INFO  manager.MyListener - The element with locator --->By.cssSelector: [placeholder='email']--->was found
17:46:10  INFO  manager.MyListener - Start find element --->By.cssSelector: [placeholder='Address']
17:46:10  INFO  manager.MyListener - The element with locator --->By.cssSelector: [placeholder='Address']--->was found
17:46:10  INFO  manager.MyListener - Start find element --->By.cssSelector: [placeholder='description']
17:46:10  INFO  manager.MyListener - The element with locator --->By.cssSelector: [placeholder='description']--->was found
17:46:13  INFO  manager.MyListener - We have a throwable ---> no such window: target window already closed
from unknown error: web view not found
  (Session info: chrome=98.0.4758.82)
Build info: version: '3.141.59', revision: 'e82be7d358', time: '2018-11-14T08:17:03'
System info: host: 'DESKTOP-O62I6CB', ip: '10.100.102.5', os.name: 'Windows 10', os.arch: 'amd64', os.version: '10.0', java.version: '11.0.13'
Driver info: org.openqa.selenium.chrome.ChromeDriver
Capabilities {acceptInsecureCerts: false, browserName: chrome, browserVersion: 98.0.4758.82, chrome: {chromedriverVersion: 98.0.4758.80 (7f0488e8ba0d8..., userDataDir: C:\Users\Natali\AppData\Loc...}, goog:chromeOptions: {debuggerAddress: localhost:54230}, javascriptEnabled: true, networkConnectionEnabled: false, pageLoadStrategy: normal, platform: WINDOWS, platformName: WINDOWS, proxy: Proxy(), setWindowRect: true, strictFileInteractability: false, timeouts: {implicit: 0, pageLoad: 300000, script: 30000}, unhandledPromptBehavior: dismiss and notify, webauthn:extension:credBlob: true, webauthn:extension:largeBlob: true, webauthn:virtualAuthenticators: true}
Session ID: ad84c29549a63b6c1ed7320602f731e6
17:46:13  INFO  manager.MyListener - org.openqa.selenium.NoSuchWindowException: no such window: target window already closed
from unknown error: web view not found
  (Session info: chrome=98.0.4758.82)
Build info: version: '3.141.59', revision: 'e82be7d358', time: '2018-11-14T08:17:03'
System info: host: 'DESKTOP-O62I6CB', ip: '10.100.102.5', os.name: 'Windows 10', os.arch: 'amd64', os.version: '10.0', java.version: '11.0.13'
Driver info: org.openqa.selenium.chrome.ChromeDriver
Capabilities {acceptInsecureCerts: false, browserName: chrome, browserVersion: 98.0.4758.82, chrome: {chromedriverVersion: 98.0.4758.80 (7f0488e8ba0d8..., userDataDir: C:\Users\Natali\AppData\Loc...}, goog:chromeOptions: {debuggerAddress: localhost:54230}, javascriptEnabled: true, networkConnectionEnabled: false, pageLoadStrategy: normal, platform: WINDOWS, platformName: WINDOWS, proxy: Proxy(), setWindowRect: true, strictFileInteractability: false, timeouts: {implicit: 0, pageLoad: 300000, script: 30000}, unhandledPromptBehavior: dismiss and notify, webauthn:extension:credBlob: true, webauthn:extension:largeBlob: true, webauthn:virtualAuthenticators: true}
Session ID: ad84c29549a63b6c1ed7320602f731e6
17:46:13  INFO  manager.MyListener - This is your screen with error -->src/test/screenshorts/screen2773.png
17:46:13  INFO  manager.MyListener - We have a throwable ---> no such window: target window already closed
from unknown error: web view not found
  (Session info: chrome=98.0.4758.82)
Build info: version: '3.141.59', revision: 'e82be7d358', time: '2018-11-14T08:17:03'
System info: host: 'DESKTOP-O62I6CB', ip: '10.100.102.5', os.name: 'Windows 10', os.arch: 'amd64', os.version: '10.0', java.version: '11.0.13'
Driver info: org.openqa.selenium.chrome.ChromeDriver
Capabilities {acceptInsecureCerts: false, browserName: chrome, browserVersion: 98.0.4758.82, chrome: {chromedriverVersion: 98.0.4758.80 (7f0488e8ba0d8..., userDataDir: C:\Users\Natali\AppData\Loc...}, goog:chromeOptions: {debuggerAddress: localhost:54230}, javascriptEnabled: true, networkConnectionEnabled: false, pageLoadStrategy: normal, platform: WINDOWS, platformName: WINDOWS, proxy: Proxy(), setWindowRect: true, strictFileInteractability: false, timeouts: {implicit: 0, pageLoad: 300000, script: 30000}, unhandledPromptBehavior: dismiss and notify, webauthn:extension:credBlob: true, webauthn:extension:largeBlob: true, webauthn:virtualAuthenticators: true}
Session ID: ad84c29549a63b6c1ed7320602f731e6
17:46:13  INFO  manager.MyListener - org.openqa.selenium.NoSuchWindowException: no such window: target window already closed
from unknown error: web view not found
  (Session info: chrome=98.0.4758.82)
Build info: version: '3.141.59', revision: 'e82be7d358', time: '2018-11-14T08:17:03'
System info: host: 'DESKTOP-O62I6CB', ip: '10.100.102.5', os.name: 'Windows 10', os.arch: 'amd64', os.version: '10.0', java.version: '11.0.13'
Driver info: org.openqa.selenium.chrome.ChromeDriver
Capabilities {acceptInsecureCerts: false, browserName: chrome, browserVersion: 98.0.4758.82, chrome: {chromedriverVersion: 98.0.4758.80 (7f0488e8ba0d8..., userDataDir: C:\Users\Natali\AppData\Loc...}, goog:chromeOptions: {debuggerAddress: localhost:54230}, javascriptEnabled: true, networkConnectionEnabled: false, pageLoadStrategy: normal, platform: WINDOWS, platformName: WINDOWS, proxy: Proxy(), setWindowRect: true, strictFileInteractability: false, timeouts: {implicit: 0, pageLoad: 300000, script: 30000}, unhandledPromptBehavior: dismiss and notify, webauthn:extension:credBlob: true, webauthn:extension:largeBlob: true, webauthn:virtualAuthenticators: true}
Session ID: ad84c29549a63b6c1ed7320602f731e6
17:46:13  INFO  manager.MyListener - This is your screen with error -->src/test/screenshorts/screen2773.png
