21:17:49  INFO  manager.ApplicationManager - All tests starts in 'Chrom' browser
21:17:50  INFO  tests.TestBase - Name of test ---> addNewContactSuccess2
21:17:50  INFO  manager.MyListener - Start find element --->By.xpath: //button[text()='Sign Out']
21:17:55  INFO  manager.MyListener - The element with locator --->By.xpath: //button[text()='Sign Out']--->was found
21:17:55  INFO  manager.MyListener - Start find element --->By.xpath: //a[@href='/login']
21:17:55  INFO  manager.MyListener - The element with locator --->By.xpath: //a[@href='/login']--->was found
21:17:55  INFO  manager.MyListener - Start find element --->By.xpath: //input[1]
21:17:55  INFO  manager.MyListener - The element with locator --->By.xpath: //input[1]--->was found
21:17:55  INFO  manager.MyListener - Start find element --->By.xpath: //input[2]
21:17:55  INFO  manager.MyListener - The element with locator --->By.xpath: //input[2]--->was found
21:17:55  INFO  manager.MyListener - Start find element --->By.xpath: //button[text()=' Login']
21:17:55  INFO  manager.MyListener - The element with locator --->By.xpath: //button[text()=' Login']--->was found
21:17:55  INFO  tests.TestBase - Contact was added for userUser{email='Tomy123456@mail.com', password='Qq123666$45'}
21:17:55  INFO  manager.MyListener - Start find element --->By.cssSelector: .contact-item_card__2SOIM
21:17:56  INFO  manager.MyListener - The element with locator --->By.cssSelector: .contact-item_card__2SOIM--->was found
21:17:56  INFO  manager.MyListener - Start find element --->By.cssSelector: .contact-item_card__2SOIM
21:17:56  INFO  manager.MyListener - The element with locator --->By.cssSelector: .contact-item_card__2SOIM--->was found
21:17:56  INFO  tests.TestBase - Contact(name=Elizabet, lastName=Swon, phone=5464748456, email=eliz@gmail.com, address=Tortuga, description=Friend)contact was added
21:17:56  INFO  manager.MyListener - Start find element --->By.xpath: //a[text()='ADD']
21:17:56  INFO  manager.MyListener - The element with locator --->By.xpath: //a[text()='ADD']--->was found
21:17:56  INFO  manager.MyListener - Start find element --->By.cssSelector: [placeholder='Name']
21:17:56  INFO  manager.MyListener - The element with locator --->By.cssSelector: [placeholder='Name']--->was found
21:17:56  INFO  manager.MyListener - Start find element --->By.cssSelector: [placeholder='Last Name']
21:17:56  INFO  manager.MyListener - The element with locator --->By.cssSelector: [placeholder='Last Name']--->was found
21:17:56  INFO  manager.MyListener - Start find element --->By.cssSelector: [placeholder='Phone']
21:17:56  INFO  manager.MyListener - The element with locator --->By.cssSelector: [placeholder='Phone']--->was found
21:17:57  INFO  manager.MyListener - Start find element --->By.cssSelector: [placeholder='email']
21:17:57  INFO  manager.MyListener - The element with locator --->By.cssSelector: [placeholder='email']--->was found
21:17:57  INFO  manager.MyListener - Start find element --->By.cssSelector: [placeholder='Address']
21:17:57  INFO  manager.MyListener - The element with locator --->By.cssSelector: [placeholder='Address']--->was found
21:17:57  INFO  manager.MyListener - Start find element --->By.cssSelector: [placeholder='description']
21:17:57  INFO  manager.MyListener - The element with locator --->By.cssSelector: [placeholder='description']--->was found
21:17:57  INFO  manager.MyListener - Start find element --->By.xpath: //button[contains(.,'Save')]
21:17:57  INFO  manager.MyListener - The element with locator --->By.xpath: //button[contains(.,'Save')]--->was found
21:17:57  INFO  manager.MyListener - Start find element --->By.cssSelector: .contact-item_card__2SOIM
21:17:57  INFO  manager.MyListener - The element with locator --->By.cssSelector: .contact-item_card__2SOIM--->was found
21:17:57  INFO  manager.MyListener - Start find element --->By.cssSelector: h2
21:17:57  INFO  manager.MyListener - The element with locator --->By.cssSelector: h2--->was found
21:17:57  INFO  manager.MyListener - Start find element --->By.cssSelector: h3
21:17:57  INFO  manager.MyListener - The element with locator --->By.cssSelector: h3--->was found
21:17:57  INFO  tests.TestBase - Name of test ---> addNewContactSuccess2
21:17:57  INFO  manager.MyListener - Start find element --->By.xpath: //button[text()='Sign Out']
21:17:57  INFO  manager.MyListener - The element with locator --->By.xpath: //button[text()='Sign Out']--->was found
21:17:57  INFO  manager.MyListener - Start find element --->By.cssSelector: .contact-item_card__2SOIM
21:17:57  INFO  manager.MyListener - The element with locator --->By.cssSelector: .contact-item_card__2SOIM--->was found
21:17:57  INFO  manager.MyListener - Start find element --->By.cssSelector: .contact-item_card__2SOIM
21:17:57  INFO  manager.MyListener - The element with locator --->By.cssSelector: .contact-item_card__2SOIM--->was found
21:17:57  INFO  tests.TestBase - Contact(name=Elizabet, lastName=Swon, phone=5464748457, email=eliz1@gmail.com, address=Tortuga, description=Friend)contact was added
21:17:57  INFO  manager.MyListener - Start find element --->By.xpath: //a[text()='ADD']
21:17:57  INFO  manager.MyListener - The element with locator --->By.xpath: //a[text()='ADD']--->was found
21:17:57  INFO  manager.MyListener - Start find element --->By.cssSelector: [placeholder='Name']
21:17:57  INFO  manager.MyListener - The element with locator --->By.cssSelector: [placeholder='Name']--->was found
21:17:58  INFO  manager.MyListener - Start find element --->By.cssSelector: [placeholder='Last Name']
21:17:58  INFO  manager.MyListener - The element with locator --->By.cssSelector: [placeholder='Last Name']--->was found
21:17:58  INFO  manager.MyListener - Start find element --->By.cssSelector: [placeholder='Phone']
21:17:58  INFO  manager.MyListener - The element with locator --->By.cssSelector: [placeholder='Phone']--->was found
21:17:58  INFO  manager.MyListener - Start find element --->By.cssSelector: [placeholder='email']
21:17:58  INFO  manager.MyListener - The element with locator --->By.cssSelector: [placeholder='email']--->was found
21:17:58  INFO  manager.MyListener - Start find element --->By.cssSelector: [placeholder='Address']
21:17:58  INFO  manager.MyListener - The element with locator --->By.cssSelector: [placeholder='Address']--->was found
21:17:58  INFO  manager.MyListener - Start find element --->By.cssSelector: [placeholder='description']
21:17:58  INFO  manager.MyListener - The element with locator --->By.cssSelector: [placeholder='description']--->was found
21:17:58  INFO  manager.MyListener - Start find element --->By.xpath: //button[contains(.,'Save')]
21:17:58  INFO  manager.MyListener - The element with locator --->By.xpath: //button[contains(.,'Save')]--->was found
21:17:58  INFO  manager.MyListener - Start find element --->By.cssSelector: .contact-item_card__2SOIM
21:17:59  INFO  manager.MyListener - The element with locator --->By.cssSelector: .contact-item_card__2SOIM--->was found
21:17:59  INFO  manager.MyListener - Start find element --->By.cssSelector: h2
21:17:59  INFO  manager.MyListener - The element with locator --->By.cssSelector: h2--->was found
21:17:59  INFO  manager.MyListener - Start find element --->By.cssSelector: h3
21:17:59  INFO  manager.MyListener - The element with locator --->By.cssSelector: h3--->was found
21:17:59  INFO  tests.TestBase - Name of test ---> addNewContactSuccess2
21:17:59  INFO  manager.MyListener - Start find element --->By.xpath: //button[text()='Sign Out']
21:17:59  INFO  manager.MyListener - The element with locator --->By.xpath: //button[text()='Sign Out']--->was found
21:17:59  INFO  manager.MyListener - Start find element --->By.cssSelector: .contact-item_card__2SOIM
21:17:59  INFO  manager.MyListener - The element with locator --->By.cssSelector: .contact-item_card__2SOIM--->was found
21:17:59  INFO  manager.MyListener - Start find element --->By.cssSelector: .contact-item_card__2SOIM
21:17:59  INFO  manager.MyListener - The element with locator --->By.cssSelector: .contact-item_card__2SOIM--->was found
21:17:59  INFO  tests.TestBase - Contact(name=Elizabet, lastName=Swon, phone=5464748454, email=eliz2@gmail.com, address=Tortuga, description=Friend)contact was added
21:17:59  INFO  manager.MyListener - Start find element --->By.xpath: //a[text()='ADD']
21:17:59  INFO  manager.MyListener - The element with locator --->By.xpath: //a[text()='ADD']--->was found
21:17:59  INFO  manager.MyListener - Start find element --->By.cssSelector: [placeholder='Name']
21:17:59  INFO  manager.MyListener - The element with locator --->By.cssSelector: [placeholder='Name']--->was found
21:17:59  INFO  manager.MyListener - Start find element --->By.cssSelector: [placeholder='Last Name']
21:17:59  INFO  manager.MyListener - The element with locator --->By.cssSelector: [placeholder='Last Name']--->was found
21:17:59  INFO  manager.MyListener - Start find element --->By.cssSelector: [placeholder='Phone']
21:17:59  INFO  manager.MyListener - The element with locator --->By.cssSelector: [placeholder='Phone']--->was found
21:17:59  INFO  manager.MyListener - Start find element --->By.cssSelector: [placeholder='email']
21:17:59  INFO  manager.MyListener - The element with locator --->By.cssSelector: [placeholder='email']--->was found
21:17:59  INFO  manager.MyListener - Start find element --->By.cssSelector: [placeholder='Address']
21:17:59  INFO  manager.MyListener - The element with locator --->By.cssSelector: [placeholder='Address']--->was found
21:17:59  INFO  manager.MyListener - Start find element --->By.cssSelector: [placeholder='description']
21:17:59  INFO  manager.MyListener - The element with locator --->By.cssSelector: [placeholder='description']--->was found
21:17:59  INFO  manager.MyListener - Start find element --->By.xpath: //button[contains(.,'Save')]
21:17:59  INFO  manager.MyListener - The element with locator --->By.xpath: //button[contains(.,'Save')]--->was found
21:17:59  INFO  manager.MyListener - Start find element --->By.cssSelector: .contact-item_card__2SOIM
21:18:00  INFO  manager.MyListener - The element with locator --->By.cssSelector: .contact-item_card__2SOIM--->was found
21:18:00  INFO  manager.MyListener - Start find element --->By.cssSelector: h2
21:18:00  INFO  manager.MyListener - The element with locator --->By.cssSelector: h2--->was found
21:18:00  INFO  manager.MyListener - Start find element --->By.cssSelector: h3
21:18:00  INFO  manager.MyListener - The element with locator --->By.cssSelector: h3--->was found
