12:11:27  INFO  manager.ApplicationManager - All tests starts in 'FIREFOX' browser
12:11:28  INFO  tests.TestBase - Name of test ---> addNewContactSuccess
12:11:28  INFO  manager.MyListener - Start find element --->By.xpath: //button[text()='Sign Out']
12:11:33  INFO  manager.MyListener - The element with locator --->By.xpath: //button[text()='Sign Out']--->was found
12:11:33  INFO  manager.MyListener - Start find element --->By.xpath: //a[@href='/login']
12:11:33  INFO  manager.MyListener - The element with locator --->By.xpath: //a[@href='/login']--->was found
12:11:33  INFO  manager.MyListener - Start find element --->By.xpath: //input[1]
12:11:33  INFO  manager.MyListener - The element with locator --->By.xpath: //input[1]--->was found
12:11:33  INFO  manager.MyListener - Start find element --->By.xpath: //input[2]
12:11:33  INFO  manager.MyListener - The element with locator --->By.xpath: //input[2]--->was found
12:11:34  INFO  manager.MyListener - Start find element --->By.xpath: //button[text()=' Login']
12:11:34  INFO  manager.MyListener - The element with locator --->By.xpath: //button[text()=' Login']--->was found
12:11:34  INFO  manager.MyListener - Start find element --->By.cssSelector: .contact-item_card__2SOIM
12:11:35  INFO  manager.MyListener - The element with locator --->By.cssSelector: .contact-item_card__2SOIM--->was found
12:11:35  INFO  manager.MyListener - Start find element --->By.cssSelector: .contact-item_card__2SOIM
12:11:35  INFO  manager.MyListener - The element with locator --->By.cssSelector: .contact-item_card__2SOIM--->was found
12:11:35  INFO  tests.TestBase - The test 'Add new contact' start with count of contact in start --->4
12:11:35  INFO  tests.TestBase - The test 'Add new contact' start with data ---->Contact(name=Maya695, lastName=Foot, phone=1234567695, email=maya695@gmail.com, address=Tel-Aviv, description=friend)
12:11:35  INFO  manager.MyListener - Start find element --->By.xpath: //a[text()='ADD']
12:11:35  INFO  manager.MyListener - The element with locator --->By.xpath: //a[text()='ADD']--->was found
12:11:35  INFO  manager.MyListener - Start find element --->By.cssSelector: [placeholder='Name']
12:11:35  INFO  manager.MyListener - The element with locator --->By.cssSelector: [placeholder='Name']--->was found
12:11:35  INFO  manager.MyListener - Start find element --->By.cssSelector: [placeholder='Last Name']
12:11:35  INFO  manager.MyListener - The element with locator --->By.cssSelector: [placeholder='Last Name']--->was found
12:11:35  INFO  manager.MyListener - Start find element --->By.cssSelector: [placeholder='Phone']
12:11:36  INFO  manager.MyListener - The element with locator --->By.cssSelector: [placeholder='Phone']--->was found
12:11:36  INFO  manager.MyListener - Start find element --->By.cssSelector: [placeholder='email']
12:11:36  INFO  manager.MyListener - The element with locator --->By.cssSelector: [placeholder='email']--->was found
12:11:36  INFO  manager.MyListener - Start find element --->By.cssSelector: [placeholder='Address']
12:11:36  INFO  manager.MyListener - The element with locator --->By.cssSelector: [placeholder='Address']--->was found
12:11:36  INFO  manager.MyListener - Start find element --->By.cssSelector: [placeholder='description']
12:11:36  INFO  manager.MyListener - The element with locator --->By.cssSelector: [placeholder='description']--->was found
12:11:37  INFO  manager.MyListener - Start find element --->By.xpath: //button[contains(.,'Save')]
12:11:37  INFO  manager.MyListener - The element with locator --->By.xpath: //button[contains(.,'Save')]--->was found
12:11:37  INFO  manager.MyListener - Start find element --->By.cssSelector: .contact-item_card__2SOIM
12:11:37  INFO  manager.MyListener - The element with locator --->By.cssSelector: .contact-item_card__2SOIM--->was found
12:11:37  INFO  tests.TestBase - The test 'Add new contact' end with count of contact in the end --->5
12:11:37  INFO  manager.MyListener - Start find element --->By.cssSelector: h2
12:11:37  INFO  manager.MyListener - The element with locator --->By.cssSelector: h2--->was found
12:11:37  INFO  manager.MyListener - Start find element --->By.cssSelector: h3
12:11:37  INFO  manager.MyListener - The element with locator --->By.cssSelector: h3--->was found
12:11:37  INFO  tests.TestBase - Name of test ---> loginSuccessModel
12:11:37  INFO  manager.MyListener - Start find element --->By.xpath: //button[text()='Sign Out']
12:11:37  INFO  manager.MyListener - The element with locator --->By.xpath: //button[text()='Sign Out']--->was found
12:11:37  INFO  manager.MyListener - Start find element --->By.xpath: //button[text()='Sign Out']
12:11:37  INFO  manager.MyListener - The element with locator --->By.xpath: //button[text()='Sign Out']--->was found
12:11:37  INFO  tests.TestBase - Test starts with email [Tomy123456@mail.com], pessword[Qq123666$45]
12:11:37  INFO  manager.MyListener - Start find element --->By.xpath: //a[@href='/login']
12:11:37  INFO  manager.MyListener - The element with locator --->By.xpath: //a[@href='/login']--->was found
12:11:38  INFO  manager.MyListener - Start find element --->By.xpath: //input[1]
12:11:38  INFO  manager.MyListener - The element with locator --->By.xpath: //input[1]--->was found
12:11:38  INFO  manager.MyListener - Start find element --->By.xpath: //input[2]
12:11:38  INFO  manager.MyListener - The element with locator --->By.xpath: //input[2]--->was found
12:11:38  INFO  manager.MyListener - Start find element --->By.xpath: //button[text()=' Login']
12:11:38  INFO  manager.MyListener - The element with locator --->By.xpath: //button[text()=' Login']--->was found
12:11:39  INFO  manager.MyListener - Start find element --->By.xpath: //a[@href='/contacts']
12:11:39  INFO  manager.MyListener - The element with locator --->By.xpath: //a[@href='/contacts']--->was found
12:11:39  INFO  tests.TestBase - Name of test ---> loginSuccessModelDataProvider
12:11:39  INFO  manager.MyListener - Start find element --->By.xpath: //button[text()='Sign Out']
12:11:39  INFO  manager.MyListener - The element with locator --->By.xpath: //button[text()='Sign Out']--->was found
12:11:39  INFO  manager.MyListener - Start find element --->By.xpath: //button[text()='Sign Out']
12:11:39  INFO  manager.MyListener - The element with locator --->By.xpath: //button[text()='Sign Out']--->was found
12:11:39  INFO  tests.TestBase - Test user starts with data:User{email='Tomy123456@mail.com', password='Qq123666$45'}
12:11:39  INFO  manager.MyListener - Start find element --->By.xpath: //a[@href='/login']
12:11:39  INFO  manager.MyListener - The element with locator --->By.xpath: //a[@href='/login']--->was found
12:11:39  INFO  manager.MyListener - Start find element --->By.xpath: //input[1]
12:11:39  INFO  manager.MyListener - The element with locator --->By.xpath: //input[1]--->was found
12:11:40  INFO  manager.MyListener - Start find element --->By.xpath: //input[2]
12:11:40  INFO  manager.MyListener - The element with locator --->By.xpath: //input[2]--->was found
12:11:40  INFO  manager.MyListener - Start find element --->By.xpath: //button[text()=' Login']
12:11:40  INFO  manager.MyListener - The element with locator --->By.xpath: //button[text()=' Login']--->was found
12:11:40  INFO  manager.MyListener - Start find element --->By.xpath: //a[@href='/contacts']
12:11:40  INFO  manager.MyListener - The element with locator --->By.xpath: //a[@href='/contacts']--->was found
12:11:40  INFO  tests.TestBase - Name of test ---> loginSuccessModelDataProvider
12:11:40  INFO  manager.MyListener - Start find element --->By.xpath: //button[text()='Sign Out']
12:11:40  INFO  manager.MyListener - The element with locator --->By.xpath: //button[text()='Sign Out']--->was found
12:11:40  INFO  manager.MyListener - Start find element --->By.xpath: //button[text()='Sign Out']
12:11:40  INFO  manager.MyListener - The element with locator --->By.xpath: //button[text()='Sign Out']--->was found
12:11:41  INFO  tests.TestBase - Test user starts with data:User{email='Tomy123456@mail.com', password='Qq123666$45'}
12:11:41  INFO  manager.MyListener - Start find element --->By.xpath: //a[@href='/login']
12:11:41  INFO  manager.MyListener - The element with locator --->By.xpath: //a[@href='/login']--->was found
12:11:41  INFO  manager.MyListener - Start find element --->By.xpath: //input[1]
12:11:41  INFO  manager.MyListener - The element with locator --->By.xpath: //input[1]--->was found
12:11:41  INFO  manager.MyListener - Start find element --->By.xpath: //input[2]
12:11:41  INFO  manager.MyListener - The element with locator --->By.xpath: //input[2]--->was found
12:11:42  INFO  manager.MyListener - Start find element --->By.xpath: //button[text()=' Login']
12:11:42  INFO  manager.MyListener - The element with locator --->By.xpath: //button[text()=' Login']--->was found
12:11:42  INFO  manager.MyListener - Start find element --->By.xpath: //a[@href='/contacts']
12:11:42  INFO  manager.MyListener - The element with locator --->By.xpath: //a[@href='/contacts']--->was found
12:11:42  INFO  tests.TestBase - Name of test ---> loginSuccessModelDataProvider
12:11:42  INFO  manager.MyListener - Start find element --->By.xpath: //button[text()='Sign Out']
12:11:42  INFO  manager.MyListener - The element with locator --->By.xpath: //button[text()='Sign Out']--->was found
12:11:42  INFO  manager.MyListener - Start find element --->By.xpath: //button[text()='Sign Out']
12:11:42  INFO  manager.MyListener - The element with locator --->By.xpath: //button[text()='Sign Out']--->was found
12:11:42  INFO  tests.TestBase - Test user starts with data:User{email='Tomy123456@mail.com', password='Qq123666$45'}
12:11:42  INFO  manager.MyListener - Start find element --->By.xpath: //a[@href='/login']
12:11:42  INFO  manager.MyListener - The element with locator --->By.xpath: //a[@href='/login']--->was found
12:11:43  INFO  manager.MyListener - Start find element --->By.xpath: //input[1]
12:11:43  INFO  manager.MyListener - The element with locator --->By.xpath: //input[1]--->was found
12:11:43  INFO  manager.MyListener - Start find element --->By.xpath: //input[2]
12:11:43  INFO  manager.MyListener - The element with locator --->By.xpath: //input[2]--->was found
12:11:43  INFO  manager.MyListener - Start find element --->By.xpath: //button[text()=' Login']
12:11:43  INFO  manager.MyListener - The element with locator --->By.xpath: //button[text()=' Login']--->was found
12:11:44  INFO  manager.MyListener - Start find element --->By.xpath: //a[@href='/contacts']
12:11:44  INFO  manager.MyListener - The element with locator --->By.xpath: //a[@href='/contacts']--->was found
12:11:44  INFO  tests.TestBase - Name of test ---> loginSuccessTestDataProvider
12:11:44  INFO  manager.MyListener - Start find element --->By.xpath: //button[text()='Sign Out']
12:11:44  INFO  manager.MyListener - The element with locator --->By.xpath: //button[text()='Sign Out']--->was found
12:11:44  INFO  manager.MyListener - Start find element --->By.xpath: //button[text()='Sign Out']
12:11:44  INFO  manager.MyListener - The element with locator --->By.xpath: //button[text()='Sign Out']--->was found
12:11:44  INFO  tests.TestBase - Test starts with email Tomy123456@mail.com  && password Qq123666$45
12:11:44  INFO  manager.MyListener - Start find element --->By.xpath: //a[@href='/login']
12:11:44  INFO  manager.MyListener - The element with locator --->By.xpath: //a[@href='/login']--->was found
12:11:47  INFO  manager.MyListener - Start find element --->By.xpath: //input[1]
12:11:47  INFO  manager.MyListener - The element with locator --->By.xpath: //input[1]--->was found
12:11:48  INFO  manager.MyListener - Start find element --->By.xpath: //input[2]
12:11:48  INFO  manager.MyListener - The element with locator --->By.xpath: //input[2]--->was found
12:11:48  INFO  manager.MyListener - Start find element --->By.xpath: //button[text()=' Login']
12:11:48  INFO  manager.MyListener - The element with locator --->By.xpath: //button[text()=' Login']--->was found
12:11:48  INFO  manager.MyListener - Start find element --->By.xpath: //a[@href='/contacts']
12:11:48  INFO  manager.MyListener - The element with locator --->By.xpath: //a[@href='/contacts']--->was found
12:11:48  INFO  tests.TestBase - Name of test ---> loginSuccessTestDataProvider
12:11:48  INFO  manager.MyListener - Start find element --->By.xpath: //button[text()='Sign Out']
12:11:48  INFO  manager.MyListener - The element with locator --->By.xpath: //button[text()='Sign Out']--->was found
12:11:48  INFO  manager.MyListener - Start find element --->By.xpath: //button[text()='Sign Out']
12:11:48  INFO  manager.MyListener - The element with locator --->By.xpath: //button[text()='Sign Out']--->was found
12:11:48  INFO  tests.TestBase - Test starts with email Tomy123456@mail.com  && password Qq123666$45
12:11:48  INFO  manager.MyListener - Start find element --->By.xpath: //a[@href='/login']
12:11:48  INFO  manager.MyListener - The element with locator --->By.xpath: //a[@href='/login']--->was found
12:11:52  INFO  manager.MyListener - Start find element --->By.xpath: //input[1]
12:11:52  INFO  manager.MyListener - The element with locator --->By.xpath: //input[1]--->was found
12:11:52  INFO  manager.MyListener - Start find element --->By.xpath: //input[2]
12:11:52  INFO  manager.MyListener - The element with locator --->By.xpath: //input[2]--->was found
12:11:52  INFO  manager.MyListener - Start find element --->By.xpath: //button[text()=' Login']
12:11:52  INFO  manager.MyListener - The element with locator --->By.xpath: //button[text()=' Login']--->was found
12:11:53  INFO  manager.MyListener - Start find element --->By.xpath: //a[@href='/contacts']
12:11:53  INFO  manager.MyListener - The element with locator --->By.xpath: //a[@href='/contacts']--->was found
12:11:53  INFO  tests.TestBase - Name of test ---> loginSuccessTestDataProvider
12:11:53  INFO  manager.MyListener - Start find element --->By.xpath: //button[text()='Sign Out']
12:11:53  INFO  manager.MyListener - The element with locator --->By.xpath: //button[text()='Sign Out']--->was found
12:11:53  INFO  manager.MyListener - Start find element --->By.xpath: //button[text()='Sign Out']
12:11:53  INFO  manager.MyListener - The element with locator --->By.xpath: //button[text()='Sign Out']--->was found
12:11:53  INFO  tests.TestBase - Test starts with email elizabet123456@mail.com  && password El098765$
12:11:53  INFO  manager.MyListener - Start find element --->By.xpath: //a[@href='/login']
12:11:53  INFO  manager.MyListener - The element with locator --->By.xpath: //a[@href='/login']--->was found
12:11:56  INFO  manager.MyListener - Start find element --->By.xpath: //input[1]
12:11:56  INFO  manager.MyListener - The element with locator --->By.xpath: //input[1]--->was found
12:11:56  INFO  manager.MyListener - Start find element --->By.xpath: //input[2]
12:11:56  INFO  manager.MyListener - The element with locator --->By.xpath: //input[2]--->was found
12:11:57  INFO  manager.MyListener - Start find element --->By.xpath: //button[text()=' Login']
12:11:57  INFO  manager.MyListener - The element with locator --->By.xpath: //button[text()=' Login']--->was found
12:11:57  INFO  manager.MyListener - Start find element --->By.xpath: //a[@href='/contacts']
12:11:57  INFO  manager.MyListener - The element with locator --->By.xpath: //a[@href='/contacts']--->was found
12:11:57  INFO  tests.TestBase - Name of test ---> loginSuccessTestDataProviderCSV
12:11:57  INFO  manager.MyListener - Start find element --->By.xpath: //button[text()='Sign Out']
12:11:57  INFO  manager.MyListener - The element with locator --->By.xpath: //button[text()='Sign Out']--->was found
12:11:57  INFO  manager.MyListener - Start find element --->By.xpath: //button[text()='Sign Out']
12:11:57  INFO  manager.MyListener - The element with locator --->By.xpath: //button[text()='Sign Out']--->was found
12:11:57  INFO  tests.TestBase - Test starts with email Tomy123456@mail.com  && password Qq123666$45
12:11:57  INFO  manager.MyListener - Start find element --->By.xpath: //a[@href='/login']
12:11:57  INFO  manager.MyListener - The element with locator --->By.xpath: //a[@href='/login']--->was found
12:12:01  INFO  manager.MyListener - Start find element --->By.xpath: //input[1]
12:12:01  INFO  manager.MyListener - The element with locator --->By.xpath: //input[1]--->was found
12:12:01  INFO  manager.MyListener - Start find element --->By.xpath: //input[2]
12:12:01  INFO  manager.MyListener - The element with locator --->By.xpath: //input[2]--->was found
12:12:01  INFO  manager.MyListener - Start find element --->By.xpath: //button[text()=' Login']
12:12:01  INFO  manager.MyListener - The element with locator --->By.xpath: //button[text()=' Login']--->was found
12:12:01  INFO  manager.MyListener - Start find element --->By.xpath: //a[@href='/contacts']
12:12:01  INFO  manager.MyListener - The element with locator --->By.xpath: //a[@href='/contacts']--->was found
12:12:01  INFO  tests.TestBase - Name of test ---> loginSuccessTestDataProviderCSV
12:12:01  INFO  manager.MyListener - Start find element --->By.xpath: //button[text()='Sign Out']
12:12:01  INFO  manager.MyListener - The element with locator --->By.xpath: //button[text()='Sign Out']--->was found
12:12:01  INFO  manager.MyListener - Start find element --->By.xpath: //button[text()='Sign Out']
12:12:01  INFO  manager.MyListener - The element with locator --->By.xpath: //button[text()='Sign Out']--->was found
12:12:02  INFO  tests.TestBase - Test starts with email elizabet123456@mail.com  && password El098765$
12:12:02  INFO  manager.MyListener - Start find element --->By.xpath: //a[@href='/login']
12:12:02  INFO  manager.MyListener - The element with locator --->By.xpath: //a[@href='/login']--->was found
12:12:05  INFO  manager.MyListener - Start find element --->By.xpath: //input[1]
12:12:05  INFO  manager.MyListener - The element with locator --->By.xpath: //input[1]--->was found
12:12:05  INFO  manager.MyListener - Start find element --->By.xpath: //input[2]
12:12:05  INFO  manager.MyListener - The element with locator --->By.xpath: //input[2]--->was found
12:12:06  INFO  manager.MyListener - Start find element --->By.xpath: //button[text()=' Login']
12:12:06  INFO  manager.MyListener - The element with locator --->By.xpath: //button[text()=' Login']--->was found
12:12:06  INFO  manager.MyListener - Start find element --->By.xpath: //a[@href='/contacts']
12:12:06  INFO  manager.MyListener - The element with locator --->By.xpath: //a[@href='/contacts']--->was found
12:12:06  INFO  tests.TestBase - Name of test ---> registrationSuccess
12:12:06  INFO  manager.MyListener - Start find element --->By.xpath: //button[text()='Sign Out']
12:12:06  INFO  manager.MyListener - The element with locator --->By.xpath: //button[text()='Sign Out']--->was found
12:12:06  INFO  manager.MyListener - Start find element --->By.xpath: //button[text()='Sign Out']
12:12:06  INFO  manager.MyListener - The element with locator --->By.xpath: //button[text()='Sign Out']--->was found
12:12:06  INFO  manager.MyListener - Start find element --->By.xpath: //a[@href='/login']
12:12:06  INFO  manager.MyListener - The element with locator --->By.xpath: //a[@href='/login']--->was found
12:12:06  INFO  manager.MyListener - Start find element --->By.xpath: //input[1]
12:12:06  INFO  manager.MyListener - The element with locator --->By.xpath: //input[1]--->was found
12:12:07  INFO  manager.MyListener - Start find element --->By.xpath: //input[2]
12:12:07  INFO  manager.MyListener - The element with locator --->By.xpath: //input[2]--->was found
12:12:07  INFO  manager.MyListener - Start find element --->By.xpath: //button[text()=' Registration']
12:12:07  INFO  manager.MyListener - The element with locator --->By.xpath: //button[text()=' Registration']--->was found
12:12:07  INFO  manager.MyListener - Start find element --->By.cssSelector: h2
12:12:07  INFO  manager.MyListener - The element with locator --->By.cssSelector: h2--->was found
12:12:07  INFO  tests.TestBase - Name of test ---> registrationSuccessModel
12:12:07  INFO  manager.MyListener - Start find element --->By.xpath: //button[text()='Sign Out']
12:12:07  INFO  manager.MyListener - The element with locator --->By.xpath: //button[text()='Sign Out']--->was found
12:12:07  INFO  manager.MyListener - Start find element --->By.xpath: //button[text()='Sign Out']
12:12:07  INFO  manager.MyListener - The element with locator --->By.xpath: //button[text()='Sign Out']--->was found
12:12:08  INFO  manager.MyListener - Start find element --->By.xpath: //a[@href='/login']
12:12:08  INFO  manager.MyListener - The element with locator --->By.xpath: //a[@href='/login']--->was found
12:12:08  INFO  manager.MyListener - Start find element --->By.xpath: //input[1]
12:12:08  INFO  manager.MyListener - The element with locator --->By.xpath: //input[1]--->was found
12:12:08  INFO  manager.MyListener - Start find element --->By.xpath: //input[2]
12:12:08  INFO  manager.MyListener - The element with locator --->By.xpath: //input[2]--->was found
12:12:08  INFO  manager.MyListener - Start find element --->By.xpath: //button[text()=' Registration']
12:12:08  INFO  manager.MyListener - The element with locator --->By.xpath: //button[text()=' Registration']--->was found
12:12:09  INFO  tests.TestBase - User register with dataUser{email='maya728@mail.com', password='Ma098765$'}
12:12:09  INFO  manager.MyListener - Start find element --->By.cssSelector: h2
12:12:09  INFO  manager.MyListener - The element with locator --->By.cssSelector: h2--->was found
12:12:09  INFO  tests.TestBase - Name of test ---> removeAllContactTest
12:12:09  INFO  manager.MyListener - Start find element --->By.xpath: //button[text()='Sign Out']
12:12:09  INFO  manager.MyListener - The element with locator --->By.xpath: //button[text()='Sign Out']--->was found
12:12:09  INFO  manager.MyListener - Start find element --->By.cssSelector: .contact-item_card__2SOIM
12:12:14  INFO  manager.MyListener - The element with locator --->By.cssSelector: .contact-item_card__2SOIM--->was found
12:12:14  INFO  manager.MyListener - Start find element --->By.xpath: //a[text()='ADD']
12:12:14  INFO  manager.MyListener - The element with locator --->By.xpath: //a[text()='ADD']--->was found
12:12:14  INFO  manager.MyListener - Start find element --->By.cssSelector: [placeholder='Name']
12:12:14  INFO  manager.MyListener - The element with locator --->By.cssSelector: [placeholder='Name']--->was found
12:12:14  INFO  manager.MyListener - Start find element --->By.cssSelector: [placeholder='Last Name']
12:12:14  INFO  manager.MyListener - The element with locator --->By.cssSelector: [placeholder='Last Name']--->was found
12:12:15  INFO  manager.MyListener - Start find element --->By.cssSelector: [placeholder='Phone']
12:12:15  INFO  manager.MyListener - The element with locator --->By.cssSelector: [placeholder='Phone']--->was found
12:12:15  INFO  manager.MyListener - Start find element --->By.cssSelector: [placeholder='email']
12:12:15  INFO  manager.MyListener - The element with locator --->By.cssSelector: [placeholder='email']--->was found
12:12:15  INFO  manager.MyListener - Start find element --->By.cssSelector: [placeholder='Address']
12:12:15  INFO  manager.MyListener - The element with locator --->By.cssSelector: [placeholder='Address']--->was found
12:12:15  INFO  manager.MyListener - Start find element --->By.cssSelector: [placeholder='description']
12:12:15  INFO  manager.MyListener - The element with locator --->By.cssSelector: [placeholder='description']--->was found
12:12:16  INFO  manager.MyListener - Start find element --->By.xpath: //button[contains(.,'Save')]
12:12:16  INFO  manager.MyListener - The element with locator --->By.xpath: //button[contains(.,'Save')]--->was found
12:12:17  INFO  manager.MyListener - Start find element --->By.xpath: //a[text()='ADD']
12:12:17  INFO  manager.MyListener - The element with locator --->By.xpath: //a[text()='ADD']--->was found
12:12:17  INFO  manager.MyListener - Start find element --->By.cssSelector: [placeholder='Name']
12:12:17  INFO  manager.MyListener - The element with locator --->By.cssSelector: [placeholder='Name']--->was found
12:12:18  INFO  manager.MyListener - Start find element --->By.cssSelector: [placeholder='Last Name']
12:12:18  INFO  manager.MyListener - The element with locator --->By.cssSelector: [placeholder='Last Name']--->was found
12:12:18  INFO  manager.MyListener - Start find element --->By.cssSelector: [placeholder='Phone']
12:12:18  INFO  manager.MyListener - The element with locator --->By.cssSelector: [placeholder='Phone']--->was found
12:12:18  INFO  manager.MyListener - Start find element --->By.cssSelector: [placeholder='email']
12:12:18  INFO  manager.MyListener - The element with locator --->By.cssSelector: [placeholder='email']--->was found
12:12:18  INFO  manager.MyListener - Start find element --->By.cssSelector: [placeholder='Address']
12:12:18  INFO  manager.MyListener - The element with locator --->By.cssSelector: [placeholder='Address']--->was found
12:12:19  INFO  manager.MyListener - Start find element --->By.cssSelector: [placeholder='description']
12:12:19  INFO  manager.MyListener - The element with locator --->By.cssSelector: [placeholder='description']--->was found
12:12:19  INFO  manager.MyListener - Start find element --->By.xpath: //button[contains(.,'Save')]
12:12:19  INFO  manager.MyListener - The element with locator --->By.xpath: //button[contains(.,'Save')]--->was found
12:12:20  INFO  manager.MyListener - Start find element --->By.xpath: //a[text()='ADD']
12:12:20  INFO  manager.MyListener - The element with locator --->By.xpath: //a[text()='ADD']--->was found
12:12:21  INFO  manager.MyListener - Start find element --->By.cssSelector: [placeholder='Name']
12:12:21  INFO  manager.MyListener - The element with locator --->By.cssSelector: [placeholder='Name']--->was found
12:12:21  INFO  manager.MyListener - Start find element --->By.cssSelector: [placeholder='Last Name']
12:12:21  INFO  manager.MyListener - The element with locator --->By.cssSelector: [placeholder='Last Name']--->was found
12:12:21  INFO  manager.MyListener - Start find element --->By.cssSelector: [placeholder='Phone']
12:12:21  INFO  manager.MyListener - The element with locator --->By.cssSelector: [placeholder='Phone']--->was found
12:12:21  INFO  manager.MyListener - Start find element --->By.cssSelector: [placeholder='email']
12:12:21  INFO  manager.MyListener - The element with locator --->By.cssSelector: [placeholder='email']--->was found
12:12:22  INFO  manager.MyListener - Start find element --->By.cssSelector: [placeholder='Address']
12:12:22  INFO  manager.MyListener - The element with locator --->By.cssSelector: [placeholder='Address']--->was found
12:12:22  INFO  manager.MyListener - Start find element --->By.cssSelector: [placeholder='description']
12:12:22  INFO  manager.MyListener - The element with locator --->By.cssSelector: [placeholder='description']--->was found
12:12:22  INFO  manager.MyListener - Start find element --->By.xpath: //button[contains(.,'Save')]
12:12:22  INFO  manager.MyListener - The element with locator --->By.xpath: //button[contains(.,'Save')]--->was found
12:12:24  INFO  manager.MyListener - Start find element --->By.cssSelector: .contact-item_card__2SOIM
12:12:24  INFO  manager.MyListener - The element with locator --->By.cssSelector: .contact-item_card__2SOIM--->was found
12:12:24  INFO  manager.MyListener - Start find element --->By.cssSelector: .contact-item_card__2SOIM
12:12:24  INFO  manager.MyListener - The element with locator --->By.cssSelector: .contact-item_card__2SOIM--->was found
12:12:24  INFO  manager.HelperBase - Before remove 'One contact tests' count was --->3
12:12:24  INFO  manager.MyListener - Start find element --->By.cssSelector: .contact-item_card__2SOIM
12:12:24  INFO  manager.MyListener - The element with locator --->By.cssSelector: .contact-item_card__2SOIM--->was found
12:12:24  INFO  manager.MyListener - Start find element --->By.cssSelector: .contact-item_card__2SOIM h3
12:12:24  INFO  manager.MyListener - The element with locator --->By.cssSelector: .contact-item_card__2SOIM h3--->was found
12:12:24  INFO  manager.HelperBase - The phone number of removed contact was -->12120734
12:12:24  INFO  manager.MyListener - Start find element --->By.cssSelector: .contact-item_card__2SOIM
12:12:24  INFO  manager.MyListener - The element with locator --->By.cssSelector: .contact-item_card__2SOIM--->was found
12:12:24  INFO  manager.MyListener - Start find element --->By.xpath: //button[text()='Remove']
12:12:24  INFO  manager.MyListener - The element with locator --->By.xpath: //button[text()='Remove']--->was found
12:12:25  INFO  manager.MyListener - Start find element --->By.cssSelector: .contact-item_card__2SOIM
12:12:25  INFO  manager.MyListener - The element with locator --->By.cssSelector: .contact-item_card__2SOIM--->was found
12:12:25  INFO  manager.HelperBase - After remove one contact the count is --->2
12:12:25  INFO  manager.MyListener - Start find element --->By.cssSelector: .contact-item_card__2SOIM
12:12:25  INFO  manager.MyListener - The element with locator --->By.cssSelector: .contact-item_card__2SOIM--->was found
12:12:25  INFO  manager.MyListener - Start find element --->By.cssSelector: .contact-item_card__2SOIM
12:12:25  INFO  manager.MyListener - The element with locator --->By.cssSelector: .contact-item_card__2SOIM--->was found
12:12:25  INFO  manager.HelperBase - Before remove 'One contact tests' count was --->2
12:12:25  INFO  manager.MyListener - Start find element --->By.cssSelector: .contact-item_card__2SOIM
12:12:25  INFO  manager.MyListener - The element with locator --->By.cssSelector: .contact-item_card__2SOIM--->was found
12:12:25  INFO  manager.MyListener - Start find element --->By.cssSelector: .contact-item_card__2SOIM h3
12:12:25  INFO  manager.MyListener - The element with locator --->By.cssSelector: .contact-item_card__2SOIM h3--->was found
12:12:25  INFO  manager.HelperBase - The phone number of removed contact was -->12121734
12:12:25  INFO  manager.MyListener - Start find element --->By.cssSelector: .contact-item_card__2SOIM
12:12:25  INFO  manager.MyListener - The element with locator --->By.cssSelector: .contact-item_card__2SOIM--->was found
12:12:25  INFO  manager.MyListener - Start find element --->By.xpath: //button[text()='Remove']
12:12:25  INFO  manager.MyListener - The element with locator --->By.xpath: //button[text()='Remove']--->was found
12:12:26  INFO  manager.MyListener - Start find element --->By.cssSelector: .contact-item_card__2SOIM
12:12:26  INFO  manager.MyListener - The element with locator --->By.cssSelector: .contact-item_card__2SOIM--->was found
12:12:26  INFO  manager.HelperBase - After remove one contact the count is --->1
12:12:26  INFO  manager.MyListener - Start find element --->By.cssSelector: .contact-item_card__2SOIM
12:12:26  INFO  manager.MyListener - The element with locator --->By.cssSelector: .contact-item_card__2SOIM--->was found
12:12:26  INFO  manager.MyListener - Start find element --->By.cssSelector: .contact-item_card__2SOIM
12:12:26  INFO  manager.MyListener - The element with locator --->By.cssSelector: .contact-item_card__2SOIM--->was found
12:12:26  INFO  manager.HelperBase - Before remove 'One contact tests' count was --->1
12:12:26  INFO  manager.MyListener - Start find element --->By.cssSelector: .contact-item_card__2SOIM
12:12:26  INFO  manager.MyListener - The element with locator --->By.cssSelector: .contact-item_card__2SOIM--->was found
12:12:26  INFO  manager.MyListener - Start find element --->By.cssSelector: .contact-item_card__2SOIM h3
12:12:26  INFO  manager.MyListener - The element with locator --->By.cssSelector: .contact-item_card__2SOIM h3--->was found
12:12:26  INFO  manager.HelperBase - The phone number of removed contact was -->12122734
12:12:26  INFO  manager.MyListener - Start find element --->By.cssSelector: .contact-item_card__2SOIM
12:12:26  INFO  manager.MyListener - The element with locator --->By.cssSelector: .contact-item_card__2SOIM--->was found
12:12:26  INFO  manager.MyListener - Start find element --->By.xpath: //button[text()='Remove']
12:12:26  INFO  manager.MyListener - The element with locator --->By.xpath: //button[text()='Remove']--->was found
12:12:27  INFO  manager.MyListener - Start find element --->By.cssSelector: .contact-item_card__2SOIM
12:12:32  INFO  manager.MyListener - The element with locator --->By.cssSelector: .contact-item_card__2SOIM--->was found
12:12:32  INFO  manager.HelperBase - After remove one contact the count is --->0
12:12:32  INFO  manager.MyListener - Start find element --->By.cssSelector: .contact-item_card__2SOIM
12:12:37  INFO  manager.MyListener - The element with locator --->By.cssSelector: .contact-item_card__2SOIM--->was found
12:12:37  INFO  manager.MyListener - Start find element --->By.cssSelector: .contact-item_card__2SOIM
12:12:42  INFO  manager.MyListener - The element with locator --->By.cssSelector: .contact-item_card__2SOIM--->was found
12:12:42  INFO  tests.TestBase - Name of test ---> removeOneContact
12:12:42  INFO  manager.MyListener - Start find element --->By.xpath: //button[text()='Sign Out']
12:12:42  INFO  manager.MyListener - The element with locator --->By.xpath: //button[text()='Sign Out']--->was found
12:12:42  INFO  manager.MyListener - Start find element --->By.cssSelector: .contact-item_card__2SOIM
12:12:47  INFO  manager.MyListener - The element with locator --->By.cssSelector: .contact-item_card__2SOIM--->was found
12:12:47  INFO  manager.MyListener - Start find element --->By.xpath: //a[text()='ADD']
12:12:47  INFO  manager.MyListener - The element with locator --->By.xpath: //a[text()='ADD']--->was found
12:12:47  INFO  manager.MyListener - Start find element --->By.cssSelector: [placeholder='Name']
12:12:47  INFO  manager.MyListener - The element with locator --->By.cssSelector: [placeholder='Name']--->was found
12:12:47  INFO  manager.MyListener - Start find element --->By.cssSelector: [placeholder='Last Name']
12:12:47  INFO  manager.MyListener - The element with locator --->By.cssSelector: [placeholder='Last Name']--->was found
12:12:48  INFO  manager.MyListener - Start find element --->By.cssSelector: [placeholder='Phone']
12:12:48  INFO  manager.MyListener - The element with locator --->By.cssSelector: [placeholder='Phone']--->was found
12:12:48  INFO  manager.MyListener - Start find element --->By.cssSelector: [placeholder='email']
12:12:48  INFO  manager.MyListener - The element with locator --->By.cssSelector: [placeholder='email']--->was found
12:12:48  INFO  manager.MyListener - Start find element --->By.cssSelector: [placeholder='Address']
12:12:48  INFO  manager.MyListener - The element with locator --->By.cssSelector: [placeholder='Address']--->was found
12:12:49  INFO  manager.MyListener - Start find element --->By.cssSelector: [placeholder='description']
12:12:49  INFO  manager.MyListener - The element with locator --->By.cssSelector: [placeholder='description']--->was found
12:12:49  INFO  manager.MyListener - Start find element --->By.xpath: //button[contains(.,'Save')]
12:12:49  INFO  manager.MyListener - The element with locator --->By.xpath: //button[contains(.,'Save')]--->was found
12:12:50  INFO  manager.MyListener - Start find element --->By.xpath: //a[text()='ADD']
12:12:50  INFO  manager.MyListener - The element with locator --->By.xpath: //a[text()='ADD']--->was found
12:12:50  INFO  manager.MyListener - Start find element --->By.cssSelector: [placeholder='Name']
12:12:50  INFO  manager.MyListener - The element with locator --->By.cssSelector: [placeholder='Name']--->was found
12:12:51  INFO  manager.MyListener - Start find element --->By.cssSelector: [placeholder='Last Name']
12:12:51  INFO  manager.MyListener - The element with locator --->By.cssSelector: [placeholder='Last Name']--->was found
12:12:51  INFO  manager.MyListener - Start find element --->By.cssSelector: [placeholder='Phone']
12:12:51  INFO  manager.MyListener - The element with locator --->By.cssSelector: [placeholder='Phone']--->was found
12:12:51  INFO  manager.MyListener - Start find element --->By.cssSelector: [placeholder='email']
12:12:51  INFO  manager.MyListener - The element with locator --->By.cssSelector: [placeholder='email']--->was found
12:12:52  INFO  manager.MyListener - Start find element --->By.cssSelector: [placeholder='Address']
12:12:52  INFO  manager.MyListener - The element with locator --->By.cssSelector: [placeholder='Address']--->was found
12:12:52  INFO  manager.MyListener - Start find element --->By.cssSelector: [placeholder='description']
12:12:52  INFO  manager.MyListener - The element with locator --->By.cssSelector: [placeholder='description']--->was found
12:12:52  INFO  manager.MyListener - Start find element --->By.xpath: //button[contains(.,'Save')]
12:12:52  INFO  manager.MyListener - The element with locator --->By.xpath: //button[contains(.,'Save')]--->was found
12:12:53  INFO  manager.MyListener - Start find element --->By.xpath: //a[text()='ADD']
12:12:53  INFO  manager.MyListener - The element with locator --->By.xpath: //a[text()='ADD']--->was found
12:12:54  INFO  manager.MyListener - Start find element --->By.cssSelector: [placeholder='Name']
12:12:54  INFO  manager.MyListener - The element with locator --->By.cssSelector: [placeholder='Name']--->was found
12:12:54  INFO  manager.MyListener - Start find element --->By.cssSelector: [placeholder='Last Name']
12:12:54  INFO  manager.MyListener - The element with locator --->By.cssSelector: [placeholder='Last Name']--->was found
12:12:54  INFO  manager.MyListener - Start find element --->By.cssSelector: [placeholder='Phone']
12:12:54  INFO  manager.MyListener - The element with locator --->By.cssSelector: [placeholder='Phone']--->was found
12:12:54  INFO  manager.MyListener - Start find element --->By.cssSelector: [placeholder='email']
12:12:54  INFO  manager.MyListener - The element with locator --->By.cssSelector: [placeholder='email']--->was found
12:12:55  INFO  manager.MyListener - Start find element --->By.cssSelector: [placeholder='Address']
12:12:55  INFO  manager.MyListener - The element with locator --->By.cssSelector: [placeholder='Address']--->was found
12:12:55  INFO  manager.MyListener - Start find element --->By.cssSelector: [placeholder='description']
12:12:55  INFO  manager.MyListener - The element with locator --->By.cssSelector: [placeholder='description']--->was found
12:12:55  INFO  manager.MyListener - Start find element --->By.xpath: //button[contains(.,'Save')]
12:12:55  INFO  manager.MyListener - The element with locator --->By.xpath: //button[contains(.,'Save')]--->was found
12:12:57  INFO  manager.MyListener - Start find element --->By.cssSelector: .contact-item_card__2SOIM
12:12:57  INFO  manager.MyListener - The element with locator --->By.cssSelector: .contact-item_card__2SOIM--->was found
12:12:57  INFO  manager.MyListener - Start find element --->By.xpath: //button[.='Remove']
12:12:57  INFO  manager.MyListener - The element with locator --->By.xpath: //button[.='Remove']--->was found
12:12:57  INFO  tests.TestBase - Name of test ---> removeOneContactCount
12:12:57  INFO  manager.MyListener - Start find element --->By.xpath: //button[text()='Sign Out']
12:12:57  INFO  manager.MyListener - The element with locator --->By.xpath: //button[text()='Sign Out']--->was found
12:12:57  INFO  manager.MyListener - Start find element --->By.cssSelector: .contact-item_card__2SOIM
12:12:57  INFO  manager.MyListener - The element with locator --->By.cssSelector: .contact-item_card__2SOIM--->was found
12:12:57  INFO  manager.MyListener - Start find element --->By.cssSelector: .contact-item_card__2SOIM
12:12:57  INFO  manager.MyListener - The element with locator --->By.cssSelector: .contact-item_card__2SOIM--->was found
12:12:57  INFO  manager.HelperBase - Before remove 'One contact tests' count was --->3
12:12:57  INFO  manager.MyListener - Start find element --->By.cssSelector: .contact-item_card__2SOIM
12:12:57  INFO  manager.MyListener - The element with locator --->By.cssSelector: .contact-item_card__2SOIM--->was found
12:12:57  INFO  manager.MyListener - Start find element --->By.cssSelector: .contact-item_card__2SOIM h3
12:12:57  INFO  manager.MyListener - The element with locator --->By.cssSelector: .contact-item_card__2SOIM h3--->was found
12:12:57  INFO  manager.HelperBase - The phone number of removed contact was -->12120767
12:12:57  INFO  manager.MyListener - Start find element --->By.cssSelector: .contact-item_card__2SOIM
12:12:57  INFO  manager.MyListener - The element with locator --->By.cssSelector: .contact-item_card__2SOIM--->was found
12:12:57  INFO  manager.MyListener - Start find element --->By.xpath: //button[text()='Remove']
12:12:57  INFO  manager.MyListener - The element with locator --->By.xpath: //button[text()='Remove']--->was found
12:12:58  INFO  manager.MyListener - Start find element --->By.cssSelector: .contact-item_card__2SOIM
12:12:58  INFO  manager.MyListener - The element with locator --->By.cssSelector: .contact-item_card__2SOIM--->was found
12:12:58  INFO  manager.HelperBase - After remove one contact the count is --->1
