17:20:29  INFO  manager.ApplicationManager - All tests starts in 'Chrom' browser
17:20:31  INFO  tests.TestBase - Name of test ---> loginSuccessModelDataProvider
17:20:31  INFO  manager.MyListener - Start find element --->By.xpath: //button[text()='Sign Out']
17:20:36  INFO  manager.MyListener - The element with locator --->By.xpath: //button[text()='Sign Out']--->was found
17:20:36  INFO  tests.TestBase - Test user starts with data:User{email='Tomy123456@mail.com', password='Qq123666$45'}
17:20:36  INFO  manager.MyListener - Start find element --->By.xpath: //a[@href='/login']
17:20:36  INFO  manager.MyListener - The element with locator --->By.xpath: //a[@href='/login']--->was found
17:20:36  INFO  manager.MyListener - Start find element --->By.xpath: //input[1]
17:20:36  INFO  manager.MyListener - The element with locator --->By.xpath: //input[1]--->was found
17:20:36  INFO  manager.MyListener - Start find element --->By.xpath: //input[2]
17:20:36  INFO  manager.MyListener - The element with locator --->By.xpath: //input[2]--->was found
17:20:37  INFO  manager.MyListener - Start find element --->By.xpath: //button[text()=' Login']
17:20:37  INFO  manager.MyListener - The element with locator --->By.xpath: //button[text()=' Login']--->was found
17:20:38  INFO  manager.MyListener - Start find element --->By.xpath: //a[@href='/contacts']
17:20:38  INFO  manager.MyListener - The element with locator --->By.xpath: //a[@href='/contacts']--->was found
17:20:38  INFO  tests.TestBase - Name of test ---> loginSuccessModelDataProvider
17:20:38  INFO  manager.MyListener - Start find element --->By.xpath: //button[text()='Sign Out']
17:20:38  INFO  manager.MyListener - The element with locator --->By.xpath: //button[text()='Sign Out']--->was found
17:20:38  INFO  manager.MyListener - Start find element --->By.xpath: //button[text()='Sign Out']
17:20:38  INFO  manager.MyListener - The element with locator --->By.xpath: //button[text()='Sign Out']--->was found
17:20:38  INFO  tests.TestBase - Test user starts with data:User{email='Tomy123456@mail.com', password='Qq123666$45'}
17:20:38  INFO  manager.MyListener - Start find element --->By.xpath: //a[@href='/login']
17:20:38  INFO  manager.MyListener - The element with locator --->By.xpath: //a[@href='/login']--->was found
17:20:38  INFO  manager.MyListener - Start find element --->By.xpath: //input[1]
17:20:38  INFO  manager.MyListener - The element with locator --->By.xpath: //input[1]--->was found
17:20:38  INFO  manager.MyListener - Start find element --->By.xpath: //input[2]
17:20:38  INFO  manager.MyListener - The element with locator --->By.xpath: //input[2]--->was found
17:20:38  INFO  manager.MyListener - Start find element --->By.xpath: //button[text()=' Login']
17:20:38  INFO  manager.MyListener - The element with locator --->By.xpath: //button[text()=' Login']--->was found
17:20:39  INFO  manager.MyListener - Start find element --->By.xpath: //a[@href='/contacts']
17:20:39  INFO  manager.MyListener - The element with locator --->By.xpath: //a[@href='/contacts']--->was found
17:20:39  INFO  tests.TestBase - Name of test ---> loginSuccessModelDataProvider
17:20:39  INFO  manager.MyListener - Start find element --->By.xpath: //button[text()='Sign Out']
17:20:39  INFO  manager.MyListener - The element with locator --->By.xpath: //button[text()='Sign Out']--->was found
17:20:39  INFO  manager.MyListener - Start find element --->By.xpath: //button[text()='Sign Out']
17:20:39  INFO  manager.MyListener - The element with locator --->By.xpath: //button[text()='Sign Out']--->was found
17:20:39  INFO  tests.TestBase - Test user starts with data:User{email='Tomy123456@mail.com', password='Qq123666$45'}
17:20:39  INFO  manager.MyListener - Start find element --->By.xpath: //a[@href='/login']
17:20:39  INFO  manager.MyListener - The element with locator --->By.xpath: //a[@href='/login']--->was found
17:20:39  INFO  manager.MyListener - Start find element --->By.xpath: //input[1]
17:20:39  INFO  manager.MyListener - The element with locator --->By.xpath: //input[1]--->was found
17:20:40  INFO  manager.MyListener - Start find element --->By.xpath: //input[2]
17:20:40  INFO  manager.MyListener - The element with locator --->By.xpath: //input[2]--->was found
17:20:40  INFO  manager.MyListener - Start find element --->By.xpath: //button[text()=' Login']
17:20:40  INFO  manager.MyListener - The element with locator --->By.xpath: //button[text()=' Login']--->was found
17:20:41  INFO  manager.MyListener - Start find element --->By.xpath: //a[@href='/contacts']
17:20:41  INFO  manager.MyListener - The element with locator --->By.xpath: //a[@href='/contacts']--->was found
