10:49:05  INFO  manager.ApplicationManager - All tests starts in 'Chrom' browser
10:49:05  INFO  tests.TestBase - Name of test ---> addNewContactSuccess
10:49:05  INFO  manager.MyListener - Start find element --->By.xpath: //button[text()='Sign Out']
10:49:10  INFO  manager.MyListener - The element with locator --->By.xpath: //button[text()='Sign Out']--->was found
10:49:10  INFO  manager.MyListener - Start find element --->By.xpath: //a[@href='/login']
10:49:10  INFO  manager.MyListener - The element with locator --->By.xpath: //a[@href='/login']--->was found
10:49:11  INFO  manager.MyListener - Start find element --->By.xpath: //input[1]
10:49:11  INFO  manager.MyListener - The element with locator --->By.xpath: //input[1]--->was found
10:49:11  INFO  manager.MyListener - Start find element --->By.xpath: //input[2]
10:49:11  INFO  manager.MyListener - The element with locator --->By.xpath: //input[2]--->was found
10:49:11  INFO  manager.MyListener - Start find element --->By.xpath: //button[text()=' Login']
10:49:11  INFO  manager.MyListener - The element with locator --->By.xpath: //button[text()=' Login']--->was found
10:49:11  INFO  tests.TestBase - Contact was added for userUser{email='Tomy123456@mail.com', password='Qq123666$45'}
10:49:11  INFO  manager.MyListener - Start find element --->By.cssSelector: .contact-item_card__2SOIM
10:49:12  INFO  manager.MyListener - The element with locator --->By.cssSelector: .contact-item_card__2SOIM--->was found
10:49:12  INFO  manager.MyListener - Start find element --->By.cssSelector: .contact-item_card__2SOIM
10:49:12  INFO  manager.MyListener - The element with locator --->By.cssSelector: .contact-item_card__2SOIM--->was found
10:49:12  INFO  manager.MyListener - Start find element --->By.cssSelector: .contact-item_card__2SOIM
10:49:12  INFO  manager.MyListener - The element with locator --->By.cssSelector: .contact-item_card__2SOIM--->was found
10:49:12  INFO  manager.HelperBase - Before remove 'One contact tests' count was --->9
10:49:12  INFO  manager.MyListener - Start find element --->By.cssSelector: .contact-item_card__2SOIM
10:49:12  INFO  manager.MyListener - The element with locator --->By.cssSelector: .contact-item_card__2SOIM--->was found
10:49:12  INFO  manager.MyListener - Start find element --->By.cssSelector: .contact-item_card__2SOIM h3
10:49:12  INFO  manager.MyListener - The element with locator --->By.cssSelector: .contact-item_card__2SOIM h3--->was found
10:49:12  INFO  manager.HelperBase - The phone number of removed contact was -->5464748456
10:49:12  INFO  manager.MyListener - Start find element --->By.cssSelector: .contact-item_card__2SOIM
10:49:12  INFO  manager.MyListener - The element with locator --->By.cssSelector: .contact-item_card__2SOIM--->was found
10:49:12  INFO  manager.MyListener - Start find element --->By.xpath: //button[text()='Remove']
10:49:12  INFO  manager.MyListener - The element with locator --->By.xpath: //button[text()='Remove']--->was found
10:49:12  INFO  manager.MyListener - Start find element --->By.cssSelector: .contact-item_card__2SOIM
10:49:12  INFO  manager.MyListener - The element with locator --->By.cssSelector: .contact-item_card__2SOIM--->was found
10:49:12  INFO  manager.HelperBase - After remove one contact the count is --->8
10:49:12  INFO  manager.MyListener - Start find element --->By.cssSelector: .contact-item_card__2SOIM
10:49:12  INFO  manager.MyListener - The element with locator --->By.cssSelector: .contact-item_card__2SOIM--->was found
10:49:12  INFO  manager.MyListener - Start find element --->By.cssSelector: .contact-item_card__2SOIM
10:49:12  INFO  manager.MyListener - The element with locator --->By.cssSelector: .contact-item_card__2SOIM--->was found
10:49:12  INFO  manager.HelperBase - Before remove 'One contact tests' count was --->8
10:49:12  INFO  manager.MyListener - Start find element --->By.cssSelector: .contact-item_card__2SOIM
10:49:12  INFO  manager.MyListener - The element with locator --->By.cssSelector: .contact-item_card__2SOIM--->was found
10:49:12  INFO  manager.MyListener - Start find element --->By.cssSelector: .contact-item_card__2SOIM h3
10:49:13  INFO  manager.MyListener - The element with locator --->By.cssSelector: .contact-item_card__2SOIM h3--->was found
10:49:13  INFO  manager.HelperBase - The phone number of removed contact was -->5464748457
10:49:13  INFO  manager.MyListener - Start find element --->By.cssSelector: .contact-item_card__2SOIM
10:49:13  INFO  manager.MyListener - The element with locator --->By.cssSelector: .contact-item_card__2SOIM--->was found
10:49:13  INFO  manager.MyListener - Start find element --->By.xpath: //button[text()='Remove']
10:49:13  INFO  manager.MyListener - The element with locator --->By.xpath: //button[text()='Remove']--->was found
10:49:13  INFO  manager.MyListener - Start find element --->By.cssSelector: .contact-item_card__2SOIM
10:49:13  INFO  manager.MyListener - The element with locator --->By.cssSelector: .contact-item_card__2SOIM--->was found
10:49:13  INFO  manager.HelperBase - After remove one contact the count is --->7
10:49:13  INFO  manager.MyListener - Start find element --->By.cssSelector: .contact-item_card__2SOIM
10:49:13  INFO  manager.MyListener - The element with locator --->By.cssSelector: .contact-item_card__2SOIM--->was found
10:49:13  INFO  manager.MyListener - Start find element --->By.cssSelector: .contact-item_card__2SOIM
10:49:13  INFO  manager.MyListener - The element with locator --->By.cssSelector: .contact-item_card__2SOIM--->was found
10:49:13  INFO  manager.HelperBase - Before remove 'One contact tests' count was --->7
10:49:13  INFO  manager.MyListener - Start find element --->By.cssSelector: .contact-item_card__2SOIM
10:49:13  INFO  manager.MyListener - The element with locator --->By.cssSelector: .contact-item_card__2SOIM--->was found
10:49:13  INFO  manager.MyListener - Start find element --->By.cssSelector: .contact-item_card__2SOIM h3
10:49:13  INFO  manager.MyListener - The element with locator --->By.cssSelector: .contact-item_card__2SOIM h3--->was found
10:49:13  INFO  manager.HelperBase - The phone number of removed contact was -->5464748454
10:49:13  INFO  manager.MyListener - Start find element --->By.cssSelector: .contact-item_card__2SOIM
10:49:13  INFO  manager.MyListener - The element with locator --->By.cssSelector: .contact-item_card__2SOIM--->was found
10:49:13  INFO  manager.MyListener - Start find element --->By.xpath: //button[text()='Remove']
10:49:13  INFO  manager.MyListener - The element with locator --->By.xpath: //button[text()='Remove']--->was found
10:49:14  INFO  manager.MyListener - Start find element --->By.cssSelector: .contact-item_card__2SOIM
10:49:14  INFO  manager.MyListener - The element with locator --->By.cssSelector: .contact-item_card__2SOIM--->was found
10:49:14  INFO  manager.HelperBase - After remove one contact the count is --->6
10:49:14  INFO  manager.MyListener - Start find element --->By.cssSelector: .contact-item_card__2SOIM
10:49:14  INFO  manager.MyListener - The element with locator --->By.cssSelector: .contact-item_card__2SOIM--->was found
10:49:14  INFO  manager.MyListener - Start find element --->By.cssSelector: .contact-item_card__2SOIM
10:49:14  INFO  manager.MyListener - The element with locator --->By.cssSelector: .contact-item_card__2SOIM--->was found
10:49:14  INFO  manager.HelperBase - Before remove 'One contact tests' count was --->6
10:49:14  INFO  manager.MyListener - Start find element --->By.cssSelector: .contact-item_card__2SOIM
10:49:14  INFO  manager.MyListener - The element with locator --->By.cssSelector: .contact-item_card__2SOIM--->was found
10:49:14  INFO  manager.MyListener - Start find element --->By.cssSelector: .contact-item_card__2SOIM h3
10:49:14  INFO  manager.MyListener - The element with locator --->By.cssSelector: .contact-item_card__2SOIM h3--->was found
10:49:14  INFO  manager.HelperBase - The phone number of removed contact was -->972345730
10:49:14  INFO  manager.MyListener - Start find element --->By.cssSelector: .contact-item_card__2SOIM
10:49:14  INFO  manager.MyListener - The element with locator --->By.cssSelector: .contact-item_card__2SOIM--->was found
10:49:14  INFO  manager.MyListener - Start find element --->By.xpath: //button[text()='Remove']
10:49:14  INFO  manager.MyListener - The element with locator --->By.xpath: //button[text()='Remove']--->was found
10:49:15  INFO  manager.MyListener - Start find element --->By.cssSelector: .contact-item_card__2SOIM
10:49:15  INFO  manager.MyListener - The element with locator --->By.cssSelector: .contact-item_card__2SOIM--->was found
10:49:15  INFO  manager.HelperBase - After remove one contact the count is --->5
10:49:15  INFO  manager.MyListener - Start find element --->By.cssSelector: .contact-item_card__2SOIM
10:49:15  INFO  manager.MyListener - The element with locator --->By.cssSelector: .contact-item_card__2SOIM--->was found
10:49:15  INFO  manager.MyListener - Start find element --->By.cssSelector: .contact-item_card__2SOIM
10:49:15  INFO  manager.MyListener - The element with locator --->By.cssSelector: .contact-item_card__2SOIM--->was found
10:49:15  INFO  manager.HelperBase - Before remove 'One contact tests' count was --->5
10:49:15  INFO  manager.MyListener - Start find element --->By.cssSelector: .contact-item_card__2SOIM
10:49:15  INFO  manager.MyListener - The element with locator --->By.cssSelector: .contact-item_card__2SOIM--->was found
10:49:15  INFO  manager.MyListener - Start find element --->By.cssSelector: .contact-item_card__2SOIM h3
10:49:15  INFO  manager.MyListener - The element with locator --->By.cssSelector: .contact-item_card__2SOIM h3--->was found
10:49:15  INFO  manager.HelperBase - The phone number of removed contact was -->9723452735
10:49:15  INFO  manager.MyListener - Start find element --->By.cssSelector: .contact-item_card__2SOIM
10:49:15  INFO  manager.MyListener - The element with locator --->By.cssSelector: .contact-item_card__2SOIM--->was found
10:49:15  INFO  manager.MyListener - Start find element --->By.xpath: //button[text()='Remove']
10:49:15  INFO  manager.MyListener - The element with locator --->By.xpath: //button[text()='Remove']--->was found
10:49:15  INFO  manager.MyListener - Start find element --->By.cssSelector: .contact-item_card__2SOIM
10:49:15  INFO  manager.MyListener - The element with locator --->By.cssSelector: .contact-item_card__2SOIM--->was found
10:49:15  INFO  manager.HelperBase - After remove one contact the count is --->4
10:49:15  INFO  manager.MyListener - Start find element --->By.cssSelector: .contact-item_card__2SOIM
10:49:15  INFO  manager.MyListener - The element with locator --->By.cssSelector: .contact-item_card__2SOIM--->was found
10:49:15  INFO  manager.MyListener - Start find element --->By.cssSelector: .contact-item_card__2SOIM
10:49:15  INFO  manager.MyListener - The element with locator --->By.cssSelector: .contact-item_card__2SOIM--->was found
10:49:15  INFO  manager.HelperBase - Before remove 'One contact tests' count was --->4
10:49:15  INFO  manager.MyListener - Start find element --->By.cssSelector: .contact-item_card__2SOIM
10:49:15  INFO  manager.MyListener - The element with locator --->By.cssSelector: .contact-item_card__2SOIM--->was found
10:49:15  INFO  manager.MyListener - Start find element --->By.cssSelector: .contact-item_card__2SOIM h3
10:49:15  INFO  manager.MyListener - The element with locator --->By.cssSelector: .contact-item_card__2SOIM h3--->was found
10:49:15  INFO  manager.HelperBase - The phone number of removed contact was -->9723452736
10:49:15  INFO  manager.MyListener - Start find element --->By.cssSelector: .contact-item_card__2SOIM
10:49:15  INFO  manager.MyListener - The element with locator --->By.cssSelector: .contact-item_card__2SOIM--->was found
10:49:15  INFO  manager.MyListener - Start find element --->By.xpath: //button[text()='Remove']
10:49:15  INFO  manager.MyListener - The element with locator --->By.xpath: //button[text()='Remove']--->was found
10:49:16  INFO  manager.MyListener - Start find element --->By.cssSelector: .contact-item_card__2SOIM
10:49:16  INFO  manager.MyListener - The element with locator --->By.cssSelector: .contact-item_card__2SOIM--->was found
10:49:16  INFO  manager.HelperBase - After remove one contact the count is --->3
10:49:16  INFO  manager.MyListener - Start find element --->By.cssSelector: .contact-item_card__2SOIM
10:49:16  INFO  manager.MyListener - The element with locator --->By.cssSelector: .contact-item_card__2SOIM--->was found
10:49:16  INFO  manager.MyListener - Start find element --->By.cssSelector: .contact-item_card__2SOIM
10:49:16  INFO  manager.MyListener - The element with locator --->By.cssSelector: .contact-item_card__2SOIM--->was found
10:49:16  INFO  manager.HelperBase - Before remove 'One contact tests' count was --->3
10:49:16  INFO  manager.MyListener - Start find element --->By.cssSelector: .contact-item_card__2SOIM
10:49:16  INFO  manager.MyListener - The element with locator --->By.cssSelector: .contact-item_card__2SOIM--->was found
10:49:16  INFO  manager.MyListener - Start find element --->By.cssSelector: .contact-item_card__2SOIM h3
10:49:16  INFO  manager.MyListener - The element with locator --->By.cssSelector: .contact-item_card__2SOIM h3--->was found
10:49:16  INFO  manager.HelperBase - The phone number of removed contact was -->9723452737
10:49:16  INFO  manager.MyListener - Start find element --->By.cssSelector: .contact-item_card__2SOIM
10:49:16  INFO  manager.MyListener - The element with locator --->By.cssSelector: .contact-item_card__2SOIM--->was found
10:49:16  INFO  manager.MyListener - Start find element --->By.xpath: //button[text()='Remove']
10:49:16  INFO  manager.MyListener - The element with locator --->By.xpath: //button[text()='Remove']--->was found
10:49:17  INFO  manager.MyListener - Start find element --->By.cssSelector: .contact-item_card__2SOIM
10:49:17  INFO  manager.MyListener - The element with locator --->By.cssSelector: .contact-item_card__2SOIM--->was found
10:49:17  INFO  manager.HelperBase - After remove one contact the count is --->2
10:49:17  INFO  manager.MyListener - Start find element --->By.cssSelector: .contact-item_card__2SOIM
10:49:17  INFO  manager.MyListener - The element with locator --->By.cssSelector: .contact-item_card__2SOIM--->was found
10:49:17  INFO  manager.MyListener - Start find element --->By.cssSelector: .contact-item_card__2SOIM
10:49:17  INFO  manager.MyListener - The element with locator --->By.cssSelector: .contact-item_card__2SOIM--->was found
10:49:17  INFO  manager.HelperBase - Before remove 'One contact tests' count was --->2
10:49:17  INFO  manager.MyListener - Start find element --->By.cssSelector: .contact-item_card__2SOIM
10:49:17  INFO  manager.MyListener - The element with locator --->By.cssSelector: .contact-item_card__2SOIM--->was found
10:49:17  INFO  manager.MyListener - Start find element --->By.cssSelector: .contact-item_card__2SOIM h3
10:49:17  INFO  manager.MyListener - The element with locator --->By.cssSelector: .contact-item_card__2SOIM h3--->was found
10:49:17  INFO  manager.HelperBase - The phone number of removed contact was -->9723452739
10:49:17  INFO  manager.MyListener - Start find element --->By.cssSelector: .contact-item_card__2SOIM
10:49:17  INFO  manager.MyListener - The element with locator --->By.cssSelector: .contact-item_card__2SOIM--->was found
10:49:17  INFO  manager.MyListener - Start find element --->By.xpath: //button[text()='Remove']
10:49:17  INFO  manager.MyListener - The element with locator --->By.xpath: //button[text()='Remove']--->was found
10:49:17  INFO  manager.MyListener - Start find element --->By.cssSelector: .contact-item_card__2SOIM
10:49:17  INFO  manager.MyListener - The element with locator --->By.cssSelector: .contact-item_card__2SOIM--->was found
10:49:17  INFO  manager.HelperBase - After remove one contact the count is --->1
10:49:17  INFO  manager.MyListener - Start find element --->By.cssSelector: .contact-item_card__2SOIM
10:49:17  INFO  manager.MyListener - The element with locator --->By.cssSelector: .contact-item_card__2SOIM--->was found
10:49:17  INFO  manager.MyListener - Start find element --->By.cssSelector: .contact-item_card__2SOIM
10:49:17  INFO  manager.MyListener - The element with locator --->By.cssSelector: .contact-item_card__2SOIM--->was found
10:49:17  INFO  manager.HelperBase - Before remove 'One contact tests' count was --->1
10:49:17  INFO  manager.MyListener - Start find element --->By.cssSelector: .contact-item_card__2SOIM
10:49:17  INFO  manager.MyListener - The element with locator --->By.cssSelector: .contact-item_card__2SOIM--->was found
10:49:17  INFO  manager.MyListener - Start find element --->By.cssSelector: .contact-item_card__2SOIM h3
10:49:17  INFO  manager.MyListener - The element with locator --->By.cssSelector: .contact-item_card__2SOIM h3--->was found
10:49:17  INFO  manager.HelperBase - The phone number of removed contact was -->9723452740
10:49:17  INFO  manager.MyListener - Start find element --->By.cssSelector: .contact-item_card__2SOIM
10:49:17  INFO  manager.MyListener - The element with locator --->By.cssSelector: .contact-item_card__2SOIM--->was found
10:49:17  INFO  manager.MyListener - Start find element --->By.xpath: //button[text()='Remove']
10:49:17  INFO  manager.MyListener - The element with locator --->By.xpath: //button[text()='Remove']--->was found
10:49:18  INFO  manager.MyListener - Start find element --->By.cssSelector: .contact-item_card__2SOIM
10:49:23  INFO  manager.MyListener - The element with locator --->By.cssSelector: .contact-item_card__2SOIM--->was found
10:49:23  INFO  manager.HelperBase - After remove one contact the count is --->0
10:49:23  INFO  manager.MyListener - Start find element --->By.cssSelector: .contact-item_card__2SOIM
10:49:28  INFO  manager.MyListener - The element with locator --->By.cssSelector: .contact-item_card__2SOIM--->was found
10:49:28  INFO  manager.MyListener - Start find element --->By.cssSelector: .contact-item_card__2SOIM
10:49:33  INFO  manager.MyListener - The element with locator --->By.cssSelector: .contact-item_card__2SOIM--->was found
10:49:33  INFO  tests.TestBase - Contact(name=Jack, lastName=Sparrow, phone=9723452973, email=jacky2973@gmail.com, address=Tortuga, description=Friend)contact was added
10:49:33  INFO  manager.MyListener - Start find element --->By.xpath: //a[text()='ADD']
10:49:33  INFO  manager.MyListener - The element with locator --->By.xpath: //a[text()='ADD']--->was found
10:49:33  INFO  manager.MyListener - Start find element --->By.cssSelector: [placeholder='Name']
10:49:33  INFO  manager.MyListener - The element with locator --->By.cssSelector: [placeholder='Name']--->was found
10:49:33  INFO  manager.MyListener - Start find element --->By.cssSelector: [placeholder='Last Name']
10:49:33  INFO  manager.MyListener - The element with locator --->By.cssSelector: [placeholder='Last Name']--->was found
10:49:34  INFO  manager.MyListener - Start find element --->By.cssSelector: [placeholder='Phone']
10:49:34  INFO  manager.MyListener - The element with locator --->By.cssSelector: [placeholder='Phone']--->was found
10:49:34  INFO  manager.MyListener - Start find element --->By.cssSelector: [placeholder='email']
10:49:34  INFO  manager.MyListener - The element with locator --->By.cssSelector: [placeholder='email']--->was found
10:49:34  INFO  manager.MyListener - Start find element --->By.cssSelector: [placeholder='Address']
10:49:34  INFO  manager.MyListener - The element with locator --->By.cssSelector: [placeholder='Address']--->was found
10:49:34  INFO  manager.MyListener - Start find element --->By.cssSelector: [placeholder='description']
10:49:34  INFO  manager.MyListener - The element with locator --->By.cssSelector: [placeholder='description']--->was found
10:49:34  INFO  manager.MyListener - Start find element --->By.xpath: //button[contains(.,'Save')]
10:49:34  INFO  manager.MyListener - The element with locator --->By.xpath: //button[contains(.,'Save')]--->was found
10:49:34  INFO  manager.MyListener - Start find element --->By.cssSelector: .contact-item_card__2SOIM
10:49:35  INFO  manager.MyListener - The element with locator --->By.cssSelector: .contact-item_card__2SOIM--->was found
10:49:35  INFO  manager.MyListener - Start find element --->By.cssSelector: h2
10:49:35  INFO  manager.MyListener - The element with locator --->By.cssSelector: h2--->was found
10:49:35  INFO  manager.MyListener - Start find element --->By.cssSelector: h3
10:49:35  INFO  manager.MyListener - The element with locator --->By.cssSelector: h3--->was found
