16:11:09  INFO  manager.ApplicationManager - All tests starts in 'FIREFOX' browser
16:11:10  INFO  tests.TestBase - Name of test ---> loginSuccessModel
16:11:10  INFO  manager.MyListener - Start find element --->By.xpath: //button[text()='Sign Out']
16:11:15  INFO  manager.MyListener - The element with locator --->By.xpath: //button[text()='Sign Out']--->was found
16:11:15  INFO  tests.TestBase - Test starts with email [Tomy123456@mail.com], pessword[Qq123666$45]
16:11:15  INFO  manager.MyListener - Start find element --->By.xpath: //a[@href='/login']
16:11:15  INFO  manager.MyListener - The element with locator --->By.xpath: //a[@href='/login']--->was found
16:11:15  INFO  manager.MyListener - Start find element --->By.xpath: //input[1]
16:11:15  INFO  manager.MyListener - The element with locator --->By.xpath: //input[1]--->was found
16:11:16  INFO  manager.MyListener - Start find element --->By.xpath: //input[2]
16:11:16  INFO  manager.MyListener - The element with locator --->By.xpath: //input[2]--->was found
16:11:16  INFO  manager.MyListener - Start find element --->By.xpath: //button[text()=' Login']
16:11:16  INFO  manager.MyListener - The element with locator --->By.xpath: //button[text()=' Login']--->was found
16:11:17  INFO  manager.MyListener - Start find element --->By.xpath: //a[@href='/contacts']
16:11:17  INFO  manager.MyListener - The element with locator --->By.xpath: //a[@href='/contacts']--->was found
16:11:17  INFO  tests.TestBase - Name of test ---> loginSuccessModelDataProvider
16:11:17  INFO  manager.MyListener - Start find element --->By.xpath: //button[text()='Sign Out']
16:11:17  INFO  manager.MyListener - The element with locator --->By.xpath: //button[text()='Sign Out']--->was found
16:11:17  INFO  manager.MyListener - Start find element --->By.xpath: //button[text()='Sign Out']
16:11:17  INFO  manager.MyListener - The element with locator --->By.xpath: //button[text()='Sign Out']--->was found
16:11:17  INFO  tests.TestBase - Test user starts with data:User{email='Tomy123456@mail.com', password='Qq123666$45'}
16:11:17  INFO  manager.MyListener - Start find element --->By.xpath: //a[@href='/login']
16:11:17  INFO  manager.MyListener - The element with locator --->By.xpath: //a[@href='/login']--->was found
16:11:18  INFO  manager.MyListener - Start find element --->By.xpath: //input[1]
16:11:18  INFO  manager.MyListener - The element with locator --->By.xpath: //input[1]--->was found
16:11:18  INFO  manager.MyListener - Start find element --->By.xpath: //input[2]
16:11:18  INFO  manager.MyListener - The element with locator --->By.xpath: //input[2]--->was found
16:11:18  INFO  manager.MyListener - Start find element --->By.xpath: //button[text()=' Login']
16:11:18  INFO  manager.MyListener - The element with locator --->By.xpath: //button[text()=' Login']--->was found
16:11:19  INFO  manager.MyListener - Start find element --->By.xpath: //a[@href='/contacts']
16:11:19  INFO  manager.MyListener - The element with locator --->By.xpath: //a[@href='/contacts']--->was found
16:11:19  INFO  tests.TestBase - Name of test ---> loginSuccessModelDataProvider
16:11:19  INFO  manager.MyListener - Start find element --->By.xpath: //button[text()='Sign Out']
16:11:19  INFO  manager.MyListener - The element with locator --->By.xpath: //button[text()='Sign Out']--->was found
16:11:19  INFO  manager.MyListener - Start find element --->By.xpath: //button[text()='Sign Out']
16:11:19  INFO  manager.MyListener - The element with locator --->By.xpath: //button[text()='Sign Out']--->was found
16:11:19  INFO  tests.TestBase - Test user starts with data:User{email='Tomy123456@mail.com', password='Qq123666$45'}
16:11:19  INFO  manager.MyListener - Start find element --->By.xpath: //a[@href='/login']
16:11:19  INFO  manager.MyListener - The element with locator --->By.xpath: //a[@href='/login']--->was found
16:11:19  INFO  manager.MyListener - Start find element --->By.xpath: //input[1]
16:11:19  INFO  manager.MyListener - The element with locator --->By.xpath: //input[1]--->was found
16:11:20  INFO  manager.MyListener - Start find element --->By.xpath: //input[2]
16:11:20  INFO  manager.MyListener - The element with locator --->By.xpath: //input[2]--->was found
16:11:20  INFO  manager.MyListener - Start find element --->By.xpath: //button[text()=' Login']
16:11:20  INFO  manager.MyListener - The element with locator --->By.xpath: //button[text()=' Login']--->was found
16:11:21  INFO  manager.MyListener - Start find element --->By.xpath: //a[@href='/contacts']
16:11:21  INFO  manager.MyListener - The element with locator --->By.xpath: //a[@href='/contacts']--->was found
16:11:21  INFO  tests.TestBase - Name of test ---> loginSuccessModelDataProvider
16:11:21  INFO  manager.MyListener - Start find element --->By.xpath: //button[text()='Sign Out']
16:11:21  INFO  manager.MyListener - The element with locator --->By.xpath: //button[text()='Sign Out']--->was found
16:11:21  INFO  manager.MyListener - Start find element --->By.xpath: //button[text()='Sign Out']
16:11:21  INFO  manager.MyListener - The element with locator --->By.xpath: //button[text()='Sign Out']--->was found
16:11:21  INFO  tests.TestBase - Test user starts with data:User{email='Tomy123456@mail.com', password='Qq123666$45'}
16:11:21  INFO  manager.MyListener - Start find element --->By.xpath: //a[@href='/login']
16:11:21  INFO  manager.MyListener - The element with locator --->By.xpath: //a[@href='/login']--->was found
16:11:21  INFO  manager.MyListener - Start find element --->By.xpath: //input[1]
16:11:21  INFO  manager.MyListener - The element with locator --->By.xpath: //input[1]--->was found
16:11:21  INFO  manager.MyListener - Start find element --->By.xpath: //input[2]
16:11:21  INFO  manager.MyListener - The element with locator --->By.xpath: //input[2]--->was found
16:11:22  INFO  manager.MyListener - Start find element --->By.xpath: //button[text()=' Login']
16:11:22  INFO  manager.MyListener - The element with locator --->By.xpath: //button[text()=' Login']--->was found
16:11:22  INFO  manager.MyListener - Start find element --->By.xpath: //a[@href='/contacts']
16:11:22  INFO  manager.MyListener - The element with locator --->By.xpath: //a[@href='/contacts']--->was found
16:11:22  INFO  tests.TestBase - Name of test ---> loginSuccessTestDataProvider
16:11:22  INFO  manager.MyListener - Start find element --->By.xpath: //button[text()='Sign Out']
16:11:22  INFO  manager.MyListener - The element with locator --->By.xpath: //button[text()='Sign Out']--->was found
16:11:22  INFO  manager.MyListener - Start find element --->By.xpath: //button[text()='Sign Out']
16:11:22  INFO  manager.MyListener - The element with locator --->By.xpath: //button[text()='Sign Out']--->was found
16:11:23  INFO  tests.TestBase - Test starts with email Tomy123456@mail.com  && password Qq123666$45
16:11:23  INFO  manager.MyListener - Start find element --->By.xpath: //a[@href='/login']
16:11:23  INFO  manager.MyListener - The element with locator --->By.xpath: //a[@href='/login']--->was found
16:11:26  INFO  manager.MyListener - Start find element --->By.xpath: //input[1]
16:11:26  INFO  manager.MyListener - The element with locator --->By.xpath: //input[1]--->was found
16:11:26  INFO  manager.MyListener - Start find element --->By.xpath: //input[2]
16:11:26  INFO  manager.MyListener - The element with locator --->By.xpath: //input[2]--->was found
16:11:26  INFO  manager.MyListener - Start find element --->By.xpath: //button[text()=' Login']
16:11:26  INFO  manager.MyListener - The element with locator --->By.xpath: //button[text()=' Login']--->was found
16:11:27  INFO  manager.MyListener - Start find element --->By.xpath: //a[@href='/contacts']
16:11:27  INFO  manager.MyListener - The element with locator --->By.xpath: //a[@href='/contacts']--->was found
16:11:27  INFO  tests.TestBase - Name of test ---> loginSuccessTestDataProvider
16:11:27  INFO  manager.MyListener - Start find element --->By.xpath: //button[text()='Sign Out']
16:11:27  INFO  manager.MyListener - The element with locator --->By.xpath: //button[text()='Sign Out']--->was found
16:11:27  INFO  manager.MyListener - Start find element --->By.xpath: //button[text()='Sign Out']
16:11:27  INFO  manager.MyListener - The element with locator --->By.xpath: //button[text()='Sign Out']--->was found
16:11:27  INFO  tests.TestBase - Test starts with email Tomy123456@mail.com  && password Qq123666$45
16:11:27  INFO  manager.MyListener - Start find element --->By.xpath: //a[@href='/login']
16:11:27  INFO  manager.MyListener - The element with locator --->By.xpath: //a[@href='/login']--->was found
16:11:30  INFO  manager.MyListener - Start find element --->By.xpath: //input[1]
16:11:30  INFO  manager.MyListener - The element with locator --->By.xpath: //input[1]--->was found
16:11:31  INFO  manager.MyListener - Start find element --->By.xpath: //input[2]
16:11:31  INFO  manager.MyListener - The element with locator --->By.xpath: //input[2]--->was found
16:11:31  INFO  manager.MyListener - Start find element --->By.xpath: //button[text()=' Login']
16:11:31  INFO  manager.MyListener - The element with locator --->By.xpath: //button[text()=' Login']--->was found
16:11:31  INFO  manager.MyListener - Start find element --->By.xpath: //a[@href='/contacts']
16:11:31  INFO  manager.MyListener - The element with locator --->By.xpath: //a[@href='/contacts']--->was found
16:11:31  INFO  tests.TestBase - Name of test ---> loginSuccessTestDataProvider
16:11:31  INFO  manager.MyListener - Start find element --->By.xpath: //button[text()='Sign Out']
16:11:31  INFO  manager.MyListener - The element with locator --->By.xpath: //button[text()='Sign Out']--->was found
16:11:31  INFO  manager.MyListener - Start find element --->By.xpath: //button[text()='Sign Out']
16:11:31  INFO  manager.MyListener - The element with locator --->By.xpath: //button[text()='Sign Out']--->was found
16:11:31  INFO  tests.TestBase - Test starts with email elizabet123456@mail.com  && password El098765$
16:11:31  INFO  manager.MyListener - Start find element --->By.xpath: //a[@href='/login']
16:11:31  INFO  manager.MyListener - The element with locator --->By.xpath: //a[@href='/login']--->was found
16:11:35  INFO  manager.MyListener - Start find element --->By.xpath: //input[1]
16:11:35  INFO  manager.MyListener - The element with locator --->By.xpath: //input[1]--->was found
16:11:35  INFO  manager.MyListener - Start find element --->By.xpath: //input[2]
16:11:35  INFO  manager.MyListener - The element with locator --->By.xpath: //input[2]--->was found
16:11:35  INFO  manager.MyListener - Start find element --->By.xpath: //button[text()=' Login']
16:11:35  INFO  manager.MyListener - The element with locator --->By.xpath: //button[text()=' Login']--->was found
16:11:36  INFO  manager.MyListener - Start find element --->By.xpath: //a[@href='/contacts']
16:11:36  INFO  manager.MyListener - The element with locator --->By.xpath: //a[@href='/contacts']--->was found
16:11:36  INFO  tests.TestBase - Name of test ---> loginSuccessTestDataProviderCSV
16:11:36  INFO  manager.MyListener - Start find element --->By.xpath: //button[text()='Sign Out']
16:11:36  INFO  manager.MyListener - The element with locator --->By.xpath: //button[text()='Sign Out']--->was found
16:11:36  INFO  manager.MyListener - Start find element --->By.xpath: //button[text()='Sign Out']
16:11:36  INFO  manager.MyListener - The element with locator --->By.xpath: //button[text()='Sign Out']--->was found
16:11:36  INFO  tests.TestBase - Test starts with email Tomy123456@mail.com  && password Qq123666$45
16:11:36  INFO  manager.MyListener - Start find element --->By.xpath: //a[@href='/login']
16:11:36  INFO  manager.MyListener - The element with locator --->By.xpath: //a[@href='/login']--->was found
16:11:39  INFO  manager.MyListener - Start find element --->By.xpath: //input[1]
16:11:39  INFO  manager.MyListener - The element with locator --->By.xpath: //input[1]--->was found
16:11:40  INFO  manager.MyListener - Start find element --->By.xpath: //input[2]
16:11:40  INFO  manager.MyListener - The element with locator --->By.xpath: //input[2]--->was found
16:11:40  INFO  manager.MyListener - Start find element --->By.xpath: //button[text()=' Login']
16:11:40  INFO  manager.MyListener - The element with locator --->By.xpath: //button[text()=' Login']--->was found
16:11:40  INFO  manager.MyListener - Start find element --->By.xpath: //a[@href='/contacts']
16:11:40  INFO  manager.MyListener - The element with locator --->By.xpath: //a[@href='/contacts']--->was found
16:11:40  INFO  tests.TestBase - Name of test ---> loginSuccessTestDataProviderCSV
16:11:40  INFO  manager.MyListener - Start find element --->By.xpath: //button[text()='Sign Out']
16:11:40  INFO  manager.MyListener - The element with locator --->By.xpath: //button[text()='Sign Out']--->was found
16:11:40  INFO  manager.MyListener - Start find element --->By.xpath: //button[text()='Sign Out']
16:11:40  INFO  manager.MyListener - The element with locator --->By.xpath: //button[text()='Sign Out']--->was found
16:11:40  INFO  tests.TestBase - Test starts with email elizabet123456@mail.com  && password El098765$
16:11:40  INFO  manager.MyListener - Start find element --->By.xpath: //a[@href='/login']
16:11:40  INFO  manager.MyListener - The element with locator --->By.xpath: //a[@href='/login']--->was found
16:11:44  INFO  manager.MyListener - Start find element --->By.xpath: //input[1]
16:11:44  INFO  manager.MyListener - The element with locator --->By.xpath: //input[1]--->was found
16:11:44  INFO  manager.MyListener - Start find element --->By.xpath: //input[2]
16:11:44  INFO  manager.MyListener - The element with locator --->By.xpath: //input[2]--->was found
16:11:44  INFO  manager.MyListener - Start find element --->By.xpath: //button[text()=' Login']
16:11:44  INFO  manager.MyListener - The element with locator --->By.xpath: //button[text()=' Login']--->was found
16:11:44  INFO  manager.MyListener - Start find element --->By.xpath: //a[@href='/contacts']
16:11:45  INFO  manager.MyListener - The element with locator --->By.xpath: //a[@href='/contacts']--->was found
16:11:45  INFO  tests.TestBase - Name of test ---> registrationSuccess
16:11:45  INFO  manager.MyListener - Start find element --->By.xpath: //button[text()='Sign Out']
16:11:45  INFO  manager.MyListener - The element with locator --->By.xpath: //button[text()='Sign Out']--->was found
16:11:45  INFO  manager.MyListener - Start find element --->By.xpath: //button[text()='Sign Out']
16:11:45  INFO  manager.MyListener - The element with locator --->By.xpath: //button[text()='Sign Out']--->was found
16:11:45  INFO  manager.MyListener - Start find element --->By.xpath: //a[@href='/login']
16:11:45  INFO  manager.MyListener - The element with locator --->By.xpath: //a[@href='/login']--->was found
16:11:45  INFO  manager.MyListener - Start find element --->By.xpath: //input[1]
16:11:45  INFO  manager.MyListener - The element with locator --->By.xpath: //input[1]--->was found
16:11:45  INFO  manager.MyListener - Start find element --->By.xpath: //input[2]
16:11:45  INFO  manager.MyListener - The element with locator --->By.xpath: //input[2]--->was found
16:11:46  INFO  manager.MyListener - Start find element --->By.xpath: //button[text()=' Registration']
16:11:46  INFO  manager.MyListener - The element with locator --->By.xpath: //button[text()=' Registration']--->was found
16:11:46  INFO  manager.MyListener - Start find element --->By.cssSelector: h2
16:11:46  INFO  manager.MyListener - The element with locator --->By.cssSelector: h2--->was found
16:11:46  INFO  tests.TestBase - Name of test ---> registrationSuccessModel
16:11:46  INFO  manager.MyListener - Start find element --->By.xpath: //button[text()='Sign Out']
16:11:46  INFO  manager.MyListener - The element with locator --->By.xpath: //button[text()='Sign Out']--->was found
16:11:46  INFO  manager.MyListener - Start find element --->By.xpath: //button[text()='Sign Out']
16:11:46  INFO  manager.MyListener - The element with locator --->By.xpath: //button[text()='Sign Out']--->was found
16:11:46  INFO  manager.MyListener - Start find element --->By.xpath: //a[@href='/login']
16:11:46  INFO  manager.MyListener - The element with locator --->By.xpath: //a[@href='/login']--->was found
16:11:47  INFO  manager.MyListener - Start find element --->By.xpath: //input[1]
16:11:47  INFO  manager.MyListener - The element with locator --->By.xpath: //input[1]--->was found
16:11:47  INFO  manager.MyListener - Start find element --->By.xpath: //input[2]
16:11:47  INFO  manager.MyListener - The element with locator --->By.xpath: //input[2]--->was found
16:11:47  INFO  manager.MyListener - Start find element --->By.xpath: //button[text()=' Registration']
16:11:47  INFO  manager.MyListener - The element with locator --->By.xpath: //button[text()=' Registration']--->was found
16:11:47  INFO  tests.TestBase - User register with dataUser{email='maya706@mail.com', password='Ma098765$'}
16:11:47  INFO  manager.MyListener - Start find element --->By.cssSelector: h2
16:11:47  INFO  manager.MyListener - The element with locator --->By.cssSelector: h2--->was found
16:11:47  INFO  tests.TestBase - Name of test ---> addNewContactSuccess
16:11:47  INFO  manager.MyListener - Start find element --->By.xpath: //button[text()='Sign Out']
16:11:47  INFO  manager.MyListener - The element with locator --->By.xpath: //button[text()='Sign Out']--->was found
16:11:47  INFO  manager.MyListener - Start find element --->By.cssSelector: .contact-item_card__2SOIM
16:11:52  INFO  manager.MyListener - The element with locator --->By.cssSelector: .contact-item_card__2SOIM--->was found
16:11:52  INFO  manager.MyListener - Start find element --->By.cssSelector: .contact-item_card__2SOIM
16:11:57  INFO  manager.MyListener - The element with locator --->By.cssSelector: .contact-item_card__2SOIM--->was found
16:11:57  INFO  tests.TestBase - Contact(name=Jack, lastName=Sparrow, phone=972345717, email=jacky717@gmail.com, address=Tortuga, description=Friend)contact was added
16:11:57  INFO  manager.MyListener - Start find element --->By.xpath: //a[text()='ADD']
16:11:57  INFO  manager.MyListener - The element with locator --->By.xpath: //a[text()='ADD']--->was found
16:11:58  INFO  manager.MyListener - Start find element --->By.cssSelector: [placeholder='Name']
16:11:58  INFO  manager.MyListener - The element with locator --->By.cssSelector: [placeholder='Name']--->was found
16:11:58  INFO  manager.MyListener - Start find element --->By.cssSelector: [placeholder='Last Name']
16:11:58  INFO  manager.MyListener - The element with locator --->By.cssSelector: [placeholder='Last Name']--->was found
16:11:58  INFO  manager.MyListener - Start find element --->By.cssSelector: [placeholder='Phone']
16:11:58  INFO  manager.MyListener - The element with locator --->By.cssSelector: [placeholder='Phone']--->was found
16:11:59  INFO  manager.MyListener - Start find element --->By.cssSelector: [placeholder='email']
16:11:59  INFO  manager.MyListener - The element with locator --->By.cssSelector: [placeholder='email']--->was found
16:11:59  INFO  manager.MyListener - Start find element --->By.cssSelector: [placeholder='Address']
16:11:59  INFO  manager.MyListener - The element with locator --->By.cssSelector: [placeholder='Address']--->was found
16:11:59  INFO  manager.MyListener - Start find element --->By.cssSelector: [placeholder='description']
16:11:59  INFO  manager.MyListener - The element with locator --->By.cssSelector: [placeholder='description']--->was found
16:11:59  INFO  manager.MyListener - Start find element --->By.xpath: //button[contains(.,'Save')]
16:11:59  INFO  manager.MyListener - The element with locator --->By.xpath: //button[contains(.,'Save')]--->was found
16:12:00  INFO  manager.MyListener - Start find element --->By.cssSelector: .contact-item_card__2SOIM
16:12:01  INFO  manager.MyListener - The element with locator --->By.cssSelector: .contact-item_card__2SOIM--->was found
16:12:01  INFO  manager.MyListener - Start find element --->By.cssSelector: h2
16:12:01  INFO  manager.MyListener - The element with locator --->By.cssSelector: h2--->was found
16:12:01  INFO  manager.MyListener - Start find element --->By.cssSelector: h3
16:12:01  INFO  manager.MyListener - The element with locator --->By.cssSelector: h3--->was found
