12:03:52  INFO  manager.ApplicationManager - All tests starts in 'FIREFOX' browser
12:03:53  INFO  tests.TestBase - Name of test ---> addNewContactSuccess
12:03:53  INFO  manager.MyListener - Start find element --->By.xpath: //button[text()='Sign Out']
12:03:58  INFO  manager.MyListener - The element with locator --->By.xpath: //button[text()='Sign Out']--->was found
12:03:58  INFO  manager.MyListener - Start find element --->By.xpath: //a[@href='/login']
12:03:58  INFO  manager.MyListener - The element with locator --->By.xpath: //a[@href='/login']--->was found
12:03:59  INFO  manager.MyListener - Start find element --->By.xpath: //input[1]
12:03:59  INFO  manager.MyListener - The element with locator --->By.xpath: //input[1]--->was found
12:03:59  INFO  manager.MyListener - Start find element --->By.xpath: //input[2]
12:03:59  INFO  manager.MyListener - The element with locator --->By.xpath: //input[2]--->was found
12:03:59  INFO  manager.MyListener - Start find element --->By.xpath: //button[text()=' Login']
12:03:59  INFO  manager.MyListener - The element with locator --->By.xpath: //button[text()=' Login']--->was found
12:03:59  INFO  manager.MyListener - Start find element --->By.cssSelector: .contact-item_card__2SOIM
12:04:00  INFO  manager.MyListener - The element with locator --->By.cssSelector: .contact-item_card__2SOIM--->was found
12:04:00  INFO  manager.MyListener - Start find element --->By.cssSelector: .contact-item_card__2SOIM
12:04:00  INFO  manager.MyListener - The element with locator --->By.cssSelector: .contact-item_card__2SOIM--->was found
12:04:00  INFO  tests.TestBase - The test 'Add new contact' start with count of contact in start --->1
12:04:00  INFO  tests.TestBase - The test 'Add new contact' start with data ---->Contact(name=Maya240, lastName=Foot, phone=1234567240, email=maya240@gmail.com, address=Tel-Aviv, description=friend)
12:04:00  INFO  manager.MyListener - Start find element --->By.xpath: //a[text()='ADD']
12:04:00  INFO  manager.MyListener - The element with locator --->By.xpath: //a[text()='ADD']--->was found
12:04:01  INFO  manager.MyListener - Start find element --->By.cssSelector: [placeholder='Name']
12:04:01  INFO  manager.MyListener - The element with locator --->By.cssSelector: [placeholder='Name']--->was found
12:04:01  INFO  manager.MyListener - Start find element --->By.cssSelector: [placeholder='Last Name']
12:04:01  INFO  manager.MyListener - The element with locator --->By.cssSelector: [placeholder='Last Name']--->was found
12:04:01  INFO  manager.MyListener - Start find element --->By.cssSelector: [placeholder='Phone']
12:04:01  INFO  manager.MyListener - The element with locator --->By.cssSelector: [placeholder='Phone']--->was found
12:04:01  INFO  manager.MyListener - Start find element --->By.cssSelector: [placeholder='email']
12:04:01  INFO  manager.MyListener - The element with locator --->By.cssSelector: [placeholder='email']--->was found
12:04:02  INFO  manager.MyListener - Start find element --->By.cssSelector: [placeholder='Address']
12:04:02  INFO  manager.MyListener - The element with locator --->By.cssSelector: [placeholder='Address']--->was found
12:04:02  INFO  manager.MyListener - Start find element --->By.cssSelector: [placeholder='description']
12:04:02  INFO  manager.MyListener - The element with locator --->By.cssSelector: [placeholder='description']--->was found
12:04:02  INFO  manager.MyListener - Start find element --->By.xpath: //button[contains(.,'Save')]
12:04:02  INFO  manager.MyListener - The element with locator --->By.xpath: //button[contains(.,'Save')]--->was found
12:04:03  INFO  manager.MyListener - Start find element --->By.cssSelector: .contact-item_card__2SOIM
12:04:03  INFO  manager.MyListener - The element with locator --->By.cssSelector: .contact-item_card__2SOIM--->was found
12:04:03  INFO  tests.TestBase - The test 'Add new contact' end with count of contact in the end --->2
