18:59:28  INFO  manager.ApplicationManager - All tests starts in 'Chrom' browser
18:59:29  INFO  tests.TestBase - Name of test ---> addNewContactSuccess
18:59:29  INFO  manager.MyListener - Start find element --->By.xpath: //button[text()='Sign Out']
18:59:34  INFO  manager.MyListener - The element with locator --->By.xpath: //button[text()='Sign Out']--->was found
18:59:34  INFO  manager.MyListener - Start find element --->By.xpath: //a[@href='/login']
18:59:34  INFO  manager.MyListener - The element with locator --->By.xpath: //a[@href='/login']--->was found
18:59:34  INFO  manager.MyListener - Start find element --->By.xpath: //input[1]
18:59:34  INFO  manager.MyListener - The element with locator --->By.xpath: //input[1]--->was found
18:59:35  INFO  manager.MyListener - Start find element --->By.xpath: //input[2]
18:59:35  INFO  manager.MyListener - The element with locator --->By.xpath: //input[2]--->was found
18:59:35  INFO  manager.MyListener - Start find element --->By.xpath: //button[text()=' Login']
18:59:35  INFO  manager.MyListener - The element with locator --->By.xpath: //button[text()=' Login']--->was found
18:59:35  INFO  tests.TestBase - Contact was added for userUser{email='Tomy123456@mail.com', password='Qq123666$45'}
18:59:35  INFO  manager.MyListener - Start find element --->By.cssSelector: .contact-item_card__2SOIM
18:59:40  INFO  manager.MyListener - The element with locator --->By.cssSelector: .contact-item_card__2SOIM--->was found
18:59:40  INFO  manager.MyListener - Start find element --->By.cssSelector: .contact-item_card__2SOIM
18:59:45  INFO  manager.MyListener - The element with locator --->By.cssSelector: .contact-item_card__2SOIM--->was found
18:59:45  INFO  tests.TestBase - Contact(name=Jack, lastName=Sparrow, phone=9723453585, email=jacky3585@gmail.com, address=Tortuga, description=Friend)contact was added
18:59:45  INFO  manager.MyListener - Start find element --->By.xpath: //a[text()='ADD']
18:59:45  INFO  manager.MyListener - The element with locator --->By.xpath: //a[text()='ADD']--->was found
18:59:45  INFO  manager.MyListener - Start find element --->By.cssSelector: [placeholder='Name']
18:59:45  INFO  manager.MyListener - The element with locator --->By.cssSelector: [placeholder='Name']--->was found
18:59:45  INFO  manager.MyListener - Start find element --->By.cssSelector: [placeholder='Last Name']
18:59:45  INFO  manager.MyListener - The element with locator --->By.cssSelector: [placeholder='Last Name']--->was found
18:59:45  INFO  manager.MyListener - Start find element --->By.cssSelector: [placeholder='Phone']
18:59:45  INFO  manager.MyListener - The element with locator --->By.cssSelector: [placeholder='Phone']--->was found
18:59:45  INFO  manager.MyListener - Start find element --->By.cssSelector: [placeholder='email']
18:59:45  INFO  manager.MyListener - The element with locator --->By.cssSelector: [placeholder='email']--->was found
18:59:46  INFO  manager.MyListener - Start find element --->By.cssSelector: [placeholder='Address']
18:59:46  INFO  manager.MyListener - The element with locator --->By.cssSelector: [placeholder='Address']--->was found
18:59:46  INFO  manager.MyListener - Start find element --->By.cssSelector: [placeholder='description']
18:59:46  INFO  manager.MyListener - The element with locator --->By.cssSelector: [placeholder='description']--->was found
18:59:46  INFO  manager.MyListener - Start find element --->By.xpath: //button[contains(.,'Save')]
18:59:46  INFO  manager.MyListener - The element with locator --->By.xpath: //button[contains(.,'Save')]--->was found
18:59:46  INFO  manager.MyListener - Start find element --->By.cssSelector: .contact-item_card__2SOIM
18:59:46  INFO  manager.MyListener - The element with locator --->By.cssSelector: .contact-item_card__2SOIM--->was found
18:59:46  INFO  manager.MyListener - Start find element --->By.cssSelector: h2
18:59:46  INFO  manager.MyListener - The element with locator --->By.cssSelector: h2--->was found
18:59:46  INFO  manager.MyListener - Start find element --->By.cssSelector: h3
18:59:46  INFO  manager.MyListener - The element with locator --->By.cssSelector: h3--->was found
18:59:47  INFO  tests.TestBase - Name of test ---> addNewContactSuccess2
18:59:47  INFO  manager.MyListener - Start find element --->By.xpath: //button[text()='Sign Out']
18:59:47  INFO  manager.MyListener - The element with locator --->By.xpath: //button[text()='Sign Out']--->was found
18:59:47  INFO  manager.MyListener - Start find element --->By.cssSelector: .contact-item_card__2SOIM
18:59:47  INFO  manager.MyListener - The element with locator --->By.cssSelector: .contact-item_card__2SOIM--->was found
18:59:47  INFO  manager.MyListener - Start find element --->By.cssSelector: .contact-item_card__2SOIM
18:59:47  INFO  manager.MyListener - The element with locator --->By.cssSelector: .contact-item_card__2SOIM--->was found
18:59:47  INFO  tests.TestBase - Contact(name=Elizabet, lastName=Swon, phone=5464748456, email=eliz@gmail.com, address=Tortuga, description=Friend)contact was added
18:59:47  INFO  manager.MyListener - Start find element --->By.xpath: //a[text()='ADD']
18:59:47  INFO  manager.MyListener - The element with locator --->By.xpath: //a[text()='ADD']--->was found
18:59:47  INFO  manager.MyListener - Start find element --->By.cssSelector: [placeholder='Name']
18:59:47  INFO  manager.MyListener - The element with locator --->By.cssSelector: [placeholder='Name']--->was found
18:59:47  INFO  manager.MyListener - Start find element --->By.cssSelector: [placeholder='Last Name']
18:59:47  INFO  manager.MyListener - The element with locator --->By.cssSelector: [placeholder='Last Name']--->was found
18:59:47  INFO  manager.MyListener - Start find element --->By.cssSelector: [placeholder='Phone']
18:59:47  INFO  manager.MyListener - The element with locator --->By.cssSelector: [placeholder='Phone']--->was found
18:59:47  INFO  manager.MyListener - Start find element --->By.cssSelector: [placeholder='email']
18:59:47  INFO  manager.MyListener - The element with locator --->By.cssSelector: [placeholder='email']--->was found
18:59:47  INFO  manager.MyListener - Start find element --->By.cssSelector: [placeholder='Address']
18:59:47  INFO  manager.MyListener - The element with locator --->By.cssSelector: [placeholder='Address']--->was found
18:59:47  INFO  manager.MyListener - Start find element --->By.cssSelector: [placeholder='description']
18:59:47  INFO  manager.MyListener - The element with locator --->By.cssSelector: [placeholder='description']--->was found
18:59:47  INFO  manager.MyListener - Start find element --->By.xpath: //button[contains(.,'Save')]
18:59:47  INFO  manager.MyListener - The element with locator --->By.xpath: //button[contains(.,'Save')]--->was found
18:59:47  INFO  manager.MyListener - Start find element --->By.cssSelector: .contact-item_card__2SOIM
18:59:48  INFO  manager.MyListener - The element with locator --->By.cssSelector: .contact-item_card__2SOIM--->was found
18:59:48  INFO  manager.MyListener - Start find element --->By.cssSelector: h2
18:59:48  INFO  manager.MyListener - The element with locator --->By.cssSelector: h2--->was found
18:59:48  INFO  manager.MyListener - Start find element --->By.cssSelector: h3
18:59:48  INFO  manager.MyListener - The element with locator --->By.cssSelector: h3--->was found
18:59:48  INFO  tests.TestBase - Name of test ---> addNewContactSuccess2
18:59:48  INFO  manager.MyListener - Start find element --->By.xpath: //button[text()='Sign Out']
18:59:48  INFO  manager.MyListener - The element with locator --->By.xpath: //button[text()='Sign Out']--->was found
18:59:48  INFO  manager.MyListener - Start find element --->By.cssSelector: .contact-item_card__2SOIM
18:59:48  INFO  manager.MyListener - The element with locator --->By.cssSelector: .contact-item_card__2SOIM--->was found
18:59:48  INFO  manager.MyListener - Start find element --->By.cssSelector: .contact-item_card__2SOIM
18:59:48  INFO  manager.MyListener - The element with locator --->By.cssSelector: .contact-item_card__2SOIM--->was found
18:59:48  INFO  tests.TestBase - Contact(name=Elizabet, lastName=Swon, phone=5464748457, email=eliz1@gmail.com, address=Tortuga, description=Friend)contact was added
18:59:48  INFO  manager.MyListener - Start find element --->By.xpath: //a[text()='ADD']
18:59:48  INFO  manager.MyListener - The element with locator --->By.xpath: //a[text()='ADD']--->was found
18:59:48  INFO  manager.MyListener - Start find element --->By.cssSelector: [placeholder='Name']
18:59:48  INFO  manager.MyListener - The element with locator --->By.cssSelector: [placeholder='Name']--->was found
18:59:48  INFO  manager.MyListener - Start find element --->By.cssSelector: [placeholder='Last Name']
18:59:48  INFO  manager.MyListener - The element with locator --->By.cssSelector: [placeholder='Last Name']--->was found
18:59:48  INFO  manager.MyListener - Start find element --->By.cssSelector: [placeholder='Phone']
18:59:48  INFO  manager.MyListener - The element with locator --->By.cssSelector: [placeholder='Phone']--->was found
18:59:48  INFO  manager.MyListener - Start find element --->By.cssSelector: [placeholder='email']
18:59:48  INFO  manager.MyListener - The element with locator --->By.cssSelector: [placeholder='email']--->was found
18:59:49  INFO  manager.MyListener - Start find element --->By.cssSelector: [placeholder='Address']
18:59:49  INFO  manager.MyListener - The element with locator --->By.cssSelector: [placeholder='Address']--->was found
18:59:49  INFO  manager.MyListener - Start find element --->By.cssSelector: [placeholder='description']
18:59:49  INFO  manager.MyListener - The element with locator --->By.cssSelector: [placeholder='description']--->was found
18:59:49  INFO  manager.MyListener - Start find element --->By.xpath: //button[contains(.,'Save')]
18:59:49  INFO  manager.MyListener - The element with locator --->By.xpath: //button[contains(.,'Save')]--->was found
18:59:49  INFO  manager.MyListener - Start find element --->By.cssSelector: .contact-item_card__2SOIM
18:59:49  INFO  manager.MyListener - The element with locator --->By.cssSelector: .contact-item_card__2SOIM--->was found
18:59:49  INFO  manager.MyListener - Start find element --->By.cssSelector: h2
18:59:49  INFO  manager.MyListener - The element with locator --->By.cssSelector: h2--->was found
18:59:49  INFO  manager.MyListener - Start find element --->By.cssSelector: h3
18:59:49  INFO  manager.MyListener - The element with locator --->By.cssSelector: h3--->was found
18:59:49  INFO  tests.TestBase - Name of test ---> addNewContactSuccess2
18:59:49  INFO  manager.MyListener - Start find element --->By.xpath: //button[text()='Sign Out']
18:59:49  INFO  manager.MyListener - The element with locator --->By.xpath: //button[text()='Sign Out']--->was found
18:59:49  INFO  manager.MyListener - Start find element --->By.cssSelector: .contact-item_card__2SOIM
18:59:49  INFO  manager.MyListener - The element with locator --->By.cssSelector: .contact-item_card__2SOIM--->was found
18:59:49  INFO  manager.MyListener - Start find element --->By.cssSelector: .contact-item_card__2SOIM
18:59:49  INFO  manager.MyListener - The element with locator --->By.cssSelector: .contact-item_card__2SOIM--->was found
18:59:49  INFO  tests.TestBase - Contact(name=Elizabet, lastName=Swon, phone=5464748454, email=eliz2@gmail.com, address=Tortuga, description=Friend)contact was added
18:59:49  INFO  manager.MyListener - Start find element --->By.xpath: //a[text()='ADD']
18:59:49  INFO  manager.MyListener - The element with locator --->By.xpath: //a[text()='ADD']--->was found
18:59:49  INFO  manager.MyListener - Start find element --->By.cssSelector: [placeholder='Name']
18:59:49  INFO  manager.MyListener - The element with locator --->By.cssSelector: [placeholder='Name']--->was found
18:59:49  INFO  manager.MyListener - Start find element --->By.cssSelector: [placeholder='Last Name']
18:59:49  INFO  manager.MyListener - The element with locator --->By.cssSelector: [placeholder='Last Name']--->was found
18:59:50  INFO  manager.MyListener - Start find element --->By.cssSelector: [placeholder='Phone']
18:59:50  INFO  manager.MyListener - The element with locator --->By.cssSelector: [placeholder='Phone']--->was found
18:59:50  INFO  manager.MyListener - Start find element --->By.cssSelector: [placeholder='email']
18:59:50  INFO  manager.MyListener - The element with locator --->By.cssSelector: [placeholder='email']--->was found
18:59:50  INFO  manager.MyListener - Start find element --->By.cssSelector: [placeholder='Address']
18:59:50  INFO  manager.MyListener - The element with locator --->By.cssSelector: [placeholder='Address']--->was found
18:59:50  INFO  manager.MyListener - Start find element --->By.cssSelector: [placeholder='description']
18:59:50  INFO  manager.MyListener - The element with locator --->By.cssSelector: [placeholder='description']--->was found
18:59:50  INFO  manager.MyListener - Start find element --->By.xpath: //button[contains(.,'Save')]
18:59:50  INFO  manager.MyListener - The element with locator --->By.xpath: //button[contains(.,'Save')]--->was found
18:59:50  INFO  manager.MyListener - Start find element --->By.cssSelector: .contact-item_card__2SOIM
18:59:50  INFO  manager.MyListener - The element with locator --->By.cssSelector: .contact-item_card__2SOIM--->was found
18:59:50  INFO  manager.MyListener - Start find element --->By.cssSelector: h2
18:59:50  INFO  manager.MyListener - The element with locator --->By.cssSelector: h2--->was found
18:59:50  INFO  manager.MyListener - Start find element --->By.cssSelector: h3
18:59:50  INFO  manager.MyListener - The element with locator --->By.cssSelector: h3--->was found
18:59:51  INFO  tests.TestBase - Name of test ---> loginNegativeTestWrongPassword
18:59:51  INFO  manager.MyListener - Start find element --->By.xpath: //button[text()='Sign Out']
18:59:51  INFO  manager.MyListener - The element with locator --->By.xpath: //button[text()='Sign Out']--->was found
18:59:51  INFO  manager.MyListener - Start find element --->By.xpath: //button[text()='Sign Out']
18:59:51  INFO  manager.MyListener - The element with locator --->By.xpath: //button[text()='Sign Out']--->was found
18:59:51  INFO  tests.TestBase - The user start negative login process with data : --->User{email='Tomy123456@mail.com', password='Qq'}
18:59:51  INFO  manager.MyListener - Start find element --->By.xpath: //a[@href='/login']
18:59:51  INFO  manager.MyListener - The element with locator --->By.xpath: //a[@href='/login']--->was found
18:59:51  INFO  manager.MyListener - Start find element --->By.xpath: //input[1]
18:59:51  INFO  manager.MyListener - The element with locator --->By.xpath: //input[1]--->was found
18:59:51  INFO  manager.MyListener - Start find element --->By.xpath: //input[2]
18:59:51  INFO  manager.MyListener - The element with locator --->By.xpath: //input[2]--->was found
18:59:51  INFO  manager.MyListener - Start find element --->By.xpath: //button[text()=' Login']
18:59:51  INFO  manager.MyListener - The element with locator --->By.xpath: //button[text()=' Login']--->was found
18:59:56  INFO  manager.MyListener - Start find element --->By.xpath: //button[text()='Sign Out']
19:00:01  INFO  manager.MyListener - The element with locator --->By.xpath: //button[text()='Sign Out']--->was found
19:00:01  INFO  tests.TestBase - Name of test ---> loginSuccessModel
19:00:01  INFO  manager.MyListener - Start find element --->By.xpath: //button[text()='Sign Out']
19:00:06  INFO  manager.MyListener - The element with locator --->By.xpath: //button[text()='Sign Out']--->was found
19:00:06  INFO  tests.TestBase - Test starts with email [Tomy123456@mail.com], pessword[Qq123666$45]
19:00:06  INFO  manager.MyListener - Start find element --->By.xpath: //a[@href='/login']
19:00:06  INFO  manager.MyListener - The element with locator --->By.xpath: //a[@href='/login']--->was found
19:00:06  INFO  manager.MyListener - Start find element --->By.xpath: //input[1]
19:00:06  INFO  manager.MyListener - The element with locator --->By.xpath: //input[1]--->was found
19:00:06  INFO  manager.MyListener - Start find element --->By.xpath: //input[2]
19:00:06  INFO  manager.MyListener - The element with locator --->By.xpath: //input[2]--->was found
19:00:06  INFO  manager.MyListener - Start find element --->By.xpath: //button[text()=' Login']
19:00:07  INFO  manager.MyListener - The element with locator --->By.xpath: //button[text()=' Login']--->was found
19:00:07  INFO  manager.MyListener - Start find element --->By.xpath: //a[@href='/contacts']
19:00:07  INFO  manager.MyListener - The element with locator --->By.xpath: //a[@href='/contacts']--->was found
19:00:07  INFO  tests.TestBase - Name of test ---> loginSuccessModelDataProvider
19:00:07  INFO  manager.MyListener - Start find element --->By.xpath: //button[text()='Sign Out']
19:00:07  INFO  manager.MyListener - The element with locator --->By.xpath: //button[text()='Sign Out']--->was found
19:00:07  INFO  manager.MyListener - Start find element --->By.xpath: //button[text()='Sign Out']
19:00:07  INFO  manager.MyListener - The element with locator --->By.xpath: //button[text()='Sign Out']--->was found
19:00:07  INFO  tests.TestBase - Test user starts with data:User{email='Tomy123456@mail.com', password='Qq123666$45'}
19:00:07  INFO  manager.MyListener - Start find element --->By.xpath: //a[@href='/login']
19:00:07  INFO  manager.MyListener - The element with locator --->By.xpath: //a[@href='/login']--->was found
19:00:07  INFO  manager.MyListener - Start find element --->By.xpath: //input[1]
19:00:07  INFO  manager.MyListener - The element with locator --->By.xpath: //input[1]--->was found
19:00:07  INFO  manager.MyListener - Start find element --->By.xpath: //input[2]
19:00:07  INFO  manager.MyListener - The element with locator --->By.xpath: //input[2]--->was found
19:00:07  INFO  manager.MyListener - Start find element --->By.xpath: //button[text()=' Login']
19:00:07  INFO  manager.MyListener - The element with locator --->By.xpath: //button[text()=' Login']--->was found
19:00:08  INFO  manager.MyListener - Start find element --->By.xpath: //a[@href='/contacts']
19:00:08  INFO  manager.MyListener - The element with locator --->By.xpath: //a[@href='/contacts']--->was found
19:00:08  INFO  tests.TestBase - Name of test ---> loginSuccessModelDataProvider
19:00:08  INFO  manager.MyListener - Start find element --->By.xpath: //button[text()='Sign Out']
19:00:08  INFO  manager.MyListener - The element with locator --->By.xpath: //button[text()='Sign Out']--->was found
19:00:08  INFO  manager.MyListener - Start find element --->By.xpath: //button[text()='Sign Out']
19:00:08  INFO  manager.MyListener - The element with locator --->By.xpath: //button[text()='Sign Out']--->was found
19:00:08  INFO  tests.TestBase - Test user starts with data:User{email='Tomy123456@mail.com', password='Qq123666$45'}
19:00:08  INFO  manager.MyListener - Start find element --->By.xpath: //a[@href='/login']
19:00:08  INFO  manager.MyListener - The element with locator --->By.xpath: //a[@href='/login']--->was found
19:00:08  INFO  manager.MyListener - Start find element --->By.xpath: //input[1]
19:00:08  INFO  manager.MyListener - The element with locator --->By.xpath: //input[1]--->was found
19:00:08  INFO  manager.MyListener - Start find element --->By.xpath: //input[2]
19:00:08  INFO  manager.MyListener - The element with locator --->By.xpath: //input[2]--->was found
19:00:08  INFO  manager.MyListener - Start find element --->By.xpath: //button[text()=' Login']
19:00:08  INFO  manager.MyListener - The element with locator --->By.xpath: //button[text()=' Login']--->was found
19:00:09  INFO  manager.MyListener - Start find element --->By.xpath: //a[@href='/contacts']
19:00:09  INFO  manager.MyListener - The element with locator --->By.xpath: //a[@href='/contacts']--->was found
19:00:09  INFO  tests.TestBase - Name of test ---> loginSuccessModelDataProvider
19:00:09  INFO  manager.MyListener - Start find element --->By.xpath: //button[text()='Sign Out']
19:00:09  INFO  manager.MyListener - The element with locator --->By.xpath: //button[text()='Sign Out']--->was found
19:00:09  INFO  manager.MyListener - Start find element --->By.xpath: //button[text()='Sign Out']
19:00:09  INFO  manager.MyListener - The element with locator --->By.xpath: //button[text()='Sign Out']--->was found
19:00:09  INFO  tests.TestBase - Test user starts with data:User{email='Tomy123456@mail.com', password='Qq123666$45'}
19:00:09  INFO  manager.MyListener - Start find element --->By.xpath: //a[@href='/login']
19:00:09  INFO  manager.MyListener - The element with locator --->By.xpath: //a[@href='/login']--->was found
19:00:09  INFO  manager.MyListener - Start find element --->By.xpath: //input[1]
19:00:09  INFO  manager.MyListener - The element with locator --->By.xpath: //input[1]--->was found
19:00:09  INFO  manager.MyListener - Start find element --->By.xpath: //input[2]
19:00:09  INFO  manager.MyListener - The element with locator --->By.xpath: //input[2]--->was found
19:00:09  INFO  manager.MyListener - Start find element --->By.xpath: //button[text()=' Login']
19:00:09  INFO  manager.MyListener - The element with locator --->By.xpath: //button[text()=' Login']--->was found
19:00:09  INFO  manager.MyListener - Start find element --->By.xpath: //a[@href='/contacts']
19:00:09  INFO  manager.MyListener - The element with locator --->By.xpath: //a[@href='/contacts']--->was found
19:00:09  INFO  tests.TestBase - Name of test ---> loginSuccessTestDataProvider
19:00:09  INFO  manager.MyListener - Start find element --->By.xpath: //button[text()='Sign Out']
19:00:10  INFO  manager.MyListener - The element with locator --->By.xpath: //button[text()='Sign Out']--->was found
19:00:10  INFO  manager.MyListener - Start find element --->By.xpath: //button[text()='Sign Out']
19:00:10  INFO  manager.MyListener - The element with locator --->By.xpath: //button[text()='Sign Out']--->was found
19:00:10  INFO  tests.TestBase - Test starts with email Tomy123456@mail.com  && password Qq123666$45
19:00:10  INFO  manager.MyListener - Start find element --->By.xpath: //a[@href='/login']
19:00:10  INFO  manager.MyListener - The element with locator --->By.xpath: //a[@href='/login']--->was found
19:00:13  INFO  manager.MyListener - Start find element --->By.xpath: //input[1]
19:00:13  INFO  manager.MyListener - The element with locator --->By.xpath: //input[1]--->was found
19:00:13  INFO  manager.MyListener - Start find element --->By.xpath: //input[2]
19:00:13  INFO  manager.MyListener - The element with locator --->By.xpath: //input[2]--->was found
19:00:13  INFO  manager.MyListener - Start find element --->By.xpath: //button[text()=' Login']
19:00:13  INFO  manager.MyListener - The element with locator --->By.xpath: //button[text()=' Login']--->was found
19:00:13  INFO  manager.MyListener - Start find element --->By.xpath: //a[@href='/contacts']
19:00:13  INFO  manager.MyListener - The element with locator --->By.xpath: //a[@href='/contacts']--->was found
19:00:13  INFO  tests.TestBase - Name of test ---> loginSuccessTestDataProvider
19:00:13  INFO  manager.MyListener - Start find element --->By.xpath: //button[text()='Sign Out']
19:00:13  INFO  manager.MyListener - The element with locator --->By.xpath: //button[text()='Sign Out']--->was found
19:00:13  INFO  manager.MyListener - Start find element --->By.xpath: //button[text()='Sign Out']
19:00:13  INFO  manager.MyListener - The element with locator --->By.xpath: //button[text()='Sign Out']--->was found
19:00:13  INFO  tests.TestBase - Test starts with email Tomy123456@mail.com  && password Qq123666$45
19:00:13  INFO  manager.MyListener - Start find element --->By.xpath: //a[@href='/login']
19:00:13  INFO  manager.MyListener - The element with locator --->By.xpath: //a[@href='/login']--->was found
19:00:16  INFO  manager.MyListener - Start find element --->By.xpath: //input[1]
19:00:16  INFO  manager.MyListener - The element with locator --->By.xpath: //input[1]--->was found
19:00:17  INFO  manager.MyListener - Start find element --->By.xpath: //input[2]
19:00:17  INFO  manager.MyListener - The element with locator --->By.xpath: //input[2]--->was found
19:00:17  INFO  manager.MyListener - Start find element --->By.xpath: //button[text()=' Login']
19:00:17  INFO  manager.MyListener - The element with locator --->By.xpath: //button[text()=' Login']--->was found
19:00:17  INFO  manager.MyListener - Start find element --->By.xpath: //a[@href='/contacts']
19:00:17  INFO  manager.MyListener - The element with locator --->By.xpath: //a[@href='/contacts']--->was found
19:00:17  INFO  tests.TestBase - Name of test ---> loginSuccessTestDataProvider
19:00:17  INFO  manager.MyListener - Start find element --->By.xpath: //button[text()='Sign Out']
19:00:17  INFO  manager.MyListener - The element with locator --->By.xpath: //button[text()='Sign Out']--->was found
19:00:17  INFO  manager.MyListener - Start find element --->By.xpath: //button[text()='Sign Out']
19:00:17  INFO  manager.MyListener - The element with locator --->By.xpath: //button[text()='Sign Out']--->was found
19:00:17  INFO  tests.TestBase - Test starts with email elizabet123456@mail.com  && password El098765$
19:00:17  INFO  manager.MyListener - Start find element --->By.xpath: //a[@href='/login']
19:00:17  INFO  manager.MyListener - The element with locator --->By.xpath: //a[@href='/login']--->was found
19:00:20  INFO  manager.MyListener - Start find element --->By.xpath: //input[1]
19:00:20  INFO  manager.MyListener - The element with locator --->By.xpath: //input[1]--->was found
19:00:20  INFO  manager.MyListener - Start find element --->By.xpath: //input[2]
19:00:20  INFO  manager.MyListener - The element with locator --->By.xpath: //input[2]--->was found
19:00:20  INFO  manager.MyListener - Start find element --->By.xpath: //button[text()=' Login']
19:00:20  INFO  manager.MyListener - The element with locator --->By.xpath: //button[text()=' Login']--->was found
19:00:20  INFO  manager.MyListener - Start find element --->By.xpath: //a[@href='/contacts']
19:00:21  INFO  manager.MyListener - The element with locator --->By.xpath: //a[@href='/contacts']--->was found
19:00:21  INFO  tests.TestBase - Name of test ---> loginSuccessTestDataProviderCSV
19:00:21  INFO  manager.MyListener - Start find element --->By.xpath: //button[text()='Sign Out']
19:00:21  INFO  manager.MyListener - The element with locator --->By.xpath: //button[text()='Sign Out']--->was found
19:00:21  INFO  manager.MyListener - Start find element --->By.xpath: //button[text()='Sign Out']
19:00:21  INFO  manager.MyListener - The element with locator --->By.xpath: //button[text()='Sign Out']--->was found
19:00:21  INFO  tests.TestBase - Test starts with email Tomy123456@mail.com  && password Qq123666$45
19:00:21  INFO  manager.MyListener - Start find element --->By.xpath: //a[@href='/login']
19:00:21  INFO  manager.MyListener - The element with locator --->By.xpath: //a[@href='/login']--->was found
19:00:24  INFO  manager.MyListener - Start find element --->By.xpath: //input[1]
19:00:24  INFO  manager.MyListener - The element with locator --->By.xpath: //input[1]--->was found
19:00:24  INFO  manager.MyListener - Start find element --->By.xpath: //input[2]
19:00:24  INFO  manager.MyListener - The element with locator --->By.xpath: //input[2]--->was found
19:00:24  INFO  manager.MyListener - Start find element --->By.xpath: //button[text()=' Login']
19:00:24  INFO  manager.MyListener - The element with locator --->By.xpath: //button[text()=' Login']--->was found
19:00:24  INFO  manager.MyListener - Start find element --->By.xpath: //a[@href='/contacts']
19:00:24  INFO  manager.MyListener - The element with locator --->By.xpath: //a[@href='/contacts']--->was found
19:00:24  INFO  tests.TestBase - Name of test ---> loginSuccessTestDataProviderCSV
19:00:24  INFO  manager.MyListener - Start find element --->By.xpath: //button[text()='Sign Out']
19:00:24  INFO  manager.MyListener - The element with locator --->By.xpath: //button[text()='Sign Out']--->was found
19:00:24  INFO  manager.MyListener - Start find element --->By.xpath: //button[text()='Sign Out']
19:00:24  INFO  manager.MyListener - The element with locator --->By.xpath: //button[text()='Sign Out']--->was found
19:00:24  INFO  tests.TestBase - Test starts with email elizabet123456@mail.com  && password El098765$
19:00:24  INFO  manager.MyListener - Start find element --->By.xpath: //a[@href='/login']
19:00:24  INFO  manager.MyListener - The element with locator --->By.xpath: //a[@href='/login']--->was found
19:00:27  INFO  manager.MyListener - Start find element --->By.xpath: //input[1]
19:00:28  INFO  manager.MyListener - The element with locator --->By.xpath: //input[1]--->was found
19:00:28  INFO  manager.MyListener - Start find element --->By.xpath: //input[2]
19:00:28  INFO  manager.MyListener - The element with locator --->By.xpath: //input[2]--->was found
19:00:28  INFO  manager.MyListener - Start find element --->By.xpath: //button[text()=' Login']
19:00:28  INFO  manager.MyListener - The element with locator --->By.xpath: //button[text()=' Login']--->was found
19:00:28  INFO  manager.MyListener - Start find element --->By.xpath: //a[@href='/contacts']
19:00:28  INFO  manager.MyListener - The element with locator --->By.xpath: //a[@href='/contacts']--->was found
19:00:28  INFO  tests.TestBase - Name of test ---> registrationSuccess
19:00:28  INFO  manager.MyListener - Start find element --->By.xpath: //button[text()='Sign Out']
19:00:28  INFO  manager.MyListener - The element with locator --->By.xpath: //button[text()='Sign Out']--->was found
19:00:28  INFO  manager.MyListener - Start find element --->By.xpath: //button[text()='Sign Out']
19:00:28  INFO  manager.MyListener - The element with locator --->By.xpath: //button[text()='Sign Out']--->was found
19:00:28  INFO  manager.MyListener - Start find element --->By.xpath: //a[@href='/login']
19:00:28  INFO  manager.MyListener - The element with locator --->By.xpath: //a[@href='/login']--->was found
19:00:28  INFO  manager.MyListener - Start find element --->By.xpath: //input[1]
19:00:28  INFO  manager.MyListener - The element with locator --->By.xpath: //input[1]--->was found
19:00:28  INFO  manager.MyListener - Start find element --->By.xpath: //input[2]
19:00:28  INFO  manager.MyListener - The element with locator --->By.xpath: //input[2]--->was found
19:00:28  INFO  manager.MyListener - Start find element --->By.xpath: //button[text()=' Registration']
19:00:28  INFO  manager.MyListener - The element with locator --->By.xpath: //button[text()=' Registration']--->was found
19:00:28  INFO  manager.MyListener - Start find element --->By.cssSelector: h2
19:00:29  INFO  manager.MyListener - The element with locator --->By.cssSelector: h2--->was found
19:00:29  INFO  tests.TestBase - Name of test ---> registrationSuccessModel
19:00:29  INFO  manager.MyListener - Start find element --->By.xpath: //button[text()='Sign Out']
19:00:29  INFO  manager.MyListener - The element with locator --->By.xpath: //button[text()='Sign Out']--->was found
19:00:29  INFO  manager.MyListener - Start find element --->By.xpath: //button[text()='Sign Out']
19:00:29  INFO  manager.MyListener - The element with locator --->By.xpath: //button[text()='Sign Out']--->was found
19:00:29  INFO  manager.MyListener - Start find element --->By.xpath: //a[@href='/login']
19:00:29  INFO  manager.MyListener - The element with locator --->By.xpath: //a[@href='/login']--->was found
19:00:29  INFO  manager.MyListener - Start find element --->By.xpath: //input[1]
19:00:29  INFO  manager.MyListener - The element with locator --->By.xpath: //input[1]--->was found
19:00:29  INFO  manager.MyListener - Start find element --->By.xpath: //input[2]
19:00:29  INFO  manager.MyListener - The element with locator --->By.xpath: //input[2]--->was found
19:00:29  INFO  manager.MyListener - Start find element --->By.xpath: //button[text()=' Registration']
19:00:29  INFO  manager.MyListener - The element with locator --->By.xpath: //button[text()=' Registration']--->was found
19:00:29  INFO  tests.TestBase - User register with dataUser{email='maya29@mail.com', password='Ma098765$'}
19:00:29  INFO  manager.MyListener - Start find element --->By.cssSelector: h2
19:00:30  INFO  manager.MyListener - The element with locator --->By.cssSelector: h2--->was found
19:00:30  INFO  tests.TestBase - Name of test ---> removeAllContactTest
19:00:30  INFO  manager.MyListener - Start find element --->By.xpath: //button[text()='Sign Out']
19:00:30  INFO  manager.MyListener - The element with locator --->By.xpath: //button[text()='Sign Out']--->was found
19:00:30  INFO  manager.MyListener - Start find element --->By.cssSelector: .contact-item_card__2SOIM
19:00:35  INFO  manager.MyListener - The element with locator --->By.cssSelector: .contact-item_card__2SOIM--->was found
19:00:35  INFO  manager.MyListener - Start find element --->By.xpath: //a[text()='ADD']
19:00:35  INFO  manager.MyListener - The element with locator --->By.xpath: //a[text()='ADD']--->was found
19:00:35  INFO  manager.MyListener - Start find element --->By.cssSelector: [placeholder='Name']
19:00:35  INFO  manager.MyListener - The element with locator --->By.cssSelector: [placeholder='Name']--->was found
19:00:35  INFO  manager.MyListener - Start find element --->By.cssSelector: [placeholder='Last Name']
19:00:35  INFO  manager.MyListener - The element with locator --->By.cssSelector: [placeholder='Last Name']--->was found
19:00:35  INFO  manager.MyListener - Start find element --->By.cssSelector: [placeholder='Phone']
19:00:35  INFO  manager.MyListener - The element with locator --->By.cssSelector: [placeholder='Phone']--->was found
19:00:35  INFO  manager.MyListener - Start find element --->By.cssSelector: [placeholder='email']
19:00:35  INFO  manager.MyListener - The element with locator --->By.cssSelector: [placeholder='email']--->was found
19:00:35  INFO  manager.MyListener - Start find element --->By.cssSelector: [placeholder='Address']
19:00:35  INFO  manager.MyListener - The element with locator --->By.cssSelector: [placeholder='Address']--->was found
19:00:35  INFO  manager.MyListener - Start find element --->By.cssSelector: [placeholder='description']
19:00:35  INFO  manager.MyListener - The element with locator --->By.cssSelector: [placeholder='description']--->was found
19:00:40  INFO  manager.MyListener - Start find element --->By.xpath: //button[contains(.,'Save')]
19:00:40  INFO  manager.MyListener - The element with locator --->By.xpath: //button[contains(.,'Save')]--->was found
19:00:46  INFO  manager.MyListener - We have a throwable ---> element not interactable
  (Session info: chrome=98.0.4758.82)
Build info: version: '3.141.59', revision: 'e82be7d358', time: '2018-11-14T08:17:03'
System info: host: 'DESKTOP-O62I6CB', ip: '10.100.102.5', os.name: 'Windows 10', os.arch: 'amd64', os.version: '10.0', java.version: '11.0.13'
Driver info: org.openqa.selenium.chrome.ChromeDriver
Capabilities {acceptInsecureCerts: false, browserName: chrome, browserVersion: 98.0.4758.82, chrome: {chromedriverVersion: 98.0.4758.80 (7f0488e8ba0d8..., userDataDir: C:\Users\Natali\AppData\Loc...}, goog:chromeOptions: {debuggerAddress: localhost:51784}, javascriptEnabled: true, networkConnectionEnabled: false, pageLoadStrategy: normal, platform: WINDOWS, platformName: WINDOWS, proxy: Proxy(), setWindowRect: true, strictFileInteractability: false, timeouts: {implicit: 0, pageLoad: 300000, script: 30000}, unhandledPromptBehavior: dismiss and notify, webauthn:extension:credBlob: true, webauthn:extension:largeBlob: true, webauthn:virtualAuthenticators: true}
Session ID: 5592674cb3ad4c715f3138f11e493d79
19:00:46  INFO  manager.MyListener - org.openqa.selenium.ElementNotInteractableException: element not interactable
  (Session info: chrome=98.0.4758.82)
Build info: version: '3.141.59', revision: 'e82be7d358', time: '2018-11-14T08:17:03'
System info: host: 'DESKTOP-O62I6CB', ip: '10.100.102.5', os.name: 'Windows 10', os.arch: 'amd64', os.version: '10.0', java.version: '11.0.13'
Driver info: org.openqa.selenium.chrome.ChromeDriver
Capabilities {acceptInsecureCerts: false, browserName: chrome, browserVersion: 98.0.4758.82, chrome: {chromedriverVersion: 98.0.4758.80 (7f0488e8ba0d8..., userDataDir: C:\Users\Natali\AppData\Loc...}, goog:chromeOptions: {debuggerAddress: localhost:51784}, javascriptEnabled: true, networkConnectionEnabled: false, pageLoadStrategy: normal, platform: WINDOWS, platformName: WINDOWS, proxy: Proxy(), setWindowRect: true, strictFileInteractability: false, timeouts: {implicit: 0, pageLoad: 300000, script: 30000}, unhandledPromptBehavior: dismiss and notify, webauthn:extension:credBlob: true, webauthn:extension:largeBlob: true, webauthn:virtualAuthenticators: true}
Session ID: 5592674cb3ad4c715f3138f11e493d79
19:00:46  INFO  manager.MyListener - This is your screen with error -->src/test/screenshorts/screen46.png
