20:01:31  INFO  manager.ApplicationManager - All tests starts in 'Chrom' browser
20:01:33  INFO  tests.TestBase - Name of test ---> loginSuccessModelDataProvider
20:01:33  INFO  manager.MyListener - Start find element --->By.xpath: //button[text()='Sign Out']
20:01:38  INFO  manager.MyListener - The element with locator --->By.xpath: //button[text()='Sign Out']--->was found
20:01:38  INFO  tests.TestBase - Test user starts with email [Tomy123456@mail.com], password[Qq123666$45]
20:01:38  INFO  manager.MyListener - Start find element --->By.xpath: //a[@href='/login']
20:01:38  INFO  manager.MyListener - The element with locator --->By.xpath: //a[@href='/login']--->was found
20:01:38  INFO  manager.MyListener - Start find element --->By.xpath: //input[1]
20:01:38  INFO  manager.MyListener - The element with locator --->By.xpath: //input[1]--->was found
20:01:38  INFO  manager.MyListener - Start find element --->By.xpath: //input[2]
20:01:38  INFO  manager.MyListener - The element with locator --->By.xpath: //input[2]--->was found
20:01:38  INFO  manager.MyListener - Start find element --->By.xpath: //button[text()=' Login']
20:01:38  INFO  manager.MyListener - The element with locator --->By.xpath: //button[text()=' Login']--->was found
20:01:40  INFO  manager.MyListener - Start find element --->By.xpath: //a[@href='/contacts']
20:01:40  INFO  manager.MyListener - The element with locator --->By.xpath: //a[@href='/contacts']--->was found
20:01:40  INFO  tests.TestBase - Name of test ---> loginSuccessModelDataProvider
20:01:40  INFO  manager.MyListener - Start find element --->By.xpath: //button[text()='Sign Out']
20:01:40  INFO  manager.MyListener - The element with locator --->By.xpath: //button[text()='Sign Out']--->was found
20:01:40  INFO  manager.MyListener - Start find element --->By.xpath: //button[text()='Sign Out']
20:01:40  INFO  manager.MyListener - The element with locator --->By.xpath: //button[text()='Sign Out']--->was found
20:01:40  INFO  tests.TestBase - Test user starts with email [Tomy123456@mail.com], password[Qq123666$45]
20:01:40  INFO  manager.MyListener - Start find element --->By.xpath: //a[@href='/login']
20:01:40  INFO  manager.MyListener - The element with locator --->By.xpath: //a[@href='/login']--->was found
20:01:40  INFO  manager.MyListener - Start find element --->By.xpath: //input[1]
20:01:40  INFO  manager.MyListener - The element with locator --->By.xpath: //input[1]--->was found
20:01:40  INFO  manager.MyListener - Start find element --->By.xpath: //input[2]
20:01:40  INFO  manager.MyListener - The element with locator --->By.xpath: //input[2]--->was found
20:01:41  INFO  manager.MyListener - Start find element --->By.xpath: //button[text()=' Login']
20:01:41  INFO  manager.MyListener - The element with locator --->By.xpath: //button[text()=' Login']--->was found
20:01:42  INFO  manager.MyListener - Start find element --->By.xpath: //a[@href='/contacts']
20:01:42  INFO  manager.MyListener - The element with locator --->By.xpath: //a[@href='/contacts']--->was found
20:01:42  INFO  tests.TestBase - Name of test ---> loginSuccessModelDataProvider
20:01:42  INFO  manager.MyListener - Start find element --->By.xpath: //button[text()='Sign Out']
20:01:42  INFO  manager.MyListener - The element with locator --->By.xpath: //button[text()='Sign Out']--->was found
20:01:42  INFO  manager.MyListener - Start find element --->By.xpath: //button[text()='Sign Out']
20:01:42  INFO  manager.MyListener - The element with locator --->By.xpath: //button[text()='Sign Out']--->was found
20:01:42  INFO  tests.TestBase - Test user starts with email [Tomy123456@mail.com], password[Qq123666$45]
20:01:42  INFO  manager.MyListener - Start find element --->By.xpath: //a[@href='/login']
20:01:42  INFO  manager.MyListener - The element with locator --->By.xpath: //a[@href='/login']--->was found
20:01:42  INFO  manager.MyListener - Start find element --->By.xpath: //input[1]
20:01:42  INFO  manager.MyListener - The element with locator --->By.xpath: //input[1]--->was found
20:01:42  INFO  manager.MyListener - Start find element --->By.xpath: //input[2]
20:01:42  INFO  manager.MyListener - The element with locator --->By.xpath: //input[2]--->was found
20:01:42  INFO  manager.MyListener - Start find element --->By.xpath: //button[text()=' Login']
20:01:42  INFO  manager.MyListener - The element with locator --->By.xpath: //button[text()=' Login']--->was found
20:01:43  INFO  manager.MyListener - Start find element --->By.xpath: //a[@href='/contacts']
20:01:43  INFO  manager.MyListener - The element with locator --->By.xpath: //a[@href='/contacts']--->was found
