11:47:15  INFO  manager.ApplicationManager - All tests starts in 'FIREFOX' browser
11:47:16  INFO  tests.TestBase - Name of test ---> addNewContactSuccess
11:47:16  INFO  manager.MyListener - Start find element --->By.xpath: //button[text()='Sign Out']
11:47:21  INFO  manager.MyListener - The element with locator --->By.xpath: //button[text()='Sign Out']--->was found
11:47:21  INFO  manager.MyListener - Start find element --->By.xpath: //a[@href='/login']
11:47:21  INFO  manager.MyListener - The element with locator --->By.xpath: //a[@href='/login']--->was found
11:47:21  INFO  manager.MyListener - Start find element --->By.xpath: //input[1]
11:47:21  INFO  manager.MyListener - The element with locator --->By.xpath: //input[1]--->was found
11:47:21  INFO  manager.MyListener - Start find element --->By.xpath: //input[2]
11:47:21  INFO  manager.MyListener - The element with locator --->By.xpath: //input[2]--->was found
11:47:22  INFO  manager.MyListener - Start find element --->By.xpath: //button[text()=' Login']
11:47:22  INFO  manager.MyListener - The element with locator --->By.xpath: //button[text()=' Login']--->was found
11:47:22  INFO  manager.MyListener - Start find element --->By.cssSelector: .contact-item_card__2SOIM
11:47:23  INFO  manager.MyListener - The element with locator --->By.cssSelector: .contact-item_card__2SOIM--->was found
11:47:23  INFO  manager.MyListener - Start find element --->By.cssSelector: .contact-item_card__2SOIM
11:47:23  INFO  manager.MyListener - The element with locator --->By.cssSelector: .contact-item_card__2SOIM--->was found
11:47:23  INFO  tests.TestBase - The test 'Add new contact' start with count of contact in start --->3
11:47:23  INFO  tests.TestBase - The test 'Add new contact' start with data ---->Contact(name=Maya2843, lastName=Foot, phone=12345672843, email=maya2843@gmail.com, address=Tel-Aviv, description=friend)
11:47:23  INFO  manager.MyListener - Start find element --->By.xpath: //a[text()='ADD']
11:47:23  INFO  manager.MyListener - The element with locator --->By.xpath: //a[text()='ADD']--->was found
11:47:23  INFO  manager.MyListener - Start find element --->By.cssSelector: [placeholder='Name']
11:47:23  INFO  manager.MyListener - The element with locator --->By.cssSelector: [placeholder='Name']--->was found
11:47:23  INFO  manager.MyListener - Start find element --->By.cssSelector: [placeholder='Last Name']
11:47:23  INFO  manager.MyListener - The element with locator --->By.cssSelector: [placeholder='Last Name']--->was found
11:47:23  INFO  manager.MyListener - Start find element --->By.cssSelector: [placeholder='Phone']
11:47:23  INFO  manager.MyListener - The element with locator --->By.cssSelector: [placeholder='Phone']--->was found
11:47:24  INFO  manager.MyListener - Start find element --->By.cssSelector: [placeholder='email']
11:47:24  INFO  manager.MyListener - The element with locator --->By.cssSelector: [placeholder='email']--->was found
11:47:24  INFO  manager.MyListener - Start find element --->By.cssSelector: [placeholder='Address']
11:47:24  INFO  manager.MyListener - The element with locator --->By.cssSelector: [placeholder='Address']--->was found
11:47:24  INFO  manager.MyListener - Start find element --->By.cssSelector: [placeholder='description']
11:47:24  INFO  manager.MyListener - The element with locator --->By.cssSelector: [placeholder='description']--->was found
11:47:25  INFO  manager.MyListener - Start find element --->By.xpath: //button[contains(.,'Save')]
11:47:25  INFO  manager.MyListener - The element with locator --->By.xpath: //button[contains(.,'Save')]--->was found
11:47:25  INFO  manager.MyListener - Start find element --->By.cssSelector: .contact-item_card__2SOIM
11:47:25  INFO  manager.MyListener - The element with locator --->By.cssSelector: .contact-item_card__2SOIM--->was found
11:47:25  INFO  tests.TestBase - The test 'Add new contact' end with count of contact in the end --->4
11:47:25  INFO  manager.MyListener - Start find element --->By.cssSelector: h2
11:47:25  INFO  manager.MyListener - The element with locator --->By.cssSelector: h2--->was found
11:47:25  INFO  manager.MyListener - Start find element --->By.cssSelector: h3
11:47:25  INFO  manager.MyListener - The element with locator --->By.cssSelector: h3--->was found
11:47:25  INFO  tests.TestBase - Name of test ---> loginSuccessModel
11:47:25  INFO  manager.MyListener - Start find element --->By.xpath: //button[text()='Sign Out']
11:47:25  INFO  manager.MyListener - The element with locator --->By.xpath: //button[text()='Sign Out']--->was found
11:47:25  INFO  manager.MyListener - Start find element --->By.xpath: //button[text()='Sign Out']
11:47:25  INFO  manager.MyListener - The element with locator --->By.xpath: //button[text()='Sign Out']--->was found
11:47:25  INFO  tests.TestBase - Test starts with email [Tomy123456@mail.com], pessword[Qq123666$45]
11:47:25  INFO  manager.MyListener - Start find element --->By.xpath: //a[@href='/login']
11:47:25  INFO  manager.MyListener - The element with locator --->By.xpath: //a[@href='/login']--->was found
11:47:26  INFO  manager.MyListener - Start find element --->By.xpath: //input[1]
11:47:26  INFO  manager.MyListener - The element with locator --->By.xpath: //input[1]--->was found
11:47:26  INFO  manager.MyListener - Start find element --->By.xpath: //input[2]
11:47:26  INFO  manager.MyListener - The element with locator --->By.xpath: //input[2]--->was found
11:47:26  INFO  manager.MyListener - Start find element --->By.xpath: //button[text()=' Login']
11:47:26  INFO  manager.MyListener - The element with locator --->By.xpath: //button[text()=' Login']--->was found
11:47:27  INFO  manager.MyListener - Start find element --->By.xpath: //a[@href='/contacts']
11:47:27  INFO  manager.MyListener - The element with locator --->By.xpath: //a[@href='/contacts']--->was found
11:47:27  INFO  tests.TestBase - Name of test ---> loginSuccessModelDataProvider
11:47:27  INFO  manager.MyListener - Start find element --->By.xpath: //button[text()='Sign Out']
11:47:27  INFO  manager.MyListener - The element with locator --->By.xpath: //button[text()='Sign Out']--->was found
11:47:27  INFO  manager.MyListener - Start find element --->By.xpath: //button[text()='Sign Out']
11:47:27  INFO  manager.MyListener - The element with locator --->By.xpath: //button[text()='Sign Out']--->was found
11:47:27  INFO  tests.TestBase - Test user starts with data:User{email='Tomy123456@mail.com', password='Qq123666$45'}
11:47:27  INFO  manager.MyListener - Start find element --->By.xpath: //a[@href='/login']
11:47:27  INFO  manager.MyListener - The element with locator --->By.xpath: //a[@href='/login']--->was found
11:47:27  INFO  manager.MyListener - Start find element --->By.xpath: //input[1]
11:47:27  INFO  manager.MyListener - The element with locator --->By.xpath: //input[1]--->was found
11:47:28  INFO  manager.MyListener - Start find element --->By.xpath: //input[2]
11:47:28  INFO  manager.MyListener - The element with locator --->By.xpath: //input[2]--->was found
11:47:28  INFO  manager.MyListener - Start find element --->By.xpath: //button[text()=' Login']
11:47:28  INFO  manager.MyListener - The element with locator --->By.xpath: //button[text()=' Login']--->was found
11:47:28  INFO  manager.MyListener - Start find element --->By.xpath: //a[@href='/contacts']
11:47:28  INFO  manager.MyListener - The element with locator --->By.xpath: //a[@href='/contacts']--->was found
11:47:28  INFO  tests.TestBase - Name of test ---> loginSuccessModelDataProvider
11:47:28  INFO  manager.MyListener - Start find element --->By.xpath: //button[text()='Sign Out']
11:47:28  INFO  manager.MyListener - The element with locator --->By.xpath: //button[text()='Sign Out']--->was found
11:47:28  INFO  manager.MyListener - Start find element --->By.xpath: //button[text()='Sign Out']
11:47:28  INFO  manager.MyListener - The element with locator --->By.xpath: //button[text()='Sign Out']--->was found
11:47:29  INFO  tests.TestBase - Test user starts with data:User{email='Tomy123456@mail.com', password='Qq123666$45'}
11:47:29  INFO  manager.MyListener - Start find element --->By.xpath: //a[@href='/login']
11:47:29  INFO  manager.MyListener - The element with locator --->By.xpath: //a[@href='/login']--->was found
11:47:29  INFO  manager.MyListener - Start find element --->By.xpath: //input[1]
11:47:29  INFO  manager.MyListener - The element with locator --->By.xpath: //input[1]--->was found
11:47:29  INFO  manager.MyListener - Start find element --->By.xpath: //input[2]
11:47:29  INFO  manager.MyListener - The element with locator --->By.xpath: //input[2]--->was found
11:47:30  INFO  manager.MyListener - Start find element --->By.xpath: //button[text()=' Login']
11:47:30  INFO  manager.MyListener - The element with locator --->By.xpath: //button[text()=' Login']--->was found
11:47:30  INFO  manager.MyListener - Start find element --->By.xpath: //a[@href='/contacts']
11:47:30  INFO  manager.MyListener - The element with locator --->By.xpath: //a[@href='/contacts']--->was found
11:47:30  INFO  tests.TestBase - Name of test ---> loginSuccessModelDataProvider
11:47:30  INFO  manager.MyListener - Start find element --->By.xpath: //button[text()='Sign Out']
11:47:30  INFO  manager.MyListener - The element with locator --->By.xpath: //button[text()='Sign Out']--->was found
11:47:30  INFO  manager.MyListener - Start find element --->By.xpath: //button[text()='Sign Out']
11:47:30  INFO  manager.MyListener - The element with locator --->By.xpath: //button[text()='Sign Out']--->was found
11:47:31  INFO  tests.TestBase - Test user starts with data:User{email='Tomy123456@mail.com', password='Qq123666$45'}
11:47:31  INFO  manager.MyListener - Start find element --->By.xpath: //a[@href='/login']
11:47:31  INFO  manager.MyListener - The element with locator --->By.xpath: //a[@href='/login']--->was found
11:47:31  INFO  manager.MyListener - Start find element --->By.xpath: //input[1]
11:47:31  INFO  manager.MyListener - The element with locator --->By.xpath: //input[1]--->was found
11:47:31  INFO  manager.MyListener - Start find element --->By.xpath: //input[2]
11:47:31  INFO  manager.MyListener - The element with locator --->By.xpath: //input[2]--->was found
11:47:31  INFO  manager.MyListener - Start find element --->By.xpath: //button[text()=' Login']
11:47:31  INFO  manager.MyListener - The element with locator --->By.xpath: //button[text()=' Login']--->was found
11:47:32  INFO  manager.MyListener - Start find element --->By.xpath: //a[@href='/contacts']
11:47:32  INFO  manager.MyListener - The element with locator --->By.xpath: //a[@href='/contacts']--->was found
11:47:32  INFO  tests.TestBase - Name of test ---> loginSuccessTestDataProvider
11:47:32  INFO  manager.MyListener - Start find element --->By.xpath: //button[text()='Sign Out']
11:47:32  INFO  manager.MyListener - The element with locator --->By.xpath: //button[text()='Sign Out']--->was found
11:47:32  INFO  manager.MyListener - Start find element --->By.xpath: //button[text()='Sign Out']
11:47:32  INFO  manager.MyListener - The element with locator --->By.xpath: //button[text()='Sign Out']--->was found
11:47:32  INFO  tests.TestBase - Test starts with email Tomy123456@mail.com  && password Qq123666$45
11:47:32  INFO  manager.MyListener - Start find element --->By.xpath: //a[@href='/login']
11:47:32  INFO  manager.MyListener - The element with locator --->By.xpath: //a[@href='/login']--->was found
11:47:36  INFO  manager.MyListener - Start find element --->By.xpath: //input[1]
11:47:36  INFO  manager.MyListener - The element with locator --->By.xpath: //input[1]--->was found
11:47:36  INFO  manager.MyListener - Start find element --->By.xpath: //input[2]
11:47:36  INFO  manager.MyListener - The element with locator --->By.xpath: //input[2]--->was found
11:47:36  INFO  manager.MyListener - Start find element --->By.xpath: //button[text()=' Login']
11:47:36  INFO  manager.MyListener - The element with locator --->By.xpath: //button[text()=' Login']--->was found
11:47:36  INFO  manager.MyListener - Start find element --->By.xpath: //a[@href='/contacts']
11:47:36  INFO  manager.MyListener - The element with locator --->By.xpath: //a[@href='/contacts']--->was found
11:47:36  INFO  tests.TestBase - Name of test ---> loginSuccessTestDataProvider
11:47:36  INFO  manager.MyListener - Start find element --->By.xpath: //button[text()='Sign Out']
11:47:36  INFO  manager.MyListener - The element with locator --->By.xpath: //button[text()='Sign Out']--->was found
11:47:36  INFO  manager.MyListener - Start find element --->By.xpath: //button[text()='Sign Out']
11:47:36  INFO  manager.MyListener - The element with locator --->By.xpath: //button[text()='Sign Out']--->was found
11:47:37  INFO  tests.TestBase - Test starts with email Tomy123456@mail.com  && password Qq123666$45
11:47:37  INFO  manager.MyListener - Start find element --->By.xpath: //a[@href='/login']
11:47:37  INFO  manager.MyListener - The element with locator --->By.xpath: //a[@href='/login']--->was found
11:47:40  INFO  manager.MyListener - Start find element --->By.xpath: //input[1]
11:47:40  INFO  manager.MyListener - The element with locator --->By.xpath: //input[1]--->was found
11:47:40  INFO  manager.MyListener - Start find element --->By.xpath: //input[2]
11:47:40  INFO  manager.MyListener - The element with locator --->By.xpath: //input[2]--->was found
11:47:41  INFO  manager.MyListener - Start find element --->By.xpath: //button[text()=' Login']
11:47:41  INFO  manager.MyListener - The element with locator --->By.xpath: //button[text()=' Login']--->was found
11:47:41  INFO  manager.MyListener - Start find element --->By.xpath: //a[@href='/contacts']
11:47:41  INFO  manager.MyListener - The element with locator --->By.xpath: //a[@href='/contacts']--->was found
11:47:41  INFO  tests.TestBase - Name of test ---> loginSuccessTestDataProvider
11:47:41  INFO  manager.MyListener - Start find element --->By.xpath: //button[text()='Sign Out']
11:47:41  INFO  manager.MyListener - The element with locator --->By.xpath: //button[text()='Sign Out']--->was found
11:47:41  INFO  manager.MyListener - Start find element --->By.xpath: //button[text()='Sign Out']
11:47:41  INFO  manager.MyListener - The element with locator --->By.xpath: //button[text()='Sign Out']--->was found
11:47:41  INFO  tests.TestBase - Test starts with email elizabet123456@mail.com  && password El098765$
11:47:41  INFO  manager.MyListener - Start find element --->By.xpath: //a[@href='/login']
11:47:41  INFO  manager.MyListener - The element with locator --->By.xpath: //a[@href='/login']--->was found
11:47:44  INFO  manager.MyListener - Start find element --->By.xpath: //input[1]
11:47:44  INFO  manager.MyListener - The element with locator --->By.xpath: //input[1]--->was found
11:47:45  INFO  manager.MyListener - Start find element --->By.xpath: //input[2]
11:47:45  INFO  manager.MyListener - The element with locator --->By.xpath: //input[2]--->was found
11:47:45  INFO  manager.MyListener - Start find element --->By.xpath: //button[text()=' Login']
11:47:45  INFO  manager.MyListener - The element with locator --->By.xpath: //button[text()=' Login']--->was found
11:47:45  INFO  manager.MyListener - Start find element --->By.xpath: //a[@href='/contacts']
11:47:45  INFO  manager.MyListener - The element with locator --->By.xpath: //a[@href='/contacts']--->was found
11:47:45  INFO  tests.TestBase - Name of test ---> loginSuccessTestDataProviderCSV
11:47:45  INFO  manager.MyListener - Start find element --->By.xpath: //button[text()='Sign Out']
11:47:45  INFO  manager.MyListener - The element with locator --->By.xpath: //button[text()='Sign Out']--->was found
11:47:45  INFO  manager.MyListener - Start find element --->By.xpath: //button[text()='Sign Out']
11:47:45  INFO  manager.MyListener - The element with locator --->By.xpath: //button[text()='Sign Out']--->was found
11:47:46  INFO  tests.TestBase - Test starts with email Tomy123456@mail.com  && password Qq123666$45
11:47:46  INFO  manager.MyListener - Start find element --->By.xpath: //a[@href='/login']
11:47:46  INFO  manager.MyListener - The element with locator --->By.xpath: //a[@href='/login']--->was found
11:47:49  INFO  manager.MyListener - Start find element --->By.xpath: //input[1]
11:47:49  INFO  manager.MyListener - The element with locator --->By.xpath: //input[1]--->was found
11:47:49  INFO  manager.MyListener - Start find element --->By.xpath: //input[2]
11:47:49  INFO  manager.MyListener - The element with locator --->By.xpath: //input[2]--->was found
11:47:49  INFO  manager.MyListener - Start find element --->By.xpath: //button[text()=' Login']
11:47:49  INFO  manager.MyListener - The element with locator --->By.xpath: //button[text()=' Login']--->was found
11:47:50  INFO  manager.MyListener - Start find element --->By.xpath: //a[@href='/contacts']
11:47:50  INFO  manager.MyListener - The element with locator --->By.xpath: //a[@href='/contacts']--->was found
11:47:50  INFO  tests.TestBase - Name of test ---> loginSuccessTestDataProviderCSV
11:47:50  INFO  manager.MyListener - Start find element --->By.xpath: //button[text()='Sign Out']
11:47:50  INFO  manager.MyListener - The element with locator --->By.xpath: //button[text()='Sign Out']--->was found
11:47:50  INFO  manager.MyListener - Start find element --->By.xpath: //button[text()='Sign Out']
11:47:50  INFO  manager.MyListener - The element with locator --->By.xpath: //button[text()='Sign Out']--->was found
11:47:50  INFO  tests.TestBase - Test starts with email elizabet123456@mail.com  && password El098765$
11:47:50  INFO  manager.MyListener - Start find element --->By.xpath: //a[@href='/login']
11:47:50  INFO  manager.MyListener - The element with locator --->By.xpath: //a[@href='/login']--->was found
11:47:53  INFO  manager.MyListener - Start find element --->By.xpath: //input[1]
11:47:53  INFO  manager.MyListener - The element with locator --->By.xpath: //input[1]--->was found
11:47:54  INFO  manager.MyListener - Start find element --->By.xpath: //input[2]
11:47:54  INFO  manager.MyListener - The element with locator --->By.xpath: //input[2]--->was found
11:47:54  INFO  manager.MyListener - Start find element --->By.xpath: //button[text()=' Login']
11:47:54  INFO  manager.MyListener - The element with locator --->By.xpath: //button[text()=' Login']--->was found
11:47:54  INFO  manager.MyListener - Start find element --->By.xpath: //a[@href='/contacts']
11:47:54  INFO  manager.MyListener - The element with locator --->By.xpath: //a[@href='/contacts']--->was found
11:47:54  INFO  tests.TestBase - Name of test ---> registrationSuccess
11:47:54  INFO  manager.MyListener - Start find element --->By.xpath: //button[text()='Sign Out']
11:47:54  INFO  manager.MyListener - The element with locator --->By.xpath: //button[text()='Sign Out']--->was found
11:47:54  INFO  manager.MyListener - Start find element --->By.xpath: //button[text()='Sign Out']
11:47:54  INFO  manager.MyListener - The element with locator --->By.xpath: //button[text()='Sign Out']--->was found
11:47:54  INFO  manager.MyListener - Start find element --->By.xpath: //a[@href='/login']
11:47:54  INFO  manager.MyListener - The element with locator --->By.xpath: //a[@href='/login']--->was found
11:47:55  INFO  manager.MyListener - Start find element --->By.xpath: //input[1]
11:47:55  INFO  manager.MyListener - The element with locator --->By.xpath: //input[1]--->was found
11:47:55  INFO  manager.MyListener - Start find element --->By.xpath: //input[2]
11:47:55  INFO  manager.MyListener - The element with locator --->By.xpath: //input[2]--->was found
11:47:55  INFO  manager.MyListener - Start find element --->By.xpath: //button[text()=' Registration']
11:47:55  INFO  manager.MyListener - The element with locator --->By.xpath: //button[text()=' Registration']--->was found
11:47:55  INFO  manager.MyListener - Start find element --->By.cssSelector: h2
11:47:56  INFO  manager.MyListener - The element with locator --->By.cssSelector: h2--->was found
11:47:56  INFO  tests.TestBase - Name of test ---> registrationSuccessModel
11:47:56  INFO  manager.MyListener - Start find element --->By.xpath: //button[text()='Sign Out']
11:47:56  INFO  manager.MyListener - The element with locator --->By.xpath: //button[text()='Sign Out']--->was found
11:47:56  INFO  manager.MyListener - Start find element --->By.xpath: //button[text()='Sign Out']
11:47:56  INFO  manager.MyListener - The element with locator --->By.xpath: //button[text()='Sign Out']--->was found
11:47:56  INFO  manager.MyListener - Start find element --->By.xpath: //a[@href='/login']
11:47:56  INFO  manager.MyListener - The element with locator --->By.xpath: //a[@href='/login']--->was found
11:47:56  INFO  manager.MyListener - Start find element --->By.xpath: //input[1]
11:47:56  INFO  manager.MyListener - The element with locator --->By.xpath: //input[1]--->was found
11:47:56  INFO  manager.MyListener - Start find element --->By.xpath: //input[2]
11:47:56  INFO  manager.MyListener - The element with locator --->By.xpath: //input[2]--->was found
11:47:57  INFO  manager.MyListener - Start find element --->By.xpath: //button[text()=' Registration']
11:47:57  INFO  manager.MyListener - The element with locator --->By.xpath: //button[text()=' Registration']--->was found
11:47:57  INFO  tests.TestBase - User register with dataUser{email='maya2876@mail.com', password='Ma098765$'}
11:47:57  INFO  manager.MyListener - Start find element --->By.cssSelector: h2
11:47:57  INFO  manager.MyListener - The element with locator --->By.cssSelector: h2--->was found
11:47:57  INFO  tests.TestBase - Name of test ---> removeAllContactTest
11:47:57  INFO  manager.MyListener - Start find element --->By.xpath: //button[text()='Sign Out']
11:47:57  INFO  manager.MyListener - The element with locator --->By.xpath: //button[text()='Sign Out']--->was found
11:47:57  INFO  manager.MyListener - Start find element --->By.cssSelector: .contact-item_card__2SOIM
11:48:02  INFO  manager.MyListener - The element with locator --->By.cssSelector: .contact-item_card__2SOIM--->was found
11:48:02  INFO  manager.MyListener - Start find element --->By.xpath: //a[text()='ADD']
11:48:02  INFO  manager.MyListener - The element with locator --->By.xpath: //a[text()='ADD']--->was found
11:48:02  INFO  manager.MyListener - Start find element --->By.cssSelector: [placeholder='Name']
11:48:02  INFO  manager.MyListener - The element with locator --->By.cssSelector: [placeholder='Name']--->was found
11:48:03  INFO  manager.MyListener - Start find element --->By.cssSelector: [placeholder='Last Name']
11:48:03  INFO  manager.MyListener - The element with locator --->By.cssSelector: [placeholder='Last Name']--->was found
11:48:03  INFO  manager.MyListener - Start find element --->By.cssSelector: [placeholder='Phone']
11:48:03  INFO  manager.MyListener - The element with locator --->By.cssSelector: [placeholder='Phone']--->was found
11:48:03  INFO  manager.MyListener - Start find element --->By.cssSelector: [placeholder='email']
11:48:03  INFO  manager.MyListener - The element with locator --->By.cssSelector: [placeholder='email']--->was found
11:48:03  INFO  manager.MyListener - Start find element --->By.cssSelector: [placeholder='Address']
11:48:03  INFO  manager.MyListener - The element with locator --->By.cssSelector: [placeholder='Address']--->was found
11:48:04  INFO  manager.MyListener - Start find element --->By.cssSelector: [placeholder='description']
11:48:04  INFO  manager.MyListener - The element with locator --->By.cssSelector: [placeholder='description']--->was found
11:48:04  INFO  manager.MyListener - Start find element --->By.xpath: //button[contains(.,'Save')]
11:48:04  INFO  manager.MyListener - The element with locator --->By.xpath: //button[contains(.,'Save')]--->was found
11:48:05  INFO  manager.MyListener - Start find element --->By.xpath: //a[text()='ADD']
11:48:05  INFO  manager.MyListener - The element with locator --->By.xpath: //a[text()='ADD']--->was found
11:48:06  INFO  manager.MyListener - Start find element --->By.cssSelector: [placeholder='Name']
11:48:06  INFO  manager.MyListener - The element with locator --->By.cssSelector: [placeholder='Name']--->was found
11:48:06  INFO  manager.MyListener - Start find element --->By.cssSelector: [placeholder='Last Name']
11:48:06  INFO  manager.MyListener - The element with locator --->By.cssSelector: [placeholder='Last Name']--->was found
11:48:06  INFO  manager.MyListener - Start find element --->By.cssSelector: [placeholder='Phone']
11:48:06  INFO  manager.MyListener - The element with locator --->By.cssSelector: [placeholder='Phone']--->was found
11:48:06  INFO  manager.MyListener - Start find element --->By.cssSelector: [placeholder='email']
11:48:06  INFO  manager.MyListener - The element with locator --->By.cssSelector: [placeholder='email']--->was found
11:48:07  INFO  manager.MyListener - Start find element --->By.cssSelector: [placeholder='Address']
11:48:07  INFO  manager.MyListener - The element with locator --->By.cssSelector: [placeholder='Address']--->was found
11:48:07  INFO  manager.MyListener - Start find element --->By.cssSelector: [placeholder='description']
11:48:07  INFO  manager.MyListener - The element with locator --->By.cssSelector: [placeholder='description']--->was found
11:48:07  INFO  manager.MyListener - Start find element --->By.xpath: //button[contains(.,'Save')]
11:48:07  INFO  manager.MyListener - The element with locator --->By.xpath: //button[contains(.,'Save')]--->was found
11:48:09  INFO  manager.MyListener - Start find element --->By.xpath: //a[text()='ADD']
11:48:09  INFO  manager.MyListener - The element with locator --->By.xpath: //a[text()='ADD']--->was found
11:48:09  INFO  manager.MyListener - Start find element --->By.cssSelector: [placeholder='Name']
11:48:09  INFO  manager.MyListener - The element with locator --->By.cssSelector: [placeholder='Name']--->was found
11:48:09  INFO  manager.MyListener - Start find element --->By.cssSelector: [placeholder='Last Name']
11:48:09  INFO  manager.MyListener - The element with locator --->By.cssSelector: [placeholder='Last Name']--->was found
11:48:09  INFO  manager.MyListener - Start find element --->By.cssSelector: [placeholder='Phone']
11:48:09  INFO  manager.MyListener - The element with locator --->By.cssSelector: [placeholder='Phone']--->was found
11:48:10  INFO  manager.MyListener - Start find element --->By.cssSelector: [placeholder='email']
11:48:10  INFO  manager.MyListener - The element with locator --->By.cssSelector: [placeholder='email']--->was found
11:48:10  INFO  manager.MyListener - Start find element --->By.cssSelector: [placeholder='Address']
11:48:10  INFO  manager.MyListener - The element with locator --->By.cssSelector: [placeholder='Address']--->was found
11:48:10  INFO  manager.MyListener - Start find element --->By.cssSelector: [placeholder='description']
11:48:10  INFO  manager.MyListener - The element with locator --->By.cssSelector: [placeholder='description']--->was found
11:48:11  INFO  manager.MyListener - Start find element --->By.xpath: //button[contains(.,'Save')]
11:48:11  INFO  manager.MyListener - The element with locator --->By.xpath: //button[contains(.,'Save')]--->was found
11:48:12  INFO  manager.MyListener - Start find element --->By.cssSelector: .contact-item_card__2SOIM
11:48:12  INFO  manager.MyListener - The element with locator --->By.cssSelector: .contact-item_card__2SOIM--->was found
11:48:12  INFO  manager.MyListener - Start find element --->By.cssSelector: .contact-item_card__2SOIM
11:48:12  INFO  manager.MyListener - The element with locator --->By.cssSelector: .contact-item_card__2SOIM--->was found
11:48:12  INFO  manager.HelperBase - Before remove 'One contact tests' count was --->3
11:48:12  INFO  manager.MyListener - Start find element --->By.cssSelector: .contact-item_card__2SOIM
11:48:12  INFO  manager.MyListener - The element with locator --->By.cssSelector: .contact-item_card__2SOIM--->was found
11:48:12  INFO  manager.MyListener - Start find element --->By.cssSelector: .contact-item_card__2SOIM h3
11:48:12  INFO  manager.MyListener - The element with locator --->By.cssSelector: .contact-item_card__2SOIM h3--->was found
11:48:12  INFO  manager.HelperBase - The phone number of removed contact was -->121202882
11:48:12  INFO  manager.MyListener - Start find element --->By.cssSelector: .contact-item_card__2SOIM
11:48:12  INFO  manager.MyListener - The element with locator --->By.cssSelector: .contact-item_card__2SOIM--->was found
11:48:12  INFO  manager.MyListener - Start find element --->By.xpath: //button[text()='Remove']
11:48:12  INFO  manager.MyListener - The element with locator --->By.xpath: //button[text()='Remove']--->was found
11:48:13  INFO  manager.MyListener - Start find element --->By.cssSelector: .contact-item_card__2SOIM
11:48:13  INFO  manager.MyListener - The element with locator --->By.cssSelector: .contact-item_card__2SOIM--->was found
11:48:13  INFO  manager.HelperBase - After remove one contact the count is --->2
11:48:13  INFO  manager.MyListener - Start find element --->By.cssSelector: .contact-item_card__2SOIM
11:48:13  INFO  manager.MyListener - The element with locator --->By.cssSelector: .contact-item_card__2SOIM--->was found
11:48:13  INFO  manager.MyListener - Start find element --->By.cssSelector: .contact-item_card__2SOIM
11:48:13  INFO  manager.MyListener - The element with locator --->By.cssSelector: .contact-item_card__2SOIM--->was found
11:48:13  INFO  manager.HelperBase - Before remove 'One contact tests' count was --->2
11:48:13  INFO  manager.MyListener - Start find element --->By.cssSelector: .contact-item_card__2SOIM
11:48:13  INFO  manager.MyListener - The element with locator --->By.cssSelector: .contact-item_card__2SOIM--->was found
11:48:13  INFO  manager.MyListener - Start find element --->By.cssSelector: .contact-item_card__2SOIM h3
11:48:13  INFO  manager.MyListener - The element with locator --->By.cssSelector: .contact-item_card__2SOIM h3--->was found
11:48:13  INFO  manager.HelperBase - The phone number of removed contact was -->121212882
11:48:13  INFO  manager.MyListener - Start find element --->By.cssSelector: .contact-item_card__2SOIM
11:48:13  INFO  manager.MyListener - The element with locator --->By.cssSelector: .contact-item_card__2SOIM--->was found
11:48:13  INFO  manager.MyListener - Start find element --->By.xpath: //button[text()='Remove']
11:48:13  INFO  manager.MyListener - The element with locator --->By.xpath: //button[text()='Remove']--->was found
11:48:14  INFO  manager.MyListener - Start find element --->By.cssSelector: .contact-item_card__2SOIM
11:48:14  INFO  manager.MyListener - The element with locator --->By.cssSelector: .contact-item_card__2SOIM--->was found
11:48:14  INFO  manager.HelperBase - After remove one contact the count is --->1
11:48:14  INFO  manager.MyListener - Start find element --->By.cssSelector: .contact-item_card__2SOIM
11:48:14  INFO  manager.MyListener - The element with locator --->By.cssSelector: .contact-item_card__2SOIM--->was found
11:48:14  INFO  manager.MyListener - Start find element --->By.cssSelector: .contact-item_card__2SOIM
11:48:14  INFO  manager.MyListener - The element with locator --->By.cssSelector: .contact-item_card__2SOIM--->was found
11:48:14  INFO  manager.HelperBase - Before remove 'One contact tests' count was --->1
11:48:14  INFO  manager.MyListener - Start find element --->By.cssSelector: .contact-item_card__2SOIM
11:48:14  INFO  manager.MyListener - The element with locator --->By.cssSelector: .contact-item_card__2SOIM--->was found
11:48:14  INFO  manager.MyListener - Start find element --->By.cssSelector: .contact-item_card__2SOIM h3
11:48:14  INFO  manager.MyListener - The element with locator --->By.cssSelector: .contact-item_card__2SOIM h3--->was found
11:48:14  INFO  manager.HelperBase - The phone number of removed contact was -->121222882
11:48:14  INFO  manager.MyListener - Start find element --->By.cssSelector: .contact-item_card__2SOIM
11:48:14  INFO  manager.MyListener - The element with locator --->By.cssSelector: .contact-item_card__2SOIM--->was found
11:48:14  INFO  manager.MyListener - Start find element --->By.xpath: //button[text()='Remove']
11:48:14  INFO  manager.MyListener - The element with locator --->By.xpath: //button[text()='Remove']--->was found
11:48:15  INFO  manager.MyListener - Start find element --->By.cssSelector: .contact-item_card__2SOIM
11:48:20  INFO  manager.MyListener - The element with locator --->By.cssSelector: .contact-item_card__2SOIM--->was found
11:48:20  INFO  manager.HelperBase - After remove one contact the count is --->0
11:48:20  INFO  manager.MyListener - Start find element --->By.cssSelector: .contact-item_card__2SOIM
11:48:25  INFO  manager.MyListener - The element with locator --->By.cssSelector: .contact-item_card__2SOIM--->was found
11:48:25  INFO  manager.MyListener - Start find element --->By.cssSelector: .contact-item_card__2SOIM
11:48:30  INFO  manager.MyListener - The element with locator --->By.cssSelector: .contact-item_card__2SOIM--->was found
11:48:30  INFO  tests.TestBase - Name of test ---> removeOneContact
11:48:30  INFO  manager.MyListener - Start find element --->By.xpath: //button[text()='Sign Out']
11:48:30  INFO  manager.MyListener - The element with locator --->By.xpath: //button[text()='Sign Out']--->was found
11:48:30  INFO  manager.MyListener - Start find element --->By.cssSelector: .contact-item_card__2SOIM
11:48:35  INFO  manager.MyListener - The element with locator --->By.cssSelector: .contact-item_card__2SOIM--->was found
11:48:35  INFO  manager.MyListener - Start find element --->By.xpath: //a[text()='ADD']
11:48:35  INFO  manager.MyListener - The element with locator --->By.xpath: //a[text()='ADD']--->was found
11:48:36  INFO  manager.MyListener - Start find element --->By.cssSelector: [placeholder='Name']
11:48:36  INFO  manager.MyListener - The element with locator --->By.cssSelector: [placeholder='Name']--->was found
11:48:36  INFO  manager.MyListener - Start find element --->By.cssSelector: [placeholder='Last Name']
11:48:36  INFO  manager.MyListener - The element with locator --->By.cssSelector: [placeholder='Last Name']--->was found
11:48:36  INFO  manager.MyListener - Start find element --->By.cssSelector: [placeholder='Phone']
11:48:36  INFO  manager.MyListener - The element with locator --->By.cssSelector: [placeholder='Phone']--->was found
11:48:36  INFO  manager.MyListener - Start find element --->By.cssSelector: [placeholder='email']
11:48:36  INFO  manager.MyListener - The element with locator --->By.cssSelector: [placeholder='email']--->was found
11:48:37  INFO  manager.MyListener - Start find element --->By.cssSelector: [placeholder='Address']
11:48:37  INFO  manager.MyListener - The element with locator --->By.cssSelector: [placeholder='Address']--->was found
11:48:37  INFO  manager.MyListener - Start find element --->By.cssSelector: [placeholder='description']
11:48:37  INFO  manager.MyListener - The element with locator --->By.cssSelector: [placeholder='description']--->was found
11:48:37  INFO  manager.MyListener - Start find element --->By.xpath: //button[contains(.,'Save')]
11:48:37  INFO  manager.MyListener - The element with locator --->By.xpath: //button[contains(.,'Save')]--->was found
11:48:39  INFO  manager.MyListener - Start find element --->By.xpath: //a[text()='ADD']
11:48:39  INFO  manager.MyListener - The element with locator --->By.xpath: //a[text()='ADD']--->was found
11:48:39  INFO  manager.MyListener - Start find element --->By.cssSelector: [placeholder='Name']
11:48:39  INFO  manager.MyListener - The element with locator --->By.cssSelector: [placeholder='Name']--->was found
11:48:39  INFO  manager.MyListener - Start find element --->By.cssSelector: [placeholder='Last Name']
11:48:39  INFO  manager.MyListener - The element with locator --->By.cssSelector: [placeholder='Last Name']--->was found
11:48:39  INFO  manager.MyListener - Start find element --->By.cssSelector: [placeholder='Phone']
11:48:39  INFO  manager.MyListener - The element with locator --->By.cssSelector: [placeholder='Phone']--->was found
11:48:40  INFO  manager.MyListener - Start find element --->By.cssSelector: [placeholder='email']
11:48:40  INFO  manager.MyListener - The element with locator --->By.cssSelector: [placeholder='email']--->was found
11:48:40  INFO  manager.MyListener - Start find element --->By.cssSelector: [placeholder='Address']
11:48:40  INFO  manager.MyListener - The element with locator --->By.cssSelector: [placeholder='Address']--->was found
11:48:40  INFO  manager.MyListener - Start find element --->By.cssSelector: [placeholder='description']
11:48:40  INFO  manager.MyListener - The element with locator --->By.cssSelector: [placeholder='description']--->was found
11:48:40  INFO  manager.MyListener - Start find element --->By.xpath: //button[contains(.,'Save')]
11:48:41  INFO  manager.MyListener - The element with locator --->By.xpath: //button[contains(.,'Save')]--->was found
11:48:42  INFO  manager.MyListener - Start find element --->By.xpath: //a[text()='ADD']
11:48:42  INFO  manager.MyListener - The element with locator --->By.xpath: //a[text()='ADD']--->was found
11:48:42  INFO  manager.MyListener - Start find element --->By.cssSelector: [placeholder='Name']
11:48:42  INFO  manager.MyListener - The element with locator --->By.cssSelector: [placeholder='Name']--->was found
11:48:42  INFO  manager.MyListener - Start find element --->By.cssSelector: [placeholder='Last Name']
11:48:42  INFO  manager.MyListener - The element with locator --->By.cssSelector: [placeholder='Last Name']--->was found
11:48:43  INFO  manager.MyListener - Start find element --->By.cssSelector: [placeholder='Phone']
11:48:43  INFO  manager.MyListener - The element with locator --->By.cssSelector: [placeholder='Phone']--->was found
11:48:43  INFO  manager.MyListener - Start find element --->By.cssSelector: [placeholder='email']
11:48:43  INFO  manager.MyListener - The element with locator --->By.cssSelector: [placeholder='email']--->was found
11:48:43  INFO  manager.MyListener - Start find element --->By.cssSelector: [placeholder='Address']
11:48:43  INFO  manager.MyListener - The element with locator --->By.cssSelector: [placeholder='Address']--->was found
11:48:43  INFO  manager.MyListener - Start find element --->By.cssSelector: [placeholder='description']
11:48:43  INFO  manager.MyListener - The element with locator --->By.cssSelector: [placeholder='description']--->was found
11:48:44  INFO  manager.MyListener - Start find element --->By.xpath: //button[contains(.,'Save')]
11:48:44  INFO  manager.MyListener - The element with locator --->By.xpath: //button[contains(.,'Save')]--->was found
11:48:45  INFO  manager.MyListener - Start find element --->By.cssSelector: .contact-item_card__2SOIM
11:48:45  INFO  manager.MyListener - The element with locator --->By.cssSelector: .contact-item_card__2SOIM--->was found
11:48:45  INFO  manager.MyListener - Start find element --->By.xpath: //button[.='Remove']
11:48:45  INFO  manager.MyListener - The element with locator --->By.xpath: //button[.='Remove']--->was found
11:48:45  INFO  tests.TestBase - Name of test ---> removeOneContactCount
11:48:45  INFO  manager.MyListener - Start find element --->By.xpath: //button[text()='Sign Out']
11:48:45  INFO  manager.MyListener - The element with locator --->By.xpath: //button[text()='Sign Out']--->was found
11:48:45  INFO  manager.MyListener - Start find element --->By.cssSelector: .contact-item_card__2SOIM
11:48:46  INFO  manager.MyListener - The element with locator --->By.cssSelector: .contact-item_card__2SOIM--->was found
11:48:46  INFO  manager.MyListener - Start find element --->By.cssSelector: .contact-item_card__2SOIM
11:48:46  INFO  manager.MyListener - The element with locator --->By.cssSelector: .contact-item_card__2SOIM--->was found
11:48:46  INFO  manager.HelperBase - Before remove 'One contact tests' count was --->3
11:48:46  INFO  manager.MyListener - Start find element --->By.cssSelector: .contact-item_card__2SOIM
11:48:46  INFO  manager.MyListener - The element with locator --->By.cssSelector: .contact-item_card__2SOIM--->was found
11:48:46  INFO  manager.MyListener - Start find element --->By.cssSelector: .contact-item_card__2SOIM h3
11:48:46  INFO  manager.MyListener - The element with locator --->By.cssSelector: .contact-item_card__2SOIM h3--->was found
11:48:46  INFO  manager.HelperBase - The phone number of removed contact was -->121212915
11:48:46  INFO  manager.MyListener - Start find element --->By.cssSelector: .contact-item_card__2SOIM
11:48:46  INFO  manager.MyListener - The element with locator --->By.cssSelector: .contact-item_card__2SOIM--->was found
11:48:46  INFO  manager.MyListener - Start find element --->By.xpath: //button[text()='Remove']
11:48:46  INFO  manager.MyListener - The element with locator --->By.xpath: //button[text()='Remove']--->was found
11:48:47  INFO  manager.MyListener - Start find element --->By.cssSelector: .contact-item_card__2SOIM
11:48:47  INFO  manager.MyListener - The element with locator --->By.cssSelector: .contact-item_card__2SOIM--->was found
11:48:47  INFO  manager.HelperBase - After remove one contact the count is --->1
