19:38:46  INFO  manager.ApplicationManager - All tests starts in 'Chrom' browser
19:38:47  INFO  tests.TestBase - Name of test ---> loginSuccessModelDataProvider
19:38:47  INFO  manager.MyListener - Start find element --->By.xpath: //button[text()='Sign Out']
19:38:52  INFO  manager.MyListener - The element with locator --->By.xpath: //button[text()='Sign Out']--->was found
19:38:52  INFO  tests.TestBase - Test user starts with data:User{email='Tomy123456@mail.com', password='Qq123666$45'}
19:38:52  INFO  manager.MyListener - Start find element --->By.xpath: //a[@href='/login']
19:38:52  INFO  manager.MyListener - The element with locator --->By.xpath: //a[@href='/login']--->was found
19:38:52  INFO  manager.MyListener - Start find element --->By.xpath: //input[1]
19:38:52  INFO  manager.MyListener - The element with locator --->By.xpath: //input[1]--->was found
19:38:52  INFO  manager.MyListener - Start find element --->By.xpath: //input[2]
19:38:52  INFO  manager.MyListener - The element with locator --->By.xpath: //input[2]--->was found
19:38:52  INFO  manager.MyListener - Start find element --->By.xpath: //button[text()=' Login']
19:38:52  INFO  manager.MyListener - The element with locator --->By.xpath: //button[text()=' Login']--->was found
19:38:53  INFO  manager.MyListener - Start find element --->By.xpath: //a[@href='/contacts']
19:38:53  INFO  manager.MyListener - The element with locator --->By.xpath: //a[@href='/contacts']--->was found
19:38:53  INFO  tests.TestBase - Name of test ---> loginSuccessModelDataProvider
19:38:53  INFO  manager.MyListener - Start find element --->By.xpath: //button[text()='Sign Out']
19:38:53  INFO  manager.MyListener - The element with locator --->By.xpath: //button[text()='Sign Out']--->was found
19:38:53  INFO  manager.MyListener - Start find element --->By.xpath: //button[text()='Sign Out']
19:38:53  INFO  manager.MyListener - The element with locator --->By.xpath: //button[text()='Sign Out']--->was found
19:38:53  INFO  tests.TestBase - Test user starts with data:User{email='Tomy123456@mail.com', password='Qq123666$45'}
19:38:53  INFO  manager.MyListener - Start find element --->By.xpath: //a[@href='/login']
19:38:53  INFO  manager.MyListener - The element with locator --->By.xpath: //a[@href='/login']--->was found
19:38:53  INFO  manager.MyListener - Start find element --->By.xpath: //input[1]
19:38:53  INFO  manager.MyListener - The element with locator --->By.xpath: //input[1]--->was found
19:38:53  INFO  manager.MyListener - Start find element --->By.xpath: //input[2]
19:38:53  INFO  manager.MyListener - The element with locator --->By.xpath: //input[2]--->was found
19:38:54  INFO  manager.MyListener - Start find element --->By.xpath: //button[text()=' Login']
19:38:54  INFO  manager.MyListener - The element with locator --->By.xpath: //button[text()=' Login']--->was found
19:38:54  INFO  manager.MyListener - Start find element --->By.xpath: //a[@href='/contacts']
19:38:54  INFO  manager.MyListener - The element with locator --->By.xpath: //a[@href='/contacts']--->was found
19:38:54  INFO  tests.TestBase - Name of test ---> loginSuccessModelDataProvider
19:38:54  INFO  manager.MyListener - Start find element --->By.xpath: //button[text()='Sign Out']
19:38:54  INFO  manager.MyListener - The element with locator --->By.xpath: //button[text()='Sign Out']--->was found
19:38:54  INFO  manager.MyListener - Start find element --->By.xpath: //button[text()='Sign Out']
19:38:54  INFO  manager.MyListener - The element with locator --->By.xpath: //button[text()='Sign Out']--->was found
19:38:54  INFO  tests.TestBase - Test user starts with data:User{email='Tomy123456@mail.com', password='Qq123666$45'}
19:38:54  INFO  manager.MyListener - Start find element --->By.xpath: //a[@href='/login']
19:38:54  INFO  manager.MyListener - The element with locator --->By.xpath: //a[@href='/login']--->was found
19:38:54  INFO  manager.MyListener - Start find element --->By.xpath: //input[1]
19:38:54  INFO  manager.MyListener - The element with locator --->By.xpath: //input[1]--->was found
19:38:54  INFO  manager.MyListener - Start find element --->By.xpath: //input[2]
19:38:54  INFO  manager.MyListener - The element with locator --->By.xpath: //input[2]--->was found
19:38:54  INFO  manager.MyListener - Start find element --->By.xpath: //button[text()=' Login']
19:38:54  INFO  manager.MyListener - The element with locator --->By.xpath: //button[text()=' Login']--->was found
19:38:55  INFO  manager.MyListener - Start find element --->By.xpath: //a[@href='/contacts']
19:38:55  INFO  manager.MyListener - The element with locator --->By.xpath: //a[@href='/contacts']--->was found
