11:49:30  INFO  manager.ApplicationManager - All tests starts in 'FIREFOX' browser
11:49:31  INFO  tests.TestBase - Name of test ---> addNewContactSuccess
11:49:31  INFO  manager.MyListener - Start find element --->By.xpath: //button[text()='Sign Out']
11:49:36  INFO  manager.MyListener - The element with locator --->By.xpath: //button[text()='Sign Out']--->was found
11:49:36  INFO  manager.MyListener - Start find element --->By.xpath: //a[@href='/login']
11:49:36  INFO  manager.MyListener - The element with locator --->By.xpath: //a[@href='/login']--->was found
11:49:36  INFO  manager.MyListener - Start find element --->By.xpath: //input[1]
11:49:36  INFO  manager.MyListener - The element with locator --->By.xpath: //input[1]--->was found
11:49:36  INFO  manager.MyListener - Start find element --->By.xpath: //input[2]
11:49:36  INFO  manager.MyListener - The element with locator --->By.xpath: //input[2]--->was found
11:49:37  INFO  manager.MyListener - Start find element --->By.xpath: //button[text()=' Login']
11:49:37  INFO  manager.MyListener - The element with locator --->By.xpath: //button[text()=' Login']--->was found
11:49:37  INFO  manager.MyListener - Start find element --->By.cssSelector: .contact-item_card__2SOIM
11:49:38  INFO  manager.MyListener - The element with locator --->By.cssSelector: .contact-item_card__2SOIM--->was found
11:49:38  INFO  manager.MyListener - Start find element --->By.cssSelector: .contact-item_card__2SOIM
11:49:38  INFO  manager.MyListener - The element with locator --->By.cssSelector: .contact-item_card__2SOIM--->was found
11:49:38  INFO  tests.TestBase - The test 'Add new contact' start with count of contact in start --->4
11:49:38  INFO  tests.TestBase - The test 'Add new contact' start with data ---->Contact(name=Maya2978, lastName=Foot, phone=12345672978, email=maya2978@gmail.com, address=Tel-Aviv, description=friend)
11:49:38  INFO  manager.MyListener - Start find element --->By.xpath: //a[text()='ADD']
11:49:38  INFO  manager.MyListener - The element with locator --->By.xpath: //a[text()='ADD']--->was found
11:49:38  INFO  manager.MyListener - Start find element --->By.cssSelector: [placeholder='Name']
11:49:38  INFO  manager.MyListener - The element with locator --->By.cssSelector: [placeholder='Name']--->was found
11:49:38  INFO  manager.MyListener - Start find element --->By.cssSelector: [placeholder='Last Name']
11:49:38  INFO  manager.MyListener - The element with locator --->By.cssSelector: [placeholder='Last Name']--->was found
11:49:38  INFO  manager.MyListener - Start find element --->By.cssSelector: [placeholder='Phone']
11:49:38  INFO  manager.MyListener - The element with locator --->By.cssSelector: [placeholder='Phone']--->was found
11:49:39  INFO  manager.MyListener - Start find element --->By.cssSelector: [placeholder='email']
11:49:39  INFO  manager.MyListener - The element with locator --->By.cssSelector: [placeholder='email']--->was found
11:49:39  INFO  manager.MyListener - Start find element --->By.cssSelector: [placeholder='Address']
11:49:39  INFO  manager.MyListener - The element with locator --->By.cssSelector: [placeholder='Address']--->was found
11:49:39  INFO  manager.MyListener - Start find element --->By.cssSelector: [placeholder='description']
11:49:39  INFO  manager.MyListener - The element with locator --->By.cssSelector: [placeholder='description']--->was found
11:49:40  INFO  manager.MyListener - Start find element --->By.xpath: //button[contains(.,'Save')]
11:49:40  INFO  manager.MyListener - The element with locator --->By.xpath: //button[contains(.,'Save')]--->was found
11:49:40  INFO  manager.MyListener - Start find element --->By.cssSelector: .contact-item_card__2SOIM
11:49:40  INFO  manager.MyListener - The element with locator --->By.cssSelector: .contact-item_card__2SOIM--->was found
11:49:40  INFO  tests.TestBase - The test 'Add new contact' end with count of contact in the end --->5
11:49:40  INFO  manager.MyListener - Start find element --->By.cssSelector: h2
11:49:40  INFO  manager.MyListener - The element with locator --->By.cssSelector: h2--->was found
11:49:40  INFO  manager.MyListener - Start find element --->By.cssSelector: h3
11:49:40  INFO  manager.MyListener - The element with locator --->By.cssSelector: h3--->was found
11:49:40  INFO  tests.TestBase - Name of test ---> loginSuccessModel
11:49:40  INFO  manager.MyListener - Start find element --->By.xpath: //button[text()='Sign Out']
11:49:40  INFO  manager.MyListener - The element with locator --->By.xpath: //button[text()='Sign Out']--->was found
11:49:40  INFO  manager.MyListener - Start find element --->By.xpath: //button[text()='Sign Out']
11:49:40  INFO  manager.MyListener - The element with locator --->By.xpath: //button[text()='Sign Out']--->was found
11:49:40  INFO  tests.TestBase - Test starts with email [Tomy123456@mail.com], pessword[Qq123666$45]
11:49:40  INFO  manager.MyListener - Start find element --->By.xpath: //a[@href='/login']
11:49:40  INFO  manager.MyListener - The element with locator --->By.xpath: //a[@href='/login']--->was found
11:49:41  INFO  manager.MyListener - Start find element --->By.xpath: //input[1]
11:49:41  INFO  manager.MyListener - The element with locator --->By.xpath: //input[1]--->was found
11:49:41  INFO  manager.MyListener - Start find element --->By.xpath: //input[2]
11:49:41  INFO  manager.MyListener - The element with locator --->By.xpath: //input[2]--->was found
11:49:41  INFO  manager.MyListener - Start find element --->By.xpath: //button[text()=' Login']
11:49:41  INFO  manager.MyListener - The element with locator --->By.xpath: //button[text()=' Login']--->was found
11:49:42  INFO  manager.MyListener - Start find element --->By.xpath: //a[@href='/contacts']
11:49:42  INFO  manager.MyListener - The element with locator --->By.xpath: //a[@href='/contacts']--->was found
11:49:42  INFO  tests.TestBase - Name of test ---> loginSuccessModelDataProvider
11:49:42  INFO  manager.MyListener - Start find element --->By.xpath: //button[text()='Sign Out']
11:49:42  INFO  manager.MyListener - The element with locator --->By.xpath: //button[text()='Sign Out']--->was found
11:49:42  INFO  manager.MyListener - Start find element --->By.xpath: //button[text()='Sign Out']
11:49:42  INFO  manager.MyListener - The element with locator --->By.xpath: //button[text()='Sign Out']--->was found
11:49:42  INFO  tests.TestBase - Test user starts with data:User{email='Tomy123456@mail.com', password='Qq123666$45'}
11:49:42  INFO  manager.MyListener - Start find element --->By.xpath: //a[@href='/login']
11:49:42  INFO  manager.MyListener - The element with locator --->By.xpath: //a[@href='/login']--->was found
11:49:42  INFO  manager.MyListener - Start find element --->By.xpath: //input[1]
11:49:43  INFO  manager.MyListener - The element with locator --->By.xpath: //input[1]--->was found
11:49:43  INFO  manager.MyListener - Start find element --->By.xpath: //input[2]
11:49:43  INFO  manager.MyListener - The element with locator --->By.xpath: //input[2]--->was found
11:49:43  INFO  manager.MyListener - Start find element --->By.xpath: //button[text()=' Login']
11:49:43  INFO  manager.MyListener - The element with locator --->By.xpath: //button[text()=' Login']--->was found
11:49:44  INFO  manager.MyListener - Start find element --->By.xpath: //a[@href='/contacts']
11:49:44  INFO  manager.MyListener - The element with locator --->By.xpath: //a[@href='/contacts']--->was found
11:49:44  INFO  tests.TestBase - Name of test ---> loginSuccessModelDataProvider
11:49:44  INFO  manager.MyListener - Start find element --->By.xpath: //button[text()='Sign Out']
11:49:44  INFO  manager.MyListener - The element with locator --->By.xpath: //button[text()='Sign Out']--->was found
11:49:44  INFO  manager.MyListener - Start find element --->By.xpath: //button[text()='Sign Out']
11:49:44  INFO  manager.MyListener - The element with locator --->By.xpath: //button[text()='Sign Out']--->was found
11:49:44  INFO  tests.TestBase - Test user starts with data:User{email='Tomy123456@mail.com', password='Qq123666$45'}
11:49:44  INFO  manager.MyListener - Start find element --->By.xpath: //a[@href='/login']
11:49:44  INFO  manager.MyListener - The element with locator --->By.xpath: //a[@href='/login']--->was found
11:49:44  INFO  manager.MyListener - Start find element --->By.xpath: //input[1]
11:49:44  INFO  manager.MyListener - The element with locator --->By.xpath: //input[1]--->was found
11:49:45  INFO  manager.MyListener - Start find element --->By.xpath: //input[2]
11:49:45  INFO  manager.MyListener - The element with locator --->By.xpath: //input[2]--->was found
11:49:45  INFO  manager.MyListener - Start find element --->By.xpath: //button[text()=' Login']
11:49:45  INFO  manager.MyListener - The element with locator --->By.xpath: //button[text()=' Login']--->was found
11:49:46  INFO  manager.MyListener - Start find element --->By.xpath: //a[@href='/contacts']
11:49:46  INFO  manager.MyListener - The element with locator --->By.xpath: //a[@href='/contacts']--->was found
11:49:46  INFO  tests.TestBase - Name of test ---> loginSuccessModelDataProvider
11:49:46  INFO  manager.MyListener - Start find element --->By.xpath: //button[text()='Sign Out']
11:49:46  INFO  manager.MyListener - The element with locator --->By.xpath: //button[text()='Sign Out']--->was found
11:49:46  INFO  manager.MyListener - Start find element --->By.xpath: //button[text()='Sign Out']
11:49:46  INFO  manager.MyListener - The element with locator --->By.xpath: //button[text()='Sign Out']--->was found
11:49:46  INFO  tests.TestBase - Test user starts with data:User{email='Tomy123456@mail.com', password='Qq123666$45'}
11:49:46  INFO  manager.MyListener - Start find element --->By.xpath: //a[@href='/login']
11:49:46  INFO  manager.MyListener - The element with locator --->By.xpath: //a[@href='/login']--->was found
11:49:46  INFO  manager.MyListener - Start find element --->By.xpath: //input[1]
11:49:46  INFO  manager.MyListener - The element with locator --->By.xpath: //input[1]--->was found
11:49:46  INFO  manager.MyListener - Start find element --->By.xpath: //input[2]
11:49:46  INFO  manager.MyListener - The element with locator --->By.xpath: //input[2]--->was found
11:49:47  INFO  manager.MyListener - Start find element --->By.xpath: //button[text()=' Login']
11:49:47  INFO  manager.MyListener - The element with locator --->By.xpath: //button[text()=' Login']--->was found
11:49:47  INFO  manager.MyListener - Start find element --->By.xpath: //a[@href='/contacts']
11:49:47  INFO  manager.MyListener - The element with locator --->By.xpath: //a[@href='/contacts']--->was found
11:49:47  INFO  tests.TestBase - Name of test ---> loginSuccessTestDataProvider
11:49:47  INFO  manager.MyListener - Start find element --->By.xpath: //button[text()='Sign Out']
11:49:47  INFO  manager.MyListener - The element with locator --->By.xpath: //button[text()='Sign Out']--->was found
11:49:47  INFO  manager.MyListener - Start find element --->By.xpath: //button[text()='Sign Out']
11:49:47  INFO  manager.MyListener - The element with locator --->By.xpath: //button[text()='Sign Out']--->was found
11:49:48  INFO  tests.TestBase - Test starts with email Tomy123456@mail.com  && password Qq123666$45
11:49:48  INFO  manager.MyListener - Start find element --->By.xpath: //a[@href='/login']
11:49:48  INFO  manager.MyListener - The element with locator --->By.xpath: //a[@href='/login']--->was found
11:49:51  INFO  manager.MyListener - Start find element --->By.xpath: //input[1]
11:49:51  INFO  manager.MyListener - The element with locator --->By.xpath: //input[1]--->was found
11:49:51  INFO  manager.MyListener - Start find element --->By.xpath: //input[2]
11:49:51  INFO  manager.MyListener - The element with locator --->By.xpath: //input[2]--->was found
11:49:51  INFO  manager.MyListener - Start find element --->By.xpath: //button[text()=' Login']
11:49:52  INFO  manager.MyListener - The element with locator --->By.xpath: //button[text()=' Login']--->was found
11:49:52  INFO  manager.MyListener - Start find element --->By.xpath: //a[@href='/contacts']
11:49:52  INFO  manager.MyListener - The element with locator --->By.xpath: //a[@href='/contacts']--->was found
11:49:52  INFO  tests.TestBase - Name of test ---> loginSuccessTestDataProvider
11:49:52  INFO  manager.MyListener - Start find element --->By.xpath: //button[text()='Sign Out']
11:49:52  INFO  manager.MyListener - The element with locator --->By.xpath: //button[text()='Sign Out']--->was found
11:49:52  INFO  manager.MyListener - Start find element --->By.xpath: //button[text()='Sign Out']
11:49:52  INFO  manager.MyListener - The element with locator --->By.xpath: //button[text()='Sign Out']--->was found
11:49:52  INFO  tests.TestBase - Test starts with email Tomy123456@mail.com  && password Qq123666$45
11:49:52  INFO  manager.MyListener - Start find element --->By.xpath: //a[@href='/login']
11:49:52  INFO  manager.MyListener - The element with locator --->By.xpath: //a[@href='/login']--->was found
11:49:55  INFO  manager.MyListener - Start find element --->By.xpath: //input[1]
11:49:55  INFO  manager.MyListener - The element with locator --->By.xpath: //input[1]--->was found
11:49:56  INFO  manager.MyListener - Start find element --->By.xpath: //input[2]
11:49:56  INFO  manager.MyListener - The element with locator --->By.xpath: //input[2]--->was found
11:49:56  INFO  manager.MyListener - Start find element --->By.xpath: //button[text()=' Login']
11:49:56  INFO  manager.MyListener - The element with locator --->By.xpath: //button[text()=' Login']--->was found
11:49:56  INFO  manager.MyListener - Start find element --->By.xpath: //a[@href='/contacts']
11:49:56  INFO  manager.MyListener - The element with locator --->By.xpath: //a[@href='/contacts']--->was found
11:49:56  INFO  tests.TestBase - Name of test ---> loginSuccessTestDataProvider
11:49:56  INFO  manager.MyListener - Start find element --->By.xpath: //button[text()='Sign Out']
11:49:56  INFO  manager.MyListener - The element with locator --->By.xpath: //button[text()='Sign Out']--->was found
11:49:56  INFO  manager.MyListener - Start find element --->By.xpath: //button[text()='Sign Out']
11:49:56  INFO  manager.MyListener - The element with locator --->By.xpath: //button[text()='Sign Out']--->was found
11:49:56  INFO  tests.TestBase - Test starts with email elizabet123456@mail.com  && password El098765$
11:49:56  INFO  manager.MyListener - Start find element --->By.xpath: //a[@href='/login']
11:49:56  INFO  manager.MyListener - The element with locator --->By.xpath: //a[@href='/login']--->was found
11:50:00  INFO  manager.MyListener - Start find element --->By.xpath: //input[1]
11:50:00  INFO  manager.MyListener - The element with locator --->By.xpath: //input[1]--->was found
11:50:00  INFO  manager.MyListener - Start find element --->By.xpath: //input[2]
11:50:00  INFO  manager.MyListener - The element with locator --->By.xpath: //input[2]--->was found
11:50:00  INFO  manager.MyListener - Start find element --->By.xpath: //button[text()=' Login']
11:50:00  INFO  manager.MyListener - The element with locator --->By.xpath: //button[text()=' Login']--->was found
11:50:01  INFO  manager.MyListener - Start find element --->By.xpath: //a[@href='/contacts']
11:50:01  INFO  manager.MyListener - The element with locator --->By.xpath: //a[@href='/contacts']--->was found
11:50:01  INFO  tests.TestBase - Name of test ---> loginSuccessTestDataProviderCSV
11:50:01  INFO  manager.MyListener - Start find element --->By.xpath: //button[text()='Sign Out']
11:50:01  INFO  manager.MyListener - The element with locator --->By.xpath: //button[text()='Sign Out']--->was found
11:50:01  INFO  manager.MyListener - Start find element --->By.xpath: //button[text()='Sign Out']
11:50:01  INFO  manager.MyListener - The element with locator --->By.xpath: //button[text()='Sign Out']--->was found
11:50:01  INFO  tests.TestBase - Test starts with email Tomy123456@mail.com  && password Qq123666$45
11:50:01  INFO  manager.MyListener - Start find element --->By.xpath: //a[@href='/login']
11:50:01  INFO  manager.MyListener - The element with locator --->By.xpath: //a[@href='/login']--->was found
11:50:04  INFO  manager.MyListener - Start find element --->By.xpath: //input[1]
11:50:04  INFO  manager.MyListener - The element with locator --->By.xpath: //input[1]--->was found
11:50:04  INFO  manager.MyListener - Start find element --->By.xpath: //input[2]
11:50:04  INFO  manager.MyListener - The element with locator --->By.xpath: //input[2]--->was found
11:50:05  INFO  manager.MyListener - Start find element --->By.xpath: //button[text()=' Login']
11:50:05  INFO  manager.MyListener - The element with locator --->By.xpath: //button[text()=' Login']--->was found
11:50:05  INFO  manager.MyListener - Start find element --->By.xpath: //a[@href='/contacts']
11:50:05  INFO  manager.MyListener - The element with locator --->By.xpath: //a[@href='/contacts']--->was found
11:50:05  INFO  tests.TestBase - Name of test ---> loginSuccessTestDataProviderCSV
11:50:05  INFO  manager.MyListener - Start find element --->By.xpath: //button[text()='Sign Out']
11:50:05  INFO  manager.MyListener - The element with locator --->By.xpath: //button[text()='Sign Out']--->was found
11:50:05  INFO  manager.MyListener - Start find element --->By.xpath: //button[text()='Sign Out']
11:50:05  INFO  manager.MyListener - The element with locator --->By.xpath: //button[text()='Sign Out']--->was found
11:50:05  INFO  tests.TestBase - Test starts with email elizabet123456@mail.com  && password El098765$
11:50:05  INFO  manager.MyListener - Start find element --->By.xpath: //a[@href='/login']
11:50:05  INFO  manager.MyListener - The element with locator --->By.xpath: //a[@href='/login']--->was found
11:50:09  INFO  manager.MyListener - Start find element --->By.xpath: //input[1]
11:50:09  INFO  manager.MyListener - The element with locator --->By.xpath: //input[1]--->was found
11:50:09  INFO  manager.MyListener - Start find element --->By.xpath: //input[2]
11:50:09  INFO  manager.MyListener - The element with locator --->By.xpath: //input[2]--->was found
11:50:09  INFO  manager.MyListener - Start find element --->By.xpath: //button[text()=' Login']
11:50:09  INFO  manager.MyListener - The element with locator --->By.xpath: //button[text()=' Login']--->was found
11:50:09  INFO  manager.MyListener - Start find element --->By.xpath: //a[@href='/contacts']
11:50:09  INFO  manager.MyListener - The element with locator --->By.xpath: //a[@href='/contacts']--->was found
11:50:09  INFO  tests.TestBase - Name of test ---> registrationSuccess
11:50:09  INFO  manager.MyListener - Start find element --->By.xpath: //button[text()='Sign Out']
11:50:09  INFO  manager.MyListener - The element with locator --->By.xpath: //button[text()='Sign Out']--->was found
11:50:09  INFO  manager.MyListener - Start find element --->By.xpath: //button[text()='Sign Out']
11:50:09  INFO  manager.MyListener - The element with locator --->By.xpath: //button[text()='Sign Out']--->was found
11:50:10  INFO  manager.MyListener - Start find element --->By.xpath: //a[@href='/login']
11:50:10  INFO  manager.MyListener - The element with locator --->By.xpath: //a[@href='/login']--->was found
11:50:10  INFO  manager.MyListener - Start find element --->By.xpath: //input[1]
11:50:10  INFO  manager.MyListener - The element with locator --->By.xpath: //input[1]--->was found
11:50:10  INFO  manager.MyListener - Start find element --->By.xpath: //input[2]
11:50:10  INFO  manager.MyListener - The element with locator --->By.xpath: //input[2]--->was found
11:50:11  INFO  manager.MyListener - Start find element --->By.xpath: //button[text()=' Registration']
11:50:11  INFO  manager.MyListener - The element with locator --->By.xpath: //button[text()=' Registration']--->was found
11:50:11  INFO  manager.MyListener - Start find element --->By.cssSelector: h2
11:50:11  INFO  manager.MyListener - The element with locator --->By.cssSelector: h2--->was found
11:50:11  INFO  tests.TestBase - Name of test ---> registrationSuccessModel
11:50:11  INFO  manager.MyListener - Start find element --->By.xpath: //button[text()='Sign Out']
11:50:11  INFO  manager.MyListener - The element with locator --->By.xpath: //button[text()='Sign Out']--->was found
11:50:11  INFO  manager.MyListener - Start find element --->By.xpath: //button[text()='Sign Out']
11:50:11  INFO  manager.MyListener - The element with locator --->By.xpath: //button[text()='Sign Out']--->was found
11:50:11  INFO  manager.MyListener - Start find element --->By.xpath: //a[@href='/login']
11:50:11  INFO  manager.MyListener - The element with locator --->By.xpath: //a[@href='/login']--->was found
11:50:11  INFO  manager.MyListener - Start find element --->By.xpath: //input[1]
11:50:11  INFO  manager.MyListener - The element with locator --->By.xpath: //input[1]--->was found
11:50:12  INFO  manager.MyListener - Start find element --->By.xpath: //input[2]
11:50:12  INFO  manager.MyListener - The element with locator --->By.xpath: //input[2]--->was found
11:50:12  INFO  manager.MyListener - Start find element --->By.xpath: //button[text()=' Registration']
11:50:12  INFO  manager.MyListener - The element with locator --->By.xpath: //button[text()=' Registration']--->was found
11:50:12  INFO  tests.TestBase - User register with dataUser{email='maya3011@mail.com', password='Ma098765$'}
11:50:12  INFO  manager.MyListener - Start find element --->By.cssSelector: h2
11:50:12  INFO  manager.MyListener - The element with locator --->By.cssSelector: h2--->was found
11:50:12  INFO  tests.TestBase - Name of test ---> removeAllContactTest
11:50:12  INFO  manager.MyListener - Start find element --->By.xpath: //button[text()='Sign Out']
11:50:12  INFO  manager.MyListener - The element with locator --->By.xpath: //button[text()='Sign Out']--->was found
11:50:12  INFO  manager.MyListener - Start find element --->By.cssSelector: .contact-item_card__2SOIM
11:50:17  INFO  manager.MyListener - The element with locator --->By.cssSelector: .contact-item_card__2SOIM--->was found
11:50:17  INFO  manager.MyListener - Start find element --->By.xpath: //a[text()='ADD']
11:50:17  INFO  manager.MyListener - The element with locator --->By.xpath: //a[text()='ADD']--->was found
11:50:18  INFO  manager.MyListener - Start find element --->By.cssSelector: [placeholder='Name']
11:50:18  INFO  manager.MyListener - The element with locator --->By.cssSelector: [placeholder='Name']--->was found
11:50:18  INFO  manager.MyListener - Start find element --->By.cssSelector: [placeholder='Last Name']
11:50:18  INFO  manager.MyListener - The element with locator --->By.cssSelector: [placeholder='Last Name']--->was found
11:50:18  INFO  manager.MyListener - Start find element --->By.cssSelector: [placeholder='Phone']
11:50:18  INFO  manager.MyListener - The element with locator --->By.cssSelector: [placeholder='Phone']--->was found
11:50:18  INFO  manager.MyListener - Start find element --->By.cssSelector: [placeholder='email']
11:50:18  INFO  manager.MyListener - The element with locator --->By.cssSelector: [placeholder='email']--->was found
11:50:19  INFO  manager.MyListener - Start find element --->By.cssSelector: [placeholder='Address']
11:50:19  INFO  manager.MyListener - The element with locator --->By.cssSelector: [placeholder='Address']--->was found
11:50:19  INFO  manager.MyListener - Start find element --->By.cssSelector: [placeholder='description']
11:50:19  INFO  manager.MyListener - The element with locator --->By.cssSelector: [placeholder='description']--->was found
11:50:19  INFO  manager.MyListener - Start find element --->By.xpath: //button[contains(.,'Save')]
11:50:19  INFO  manager.MyListener - The element with locator --->By.xpath: //button[contains(.,'Save')]--->was found
11:50:21  INFO  manager.MyListener - Start find element --->By.xpath: //a[text()='ADD']
11:50:21  INFO  manager.MyListener - The element with locator --->By.xpath: //a[text()='ADD']--->was found
11:50:21  INFO  manager.MyListener - Start find element --->By.cssSelector: [placeholder='Name']
11:50:21  INFO  manager.MyListener - The element with locator --->By.cssSelector: [placeholder='Name']--->was found
11:50:21  INFO  manager.MyListener - Start find element --->By.cssSelector: [placeholder='Last Name']
11:50:21  INFO  manager.MyListener - The element with locator --->By.cssSelector: [placeholder='Last Name']--->was found
11:50:21  INFO  manager.MyListener - Start find element --->By.cssSelector: [placeholder='Phone']
11:50:21  INFO  manager.MyListener - The element with locator --->By.cssSelector: [placeholder='Phone']--->was found
11:50:22  INFO  manager.MyListener - Start find element --->By.cssSelector: [placeholder='email']
11:50:22  INFO  manager.MyListener - The element with locator --->By.cssSelector: [placeholder='email']--->was found
11:50:22  INFO  manager.MyListener - Start find element --->By.cssSelector: [placeholder='Address']
11:50:22  INFO  manager.MyListener - The element with locator --->By.cssSelector: [placeholder='Address']--->was found
11:50:22  INFO  manager.MyListener - Start find element --->By.cssSelector: [placeholder='description']
11:50:22  INFO  manager.MyListener - The element with locator --->By.cssSelector: [placeholder='description']--->was found
11:50:23  INFO  manager.MyListener - Start find element --->By.xpath: //button[contains(.,'Save')]
11:50:23  INFO  manager.MyListener - The element with locator --->By.xpath: //button[contains(.,'Save')]--->was found
11:50:24  INFO  manager.MyListener - Start find element --->By.xpath: //a[text()='ADD']
11:50:24  INFO  manager.MyListener - The element with locator --->By.xpath: //a[text()='ADD']--->was found
11:50:24  INFO  manager.MyListener - Start find element --->By.cssSelector: [placeholder='Name']
11:50:24  INFO  manager.MyListener - The element with locator --->By.cssSelector: [placeholder='Name']--->was found
11:50:24  INFO  manager.MyListener - Start find element --->By.cssSelector: [placeholder='Last Name']
11:50:24  INFO  manager.MyListener - The element with locator --->By.cssSelector: [placeholder='Last Name']--->was found
11:50:25  INFO  manager.MyListener - Start find element --->By.cssSelector: [placeholder='Phone']
11:50:25  INFO  manager.MyListener - The element with locator --->By.cssSelector: [placeholder='Phone']--->was found
11:50:25  INFO  manager.MyListener - Start find element --->By.cssSelector: [placeholder='email']
11:50:25  INFO  manager.MyListener - The element with locator --->By.cssSelector: [placeholder='email']--->was found
11:50:25  INFO  manager.MyListener - Start find element --->By.cssSelector: [placeholder='Address']
11:50:25  INFO  manager.MyListener - The element with locator --->By.cssSelector: [placeholder='Address']--->was found
11:50:25  INFO  manager.MyListener - Start find element --->By.cssSelector: [placeholder='description']
11:50:26  INFO  manager.MyListener - The element with locator --->By.cssSelector: [placeholder='description']--->was found
11:50:26  INFO  manager.MyListener - Start find element --->By.xpath: //button[contains(.,'Save')]
11:50:26  INFO  manager.MyListener - The element with locator --->By.xpath: //button[contains(.,'Save')]--->was found
11:50:27  INFO  manager.MyListener - Start find element --->By.cssSelector: .contact-item_card__2SOIM
11:50:27  INFO  manager.MyListener - The element with locator --->By.cssSelector: .contact-item_card__2SOIM--->was found
11:50:27  INFO  manager.MyListener - Start find element --->By.cssSelector: .contact-item_card__2SOIM
11:50:27  INFO  manager.MyListener - The element with locator --->By.cssSelector: .contact-item_card__2SOIM--->was found
11:50:27  INFO  manager.HelperBase - Before remove 'One contact tests' count was --->3
11:50:27  INFO  manager.MyListener - Start find element --->By.cssSelector: .contact-item_card__2SOIM
11:50:27  INFO  manager.MyListener - The element with locator --->By.cssSelector: .contact-item_card__2SOIM--->was found
11:50:27  INFO  manager.MyListener - Start find element --->By.cssSelector: .contact-item_card__2SOIM h3
11:50:27  INFO  manager.MyListener - The element with locator --->By.cssSelector: .contact-item_card__2SOIM h3--->was found
11:50:27  INFO  manager.HelperBase - The phone number of removed contact was -->121203017
11:50:27  INFO  manager.MyListener - Start find element --->By.cssSelector: .contact-item_card__2SOIM
11:50:27  INFO  manager.MyListener - The element with locator --->By.cssSelector: .contact-item_card__2SOIM--->was found
11:50:27  INFO  manager.MyListener - Start find element --->By.xpath: //button[text()='Remove']
11:50:27  INFO  manager.MyListener - The element with locator --->By.xpath: //button[text()='Remove']--->was found
11:50:28  INFO  manager.MyListener - Start find element --->By.cssSelector: .contact-item_card__2SOIM
11:50:28  INFO  manager.MyListener - The element with locator --->By.cssSelector: .contact-item_card__2SOIM--->was found
11:50:28  INFO  manager.HelperBase - After remove one contact the count is --->2
11:50:28  INFO  manager.MyListener - Start find element --->By.cssSelector: .contact-item_card__2SOIM
11:50:28  INFO  manager.MyListener - The element with locator --->By.cssSelector: .contact-item_card__2SOIM--->was found
11:50:28  INFO  manager.MyListener - Start find element --->By.cssSelector: .contact-item_card__2SOIM
11:50:28  INFO  manager.MyListener - The element with locator --->By.cssSelector: .contact-item_card__2SOIM--->was found
11:50:28  INFO  manager.HelperBase - Before remove 'One contact tests' count was --->2
11:50:28  INFO  manager.MyListener - Start find element --->By.cssSelector: .contact-item_card__2SOIM
11:50:28  INFO  manager.MyListener - The element with locator --->By.cssSelector: .contact-item_card__2SOIM--->was found
11:50:28  INFO  manager.MyListener - Start find element --->By.cssSelector: .contact-item_card__2SOIM h3
11:50:28  INFO  manager.MyListener - The element with locator --->By.cssSelector: .contact-item_card__2SOIM h3--->was found
11:50:28  INFO  manager.HelperBase - The phone number of removed contact was -->121213017
11:50:28  INFO  manager.MyListener - Start find element --->By.cssSelector: .contact-item_card__2SOIM
11:50:28  INFO  manager.MyListener - The element with locator --->By.cssSelector: .contact-item_card__2SOIM--->was found
11:50:28  INFO  manager.MyListener - Start find element --->By.xpath: //button[text()='Remove']
11:50:28  INFO  manager.MyListener - The element with locator --->By.xpath: //button[text()='Remove']--->was found
11:50:29  INFO  manager.MyListener - Start find element --->By.cssSelector: .contact-item_card__2SOIM
11:50:29  INFO  manager.MyListener - The element with locator --->By.cssSelector: .contact-item_card__2SOIM--->was found
11:50:29  INFO  manager.HelperBase - After remove one contact the count is --->1
11:50:29  INFO  manager.MyListener - Start find element --->By.cssSelector: .contact-item_card__2SOIM
11:50:29  INFO  manager.MyListener - The element with locator --->By.cssSelector: .contact-item_card__2SOIM--->was found
11:50:29  INFO  manager.MyListener - Start find element --->By.cssSelector: .contact-item_card__2SOIM
11:50:29  INFO  manager.MyListener - The element with locator --->By.cssSelector: .contact-item_card__2SOIM--->was found
11:50:29  INFO  manager.HelperBase - Before remove 'One contact tests' count was --->1
11:50:29  INFO  manager.MyListener - Start find element --->By.cssSelector: .contact-item_card__2SOIM
11:50:29  INFO  manager.MyListener - The element with locator --->By.cssSelector: .contact-item_card__2SOIM--->was found
11:50:29  INFO  manager.MyListener - Start find element --->By.cssSelector: .contact-item_card__2SOIM h3
11:50:29  INFO  manager.MyListener - The element with locator --->By.cssSelector: .contact-item_card__2SOIM h3--->was found
11:50:29  INFO  manager.HelperBase - The phone number of removed contact was -->121223017
11:50:29  INFO  manager.MyListener - Start find element --->By.cssSelector: .contact-item_card__2SOIM
11:50:29  INFO  manager.MyListener - The element with locator --->By.cssSelector: .contact-item_card__2SOIM--->was found
11:50:30  INFO  manager.MyListener - Start find element --->By.xpath: //button[text()='Remove']
11:50:30  INFO  manager.MyListener - The element with locator --->By.xpath: //button[text()='Remove']--->was found
11:50:30  INFO  manager.MyListener - Start find element --->By.cssSelector: .contact-item_card__2SOIM
11:50:35  INFO  manager.MyListener - The element with locator --->By.cssSelector: .contact-item_card__2SOIM--->was found
11:50:35  INFO  manager.HelperBase - After remove one contact the count is --->0
11:50:35  INFO  manager.MyListener - Start find element --->By.cssSelector: .contact-item_card__2SOIM
11:50:40  INFO  manager.MyListener - The element with locator --->By.cssSelector: .contact-item_card__2SOIM--->was found
11:50:40  INFO  manager.MyListener - Start find element --->By.cssSelector: .contact-item_card__2SOIM
11:50:45  INFO  manager.MyListener - The element with locator --->By.cssSelector: .contact-item_card__2SOIM--->was found
11:50:45  INFO  tests.TestBase - Name of test ---> removeOneContact
11:50:45  INFO  manager.MyListener - Start find element --->By.xpath: //button[text()='Sign Out']
11:50:45  INFO  manager.MyListener - The element with locator --->By.xpath: //button[text()='Sign Out']--->was found
11:50:45  INFO  manager.MyListener - Start find element --->By.cssSelector: .contact-item_card__2SOIM
11:50:50  INFO  manager.MyListener - The element with locator --->By.cssSelector: .contact-item_card__2SOIM--->was found
11:50:50  INFO  manager.MyListener - Start find element --->By.xpath: //a[text()='ADD']
11:50:50  INFO  manager.MyListener - The element with locator --->By.xpath: //a[text()='ADD']--->was found
11:50:51  INFO  manager.MyListener - Start find element --->By.cssSelector: [placeholder='Name']
11:50:51  INFO  manager.MyListener - The element with locator --->By.cssSelector: [placeholder='Name']--->was found
11:50:51  INFO  manager.MyListener - Start find element --->By.cssSelector: [placeholder='Last Name']
11:50:51  INFO  manager.MyListener - The element with locator --->By.cssSelector: [placeholder='Last Name']--->was found
11:50:51  INFO  manager.MyListener - Start find element --->By.cssSelector: [placeholder='Phone']
11:50:51  INFO  manager.MyListener - The element with locator --->By.cssSelector: [placeholder='Phone']--->was found
11:50:52  INFO  manager.MyListener - Start find element --->By.cssSelector: [placeholder='email']
11:50:52  INFO  manager.MyListener - The element with locator --->By.cssSelector: [placeholder='email']--->was found
11:50:52  INFO  manager.MyListener - Start find element --->By.cssSelector: [placeholder='Address']
11:50:52  INFO  manager.MyListener - The element with locator --->By.cssSelector: [placeholder='Address']--->was found
11:50:52  INFO  manager.MyListener - Start find element --->By.cssSelector: [placeholder='description']
11:50:52  INFO  manager.MyListener - The element with locator --->By.cssSelector: [placeholder='description']--->was found
11:50:52  INFO  manager.MyListener - Start find element --->By.xpath: //button[contains(.,'Save')]
11:50:52  INFO  manager.MyListener - The element with locator --->By.xpath: //button[contains(.,'Save')]--->was found
11:50:54  INFO  manager.MyListener - Start find element --->By.xpath: //a[text()='ADD']
11:50:54  INFO  manager.MyListener - The element with locator --->By.xpath: //a[text()='ADD']--->was found
11:50:54  INFO  manager.MyListener - Start find element --->By.cssSelector: [placeholder='Name']
11:50:54  INFO  manager.MyListener - The element with locator --->By.cssSelector: [placeholder='Name']--->was found
11:50:54  INFO  manager.MyListener - Start find element --->By.cssSelector: [placeholder='Last Name']
11:50:54  INFO  manager.MyListener - The element with locator --->By.cssSelector: [placeholder='Last Name']--->was found
11:50:54  INFO  manager.MyListener - Start find element --->By.cssSelector: [placeholder='Phone']
11:50:54  INFO  manager.MyListener - The element with locator --->By.cssSelector: [placeholder='Phone']--->was found
11:50:55  INFO  manager.MyListener - Start find element --->By.cssSelector: [placeholder='email']
11:50:55  INFO  manager.MyListener - The element with locator --->By.cssSelector: [placeholder='email']--->was found
11:50:55  INFO  manager.MyListener - Start find element --->By.cssSelector: [placeholder='Address']
11:50:55  INFO  manager.MyListener - The element with locator --->By.cssSelector: [placeholder='Address']--->was found
11:50:55  INFO  manager.MyListener - Start find element --->By.cssSelector: [placeholder='description']
11:50:55  INFO  manager.MyListener - The element with locator --->By.cssSelector: [placeholder='description']--->was found
11:50:56  INFO  manager.MyListener - Start find element --->By.xpath: //button[contains(.,'Save')]
11:50:56  INFO  manager.MyListener - The element with locator --->By.xpath: //button[contains(.,'Save')]--->was found
11:50:57  INFO  manager.MyListener - Start find element --->By.xpath: //a[text()='ADD']
11:50:57  INFO  manager.MyListener - The element with locator --->By.xpath: //a[text()='ADD']--->was found
11:50:57  INFO  manager.MyListener - Start find element --->By.cssSelector: [placeholder='Name']
11:50:57  INFO  manager.MyListener - The element with locator --->By.cssSelector: [placeholder='Name']--->was found
11:50:57  INFO  manager.MyListener - Start find element --->By.cssSelector: [placeholder='Last Name']
11:50:57  INFO  manager.MyListener - The element with locator --->By.cssSelector: [placeholder='Last Name']--->was found
11:50:58  INFO  manager.MyListener - Start find element --->By.cssSelector: [placeholder='Phone']
11:50:58  INFO  manager.MyListener - The element with locator --->By.cssSelector: [placeholder='Phone']--->was found
11:50:58  INFO  manager.MyListener - Start find element --->By.cssSelector: [placeholder='email']
11:50:58  INFO  manager.MyListener - The element with locator --->By.cssSelector: [placeholder='email']--->was found
11:50:58  INFO  manager.MyListener - Start find element --->By.cssSelector: [placeholder='Address']
11:50:58  INFO  manager.MyListener - The element with locator --->By.cssSelector: [placeholder='Address']--->was found
11:50:59  INFO  manager.MyListener - Start find element --->By.cssSelector: [placeholder='description']
11:50:59  INFO  manager.MyListener - The element with locator --->By.cssSelector: [placeholder='description']--->was found
11:50:59  INFO  manager.MyListener - Start find element --->By.xpath: //button[contains(.,'Save')]
11:50:59  INFO  manager.MyListener - The element with locator --->By.xpath: //button[contains(.,'Save')]--->was found
11:51:00  INFO  manager.MyListener - Start find element --->By.cssSelector: .contact-item_card__2SOIM
11:51:00  INFO  manager.MyListener - The element with locator --->By.cssSelector: .contact-item_card__2SOIM--->was found
11:51:00  INFO  manager.MyListener - Start find element --->By.xpath: //button[.='Remove']
11:51:00  INFO  manager.MyListener - The element with locator --->By.xpath: //button[.='Remove']--->was found
11:51:01  INFO  tests.TestBase - Name of test ---> removeOneContactCount
11:51:01  INFO  manager.MyListener - Start find element --->By.xpath: //button[text()='Sign Out']
11:51:01  INFO  manager.MyListener - The element with locator --->By.xpath: //button[text()='Sign Out']--->was found
11:51:01  INFO  manager.MyListener - Start find element --->By.cssSelector: .contact-item_card__2SOIM
11:51:01  INFO  manager.MyListener - The element with locator --->By.cssSelector: .contact-item_card__2SOIM--->was found
11:51:01  INFO  manager.MyListener - Start find element --->By.cssSelector: .contact-item_card__2SOIM
11:51:01  INFO  manager.MyListener - The element with locator --->By.cssSelector: .contact-item_card__2SOIM--->was found
11:51:01  INFO  manager.HelperBase - Before remove 'One contact tests' count was --->3
11:51:01  INFO  manager.MyListener - Start find element --->By.cssSelector: .contact-item_card__2SOIM
11:51:01  INFO  manager.MyListener - The element with locator --->By.cssSelector: .contact-item_card__2SOIM--->was found
11:51:01  INFO  manager.MyListener - Start find element --->By.cssSelector: .contact-item_card__2SOIM h3
11:51:01  INFO  manager.MyListener - The element with locator --->By.cssSelector: .contact-item_card__2SOIM h3--->was found
11:51:01  INFO  manager.HelperBase - The phone number of removed contact was -->121213050
11:51:01  INFO  manager.MyListener - Start find element --->By.cssSelector: .contact-item_card__2SOIM
11:51:01  INFO  manager.MyListener - The element with locator --->By.cssSelector: .contact-item_card__2SOIM--->was found
11:51:01  INFO  manager.MyListener - Start find element --->By.xpath: //button[text()='Remove']
11:51:01  INFO  manager.MyListener - The element with locator --->By.xpath: //button[text()='Remove']--->was found
11:51:02  INFO  manager.MyListener - Start find element --->By.cssSelector: .contact-item_card__2SOIM
11:51:02  INFO  manager.MyListener - The element with locator --->By.cssSelector: .contact-item_card__2SOIM--->was found
11:51:02  INFO  manager.HelperBase - After remove one contact the count is --->1
