20:03:59  INFO  manager.ApplicationManager - All tests starts in 'Chrom' browser
20:04:00  INFO  tests.TestBase - Name of test ---> addNewContactSuccess
20:04:00  INFO  manager.MyListener - Start find element --->By.xpath: //button[text()='Sign Out']
20:04:05  INFO  manager.MyListener - The element with locator --->By.xpath: //button[text()='Sign Out']--->was found
20:04:05  INFO  manager.MyListener - Start find element --->By.xpath: //a[@href='/login']
20:04:05  INFO  manager.MyListener - The element with locator --->By.xpath: //a[@href='/login']--->was found
20:04:05  INFO  manager.MyListener - Start find element --->By.xpath: //input[1]
20:04:05  INFO  manager.MyListener - The element with locator --->By.xpath: //input[1]--->was found
20:04:05  INFO  manager.MyListener - Start find element --->By.xpath: //input[2]
20:04:05  INFO  manager.MyListener - The element with locator --->By.xpath: //input[2]--->was found
20:04:06  INFO  manager.MyListener - Start find element --->By.xpath: //button[text()=' Login']
20:04:06  INFO  manager.MyListener - The element with locator --->By.xpath: //button[text()=' Login']--->was found
20:04:06  INFO  tests.TestBase - Contact was added for userUser{email='Tomy123456@mail.com', password='Qq123666$45'}
20:04:06  INFO  manager.MyListener - Start find element --->By.cssSelector: .contact-item_card__2SOIM
20:04:07  INFO  manager.MyListener - The element with locator --->By.cssSelector: .contact-item_card__2SOIM--->was found
20:04:07  INFO  manager.MyListener - Start find element --->By.cssSelector: .contact-item_card__2SOIM
20:04:07  INFO  manager.MyListener - The element with locator --->By.cssSelector: .contact-item_card__2SOIM--->was found
20:04:07  INFO  tests.TestBase - Contact(name=Jack, lastName=Sparrow, phone=972345247, email=jacky247@gmail.com, address=Tortuga, description=Friend)contact was added
20:04:07  INFO  manager.MyListener - Start find element --->By.xpath: //a[text()='ADD']
20:04:07  INFO  manager.MyListener - The element with locator --->By.xpath: //a[text()='ADD']--->was found
20:04:07  INFO  manager.MyListener - Start find element --->By.cssSelector: [placeholder='Name']
20:04:07  INFO  manager.MyListener - The element with locator --->By.cssSelector: [placeholder='Name']--->was found
20:04:07  INFO  manager.MyListener - Start find element --->By.cssSelector: [placeholder='Last Name']
20:04:07  INFO  manager.MyListener - The element with locator --->By.cssSelector: [placeholder='Last Name']--->was found
20:04:07  INFO  manager.MyListener - Start find element --->By.cssSelector: [placeholder='Phone']
20:04:07  INFO  manager.MyListener - The element with locator --->By.cssSelector: [placeholder='Phone']--->was found
20:04:07  INFO  manager.MyListener - Start find element --->By.cssSelector: [placeholder='email']
20:04:07  INFO  manager.MyListener - The element with locator --->By.cssSelector: [placeholder='email']--->was found
20:04:07  INFO  manager.MyListener - Start find element --->By.cssSelector: [placeholder='Address']
20:04:07  INFO  manager.MyListener - The element with locator --->By.cssSelector: [placeholder='Address']--->was found
20:04:07  INFO  manager.MyListener - Start find element --->By.cssSelector: [placeholder='description']
20:04:07  INFO  manager.MyListener - The element with locator --->By.cssSelector: [placeholder='description']--->was found
20:04:08  INFO  manager.MyListener - Start find element --->By.xpath: //button[contains(.,'Save')]
20:04:08  INFO  manager.MyListener - The element with locator --->By.xpath: //button[contains(.,'Save')]--->was found
20:04:08  INFO  manager.MyListener - Start find element --->By.cssSelector: .contact-item_card__2SOIM
20:04:08  INFO  manager.MyListener - The element with locator --->By.cssSelector: .contact-item_card__2SOIM--->was found
20:04:08  INFO  manager.MyListener - Start find element --->By.cssSelector: h2
20:04:08  INFO  manager.MyListener - The element with locator --->By.cssSelector: h2--->was found
20:04:08  INFO  manager.MyListener - Start find element --->By.cssSelector: h3
20:04:08  INFO  manager.MyListener - The element with locator --->By.cssSelector: h3--->was found
20:04:08  INFO  tests.TestBase - Name of test ---> addNewContactSuccess2
20:04:08  INFO  manager.MyListener - Start find element --->By.xpath: //button[text()='Sign Out']
20:04:08  INFO  manager.MyListener - The element with locator --->By.xpath: //button[text()='Sign Out']--->was found
20:04:08  INFO  manager.MyListener - Start find element --->By.cssSelector: .contact-item_card__2SOIM
20:04:08  INFO  manager.MyListener - The element with locator --->By.cssSelector: .contact-item_card__2SOIM--->was found
20:04:08  INFO  manager.MyListener - Start find element --->By.cssSelector: .contact-item_card__2SOIM
20:04:08  INFO  manager.MyListener - The element with locator --->By.cssSelector: .contact-item_card__2SOIM--->was found
20:04:08  INFO  tests.TestBase - Contact(name=Elizabet, lastName=Swon, phone=5464748456, email=eliz@gmail.com, address=Tortuga, description=Friend)contact was added
20:04:08  INFO  manager.MyListener - Start find element --->By.xpath: //a[text()='ADD']
20:04:08  INFO  manager.MyListener - The element with locator --->By.xpath: //a[text()='ADD']--->was found
20:04:08  INFO  manager.MyListener - Start find element --->By.cssSelector: [placeholder='Name']
20:04:08  INFO  manager.MyListener - The element with locator --->By.cssSelector: [placeholder='Name']--->was found
20:04:08  INFO  manager.MyListener - Start find element --->By.cssSelector: [placeholder='Last Name']
20:04:08  INFO  manager.MyListener - The element with locator --->By.cssSelector: [placeholder='Last Name']--->was found
20:04:08  INFO  manager.MyListener - Start find element --->By.cssSelector: [placeholder='Phone']
20:04:08  INFO  manager.MyListener - The element with locator --->By.cssSelector: [placeholder='Phone']--->was found
20:04:09  INFO  manager.MyListener - Start find element --->By.cssSelector: [placeholder='email']
20:04:09  INFO  manager.MyListener - The element with locator --->By.cssSelector: [placeholder='email']--->was found
20:04:09  INFO  manager.MyListener - Start find element --->By.cssSelector: [placeholder='Address']
20:04:09  INFO  manager.MyListener - The element with locator --->By.cssSelector: [placeholder='Address']--->was found
20:04:09  INFO  manager.MyListener - Start find element --->By.cssSelector: [placeholder='description']
20:04:09  INFO  manager.MyListener - The element with locator --->By.cssSelector: [placeholder='description']--->was found
20:04:09  INFO  manager.MyListener - Start find element --->By.xpath: //button[contains(.,'Save')]
20:04:09  INFO  manager.MyListener - The element with locator --->By.xpath: //button[contains(.,'Save')]--->was found
20:04:09  INFO  manager.MyListener - Start find element --->By.cssSelector: .contact-item_card__2SOIM
20:04:14  INFO  manager.MyListener - The element with locator --->By.cssSelector: .contact-item_card__2SOIM--->was found
20:04:14  INFO  tests.TestBase - Name of test ---> addNewContactSuccess2
20:04:14  INFO  manager.MyListener - Start find element --->By.xpath: //button[text()='Sign Out']
20:04:14  INFO  manager.MyListener - The element with locator --->By.xpath: //button[text()='Sign Out']--->was found
20:04:14  INFO  manager.MyListener - Start find element --->By.cssSelector: .contact-item_card__2SOIM
20:04:19  INFO  manager.MyListener - The element with locator --->By.cssSelector: .contact-item_card__2SOIM--->was found
20:04:19  INFO  manager.MyListener - Start find element --->By.cssSelector: .contact-item_card__2SOIM
20:04:24  INFO  manager.MyListener - The element with locator --->By.cssSelector: .contact-item_card__2SOIM--->was found
20:04:24  INFO  tests.TestBase - Contact(name=Elizabet, lastName=Swon, phone=5464748457, email=eliz1@gmail.com, address=Tortuga, description=Friend)contact was added
20:04:24  INFO  manager.MyListener - Start find element --->By.xpath: //a[text()='ADD']
20:04:24  INFO  manager.MyListener - The element with locator --->By.xpath: //a[text()='ADD']--->was found
20:04:24  INFO  manager.MyListener - Start find element --->By.cssSelector: [placeholder='Name']
20:04:24  INFO  manager.MyListener - The element with locator --->By.cssSelector: [placeholder='Name']--->was found
20:04:24  INFO  manager.MyListener - Start find element --->By.cssSelector: [placeholder='Last Name']
20:04:24  INFO  manager.MyListener - The element with locator --->By.cssSelector: [placeholder='Last Name']--->was found
20:04:25  INFO  manager.MyListener - Start find element --->By.cssSelector: [placeholder='Phone']
20:04:25  INFO  manager.MyListener - The element with locator --->By.cssSelector: [placeholder='Phone']--->was found
20:04:25  INFO  manager.MyListener - Start find element --->By.cssSelector: [placeholder='email']
20:04:25  INFO  manager.MyListener - The element with locator --->By.cssSelector: [placeholder='email']--->was found
20:04:25  INFO  manager.MyListener - Start find element --->By.cssSelector: [placeholder='Address']
20:04:25  INFO  manager.MyListener - The element with locator --->By.cssSelector: [placeholder='Address']--->was found
20:04:25  INFO  manager.MyListener - Start find element --->By.cssSelector: [placeholder='description']
20:04:25  INFO  manager.MyListener - The element with locator --->By.cssSelector: [placeholder='description']--->was found
20:04:25  INFO  manager.MyListener - Start find element --->By.xpath: //button[contains(.,'Save')]
20:04:25  INFO  manager.MyListener - The element with locator --->By.xpath: //button[contains(.,'Save')]--->was found
20:04:25  INFO  manager.MyListener - Start find element --->By.cssSelector: .contact-item_card__2SOIM
20:04:30  INFO  manager.MyListener - The element with locator --->By.cssSelector: .contact-item_card__2SOIM--->was found
20:04:30  INFO  tests.TestBase - Name of test ---> addNewContactSuccess2
20:04:30  INFO  manager.MyListener - Start find element --->By.xpath: //button[text()='Sign Out']
20:04:30  INFO  manager.MyListener - The element with locator --->By.xpath: //button[text()='Sign Out']--->was found
20:04:30  INFO  manager.MyListener - Start find element --->By.cssSelector: .contact-item_card__2SOIM
20:04:35  INFO  manager.MyListener - The element with locator --->By.cssSelector: .contact-item_card__2SOIM--->was found
20:04:35  INFO  manager.MyListener - Start find element --->By.cssSelector: .contact-item_card__2SOIM
20:04:40  INFO  manager.MyListener - The element with locator --->By.cssSelector: .contact-item_card__2SOIM--->was found
20:04:40  INFO  tests.TestBase - Contact(name=Elizabet, lastName=Swon, phone=5464748454, email=eliz2@gmail.com, address=Tortuga, description=Friend)contact was added
20:04:40  INFO  manager.MyListener - Start find element --->By.xpath: //a[text()='ADD']
20:04:40  INFO  manager.MyListener - The element with locator --->By.xpath: //a[text()='ADD']--->was found
20:04:40  INFO  manager.MyListener - Start find element --->By.cssSelector: [placeholder='Name']
20:04:40  INFO  manager.MyListener - The element with locator --->By.cssSelector: [placeholder='Name']--->was found
20:04:40  INFO  manager.MyListener - Start find element --->By.cssSelector: [placeholder='Last Name']
20:04:40  INFO  manager.MyListener - The element with locator --->By.cssSelector: [placeholder='Last Name']--->was found
20:04:41  INFO  manager.MyListener - Start find element --->By.cssSelector: [placeholder='Phone']
20:04:41  INFO  manager.MyListener - The element with locator --->By.cssSelector: [placeholder='Phone']--->was found
20:04:41  INFO  manager.MyListener - Start find element --->By.cssSelector: [placeholder='email']
20:04:41  INFO  manager.MyListener - The element with locator --->By.cssSelector: [placeholder='email']--->was found
20:04:41  INFO  manager.MyListener - Start find element --->By.cssSelector: [placeholder='Address']
20:04:41  INFO  manager.MyListener - The element with locator --->By.cssSelector: [placeholder='Address']--->was found
20:04:41  INFO  manager.MyListener - Start find element --->By.cssSelector: [placeholder='description']
20:04:41  INFO  manager.MyListener - The element with locator --->By.cssSelector: [placeholder='description']--->was found
20:04:41  INFO  manager.MyListener - Start find element --->By.xpath: //button[contains(.,'Save')]
20:04:41  INFO  manager.MyListener - The element with locator --->By.xpath: //button[contains(.,'Save')]--->was found
20:04:41  INFO  manager.MyListener - Start find element --->By.cssSelector: .contact-item_card__2SOIM
20:04:46  INFO  manager.MyListener - The element with locator --->By.cssSelector: .contact-item_card__2SOIM--->was found
20:04:46  INFO  tests.TestBase - Name of test ---> loginNegativeTestWrongPassword
20:04:46  INFO  manager.MyListener - Start find element --->By.xpath: //button[text()='Sign Out']
20:04:46  INFO  manager.MyListener - The element with locator --->By.xpath: //button[text()='Sign Out']--->was found
20:04:46  INFO  manager.MyListener - Start find element --->By.xpath: //button[text()='Sign Out']
20:04:46  INFO  manager.MyListener - The element with locator --->By.xpath: //button[text()='Sign Out']--->was found
20:04:46  INFO  tests.TestBase - The user start negative login process with data : --->User{email='Tomy123456@mail.com', password='Qq'}
20:04:46  INFO  manager.MyListener - Start find element --->By.xpath: //a[@href='/login']
20:04:46  INFO  manager.MyListener - The element with locator --->By.xpath: //a[@href='/login']--->was found
20:04:46  INFO  manager.MyListener - Start find element --->By.xpath: //input[1]
20:04:46  INFO  manager.MyListener - The element with locator --->By.xpath: //input[1]--->was found
20:04:46  INFO  manager.MyListener - Start find element --->By.xpath: //input[2]
20:04:46  INFO  manager.MyListener - The element with locator --->By.xpath: //input[2]--->was found
20:04:47  INFO  manager.MyListener - Start find element --->By.xpath: //button[text()=' Login']
20:04:47  INFO  manager.MyListener - The element with locator --->By.xpath: //button[text()=' Login']--->was found
20:04:52  INFO  manager.MyListener - Start find element --->By.xpath: //button[text()='Sign Out']
20:04:57  INFO  manager.MyListener - The element with locator --->By.xpath: //button[text()='Sign Out']--->was found
20:04:57  INFO  tests.TestBase - Name of test ---> loginSuccessModel
20:04:57  INFO  manager.MyListener - Start find element --->By.xpath: //button[text()='Sign Out']
20:05:02  INFO  manager.MyListener - The element with locator --->By.xpath: //button[text()='Sign Out']--->was found
20:05:02  INFO  tests.TestBase - Test starts with email [Tomy123456@mail.com], pessword[Qq123666$45]
20:05:02  INFO  manager.MyListener - Start find element --->By.xpath: //a[@href='/login']
20:05:02  INFO  manager.MyListener - The element with locator --->By.xpath: //a[@href='/login']--->was found
20:05:02  INFO  manager.MyListener - Start find element --->By.xpath: //input[1]
20:05:02  INFO  manager.MyListener - The element with locator --->By.xpath: //input[1]--->was found
20:05:02  INFO  manager.MyListener - Start find element --->By.xpath: //input[2]
20:05:02  INFO  manager.MyListener - The element with locator --->By.xpath: //input[2]--->was found
20:05:02  INFO  manager.MyListener - Start find element --->By.xpath: //button[text()=' Login']
20:05:02  INFO  manager.MyListener - The element with locator --->By.xpath: //button[text()=' Login']--->was found
20:05:03  INFO  manager.MyListener - Start find element --->By.xpath: //a[@href='/contacts']
20:05:03  INFO  manager.MyListener - The element with locator --->By.xpath: //a[@href='/contacts']--->was found
20:05:03  INFO  tests.TestBase - Name of test ---> loginSuccessModelDataProvider
20:05:03  INFO  manager.MyListener - Start find element --->By.xpath: //button[text()='Sign Out']
20:05:03  INFO  manager.MyListener - The element with locator --->By.xpath: //button[text()='Sign Out']--->was found
20:05:03  INFO  manager.MyListener - Start find element --->By.xpath: //button[text()='Sign Out']
20:05:03  INFO  manager.MyListener - The element with locator --->By.xpath: //button[text()='Sign Out']--->was found
20:05:03  INFO  tests.TestBase - Test user starts with data:User{email='Tomy123456@mail.com', password='Qq123666$45'}
20:05:03  INFO  manager.MyListener - Start find element --->By.xpath: //a[@href='/login']
20:05:03  INFO  manager.MyListener - The element with locator --->By.xpath: //a[@href='/login']--->was found
20:05:03  INFO  manager.MyListener - Start find element --->By.xpath: //input[1]
20:05:03  INFO  manager.MyListener - The element with locator --->By.xpath: //input[1]--->was found
20:05:03  INFO  manager.MyListener - Start find element --->By.xpath: //input[2]
20:05:03  INFO  manager.MyListener - The element with locator --->By.xpath: //input[2]--->was found
20:05:03  INFO  manager.MyListener - Start find element --->By.xpath: //button[text()=' Login']
20:05:03  INFO  manager.MyListener - The element with locator --->By.xpath: //button[text()=' Login']--->was found
20:05:04  INFO  manager.MyListener - Start find element --->By.xpath: //a[@href='/contacts']
20:05:04  INFO  manager.MyListener - The element with locator --->By.xpath: //a[@href='/contacts']--->was found
20:05:04  INFO  tests.TestBase - Name of test ---> loginSuccessModelDataProvider
20:05:04  INFO  manager.MyListener - Start find element --->By.xpath: //button[text()='Sign Out']
20:05:04  INFO  manager.MyListener - The element with locator --->By.xpath: //button[text()='Sign Out']--->was found
20:05:04  INFO  manager.MyListener - Start find element --->By.xpath: //button[text()='Sign Out']
20:05:04  INFO  manager.MyListener - The element with locator --->By.xpath: //button[text()='Sign Out']--->was found
20:05:04  INFO  tests.TestBase - Test user starts with data:User{email='Tomy123456@mail.com', password='Qq123666$45'}
20:05:04  INFO  manager.MyListener - Start find element --->By.xpath: //a[@href='/login']
20:05:04  INFO  manager.MyListener - The element with locator --->By.xpath: //a[@href='/login']--->was found
20:05:04  INFO  manager.MyListener - Start find element --->By.xpath: //input[1]
20:05:04  INFO  manager.MyListener - The element with locator --->By.xpath: //input[1]--->was found
20:05:04  INFO  manager.MyListener - Start find element --->By.xpath: //input[2]
20:05:04  INFO  manager.MyListener - The element with locator --->By.xpath: //input[2]--->was found
20:05:04  INFO  manager.MyListener - Start find element --->By.xpath: //button[text()=' Login']
20:05:04  INFO  manager.MyListener - The element with locator --->By.xpath: //button[text()=' Login']--->was found
20:05:05  INFO  manager.MyListener - Start find element --->By.xpath: //a[@href='/contacts']
20:05:05  INFO  manager.MyListener - The element with locator --->By.xpath: //a[@href='/contacts']--->was found
20:05:05  INFO  tests.TestBase - Name of test ---> loginSuccessModelDataProvider
20:05:05  INFO  manager.MyListener - Start find element --->By.xpath: //button[text()='Sign Out']
20:05:05  INFO  manager.MyListener - The element with locator --->By.xpath: //button[text()='Sign Out']--->was found
20:05:05  INFO  manager.MyListener - Start find element --->By.xpath: //button[text()='Sign Out']
20:05:05  INFO  manager.MyListener - The element with locator --->By.xpath: //button[text()='Sign Out']--->was found
20:05:05  INFO  tests.TestBase - Test user starts with data:User{email='Tomy123456@mail.com', password='Qq123666$45'}
20:05:05  INFO  manager.MyListener - Start find element --->By.xpath: //a[@href='/login']
20:05:05  INFO  manager.MyListener - The element with locator --->By.xpath: //a[@href='/login']--->was found
20:05:05  INFO  manager.MyListener - Start find element --->By.xpath: //input[1]
20:05:05  INFO  manager.MyListener - The element with locator --->By.xpath: //input[1]--->was found
20:05:05  INFO  manager.MyListener - Start find element --->By.xpath: //input[2]
20:05:05  INFO  manager.MyListener - The element with locator --->By.xpath: //input[2]--->was found
20:05:05  INFO  manager.MyListener - Start find element --->By.xpath: //button[text()=' Login']
20:05:05  INFO  manager.MyListener - The element with locator --->By.xpath: //button[text()=' Login']--->was found
20:05:06  INFO  manager.MyListener - Start find element --->By.xpath: //a[@href='/contacts']
20:05:06  INFO  manager.MyListener - The element with locator --->By.xpath: //a[@href='/contacts']--->was found
20:05:06  INFO  tests.TestBase - Name of test ---> loginSuccessTestDataProvider
20:05:06  INFO  manager.MyListener - Start find element --->By.xpath: //button[text()='Sign Out']
20:05:06  INFO  manager.MyListener - The element with locator --->By.xpath: //button[text()='Sign Out']--->was found
20:05:06  INFO  manager.MyListener - Start find element --->By.xpath: //button[text()='Sign Out']
20:05:06  INFO  manager.MyListener - The element with locator --->By.xpath: //button[text()='Sign Out']--->was found
20:05:06  INFO  tests.TestBase - Test starts with email Tomy123456@mail.com  && password Qq123666$45
20:05:06  INFO  manager.MyListener - Start find element --->By.xpath: //a[@href='/login']
20:05:06  INFO  manager.MyListener - The element with locator --->By.xpath: //a[@href='/login']--->was found
20:05:09  INFO  manager.MyListener - Start find element --->By.xpath: //input[1]
20:05:09  INFO  manager.MyListener - The element with locator --->By.xpath: //input[1]--->was found
20:05:09  INFO  manager.MyListener - Start find element --->By.xpath: //input[2]
20:05:09  INFO  manager.MyListener - The element with locator --->By.xpath: //input[2]--->was found
20:05:09  INFO  manager.MyListener - Start find element --->By.xpath: //button[text()=' Login']
20:05:09  INFO  manager.MyListener - The element with locator --->By.xpath: //button[text()=' Login']--->was found
20:05:09  INFO  manager.MyListener - Start find element --->By.xpath: //a[@href='/contacts']
20:05:10  INFO  manager.MyListener - The element with locator --->By.xpath: //a[@href='/contacts']--->was found
20:05:10  INFO  tests.TestBase - Name of test ---> loginSuccessTestDataProvider
20:05:10  INFO  manager.MyListener - Start find element --->By.xpath: //button[text()='Sign Out']
20:05:10  INFO  manager.MyListener - The element with locator --->By.xpath: //button[text()='Sign Out']--->was found
20:05:10  INFO  manager.MyListener - Start find element --->By.xpath: //button[text()='Sign Out']
20:05:10  INFO  manager.MyListener - The element with locator --->By.xpath: //button[text()='Sign Out']--->was found
20:05:10  INFO  tests.TestBase - Test starts with email Tomy123456@mail.com  && password Qq123666$45
20:05:10  INFO  manager.MyListener - Start find element --->By.xpath: //a[@href='/login']
20:05:10  INFO  manager.MyListener - The element with locator --->By.xpath: //a[@href='/login']--->was found
20:05:13  INFO  manager.MyListener - Start find element --->By.xpath: //input[1]
20:05:13  INFO  manager.MyListener - The element with locator --->By.xpath: //input[1]--->was found
20:05:13  INFO  manager.MyListener - Start find element --->By.xpath: //input[2]
20:05:13  INFO  manager.MyListener - The element with locator --->By.xpath: //input[2]--->was found
20:05:13  INFO  manager.MyListener - Start find element --->By.xpath: //button[text()=' Login']
20:05:13  INFO  manager.MyListener - The element with locator --->By.xpath: //button[text()=' Login']--->was found
20:05:13  INFO  manager.MyListener - Start find element --->By.xpath: //a[@href='/contacts']
20:05:13  INFO  manager.MyListener - The element with locator --->By.xpath: //a[@href='/contacts']--->was found
20:05:13  INFO  tests.TestBase - Name of test ---> loginSuccessTestDataProvider
20:05:13  INFO  manager.MyListener - Start find element --->By.xpath: //button[text()='Sign Out']
20:05:13  INFO  manager.MyListener - The element with locator --->By.xpath: //button[text()='Sign Out']--->was found
20:05:13  INFO  manager.MyListener - Start find element --->By.xpath: //button[text()='Sign Out']
20:05:13  INFO  manager.MyListener - The element with locator --->By.xpath: //button[text()='Sign Out']--->was found
20:05:13  INFO  tests.TestBase - Test starts with email elizabet123456@mail.com  && password El098765$
20:05:13  INFO  manager.MyListener - Start find element --->By.xpath: //a[@href='/login']
20:05:13  INFO  manager.MyListener - The element with locator --->By.xpath: //a[@href='/login']--->was found
20:05:16  INFO  manager.MyListener - Start find element --->By.xpath: //input[1]
20:05:16  INFO  manager.MyListener - The element with locator --->By.xpath: //input[1]--->was found
20:05:17  INFO  manager.MyListener - Start find element --->By.xpath: //input[2]
20:05:17  INFO  manager.MyListener - The element with locator --->By.xpath: //input[2]--->was found
20:05:17  INFO  manager.MyListener - Start find element --->By.xpath: //button[text()=' Login']
20:05:17  INFO  manager.MyListener - The element with locator --->By.xpath: //button[text()=' Login']--->was found
20:05:17  INFO  manager.MyListener - Start find element --->By.xpath: //a[@href='/contacts']
20:05:17  INFO  manager.MyListener - The element with locator --->By.xpath: //a[@href='/contacts']--->was found
20:05:17  INFO  tests.TestBase - Name of test ---> loginSuccessTestDataProviderCSV
20:05:17  INFO  manager.MyListener - Start find element --->By.xpath: //button[text()='Sign Out']
20:05:17  INFO  manager.MyListener - The element with locator --->By.xpath: //button[text()='Sign Out']--->was found
20:05:17  INFO  manager.MyListener - Start find element --->By.xpath: //button[text()='Sign Out']
20:05:17  INFO  manager.MyListener - The element with locator --->By.xpath: //button[text()='Sign Out']--->was found
20:05:17  INFO  tests.TestBase - Test starts with email Tomy123456@mail.com  && password Qq123666$45
20:05:17  INFO  manager.MyListener - Start find element --->By.xpath: //a[@href='/login']
20:05:17  INFO  manager.MyListener - The element with locator --->By.xpath: //a[@href='/login']--->was found
20:05:20  INFO  manager.MyListener - Start find element --->By.xpath: //input[1]
20:05:20  INFO  manager.MyListener - The element with locator --->By.xpath: //input[1]--->was found
20:05:20  INFO  manager.MyListener - Start find element --->By.xpath: //input[2]
20:05:21  INFO  manager.MyListener - The element with locator --->By.xpath: //input[2]--->was found
20:05:21  INFO  manager.MyListener - Start find element --->By.xpath: //button[text()=' Login']
20:05:21  INFO  manager.MyListener - The element with locator --->By.xpath: //button[text()=' Login']--->was found
20:05:21  INFO  manager.MyListener - Start find element --->By.xpath: //a[@href='/contacts']
20:05:21  INFO  manager.MyListener - The element with locator --->By.xpath: //a[@href='/contacts']--->was found
20:05:21  INFO  tests.TestBase - Name of test ---> loginSuccessTestDataProviderCSV
20:05:21  INFO  manager.MyListener - Start find element --->By.xpath: //button[text()='Sign Out']
20:05:21  INFO  manager.MyListener - The element with locator --->By.xpath: //button[text()='Sign Out']--->was found
20:05:21  INFO  manager.MyListener - Start find element --->By.xpath: //button[text()='Sign Out']
20:05:21  INFO  manager.MyListener - The element with locator --->By.xpath: //button[text()='Sign Out']--->was found
20:05:21  INFO  tests.TestBase - Test starts with email elizabet123456@mail.com  && password El098765$
20:05:21  INFO  manager.MyListener - Start find element --->By.xpath: //a[@href='/login']
20:05:21  INFO  manager.MyListener - The element with locator --->By.xpath: //a[@href='/login']--->was found
20:05:24  INFO  manager.MyListener - Start find element --->By.xpath: //input[1]
20:05:24  INFO  manager.MyListener - The element with locator --->By.xpath: //input[1]--->was found
20:05:24  INFO  manager.MyListener - Start find element --->By.xpath: //input[2]
20:05:24  INFO  manager.MyListener - The element with locator --->By.xpath: //input[2]--->was found
20:05:24  INFO  manager.MyListener - Start find element --->By.xpath: //button[text()=' Login']
20:05:24  INFO  manager.MyListener - The element with locator --->By.xpath: //button[text()=' Login']--->was found
20:05:24  INFO  manager.MyListener - Start find element --->By.xpath: //a[@href='/contacts']
20:05:25  INFO  manager.MyListener - The element with locator --->By.xpath: //a[@href='/contacts']--->was found
20:05:25  INFO  tests.TestBase - Name of test ---> registrationSuccess
20:05:25  INFO  manager.MyListener - Start find element --->By.xpath: //button[text()='Sign Out']
20:05:25  INFO  manager.MyListener - The element with locator --->By.xpath: //button[text()='Sign Out']--->was found
20:05:25  INFO  manager.MyListener - Start find element --->By.xpath: //button[text()='Sign Out']
20:05:25  INFO  manager.MyListener - The element with locator --->By.xpath: //button[text()='Sign Out']--->was found
20:05:25  INFO  manager.MyListener - Start find element --->By.xpath: //a[@href='/login']
20:05:25  INFO  manager.MyListener - The element with locator --->By.xpath: //a[@href='/login']--->was found
20:05:25  INFO  manager.MyListener - Start find element --->By.xpath: //input[1]
20:05:25  INFO  manager.MyListener - The element with locator --->By.xpath: //input[1]--->was found
20:05:25  INFO  manager.MyListener - Start find element --->By.xpath: //input[2]
20:05:25  INFO  manager.MyListener - The element with locator --->By.xpath: //input[2]--->was found
20:05:25  INFO  manager.MyListener - Start find element --->By.xpath: //button[text()=' Registration']
20:05:25  INFO  manager.MyListener - The element with locator --->By.xpath: //button[text()=' Registration']--->was found
20:05:25  INFO  manager.MyListener - Start find element --->By.cssSelector: h2
20:05:26  INFO  manager.MyListener - The element with locator --->By.cssSelector: h2--->was found
20:05:26  INFO  tests.TestBase - Name of test ---> registrationSuccessModel
20:05:26  INFO  manager.MyListener - Start find element --->By.xpath: //button[text()='Sign Out']
20:05:26  INFO  manager.MyListener - The element with locator --->By.xpath: //button[text()='Sign Out']--->was found
20:05:26  INFO  manager.MyListener - Start find element --->By.xpath: //button[text()='Sign Out']
20:05:26  INFO  manager.MyListener - The element with locator --->By.xpath: //button[text()='Sign Out']--->was found
20:05:26  INFO  manager.MyListener - Start find element --->By.xpath: //a[@href='/login']
20:05:26  INFO  manager.MyListener - The element with locator --->By.xpath: //a[@href='/login']--->was found
20:05:26  INFO  manager.MyListener - Start find element --->By.xpath: //input[1]
20:05:26  INFO  manager.MyListener - The element with locator --->By.xpath: //input[1]--->was found
20:05:26  INFO  manager.MyListener - Start find element --->By.xpath: //input[2]
20:05:26  INFO  manager.MyListener - The element with locator --->By.xpath: //input[2]--->was found
20:05:26  INFO  manager.MyListener - Start find element --->By.xpath: //button[text()=' Registration']
20:05:26  INFO  manager.MyListener - The element with locator --->By.xpath: //button[text()=' Registration']--->was found
20:05:26  INFO  tests.TestBase - User register with dataUser{email='maya326@mail.com', password='Ma098765$'}
20:05:26  INFO  manager.MyListener - Start find element --->By.cssSelector: h2
20:05:26  INFO  manager.MyListener - The element with locator --->By.cssSelector: h2--->was found
20:05:26  INFO  tests.TestBase - Name of test ---> removeAllContactTest
20:05:26  INFO  manager.MyListener - Start find element --->By.xpath: //button[text()='Sign Out']
20:05:26  INFO  manager.MyListener - The element with locator --->By.xpath: //button[text()='Sign Out']--->was found
20:05:26  INFO  manager.MyListener - Start find element --->By.cssSelector: .contact-item_card__2SOIM
20:05:31  INFO  manager.MyListener - The element with locator --->By.cssSelector: .contact-item_card__2SOIM--->was found
20:05:31  INFO  manager.MyListener - Start find element --->By.xpath: //a[text()='ADD']
20:05:31  INFO  manager.MyListener - The element with locator --->By.xpath: //a[text()='ADD']--->was found
20:05:31  INFO  manager.MyListener - Start find element --->By.cssSelector: [placeholder='Name']
20:05:31  INFO  manager.MyListener - The element with locator --->By.cssSelector: [placeholder='Name']--->was found
20:05:31  INFO  manager.MyListener - Start find element --->By.cssSelector: [placeholder='Last Name']
20:05:31  INFO  manager.MyListener - The element with locator --->By.cssSelector: [placeholder='Last Name']--->was found
20:05:32  INFO  manager.MyListener - Start find element --->By.cssSelector: [placeholder='Phone']
20:05:32  INFO  manager.MyListener - The element with locator --->By.cssSelector: [placeholder='Phone']--->was found
20:05:32  INFO  manager.MyListener - Start find element --->By.cssSelector: [placeholder='email']
20:05:32  INFO  manager.MyListener - The element with locator --->By.cssSelector: [placeholder='email']--->was found
20:05:32  INFO  manager.MyListener - Start find element --->By.cssSelector: [placeholder='Address']
20:05:32  INFO  manager.MyListener - The element with locator --->By.cssSelector: [placeholder='Address']--->was found
20:05:32  INFO  manager.MyListener - Start find element --->By.cssSelector: [placeholder='description']
20:05:32  INFO  manager.MyListener - The element with locator --->By.cssSelector: [placeholder='description']--->was found
20:05:37  INFO  manager.MyListener - We have a throwable ---> element not interactable
  (Session info: chrome=98.0.4758.82)
Build info: version: '3.141.59', revision: 'e82be7d358', time: '2018-11-14T08:17:03'
System info: host: 'DESKTOP-O62I6CB', ip: '10.100.102.5', os.name: 'Windows 10', os.arch: 'amd64', os.version: '10.0', java.version: '11.0.13'
Driver info: org.openqa.selenium.chrome.ChromeDriver
Capabilities {acceptInsecureCerts: false, browserName: chrome, browserVersion: 98.0.4758.82, chrome: {chromedriverVersion: 98.0.4758.80 (7f0488e8ba0d8..., userDataDir: C:\Users\Natali\AppData\Loc...}, goog:chromeOptions: {debuggerAddress: localhost:52225}, javascriptEnabled: true, networkConnectionEnabled: false, pageLoadStrategy: normal, platform: WINDOWS, platformName: WINDOWS, proxy: Proxy(), setWindowRect: true, strictFileInteractability: false, timeouts: {implicit: 0, pageLoad: 300000, script: 30000}, unhandledPromptBehavior: dismiss and notify, webauthn:extension:credBlob: true, webauthn:extension:largeBlob: true, webauthn:virtualAuthenticators: true}
Session ID: d33fe13c1b2c5470b099393576e39f7e
20:05:37  INFO  manager.MyListener - org.openqa.selenium.ElementNotInteractableException: element not interactable
  (Session info: chrome=98.0.4758.82)
Build info: version: '3.141.59', revision: 'e82be7d358', time: '2018-11-14T08:17:03'
System info: host: 'DESKTOP-O62I6CB', ip: '10.100.102.5', os.name: 'Windows 10', os.arch: 'amd64', os.version: '10.0', java.version: '11.0.13'
Driver info: org.openqa.selenium.chrome.ChromeDriver
Capabilities {acceptInsecureCerts: false, browserName: chrome, browserVersion: 98.0.4758.82, chrome: {chromedriverVersion: 98.0.4758.80 (7f0488e8ba0d8..., userDataDir: C:\Users\Natali\AppData\Loc...}, goog:chromeOptions: {debuggerAddress: localhost:52225}, javascriptEnabled: true, networkConnectionEnabled: false, pageLoadStrategy: normal, platform: WINDOWS, platformName: WINDOWS, proxy: Proxy(), setWindowRect: true, strictFileInteractability: false, timeouts: {implicit: 0, pageLoad: 300000, script: 30000}, unhandledPromptBehavior: dismiss and notify, webauthn:extension:credBlob: true, webauthn:extension:largeBlob: true, webauthn:virtualAuthenticators: true}
Session ID: d33fe13c1b2c5470b099393576e39f7e
20:05:37  INFO  manager.MyListener - This is your screen with error -->src/test/screenshorts/screen337.png
