12:24:16  INFO  manager.ApplicationManager - All tests starts in 'FIREFOX' browser
12:24:17  INFO  tests.TestBase - Name of test ---> addNewContactSuccess
12:24:17  INFO  manager.MyListener - Start find element --->By.xpath: //button[text()='Sign Out']
12:24:22  INFO  manager.MyListener - The element with locator --->By.xpath: //button[text()='Sign Out']--->was found
12:24:22  INFO  manager.MyListener - Start find element --->By.xpath: //a[@href='/login']
12:24:22  INFO  manager.MyListener - The element with locator --->By.xpath: //a[@href='/login']--->was found
12:24:22  INFO  manager.MyListener - Start find element --->By.xpath: //input[1]
12:24:22  INFO  manager.MyListener - The element with locator --->By.xpath: //input[1]--->was found
12:24:23  INFO  manager.MyListener - Start find element --->By.xpath: //input[2]
12:24:23  INFO  manager.MyListener - The element with locator --->By.xpath: //input[2]--->was found
12:24:23  INFO  manager.MyListener - Start find element --->By.xpath: //button[text()=' Login']
12:24:23  INFO  manager.MyListener - The element with locator --->By.xpath: //button[text()=' Login']--->was found
12:24:23  INFO  manager.MyListener - Start find element --->By.cssSelector: .contact-item_card__2SOIM
12:24:24  INFO  manager.MyListener - The element with locator --->By.cssSelector: .contact-item_card__2SOIM--->was found
12:24:24  INFO  manager.MyListener - Start find element --->By.cssSelector: .contact-item_card__2SOIM
12:24:24  INFO  manager.MyListener - The element with locator --->By.cssSelector: .contact-item_card__2SOIM--->was found
12:24:24  INFO  tests.TestBase - The test 'Add new contact' start with count of contact in start --->5
12:24:24  INFO  tests.TestBase - The test 'Add new contact' start with data ---->Contact(name=Maya1464, lastName=Foot, phone=12345671464, email=maya1464@gmail.com, address=Tel-Aviv, description=friend)
12:24:24  INFO  manager.MyListener - Start find element --->By.xpath: //a[text()='ADD']
12:24:24  INFO  manager.MyListener - The element with locator --->By.xpath: //a[text()='ADD']--->was found
12:24:24  INFO  manager.MyListener - Start find element --->By.cssSelector: [placeholder='Name']
12:24:24  INFO  manager.MyListener - The element with locator --->By.cssSelector: [placeholder='Name']--->was found
12:24:25  INFO  manager.MyListener - Start find element --->By.cssSelector: [placeholder='Last Name']
12:24:25  INFO  manager.MyListener - The element with locator --->By.cssSelector: [placeholder='Last Name']--->was found
12:24:25  INFO  manager.MyListener - Start find element --->By.cssSelector: [placeholder='Phone']
12:24:25  INFO  manager.MyListener - The element with locator --->By.cssSelector: [placeholder='Phone']--->was found
12:24:25  INFO  manager.MyListener - Start find element --->By.cssSelector: [placeholder='email']
12:24:25  INFO  manager.MyListener - The element with locator --->By.cssSelector: [placeholder='email']--->was found
12:24:25  INFO  manager.MyListener - Start find element --->By.cssSelector: [placeholder='Address']
12:24:25  INFO  manager.MyListener - The element with locator --->By.cssSelector: [placeholder='Address']--->was found
12:24:26  INFO  manager.MyListener - Start find element --->By.cssSelector: [placeholder='description']
12:24:26  INFO  manager.MyListener - The element with locator --->By.cssSelector: [placeholder='description']--->was found
12:24:26  INFO  manager.MyListener - Start find element --->By.xpath: //button[contains(.,'Save')]
12:24:26  INFO  manager.MyListener - The element with locator --->By.xpath: //button[contains(.,'Save')]--->was found
12:24:26  INFO  manager.MyListener - Start find element --->By.cssSelector: .contact-item_card__2SOIM
12:24:26  INFO  manager.MyListener - The element with locator --->By.cssSelector: .contact-item_card__2SOIM--->was found
12:24:26  INFO  tests.TestBase - The test 'Add new contact' end with count of contact in the end --->6
12:24:26  INFO  manager.MyListener - Start find element --->By.cssSelector: h2
12:24:26  INFO  manager.MyListener - The element with locator --->By.cssSelector: h2--->was found
12:24:26  INFO  manager.MyListener - Start find element --->By.cssSelector: h3
12:24:26  INFO  manager.MyListener - The element with locator --->By.cssSelector: h3--->was found
12:24:27  INFO  tests.TestBase - Name of test ---> loginSuccessModel
12:24:27  INFO  manager.MyListener - Start find element --->By.xpath: //button[text()='Sign Out']
12:24:27  INFO  manager.MyListener - The element with locator --->By.xpath: //button[text()='Sign Out']--->was found
12:24:27  INFO  manager.MyListener - Start find element --->By.xpath: //button[text()='Sign Out']
12:24:27  INFO  manager.MyListener - The element with locator --->By.xpath: //button[text()='Sign Out']--->was found
12:24:27  INFO  tests.TestBase - Test starts with email [Tomy123456@mail.com], pessword[Qq123666$45]
12:24:27  INFO  manager.MyListener - Start find element --->By.xpath: //a[@href='/login']
12:24:27  INFO  manager.MyListener - The element with locator --->By.xpath: //a[@href='/login']--->was found
12:24:27  INFO  manager.MyListener - Start find element --->By.xpath: //input[1]
12:24:27  INFO  manager.MyListener - The element with locator --->By.xpath: //input[1]--->was found
12:24:27  INFO  manager.MyListener - Start find element --->By.xpath: //input[2]
12:24:27  INFO  manager.MyListener - The element with locator --->By.xpath: //input[2]--->was found
12:24:28  INFO  manager.MyListener - Start find element --->By.xpath: //button[text()=' Login']
12:24:28  INFO  manager.MyListener - The element with locator --->By.xpath: //button[text()=' Login']--->was found
12:24:28  INFO  manager.MyListener - Start find element --->By.xpath: //a[@href='/contacts']
12:24:28  INFO  manager.MyListener - The element with locator --->By.xpath: //a[@href='/contacts']--->was found
12:24:28  INFO  tests.TestBase - Name of test ---> loginSuccessModelDataProvider
12:24:28  INFO  manager.MyListener - Start find element --->By.xpath: //button[text()='Sign Out']
12:24:28  INFO  manager.MyListener - The element with locator --->By.xpath: //button[text()='Sign Out']--->was found
12:24:28  INFO  manager.MyListener - Start find element --->By.xpath: //button[text()='Sign Out']
12:24:28  INFO  manager.MyListener - The element with locator --->By.xpath: //button[text()='Sign Out']--->was found
12:24:29  INFO  tests.TestBase - Test user starts with data:User{email='Tomy123456@mail.com', password='Qq123666$45'}
12:24:29  INFO  manager.MyListener - Start find element --->By.xpath: //a[@href='/login']
12:24:29  INFO  manager.MyListener - The element with locator --->By.xpath: //a[@href='/login']--->was found
12:24:29  INFO  manager.MyListener - Start find element --->By.xpath: //input[1]
12:24:29  INFO  manager.MyListener - The element with locator --->By.xpath: //input[1]--->was found
12:24:29  INFO  manager.MyListener - Start find element --->By.xpath: //input[2]
12:24:29  INFO  manager.MyListener - The element with locator --->By.xpath: //input[2]--->was found
12:24:30  INFO  manager.MyListener - Start find element --->By.xpath: //button[text()=' Login']
12:24:30  INFO  manager.MyListener - The element with locator --->By.xpath: //button[text()=' Login']--->was found
12:24:30  INFO  manager.MyListener - Start find element --->By.xpath: //a[@href='/contacts']
12:24:30  INFO  manager.MyListener - The element with locator --->By.xpath: //a[@href='/contacts']--->was found
12:24:30  INFO  tests.TestBase - Name of test ---> loginSuccessModelDataProvider
12:24:30  INFO  manager.MyListener - Start find element --->By.xpath: //button[text()='Sign Out']
12:24:30  INFO  manager.MyListener - The element with locator --->By.xpath: //button[text()='Sign Out']--->was found
12:24:30  INFO  manager.MyListener - Start find element --->By.xpath: //button[text()='Sign Out']
12:24:30  INFO  manager.MyListener - The element with locator --->By.xpath: //button[text()='Sign Out']--->was found
12:24:30  INFO  tests.TestBase - Test user starts with data:User{email='Tomy123456@mail.com', password='Qq123666$45'}
12:24:30  INFO  manager.MyListener - Start find element --->By.xpath: //a[@href='/login']
12:24:30  INFO  manager.MyListener - The element with locator --->By.xpath: //a[@href='/login']--->was found
12:24:31  INFO  manager.MyListener - Start find element --->By.xpath: //input[1]
12:24:31  INFO  manager.MyListener - The element with locator --->By.xpath: //input[1]--->was found
12:24:31  INFO  manager.MyListener - Start find element --->By.xpath: //input[2]
12:24:31  INFO  manager.MyListener - The element with locator --->By.xpath: //input[2]--->was found
12:24:31  INFO  manager.MyListener - Start find element --->By.xpath: //button[text()=' Login']
12:24:31  INFO  manager.MyListener - The element with locator --->By.xpath: //button[text()=' Login']--->was found
12:24:32  INFO  manager.MyListener - Start find element --->By.xpath: //a[@href='/contacts']
12:24:32  INFO  manager.MyListener - The element with locator --->By.xpath: //a[@href='/contacts']--->was found
12:24:32  INFO  tests.TestBase - Name of test ---> loginSuccessModelDataProvider
12:24:32  INFO  manager.MyListener - Start find element --->By.xpath: //button[text()='Sign Out']
12:24:32  INFO  manager.MyListener - The element with locator --->By.xpath: //button[text()='Sign Out']--->was found
12:24:32  INFO  manager.MyListener - Start find element --->By.xpath: //button[text()='Sign Out']
12:24:32  INFO  manager.MyListener - The element with locator --->By.xpath: //button[text()='Sign Out']--->was found
12:24:32  INFO  tests.TestBase - Test user starts with data:User{email='Tomy123456@mail.com', password='Qq123666$45'}
12:24:32  INFO  manager.MyListener - Start find element --->By.xpath: //a[@href='/login']
12:24:32  INFO  manager.MyListener - The element with locator --->By.xpath: //a[@href='/login']--->was found
12:24:32  INFO  manager.MyListener - Start find element --->By.xpath: //input[1]
12:24:32  INFO  manager.MyListener - The element with locator --->By.xpath: //input[1]--->was found
12:24:33  INFO  manager.MyListener - Start find element --->By.xpath: //input[2]
12:24:33  INFO  manager.MyListener - The element with locator --->By.xpath: //input[2]--->was found
12:24:33  INFO  manager.MyListener - Start find element --->By.xpath: //button[text()=' Login']
12:24:33  INFO  manager.MyListener - The element with locator --->By.xpath: //button[text()=' Login']--->was found
12:24:33  INFO  manager.MyListener - Start find element --->By.xpath: //a[@href='/contacts']
12:24:34  INFO  manager.MyListener - The element with locator --->By.xpath: //a[@href='/contacts']--->was found
12:24:34  INFO  tests.TestBase - Name of test ---> loginSuccessTestDataProvider
12:24:34  INFO  manager.MyListener - Start find element --->By.xpath: //button[text()='Sign Out']
12:24:34  INFO  manager.MyListener - The element with locator --->By.xpath: //button[text()='Sign Out']--->was found
12:24:34  INFO  manager.MyListener - Start find element --->By.xpath: //button[text()='Sign Out']
12:24:34  INFO  manager.MyListener - The element with locator --->By.xpath: //button[text()='Sign Out']--->was found
12:24:34  INFO  tests.TestBase - Test starts with email Tomy123456@mail.com  && password Qq123666$45
12:24:34  INFO  manager.MyListener - Start find element --->By.xpath: //a[@href='/login']
12:24:34  INFO  manager.MyListener - The element with locator --->By.xpath: //a[@href='/login']--->was found
12:24:37  INFO  manager.MyListener - Start find element --->By.xpath: //input[1]
12:24:37  INFO  manager.MyListener - The element with locator --->By.xpath: //input[1]--->was found
12:24:37  INFO  manager.MyListener - Start find element --->By.xpath: //input[2]
12:24:37  INFO  manager.MyListener - The element with locator --->By.xpath: //input[2]--->was found
12:24:38  INFO  manager.MyListener - Start find element --->By.xpath: //button[text()=' Login']
12:24:38  INFO  manager.MyListener - The element with locator --->By.xpath: //button[text()=' Login']--->was found
12:24:38  INFO  manager.MyListener - Start find element --->By.xpath: //a[@href='/contacts']
12:24:38  INFO  manager.MyListener - The element with locator --->By.xpath: //a[@href='/contacts']--->was found
12:24:38  INFO  tests.TestBase - Name of test ---> loginSuccessTestDataProvider
12:24:38  INFO  manager.MyListener - Start find element --->By.xpath: //button[text()='Sign Out']
12:24:38  INFO  manager.MyListener - The element with locator --->By.xpath: //button[text()='Sign Out']--->was found
12:24:38  INFO  manager.MyListener - Start find element --->By.xpath: //button[text()='Sign Out']
12:24:38  INFO  manager.MyListener - The element with locator --->By.xpath: //button[text()='Sign Out']--->was found
12:24:38  INFO  tests.TestBase - Test starts with email Tomy123456@mail.com  && password Qq123666$45
12:24:38  INFO  manager.MyListener - Start find element --->By.xpath: //a[@href='/login']
12:24:38  INFO  manager.MyListener - The element with locator --->By.xpath: //a[@href='/login']--->was found
12:24:41  INFO  manager.MyListener - Start find element --->By.xpath: //input[1]
12:24:41  INFO  manager.MyListener - The element with locator --->By.xpath: //input[1]--->was found
12:24:42  INFO  manager.MyListener - Start find element --->By.xpath: //input[2]
12:24:42  INFO  manager.MyListener - The element with locator --->By.xpath: //input[2]--->was found
12:24:42  INFO  manager.MyListener - Start find element --->By.xpath: //button[text()=' Login']
12:24:42  INFO  manager.MyListener - The element with locator --->By.xpath: //button[text()=' Login']--->was found
12:24:43  INFO  manager.MyListener - Start find element --->By.xpath: //a[@href='/contacts']
12:24:43  INFO  manager.MyListener - The element with locator --->By.xpath: //a[@href='/contacts']--->was found
12:24:43  INFO  tests.TestBase - Name of test ---> loginSuccessTestDataProvider
12:24:43  INFO  manager.MyListener - Start find element --->By.xpath: //button[text()='Sign Out']
12:24:43  INFO  manager.MyListener - The element with locator --->By.xpath: //button[text()='Sign Out']--->was found
12:24:43  INFO  manager.MyListener - Start find element --->By.xpath: //button[text()='Sign Out']
12:24:43  INFO  manager.MyListener - The element with locator --->By.xpath: //button[text()='Sign Out']--->was found
12:24:43  INFO  tests.TestBase - Test starts with email elizabet123456@mail.com  && password El098765$
12:24:43  INFO  manager.MyListener - Start find element --->By.xpath: //a[@href='/login']
12:24:43  INFO  manager.MyListener - The element with locator --->By.xpath: //a[@href='/login']--->was found
12:24:46  INFO  manager.MyListener - Start find element --->By.xpath: //input[1]
12:24:46  INFO  manager.MyListener - The element with locator --->By.xpath: //input[1]--->was found
12:24:46  INFO  manager.MyListener - Start find element --->By.xpath: //input[2]
12:24:46  INFO  manager.MyListener - The element with locator --->By.xpath: //input[2]--->was found
12:24:47  INFO  manager.MyListener - Start find element --->By.xpath: //button[text()=' Login']
12:24:47  INFO  manager.MyListener - The element with locator --->By.xpath: //button[text()=' Login']--->was found
12:24:47  INFO  manager.MyListener - Start find element --->By.xpath: //a[@href='/contacts']
12:24:47  INFO  manager.MyListener - The element with locator --->By.xpath: //a[@href='/contacts']--->was found
12:24:47  INFO  tests.TestBase - Name of test ---> loginSuccessTestDataProviderCSV
12:24:47  INFO  manager.MyListener - Start find element --->By.xpath: //button[text()='Sign Out']
12:24:47  INFO  manager.MyListener - The element with locator --->By.xpath: //button[text()='Sign Out']--->was found
12:24:47  INFO  manager.MyListener - Start find element --->By.xpath: //button[text()='Sign Out']
12:24:47  INFO  manager.MyListener - The element with locator --->By.xpath: //button[text()='Sign Out']--->was found
12:24:47  INFO  tests.TestBase - Test starts with email Tomy123456@mail.com  && password Qq123666$45
12:24:47  INFO  manager.MyListener - Start find element --->By.xpath: //a[@href='/login']
12:24:47  INFO  manager.MyListener - The element with locator --->By.xpath: //a[@href='/login']--->was found
12:24:51  INFO  manager.MyListener - Start find element --->By.xpath: //input[1]
12:24:51  INFO  manager.MyListener - The element with locator --->By.xpath: //input[1]--->was found
12:24:51  INFO  manager.MyListener - Start find element --->By.xpath: //input[2]
12:24:51  INFO  manager.MyListener - The element with locator --->By.xpath: //input[2]--->was found
12:24:51  INFO  manager.MyListener - Start find element --->By.xpath: //button[text()=' Login']
12:24:51  INFO  manager.MyListener - The element with locator --->By.xpath: //button[text()=' Login']--->was found
12:24:51  INFO  manager.MyListener - Start find element --->By.xpath: //a[@href='/contacts']
12:24:51  INFO  manager.MyListener - The element with locator --->By.xpath: //a[@href='/contacts']--->was found
12:24:51  INFO  tests.TestBase - Name of test ---> loginSuccessTestDataProviderCSV
12:24:51  INFO  manager.MyListener - Start find element --->By.xpath: //button[text()='Sign Out']
12:24:51  INFO  manager.MyListener - The element with locator --->By.xpath: //button[text()='Sign Out']--->was found
12:24:51  INFO  manager.MyListener - Start find element --->By.xpath: //button[text()='Sign Out']
12:24:51  INFO  manager.MyListener - The element with locator --->By.xpath: //button[text()='Sign Out']--->was found
12:24:52  INFO  tests.TestBase - Test starts with email elizabet123456@mail.com  && password El098765$
12:24:52  INFO  manager.MyListener - Start find element --->By.xpath: //a[@href='/login']
12:24:52  INFO  manager.MyListener - The element with locator --->By.xpath: //a[@href='/login']--->was found
12:24:55  INFO  manager.MyListener - Start find element --->By.xpath: //input[1]
12:24:55  INFO  manager.MyListener - The element with locator --->By.xpath: //input[1]--->was found
12:24:55  INFO  manager.MyListener - Start find element --->By.xpath: //input[2]
12:24:55  INFO  manager.MyListener - The element with locator --->By.xpath: //input[2]--->was found
12:24:56  INFO  manager.MyListener - Start find element --->By.xpath: //button[text()=' Login']
12:24:56  INFO  manager.MyListener - The element with locator --->By.xpath: //button[text()=' Login']--->was found
12:24:56  INFO  manager.MyListener - Start find element --->By.xpath: //a[@href='/contacts']
12:24:56  INFO  manager.MyListener - The element with locator --->By.xpath: //a[@href='/contacts']--->was found
12:24:56  INFO  tests.TestBase - Name of test ---> registrationSuccess
12:24:56  INFO  manager.MyListener - Start find element --->By.xpath: //button[text()='Sign Out']
12:24:56  INFO  manager.MyListener - The element with locator --->By.xpath: //button[text()='Sign Out']--->was found
12:24:56  INFO  manager.MyListener - Start find element --->By.xpath: //button[text()='Sign Out']
12:24:56  INFO  manager.MyListener - The element with locator --->By.xpath: //button[text()='Sign Out']--->was found
12:24:56  INFO  manager.MyListener - Start find element --->By.xpath: //a[@href='/login']
12:24:56  INFO  manager.MyListener - The element with locator --->By.xpath: //a[@href='/login']--->was found
12:24:56  INFO  manager.MyListener - Start find element --->By.xpath: //input[1]
12:24:56  INFO  manager.MyListener - The element with locator --->By.xpath: //input[1]--->was found
12:24:57  INFO  manager.MyListener - Start find element --->By.xpath: //input[2]
12:24:57  INFO  manager.MyListener - The element with locator --->By.xpath: //input[2]--->was found
12:24:57  INFO  manager.MyListener - Start find element --->By.xpath: //button[text()=' Registration']
12:24:57  INFO  manager.MyListener - The element with locator --->By.xpath: //button[text()=' Registration']--->was found
12:24:57  INFO  manager.MyListener - Start find element --->By.cssSelector: h2
12:24:57  INFO  manager.MyListener - The element with locator --->By.cssSelector: h2--->was found
12:24:57  INFO  tests.TestBase - Name of test ---> registrationSuccessModel
12:24:57  INFO  manager.MyListener - Start find element --->By.xpath: //button[text()='Sign Out']
12:24:57  INFO  manager.MyListener - The element with locator --->By.xpath: //button[text()='Sign Out']--->was found
12:24:57  INFO  manager.MyListener - Start find element --->By.xpath: //button[text()='Sign Out']
12:24:57  INFO  manager.MyListener - The element with locator --->By.xpath: //button[text()='Sign Out']--->was found
12:24:58  INFO  manager.MyListener - Start find element --->By.xpath: //a[@href='/login']
12:24:58  INFO  manager.MyListener - The element with locator --->By.xpath: //a[@href='/login']--->was found
12:24:58  INFO  manager.MyListener - Start find element --->By.xpath: //input[1]
12:24:58  INFO  manager.MyListener - The element with locator --->By.xpath: //input[1]--->was found
12:24:58  INFO  manager.MyListener - Start find element --->By.xpath: //input[2]
12:24:58  INFO  manager.MyListener - The element with locator --->By.xpath: //input[2]--->was found
12:24:59  INFO  manager.MyListener - Start find element --->By.xpath: //button[text()=' Registration']
12:24:59  INFO  manager.MyListener - The element with locator --->By.xpath: //button[text()=' Registration']--->was found
12:24:59  INFO  tests.TestBase - User register with dataUser{email='maya1498@mail.com', password='Ma098765$'}
12:24:59  INFO  manager.MyListener - Start find element --->By.cssSelector: h2
12:24:59  INFO  manager.MyListener - The element with locator --->By.cssSelector: h2--->was found
12:24:59  INFO  tests.TestBase - Name of test ---> removeAllContactTest
12:24:59  INFO  manager.MyListener - Start find element --->By.xpath: //button[text()='Sign Out']
12:24:59  INFO  manager.MyListener - The element with locator --->By.xpath: //button[text()='Sign Out']--->was found
12:24:59  INFO  manager.MyListener - Start find element --->By.cssSelector: .contact-item_card__2SOIM
12:25:04  INFO  manager.MyListener - The element with locator --->By.cssSelector: .contact-item_card__2SOIM--->was found
12:25:04  INFO  manager.MyListener - Start find element --->By.xpath: //a[text()='ADD']
12:25:04  INFO  manager.MyListener - The element with locator --->By.xpath: //a[text()='ADD']--->was found
12:25:04  INFO  manager.MyListener - Start find element --->By.cssSelector: [placeholder='Name']
12:25:04  INFO  manager.MyListener - The element with locator --->By.cssSelector: [placeholder='Name']--->was found
12:25:04  INFO  manager.MyListener - Start find element --->By.cssSelector: [placeholder='Last Name']
12:25:04  INFO  manager.MyListener - The element with locator --->By.cssSelector: [placeholder='Last Name']--->was found
12:25:05  INFO  manager.MyListener - Start find element --->By.cssSelector: [placeholder='Phone']
12:25:05  INFO  manager.MyListener - The element with locator --->By.cssSelector: [placeholder='Phone']--->was found
12:25:05  INFO  manager.MyListener - Start find element --->By.cssSelector: [placeholder='email']
12:25:05  INFO  manager.MyListener - The element with locator --->By.cssSelector: [placeholder='email']--->was found
12:25:05  INFO  manager.MyListener - Start find element --->By.cssSelector: [placeholder='Address']
12:25:05  INFO  manager.MyListener - The element with locator --->By.cssSelector: [placeholder='Address']--->was found
12:25:06  INFO  manager.MyListener - Start find element --->By.cssSelector: [placeholder='description']
12:25:06  INFO  manager.MyListener - The element with locator --->By.cssSelector: [placeholder='description']--->was found
12:25:06  INFO  manager.MyListener - Start find element --->By.xpath: //button[contains(.,'Save')]
12:25:06  INFO  manager.MyListener - The element with locator --->By.xpath: //button[contains(.,'Save')]--->was found
12:25:07  INFO  manager.MyListener - Start find element --->By.xpath: //a[text()='ADD']
12:25:07  INFO  manager.MyListener - The element with locator --->By.xpath: //a[text()='ADD']--->was found
12:25:07  INFO  manager.MyListener - Start find element --->By.cssSelector: [placeholder='Name']
12:25:07  INFO  manager.MyListener - The element with locator --->By.cssSelector: [placeholder='Name']--->was found
12:25:08  INFO  manager.MyListener - Start find element --->By.cssSelector: [placeholder='Last Name']
12:25:08  INFO  manager.MyListener - The element with locator --->By.cssSelector: [placeholder='Last Name']--->was found
12:25:08  INFO  manager.MyListener - Start find element --->By.cssSelector: [placeholder='Phone']
12:25:08  INFO  manager.MyListener - The element with locator --->By.cssSelector: [placeholder='Phone']--->was found
12:25:08  INFO  manager.MyListener - Start find element --->By.cssSelector: [placeholder='email']
12:25:08  INFO  manager.MyListener - The element with locator --->By.cssSelector: [placeholder='email']--->was found
12:25:09  INFO  manager.MyListener - Start find element --->By.cssSelector: [placeholder='Address']
12:25:09  INFO  manager.MyListener - The element with locator --->By.cssSelector: [placeholder='Address']--->was found
12:25:09  INFO  manager.MyListener - Start find element --->By.cssSelector: [placeholder='description']
12:25:09  INFO  manager.MyListener - The element with locator --->By.cssSelector: [placeholder='description']--->was found
12:25:09  INFO  manager.MyListener - Start find element --->By.xpath: //button[contains(.,'Save')]
12:25:09  INFO  manager.MyListener - The element with locator --->By.xpath: //button[contains(.,'Save')]--->was found
12:25:10  INFO  manager.MyListener - Start find element --->By.xpath: //a[text()='ADD']
12:25:10  INFO  manager.MyListener - The element with locator --->By.xpath: //a[text()='ADD']--->was found
12:25:11  INFO  manager.MyListener - Start find element --->By.cssSelector: [placeholder='Name']
12:25:11  INFO  manager.MyListener - The element with locator --->By.cssSelector: [placeholder='Name']--->was found
12:25:11  INFO  manager.MyListener - Start find element --->By.cssSelector: [placeholder='Last Name']
12:25:11  INFO  manager.MyListener - The element with locator --->By.cssSelector: [placeholder='Last Name']--->was found
12:25:11  INFO  manager.MyListener - Start find element --->By.cssSelector: [placeholder='Phone']
12:25:11  INFO  manager.MyListener - The element with locator --->By.cssSelector: [placeholder='Phone']--->was found
12:25:12  INFO  manager.MyListener - Start find element --->By.cssSelector: [placeholder='email']
12:25:12  INFO  manager.MyListener - The element with locator --->By.cssSelector: [placeholder='email']--->was found
12:25:12  INFO  manager.MyListener - Start find element --->By.cssSelector: [placeholder='Address']
12:25:12  INFO  manager.MyListener - The element with locator --->By.cssSelector: [placeholder='Address']--->was found
12:25:12  INFO  manager.MyListener - Start find element --->By.cssSelector: [placeholder='description']
12:25:12  INFO  manager.MyListener - The element with locator --->By.cssSelector: [placeholder='description']--->was found
12:25:12  INFO  manager.MyListener - Start find element --->By.xpath: //button[contains(.,'Save')]
12:25:12  INFO  manager.MyListener - The element with locator --->By.xpath: //button[contains(.,'Save')]--->was found
12:25:14  INFO  manager.MyListener - Start find element --->By.cssSelector: .contact-item_card__2SOIM
12:25:14  INFO  manager.MyListener - The element with locator --->By.cssSelector: .contact-item_card__2SOIM--->was found
12:25:14  INFO  manager.MyListener - Start find element --->By.cssSelector: .contact-item_card__2SOIM
12:25:14  INFO  manager.MyListener - The element with locator --->By.cssSelector: .contact-item_card__2SOIM--->was found
12:25:14  INFO  manager.HelperBase - Before remove 'One contact tests' count was --->3
12:25:14  INFO  manager.MyListener - Start find element --->By.cssSelector: .contact-item_card__2SOIM
12:25:14  INFO  manager.MyListener - The element with locator --->By.cssSelector: .contact-item_card__2SOIM--->was found
12:25:14  INFO  manager.MyListener - Start find element --->By.cssSelector: .contact-item_card__2SOIM h3
12:25:14  INFO  manager.MyListener - The element with locator --->By.cssSelector: .contact-item_card__2SOIM h3--->was found
12:25:14  INFO  manager.HelperBase - The phone number of removed contact was -->121201504
12:25:14  INFO  manager.MyListener - Start find element --->By.cssSelector: .contact-item_card__2SOIM
12:25:14  INFO  manager.MyListener - The element with locator --->By.cssSelector: .contact-item_card__2SOIM--->was found
12:25:14  INFO  manager.MyListener - Start find element --->By.xpath: //button[text()='Remove']
12:25:14  INFO  manager.MyListener - The element with locator --->By.xpath: //button[text()='Remove']--->was found
12:25:15  INFO  manager.MyListener - Start find element --->By.cssSelector: .contact-item_card__2SOIM
12:25:15  INFO  manager.MyListener - The element with locator --->By.cssSelector: .contact-item_card__2SOIM--->was found
12:25:15  INFO  manager.HelperBase - After remove one contact the count is --->2
12:25:15  INFO  manager.MyListener - Start find element --->By.cssSelector: .contact-item_card__2SOIM
12:25:15  INFO  manager.MyListener - The element with locator --->By.cssSelector: .contact-item_card__2SOIM--->was found
12:25:15  INFO  manager.MyListener - Start find element --->By.cssSelector: .contact-item_card__2SOIM
12:25:15  INFO  manager.MyListener - The element with locator --->By.cssSelector: .contact-item_card__2SOIM--->was found
12:25:15  INFO  manager.HelperBase - Before remove 'One contact tests' count was --->2
12:25:15  INFO  manager.MyListener - Start find element --->By.cssSelector: .contact-item_card__2SOIM
12:25:15  INFO  manager.MyListener - The element with locator --->By.cssSelector: .contact-item_card__2SOIM--->was found
12:25:15  INFO  manager.MyListener - Start find element --->By.cssSelector: .contact-item_card__2SOIM h3
12:25:15  INFO  manager.MyListener - The element with locator --->By.cssSelector: .contact-item_card__2SOIM h3--->was found
12:25:15  INFO  manager.HelperBase - The phone number of removed contact was -->121211504
12:25:15  INFO  manager.MyListener - Start find element --->By.cssSelector: .contact-item_card__2SOIM
12:25:15  INFO  manager.MyListener - The element with locator --->By.cssSelector: .contact-item_card__2SOIM--->was found
12:25:15  INFO  manager.MyListener - Start find element --->By.xpath: //button[text()='Remove']
12:25:15  INFO  manager.MyListener - The element with locator --->By.xpath: //button[text()='Remove']--->was found
12:25:16  INFO  manager.MyListener - Start find element --->By.cssSelector: .contact-item_card__2SOIM
12:25:16  INFO  manager.MyListener - The element with locator --->By.cssSelector: .contact-item_card__2SOIM--->was found
12:25:16  INFO  manager.HelperBase - After remove one contact the count is --->1
12:25:16  INFO  manager.MyListener - Start find element --->By.cssSelector: .contact-item_card__2SOIM
12:25:16  INFO  manager.MyListener - The element with locator --->By.cssSelector: .contact-item_card__2SOIM--->was found
12:25:16  INFO  manager.MyListener - Start find element --->By.cssSelector: .contact-item_card__2SOIM
12:25:16  INFO  manager.MyListener - The element with locator --->By.cssSelector: .contact-item_card__2SOIM--->was found
12:25:16  INFO  manager.HelperBase - Before remove 'One contact tests' count was --->1
12:25:16  INFO  manager.MyListener - Start find element --->By.cssSelector: .contact-item_card__2SOIM
12:25:16  INFO  manager.MyListener - The element with locator --->By.cssSelector: .contact-item_card__2SOIM--->was found
12:25:16  INFO  manager.MyListener - Start find element --->By.cssSelector: .contact-item_card__2SOIM h3
12:25:16  INFO  manager.MyListener - The element with locator --->By.cssSelector: .contact-item_card__2SOIM h3--->was found
12:25:16  INFO  manager.HelperBase - The phone number of removed contact was -->121221504
12:25:16  INFO  manager.MyListener - Start find element --->By.cssSelector: .contact-item_card__2SOIM
12:25:16  INFO  manager.MyListener - The element with locator --->By.cssSelector: .contact-item_card__2SOIM--->was found
12:25:16  INFO  manager.MyListener - Start find element --->By.xpath: //button[text()='Remove']
12:25:16  INFO  manager.MyListener - The element with locator --->By.xpath: //button[text()='Remove']--->was found
12:25:17  INFO  manager.MyListener - Start find element --->By.cssSelector: .contact-item_card__2SOIM
12:25:22  INFO  manager.MyListener - The element with locator --->By.cssSelector: .contact-item_card__2SOIM--->was found
12:25:22  INFO  manager.HelperBase - After remove one contact the count is --->0
12:25:22  INFO  manager.MyListener - Start find element --->By.cssSelector: .contact-item_card__2SOIM
12:25:27  INFO  manager.MyListener - The element with locator --->By.cssSelector: .contact-item_card__2SOIM--->was found
12:25:27  INFO  manager.MyListener - Start find element --->By.cssSelector: .contact-item_card__2SOIM
12:25:32  INFO  manager.MyListener - The element with locator --->By.cssSelector: .contact-item_card__2SOIM--->was found
12:25:32  INFO  tests.TestBase - Name of test ---> removeOneContact
12:25:32  INFO  manager.MyListener - Start find element --->By.xpath: //button[text()='Sign Out']
12:25:32  INFO  manager.MyListener - The element with locator --->By.xpath: //button[text()='Sign Out']--->was found
12:25:32  INFO  manager.MyListener - Start find element --->By.cssSelector: .contact-item_card__2SOIM
12:25:37  INFO  manager.MyListener - The element with locator --->By.cssSelector: .contact-item_card__2SOIM--->was found
12:25:37  INFO  manager.MyListener - Start find element --->By.xpath: //a[text()='ADD']
12:25:37  INFO  manager.MyListener - The element with locator --->By.xpath: //a[text()='ADD']--->was found
12:25:37  INFO  manager.MyListener - Start find element --->By.cssSelector: [placeholder='Name']
12:25:37  INFO  manager.MyListener - The element with locator --->By.cssSelector: [placeholder='Name']--->was found
12:25:38  INFO  manager.MyListener - Start find element --->By.cssSelector: [placeholder='Last Name']
12:25:38  INFO  manager.MyListener - The element with locator --->By.cssSelector: [placeholder='Last Name']--->was found
12:25:38  INFO  manager.MyListener - Start find element --->By.cssSelector: [placeholder='Phone']
12:25:38  INFO  manager.MyListener - The element with locator --->By.cssSelector: [placeholder='Phone']--->was found
12:25:38  INFO  manager.MyListener - Start find element --->By.cssSelector: [placeholder='email']
12:25:38  INFO  manager.MyListener - The element with locator --->By.cssSelector: [placeholder='email']--->was found
12:25:39  INFO  manager.MyListener - Start find element --->By.cssSelector: [placeholder='Address']
12:25:39  INFO  manager.MyListener - The element with locator --->By.cssSelector: [placeholder='Address']--->was found
12:25:39  INFO  manager.MyListener - Start find element --->By.cssSelector: [placeholder='description']
12:25:39  INFO  manager.MyListener - The element with locator --->By.cssSelector: [placeholder='description']--->was found
12:25:39  INFO  manager.MyListener - Start find element --->By.xpath: //button[contains(.,'Save')]
12:25:39  INFO  manager.MyListener - The element with locator --->By.xpath: //button[contains(.,'Save')]--->was found
12:25:40  INFO  manager.MyListener - Start find element --->By.xpath: //a[text()='ADD']
12:25:40  INFO  manager.MyListener - The element with locator --->By.xpath: //a[text()='ADD']--->was found
12:25:41  INFO  manager.MyListener - Start find element --->By.cssSelector: [placeholder='Name']
12:25:41  INFO  manager.MyListener - The element with locator --->By.cssSelector: [placeholder='Name']--->was found
12:25:41  INFO  manager.MyListener - Start find element --->By.cssSelector: [placeholder='Last Name']
12:25:41  INFO  manager.MyListener - The element with locator --->By.cssSelector: [placeholder='Last Name']--->was found
12:25:41  INFO  manager.MyListener - Start find element --->By.cssSelector: [placeholder='Phone']
12:25:41  INFO  manager.MyListener - The element with locator --->By.cssSelector: [placeholder='Phone']--->was found
12:25:42  INFO  manager.MyListener - Start find element --->By.cssSelector: [placeholder='email']
12:25:42  INFO  manager.MyListener - The element with locator --->By.cssSelector: [placeholder='email']--->was found
12:25:42  INFO  manager.MyListener - Start find element --->By.cssSelector: [placeholder='Address']
12:25:42  INFO  manager.MyListener - The element with locator --->By.cssSelector: [placeholder='Address']--->was found
12:25:42  INFO  manager.MyListener - Start find element --->By.cssSelector: [placeholder='description']
12:25:42  INFO  manager.MyListener - The element with locator --->By.cssSelector: [placeholder='description']--->was found
12:25:42  INFO  manager.MyListener - Start find element --->By.xpath: //button[contains(.,'Save')]
12:25:42  INFO  manager.MyListener - The element with locator --->By.xpath: //button[contains(.,'Save')]--->was found
12:25:44  INFO  manager.MyListener - Start find element --->By.xpath: //a[text()='ADD']
12:25:44  INFO  manager.MyListener - The element with locator --->By.xpath: //a[text()='ADD']--->was found
12:25:44  INFO  manager.MyListener - Start find element --->By.cssSelector: [placeholder='Name']
12:25:44  INFO  manager.MyListener - The element with locator --->By.cssSelector: [placeholder='Name']--->was found
12:25:44  INFO  manager.MyListener - Start find element --->By.cssSelector: [placeholder='Last Name']
12:25:44  INFO  manager.MyListener - The element with locator --->By.cssSelector: [placeholder='Last Name']--->was found
12:25:45  INFO  manager.MyListener - Start find element --->By.cssSelector: [placeholder='Phone']
12:25:45  INFO  manager.MyListener - The element with locator --->By.cssSelector: [placeholder='Phone']--->was found
12:25:45  INFO  manager.MyListener - Start find element --->By.cssSelector: [placeholder='email']
12:25:45  INFO  manager.MyListener - The element with locator --->By.cssSelector: [placeholder='email']--->was found
12:25:45  INFO  manager.MyListener - Start find element --->By.cssSelector: [placeholder='Address']
12:25:45  INFO  manager.MyListener - The element with locator --->By.cssSelector: [placeholder='Address']--->was found
12:25:45  INFO  manager.MyListener - Start find element --->By.cssSelector: [placeholder='description']
12:25:45  INFO  manager.MyListener - The element with locator --->By.cssSelector: [placeholder='description']--->was found
12:25:46  INFO  manager.MyListener - Start find element --->By.xpath: //button[contains(.,'Save')]
12:25:46  INFO  manager.MyListener - The element with locator --->By.xpath: //button[contains(.,'Save')]--->was found
12:25:47  INFO  manager.MyListener - Start find element --->By.cssSelector: .contact-item_card__2SOIM
12:25:47  INFO  manager.MyListener - The element with locator --->By.cssSelector: .contact-item_card__2SOIM--->was found
12:25:47  INFO  manager.MyListener - Start find element --->By.xpath: //button[.='Remove']
12:25:47  INFO  manager.MyListener - The element with locator --->By.xpath: //button[.='Remove']--->was found
12:25:47  INFO  tests.TestBase - Name of test ---> removeOneContactCount
12:25:47  INFO  manager.MyListener - Start find element --->By.xpath: //button[text()='Sign Out']
12:25:47  INFO  manager.MyListener - The element with locator --->By.xpath: //button[text()='Sign Out']--->was found
12:25:47  INFO  manager.MyListener - Start find element --->By.cssSelector: .contact-item_card__2SOIM
12:25:47  INFO  manager.MyListener - The element with locator --->By.cssSelector: .contact-item_card__2SOIM--->was found
12:25:47  INFO  manager.MyListener - Start find element --->By.cssSelector: .contact-item_card__2SOIM
12:25:47  INFO  manager.MyListener - The element with locator --->By.cssSelector: .contact-item_card__2SOIM--->was found
12:25:47  INFO  manager.HelperBase - Before remove 'One contact tests' count was --->3
12:25:47  INFO  manager.MyListener - Start find element --->By.cssSelector: .contact-item_card__2SOIM
12:25:47  INFO  manager.MyListener - The element with locator --->By.cssSelector: .contact-item_card__2SOIM--->was found
12:25:47  INFO  manager.MyListener - Start find element --->By.cssSelector: .contact-item_card__2SOIM h3
12:25:47  INFO  manager.MyListener - The element with locator --->By.cssSelector: .contact-item_card__2SOIM h3--->was found
12:25:48  INFO  manager.HelperBase - The phone number of removed contact was -->121201537
12:25:48  INFO  manager.MyListener - Start find element --->By.cssSelector: .contact-item_card__2SOIM
12:25:48  INFO  manager.MyListener - The element with locator --->By.cssSelector: .contact-item_card__2SOIM--->was found
12:25:48  INFO  manager.MyListener - Start find element --->By.xpath: //button[text()='Remove']
12:25:48  INFO  manager.MyListener - The element with locator --->By.xpath: //button[text()='Remove']--->was found
12:25:48  INFO  manager.MyListener - Start find element --->By.cssSelector: .contact-item_card__2SOIM
12:25:49  INFO  manager.MyListener - The element with locator --->By.cssSelector: .contact-item_card__2SOIM--->was found
12:25:49  INFO  manager.HelperBase - After remove one contact the count is --->1
