17:38:19  INFO  manager.ApplicationManager - All tests starts in 'Chrom' browser
17:38:20  INFO  tests.TestBase - Name of test ---> loginSuccessModel
17:38:20  INFO  manager.MyListener - Start find element --->By.xpath: //button[text()='Sign Out']
17:38:25  INFO  manager.MyListener - The element with locator --->By.xpath: //button[text()='Sign Out']--->was found
17:38:25  INFO  tests.TestBase - Test starts with email [Tomy123456@mail.com], pessword[Qq123666$45]
17:38:25  INFO  manager.MyListener - Start find element --->By.xpath: //a[@href='/login']
17:38:25  INFO  manager.MyListener - The element with locator --->By.xpath: //a[@href='/login']--->was found
17:38:25  INFO  manager.MyListener - Start find element --->By.xpath: //input[1]
17:38:25  INFO  manager.MyListener - The element with locator --->By.xpath: //input[1]--->was found
17:38:25  INFO  manager.MyListener - Start find element --->By.xpath: //input[2]
17:38:25  INFO  manager.MyListener - The element with locator --->By.xpath: //input[2]--->was found
17:38:25  INFO  manager.MyListener - Start find element --->By.xpath: //button[text()=' Login']
17:38:25  INFO  manager.MyListener - The element with locator --->By.xpath: //button[text()=' Login']--->was found
17:38:26  INFO  manager.MyListener - Start find element --->By.xpath: //a[@href='/contacts']
17:38:26  INFO  manager.MyListener - The element with locator --->By.xpath: //a[@href='/contacts']--->was found
17:38:26  INFO  tests.TestBase - Name of test ---> loginSuccessModelDataProvider
17:38:26  INFO  manager.MyListener - Start find element --->By.xpath: //button[text()='Sign Out']
17:38:26  INFO  manager.MyListener - The element with locator --->By.xpath: //button[text()='Sign Out']--->was found
17:38:26  INFO  manager.MyListener - Start find element --->By.xpath: //button[text()='Sign Out']
17:38:26  INFO  manager.MyListener - The element with locator --->By.xpath: //button[text()='Sign Out']--->was found
17:38:26  INFO  tests.TestBase - Test user starts with data:User{email='Tomy123456@mail.com', password='Qq123666$45'}
17:38:26  INFO  manager.MyListener - Start find element --->By.xpath: //a[@href='/login']
17:38:26  INFO  manager.MyListener - The element with locator --->By.xpath: //a[@href='/login']--->was found
17:38:26  INFO  manager.MyListener - Start find element --->By.xpath: //input[1]
17:38:26  INFO  manager.MyListener - The element with locator --->By.xpath: //input[1]--->was found
17:38:26  INFO  manager.MyListener - Start find element --->By.xpath: //input[2]
17:38:26  INFO  manager.MyListener - The element with locator --->By.xpath: //input[2]--->was found
17:38:26  INFO  manager.MyListener - Start find element --->By.xpath: //button[text()=' Login']
17:38:26  INFO  manager.MyListener - The element with locator --->By.xpath: //button[text()=' Login']--->was found
17:38:27  INFO  manager.MyListener - Start find element --->By.xpath: //a[@href='/contacts']
17:38:27  INFO  manager.MyListener - The element with locator --->By.xpath: //a[@href='/contacts']--->was found
17:38:27  INFO  tests.TestBase - Name of test ---> loginSuccessModelDataProvider
17:38:27  INFO  manager.MyListener - Start find element --->By.xpath: //button[text()='Sign Out']
17:38:27  INFO  manager.MyListener - The element with locator --->By.xpath: //button[text()='Sign Out']--->was found
17:38:27  INFO  manager.MyListener - Start find element --->By.xpath: //button[text()='Sign Out']
17:38:27  INFO  manager.MyListener - The element with locator --->By.xpath: //button[text()='Sign Out']--->was found
17:38:27  INFO  tests.TestBase - Test user starts with data:User{email='Tomy123456@mail.com', password='Qq123666$45'}
17:38:27  INFO  manager.MyListener - Start find element --->By.xpath: //a[@href='/login']
17:38:27  INFO  manager.MyListener - The element with locator --->By.xpath: //a[@href='/login']--->was found
17:38:27  INFO  manager.MyListener - Start find element --->By.xpath: //input[1]
17:38:27  INFO  manager.MyListener - The element with locator --->By.xpath: //input[1]--->was found
17:38:27  INFO  manager.MyListener - Start find element --->By.xpath: //input[2]
17:38:27  INFO  manager.MyListener - The element with locator --->By.xpath: //input[2]--->was found
17:38:27  INFO  manager.MyListener - Start find element --->By.xpath: //button[text()=' Login']
17:38:27  INFO  manager.MyListener - The element with locator --->By.xpath: //button[text()=' Login']--->was found
17:38:28  INFO  manager.MyListener - Start find element --->By.xpath: //a[@href='/contacts']
17:38:28  INFO  manager.MyListener - The element with locator --->By.xpath: //a[@href='/contacts']--->was found
17:38:28  INFO  tests.TestBase - Name of test ---> loginSuccessModelDataProvider
17:38:28  INFO  manager.MyListener - Start find element --->By.xpath: //button[text()='Sign Out']
17:38:28  INFO  manager.MyListener - The element with locator --->By.xpath: //button[text()='Sign Out']--->was found
17:38:28  INFO  manager.MyListener - Start find element --->By.xpath: //button[text()='Sign Out']
17:38:28  INFO  manager.MyListener - The element with locator --->By.xpath: //button[text()='Sign Out']--->was found
17:38:28  INFO  tests.TestBase - Test user starts with data:User{email='Tomy123456@mail.com', password='Qq123666$45'}
17:38:28  INFO  manager.MyListener - Start find element --->By.xpath: //a[@href='/login']
17:38:28  INFO  manager.MyListener - The element with locator --->By.xpath: //a[@href='/login']--->was found
17:38:28  INFO  manager.MyListener - Start find element --->By.xpath: //input[1]
17:38:28  INFO  manager.MyListener - The element with locator --->By.xpath: //input[1]--->was found
17:38:28  INFO  manager.MyListener - Start find element --->By.xpath: //input[2]
17:38:28  INFO  manager.MyListener - The element with locator --->By.xpath: //input[2]--->was found
17:38:28  INFO  manager.MyListener - Start find element --->By.xpath: //button[text()=' Login']
17:38:28  INFO  manager.MyListener - The element with locator --->By.xpath: //button[text()=' Login']--->was found
17:38:29  INFO  manager.MyListener - Start find element --->By.xpath: //a[@href='/contacts']
17:38:29  INFO  manager.MyListener - The element with locator --->By.xpath: //a[@href='/contacts']--->was found
17:38:29  INFO  tests.TestBase - Name of test ---> loginSuccessTestDataProvider
17:38:29  INFO  manager.MyListener - Start find element --->By.xpath: //button[text()='Sign Out']
17:38:29  INFO  manager.MyListener - The element with locator --->By.xpath: //button[text()='Sign Out']--->was found
17:38:29  INFO  manager.MyListener - Start find element --->By.xpath: //button[text()='Sign Out']
17:38:29  INFO  manager.MyListener - The element with locator --->By.xpath: //button[text()='Sign Out']--->was found
17:38:29  INFO  tests.TestBase - Test starts with email Tomy123456@mail.com  && password Qq123666$45
17:38:29  INFO  manager.MyListener - Start find element --->By.xpath: //a[@href='/login']
17:38:29  INFO  manager.MyListener - The element with locator --->By.xpath: //a[@href='/login']--->was found
17:38:32  INFO  manager.MyListener - Start find element --->By.xpath: //input[1]
17:38:32  INFO  manager.MyListener - The element with locator --->By.xpath: //input[1]--->was found
17:38:32  INFO  manager.MyListener - Start find element --->By.xpath: //input[2]
17:38:32  INFO  manager.MyListener - The element with locator --->By.xpath: //input[2]--->was found
17:38:32  INFO  manager.MyListener - Start find element --->By.xpath: //button[text()=' Login']
17:38:32  INFO  manager.MyListener - The element with locator --->By.xpath: //button[text()=' Login']--->was found
17:38:32  INFO  manager.MyListener - Start find element --->By.xpath: //a[@href='/contacts']
17:38:33  INFO  manager.MyListener - The element with locator --->By.xpath: //a[@href='/contacts']--->was found
17:38:33  INFO  tests.TestBase - Name of test ---> loginSuccessTestDataProvider
17:38:33  INFO  manager.MyListener - Start find element --->By.xpath: //button[text()='Sign Out']
17:38:33  INFO  manager.MyListener - The element with locator --->By.xpath: //button[text()='Sign Out']--->was found
17:38:33  INFO  manager.MyListener - Start find element --->By.xpath: //button[text()='Sign Out']
17:38:33  INFO  manager.MyListener - The element with locator --->By.xpath: //button[text()='Sign Out']--->was found
17:38:33  INFO  tests.TestBase - Test starts with email Tomy123456@mail.com  && password Qq123666$45
17:38:33  INFO  manager.MyListener - Start find element --->By.xpath: //a[@href='/login']
17:38:33  INFO  manager.MyListener - The element with locator --->By.xpath: //a[@href='/login']--->was found
17:38:36  INFO  manager.MyListener - Start find element --->By.xpath: //input[1]
17:38:36  INFO  manager.MyListener - The element with locator --->By.xpath: //input[1]--->was found
17:38:36  INFO  manager.MyListener - Start find element --->By.xpath: //input[2]
17:38:36  INFO  manager.MyListener - The element with locator --->By.xpath: //input[2]--->was found
17:38:36  INFO  manager.MyListener - Start find element --->By.xpath: //button[text()=' Login']
17:38:36  INFO  manager.MyListener - The element with locator --->By.xpath: //button[text()=' Login']--->was found
17:38:36  INFO  manager.MyListener - Start find element --->By.xpath: //a[@href='/contacts']
17:38:36  INFO  manager.MyListener - The element with locator --->By.xpath: //a[@href='/contacts']--->was found
17:38:36  INFO  tests.TestBase - Name of test ---> loginSuccessTestDataProvider
17:38:36  INFO  manager.MyListener - Start find element --->By.xpath: //button[text()='Sign Out']
17:38:36  INFO  manager.MyListener - The element with locator --->By.xpath: //button[text()='Sign Out']--->was found
17:38:36  INFO  manager.MyListener - Start find element --->By.xpath: //button[text()='Sign Out']
17:38:36  INFO  manager.MyListener - The element with locator --->By.xpath: //button[text()='Sign Out']--->was found
17:38:36  INFO  tests.TestBase - Test starts with email elizabet123456@mail.com  && password El098765$
17:38:36  INFO  manager.MyListener - Start find element --->By.xpath: //a[@href='/login']
17:38:36  INFO  manager.MyListener - The element with locator --->By.xpath: //a[@href='/login']--->was found
17:38:39  INFO  manager.MyListener - Start find element --->By.xpath: //input[1]
17:38:39  INFO  manager.MyListener - The element with locator --->By.xpath: //input[1]--->was found
17:38:40  INFO  manager.MyListener - Start find element --->By.xpath: //input[2]
17:38:40  INFO  manager.MyListener - The element with locator --->By.xpath: //input[2]--->was found
17:38:40  INFO  manager.MyListener - Start find element --->By.xpath: //button[text()=' Login']
17:38:40  INFO  manager.MyListener - The element with locator --->By.xpath: //button[text()=' Login']--->was found
17:38:40  INFO  manager.MyListener - Start find element --->By.xpath: //a[@href='/contacts']
17:38:40  INFO  manager.MyListener - The element with locator --->By.xpath: //a[@href='/contacts']--->was found
17:38:40  INFO  tests.TestBase - Name of test ---> loginSuccessTestDataProviderCSV
17:38:40  INFO  manager.MyListener - Start find element --->By.xpath: //button[text()='Sign Out']
17:38:40  INFO  manager.MyListener - The element with locator --->By.xpath: //button[text()='Sign Out']--->was found
17:38:40  INFO  manager.MyListener - Start find element --->By.xpath: //button[text()='Sign Out']
17:38:40  INFO  manager.MyListener - The element with locator --->By.xpath: //button[text()='Sign Out']--->was found
17:38:40  INFO  tests.TestBase - Test starts with email Tomy123456@mail.com  && password Qq123666$45
17:38:40  INFO  manager.MyListener - Start find element --->By.xpath: //a[@href='/login']
17:38:40  INFO  manager.MyListener - The element with locator --->By.xpath: //a[@href='/login']--->was found
17:38:43  INFO  manager.MyListener - Start find element --->By.xpath: //input[1]
17:38:43  INFO  manager.MyListener - The element with locator --->By.xpath: //input[1]--->was found
17:38:44  INFO  manager.MyListener - Start find element --->By.xpath: //input[2]
17:38:44  INFO  manager.MyListener - The element with locator --->By.xpath: //input[2]--->was found
17:38:44  INFO  manager.MyListener - Start find element --->By.xpath: //button[text()=' Login']
17:38:44  INFO  manager.MyListener - The element with locator --->By.xpath: //button[text()=' Login']--->was found
17:38:44  INFO  manager.MyListener - Start find element --->By.xpath: //a[@href='/contacts']
17:38:44  INFO  manager.MyListener - The element with locator --->By.xpath: //a[@href='/contacts']--->was found
17:38:44  INFO  tests.TestBase - Name of test ---> loginSuccessTestDataProviderCSV
17:38:44  INFO  manager.MyListener - Start find element --->By.xpath: //button[text()='Sign Out']
17:38:44  INFO  manager.MyListener - The element with locator --->By.xpath: //button[text()='Sign Out']--->was found
17:38:44  INFO  manager.MyListener - Start find element --->By.xpath: //button[text()='Sign Out']
17:38:44  INFO  manager.MyListener - The element with locator --->By.xpath: //button[text()='Sign Out']--->was found
17:38:44  INFO  tests.TestBase - Test starts with email elizabet123456@mail.com  && password El098765$
17:38:44  INFO  manager.MyListener - Start find element --->By.xpath: //a[@href='/login']
17:38:44  INFO  manager.MyListener - The element with locator --->By.xpath: //a[@href='/login']--->was found
17:38:47  INFO  manager.MyListener - Start find element --->By.xpath: //input[1]
17:38:47  INFO  manager.MyListener - The element with locator --->By.xpath: //input[1]--->was found
17:38:47  INFO  manager.MyListener - Start find element --->By.xpath: //input[2]
17:38:47  INFO  manager.MyListener - The element with locator --->By.xpath: //input[2]--->was found
17:38:47  INFO  manager.MyListener - Start find element --->By.xpath: //button[text()=' Login']
17:38:47  INFO  manager.MyListener - The element with locator --->By.xpath: //button[text()=' Login']--->was found
17:38:47  INFO  manager.MyListener - Start find element --->By.xpath: //a[@href='/contacts']
17:38:48  INFO  manager.MyListener - The element with locator --->By.xpath: //a[@href='/contacts']--->was found
