20:40:52  INFO  manager.ApplicationManager - All tests starts in 'Chrom' browser
20:40:53  INFO  tests.TestBase - Name of test ---> addNewContactSuccess2
20:40:53  INFO  manager.MyListener - Start find element --->By.xpath: //button[text()='Sign Out']
20:40:58  INFO  manager.MyListener - The element with locator --->By.xpath: //button[text()='Sign Out']--->was found
20:40:58  INFO  manager.MyListener - Start find element --->By.xpath: //a[@href='/login']
20:40:58  INFO  manager.MyListener - The element with locator --->By.xpath: //a[@href='/login']--->was found
20:40:59  INFO  manager.MyListener - Start find element --->By.xpath: //input[1]
20:40:59  INFO  manager.MyListener - The element with locator --->By.xpath: //input[1]--->was found
20:40:59  INFO  manager.MyListener - Start find element --->By.xpath: //input[2]
20:40:59  INFO  manager.MyListener - The element with locator --->By.xpath: //input[2]--->was found
20:40:59  INFO  manager.MyListener - Start find element --->By.xpath: //button[text()=' Login']
20:40:59  INFO  manager.MyListener - The element with locator --->By.xpath: //button[text()=' Login']--->was found
20:40:59  INFO  tests.TestBase - Contact was added for userUser{email='Tomy123456@mail.com', password='Qq123666$45'}
20:40:59  INFO  manager.MyListener - Start find element --->By.cssSelector: .contact-item_card__2SOIM
20:41:04  INFO  manager.MyListener - The element with locator --->By.cssSelector: .contact-item_card__2SOIM--->was found
20:41:04  INFO  tests.TestBase - Contact(name=Elizabet, lastName=Swon, phone=5464748456, email=eliz@gmail.com, address=Tortuga, description=Friend)contact was added
20:41:04  INFO  manager.MyListener - Start find element --->By.xpath: //a[text()='ADD']
20:41:04  INFO  manager.MyListener - The element with locator --->By.xpath: //a[text()='ADD']--->was found
20:41:04  INFO  manager.MyListener - Start find element --->By.cssSelector: [placeholder='Name']
20:41:04  INFO  manager.MyListener - The element with locator --->By.cssSelector: [placeholder='Name']--->was found
20:41:04  INFO  manager.MyListener - Start find element --->By.cssSelector: [placeholder='Last Name']
20:41:04  INFO  manager.MyListener - The element with locator --->By.cssSelector: [placeholder='Last Name']--->was found
20:41:05  INFO  manager.MyListener - Start find element --->By.cssSelector: [placeholder='Phone']
20:41:05  INFO  manager.MyListener - The element with locator --->By.cssSelector: [placeholder='Phone']--->was found
20:41:05  INFO  manager.MyListener - Start find element --->By.cssSelector: [placeholder='email']
20:41:05  INFO  manager.MyListener - The element with locator --->By.cssSelector: [placeholder='email']--->was found
20:41:05  INFO  manager.MyListener - Start find element --->By.cssSelector: [placeholder='Address']
20:41:05  INFO  manager.MyListener - The element with locator --->By.cssSelector: [placeholder='Address']--->was found
20:41:05  INFO  manager.MyListener - Start find element --->By.cssSelector: [placeholder='description']
20:41:05  INFO  manager.MyListener - The element with locator --->By.cssSelector: [placeholder='description']--->was found
20:41:05  INFO  manager.MyListener - Start find element --->By.xpath: //button[contains(.,'Save')]
20:41:05  INFO  manager.MyListener - The element with locator --->By.xpath: //button[contains(.,'Save')]--->was found
20:41:05  INFO  manager.MyListener - Start find element --->By.cssSelector: .contact-item_card__2SOIM
20:41:05  INFO  manager.MyListener - The element with locator --->By.cssSelector: .contact-item_card__2SOIM--->was found
20:41:05  INFO  manager.MyListener - Start find element --->By.cssSelector: h2
20:41:05  INFO  manager.MyListener - The element with locator --->By.cssSelector: h2--->was found
20:41:06  INFO  manager.MyListener - Start find element --->By.cssSelector: h3
20:41:06  INFO  manager.MyListener - The element with locator --->By.cssSelector: h3--->was found
20:41:06  INFO  tests.TestBase - Name of test ---> addNewContactSuccess2
20:41:06  INFO  manager.MyListener - Start find element --->By.xpath: //button[text()='Sign Out']
20:41:06  INFO  manager.MyListener - The element with locator --->By.xpath: //button[text()='Sign Out']--->was found
20:41:06  INFO  manager.MyListener - Start find element --->By.cssSelector: .contact-item_card__2SOIM
20:41:06  INFO  manager.MyListener - The element with locator --->By.cssSelector: .contact-item_card__2SOIM--->was found
20:41:06  INFO  tests.TestBase - Contact(name=Elizabet, lastName=Swon, phone=5464748457, email=eliz1@gmail.com, address=Tortuga, description=Friend)contact was added
20:41:06  INFO  manager.MyListener - Start find element --->By.xpath: //a[text()='ADD']
20:41:06  INFO  manager.MyListener - The element with locator --->By.xpath: //a[text()='ADD']--->was found
20:41:06  INFO  manager.MyListener - Start find element --->By.cssSelector: [placeholder='Name']
20:41:06  INFO  manager.MyListener - The element with locator --->By.cssSelector: [placeholder='Name']--->was found
20:41:06  INFO  manager.MyListener - Start find element --->By.cssSelector: [placeholder='Last Name']
20:41:06  INFO  manager.MyListener - The element with locator --->By.cssSelector: [placeholder='Last Name']--->was found
20:41:06  INFO  manager.MyListener - Start find element --->By.cssSelector: [placeholder='Phone']
20:41:06  INFO  manager.MyListener - The element with locator --->By.cssSelector: [placeholder='Phone']--->was found
20:41:06  INFO  manager.MyListener - Start find element --->By.cssSelector: [placeholder='email']
20:41:06  INFO  manager.MyListener - The element with locator --->By.cssSelector: [placeholder='email']--->was found
20:41:06  INFO  manager.MyListener - Start find element --->By.cssSelector: [placeholder='Address']
20:41:06  INFO  manager.MyListener - The element with locator --->By.cssSelector: [placeholder='Address']--->was found
20:41:06  INFO  manager.MyListener - Start find element --->By.cssSelector: [placeholder='description']
20:41:06  INFO  manager.MyListener - The element with locator --->By.cssSelector: [placeholder='description']--->was found
20:41:06  INFO  manager.MyListener - Start find element --->By.xpath: //button[contains(.,'Save')]
20:41:07  INFO  manager.MyListener - The element with locator --->By.xpath: //button[contains(.,'Save')]--->was found
20:41:07  INFO  manager.MyListener - Start find element --->By.cssSelector: .contact-item_card__2SOIM
20:41:07  INFO  manager.MyListener - The element with locator --->By.cssSelector: .contact-item_card__2SOIM--->was found
20:41:07  INFO  manager.MyListener - Start find element --->By.cssSelector: h2
20:41:07  INFO  manager.MyListener - The element with locator --->By.cssSelector: h2--->was found
20:41:07  INFO  manager.MyListener - Start find element --->By.cssSelector: h3
20:41:07  INFO  manager.MyListener - The element with locator --->By.cssSelector: h3--->was found
20:41:07  INFO  tests.TestBase - Name of test ---> addNewContactSuccess2
20:41:07  INFO  manager.MyListener - Start find element --->By.xpath: //button[text()='Sign Out']
20:41:07  INFO  manager.MyListener - The element with locator --->By.xpath: //button[text()='Sign Out']--->was found
20:41:07  INFO  manager.MyListener - Start find element --->By.cssSelector: .contact-item_card__2SOIM
20:41:07  INFO  manager.MyListener - The element with locator --->By.cssSelector: .contact-item_card__2SOIM--->was found
20:41:07  INFO  tests.TestBase - Contact(name=Elizabet, lastName=Swon, phone=5464748454, email=eliz2@gmail.com, address=Tortuga, description=Friend)contact was added
20:41:07  INFO  manager.MyListener - Start find element --->By.xpath: //a[text()='ADD']
20:41:07  INFO  manager.MyListener - The element with locator --->By.xpath: //a[text()='ADD']--->was found
20:41:07  INFO  manager.MyListener - Start find element --->By.cssSelector: [placeholder='Name']
20:41:07  INFO  manager.MyListener - The element with locator --->By.cssSelector: [placeholder='Name']--->was found
20:41:07  INFO  manager.MyListener - Start find element --->By.cssSelector: [placeholder='Last Name']
20:41:07  INFO  manager.MyListener - The element with locator --->By.cssSelector: [placeholder='Last Name']--->was found
20:41:07  INFO  manager.MyListener - Start find element --->By.cssSelector: [placeholder='Phone']
20:41:07  INFO  manager.MyListener - The element with locator --->By.cssSelector: [placeholder='Phone']--->was found
20:41:07  INFO  manager.MyListener - Start find element --->By.cssSelector: [placeholder='email']
20:41:07  INFO  manager.MyListener - The element with locator --->By.cssSelector: [placeholder='email']--->was found
20:41:07  INFO  manager.MyListener - Start find element --->By.cssSelector: [placeholder='Address']
20:41:08  INFO  manager.MyListener - The element with locator --->By.cssSelector: [placeholder='Address']--->was found
20:41:08  INFO  manager.MyListener - Start find element --->By.cssSelector: [placeholder='description']
20:41:08  INFO  manager.MyListener - The element with locator --->By.cssSelector: [placeholder='description']--->was found
20:41:08  INFO  manager.MyListener - Start find element --->By.xpath: //button[contains(.,'Save')]
20:41:08  INFO  manager.MyListener - The element with locator --->By.xpath: //button[contains(.,'Save')]--->was found
20:41:08  INFO  manager.MyListener - Start find element --->By.cssSelector: .contact-item_card__2SOIM
20:41:08  INFO  manager.MyListener - The element with locator --->By.cssSelector: .contact-item_card__2SOIM--->was found
20:41:08  INFO  manager.MyListener - Start find element --->By.cssSelector: h2
20:41:08  INFO  manager.MyListener - The element with locator --->By.cssSelector: h2--->was found
20:41:08  INFO  manager.MyListener - Start find element --->By.cssSelector: h3
20:41:08  INFO  manager.MyListener - The element with locator --->By.cssSelector: h3--->was found
