10:51:34  INFO  manager.ApplicationManager - All tests starts in 'Chrom' browser
10:51:34  INFO  tests.TestBase - Name of test ---> addNewContactSuccess
10:51:34  INFO  manager.MyListener - Start find element --->By.xpath: //button[text()='Sign Out']
10:51:39  INFO  manager.MyListener - The element with locator --->By.xpath: //button[text()='Sign Out']--->was found
10:51:39  INFO  manager.MyListener - Start find element --->By.xpath: //a[@href='/login']
10:51:39  INFO  manager.MyListener - The element with locator --->By.xpath: //a[@href='/login']--->was found
10:51:40  INFO  manager.MyListener - Start find element --->By.xpath: //input[1]
10:51:40  INFO  manager.MyListener - The element with locator --->By.xpath: //input[1]--->was found
10:51:40  INFO  manager.MyListener - Start find element --->By.xpath: //input[2]
10:51:40  INFO  manager.MyListener - The element with locator --->By.xpath: //input[2]--->was found
10:51:40  INFO  manager.MyListener - Start find element --->By.xpath: //button[text()=' Login']
10:51:40  INFO  manager.MyListener - The element with locator --->By.xpath: //button[text()=' Login']--->was found
10:51:40  INFO  tests.TestBase - Contact was added for userUser{email='Tomy123456@mail.com', password='Qq123666$45'}
10:51:40  INFO  manager.MyListener - Start find element --->By.cssSelector: .contact-item_card__2SOIM
10:51:41  INFO  manager.MyListener - The element with locator --->By.cssSelector: .contact-item_card__2SOIM--->was found
10:51:41  INFO  manager.MyListener - Start find element --->By.cssSelector: .contact-item_card__2SOIM
10:51:41  INFO  manager.MyListener - The element with locator --->By.cssSelector: .contact-item_card__2SOIM--->was found
10:51:41  INFO  manager.MyListener - Start find element --->By.cssSelector: .contact-item_card__2SOIM
10:51:41  INFO  manager.MyListener - The element with locator --->By.cssSelector: .contact-item_card__2SOIM--->was found
10:51:41  INFO  manager.HelperBase - Before remove 'One contact tests' count was --->5
10:51:41  INFO  manager.MyListener - Start find element --->By.cssSelector: .contact-item_card__2SOIM
10:51:41  INFO  manager.MyListener - The element with locator --->By.cssSelector: .contact-item_card__2SOIM--->was found
10:51:41  INFO  manager.MyListener - Start find element --->By.cssSelector: .contact-item_card__2SOIM h3
10:51:41  INFO  manager.MyListener - The element with locator --->By.cssSelector: .contact-item_card__2SOIM h3--->was found
10:51:41  INFO  manager.HelperBase - The phone number of removed contact was -->9723452973
10:51:41  INFO  manager.MyListener - Start find element --->By.cssSelector: .contact-item_card__2SOIM
10:51:41  INFO  manager.MyListener - The element with locator --->By.cssSelector: .contact-item_card__2SOIM--->was found
10:51:41  INFO  manager.MyListener - Start find element --->By.xpath: //button[text()='Remove']
10:51:41  INFO  manager.MyListener - The element with locator --->By.xpath: //button[text()='Remove']--->was found
10:51:41  INFO  manager.MyListener - Start find element --->By.cssSelector: .contact-item_card__2SOIM
10:51:42  INFO  manager.MyListener - The element with locator --->By.cssSelector: .contact-item_card__2SOIM--->was found
10:51:42  INFO  manager.HelperBase - After remove one contact the count is --->4
10:51:42  INFO  manager.MyListener - Start find element --->By.cssSelector: .contact-item_card__2SOIM
10:51:42  INFO  manager.MyListener - The element with locator --->By.cssSelector: .contact-item_card__2SOIM--->was found
10:51:42  INFO  manager.MyListener - Start find element --->By.cssSelector: .contact-item_card__2SOIM
10:51:42  INFO  manager.MyListener - The element with locator --->By.cssSelector: .contact-item_card__2SOIM--->was found
10:51:42  INFO  manager.HelperBase - Before remove 'One contact tests' count was --->4
10:51:42  INFO  manager.MyListener - Start find element --->By.cssSelector: .contact-item_card__2SOIM
10:51:42  INFO  manager.MyListener - The element with locator --->By.cssSelector: .contact-item_card__2SOIM--->was found
10:51:42  INFO  manager.MyListener - Start find element --->By.cssSelector: .contact-item_card__2SOIM h3
10:51:42  INFO  manager.MyListener - The element with locator --->By.cssSelector: .contact-item_card__2SOIM h3--->was found
10:51:42  INFO  manager.HelperBase - The phone number of removed contact was -->9723453047
10:51:42  INFO  manager.MyListener - Start find element --->By.cssSelector: .contact-item_card__2SOIM
10:51:42  INFO  manager.MyListener - The element with locator --->By.cssSelector: .contact-item_card__2SOIM--->was found
10:51:42  INFO  manager.MyListener - Start find element --->By.xpath: //button[text()='Remove']
10:51:42  INFO  manager.MyListener - The element with locator --->By.xpath: //button[text()='Remove']--->was found
10:51:42  INFO  manager.MyListener - Start find element --->By.cssSelector: .contact-item_card__2SOIM
10:51:42  INFO  manager.MyListener - The element with locator --->By.cssSelector: .contact-item_card__2SOIM--->was found
10:51:42  INFO  manager.HelperBase - After remove one contact the count is --->3
10:51:42  INFO  manager.MyListener - Start find element --->By.cssSelector: .contact-item_card__2SOIM
10:51:42  INFO  manager.MyListener - The element with locator --->By.cssSelector: .contact-item_card__2SOIM--->was found
10:51:42  INFO  manager.MyListener - Start find element --->By.cssSelector: .contact-item_card__2SOIM
10:51:42  INFO  manager.MyListener - The element with locator --->By.cssSelector: .contact-item_card__2SOIM--->was found
10:51:42  INFO  manager.HelperBase - Before remove 'One contact tests' count was --->3
10:51:42  INFO  manager.MyListener - Start find element --->By.cssSelector: .contact-item_card__2SOIM
10:51:42  INFO  manager.MyListener - The element with locator --->By.cssSelector: .contact-item_card__2SOIM--->was found
10:51:42  INFO  manager.MyListener - Start find element --->By.cssSelector: .contact-item_card__2SOIM h3
10:51:42  INFO  manager.MyListener - The element with locator --->By.cssSelector: .contact-item_card__2SOIM h3--->was found
10:51:42  INFO  manager.HelperBase - The phone number of removed contact was -->5464748456
10:51:42  INFO  manager.MyListener - Start find element --->By.cssSelector: .contact-item_card__2SOIM
10:51:42  INFO  manager.MyListener - The element with locator --->By.cssSelector: .contact-item_card__2SOIM--->was found
10:51:42  INFO  manager.MyListener - Start find element --->By.xpath: //button[text()='Remove']
10:51:42  INFO  manager.MyListener - The element with locator --->By.xpath: //button[text()='Remove']--->was found
10:51:43  INFO  manager.MyListener - Start find element --->By.cssSelector: .contact-item_card__2SOIM
10:51:43  INFO  manager.MyListener - The element with locator --->By.cssSelector: .contact-item_card__2SOIM--->was found
10:51:43  INFO  manager.HelperBase - After remove one contact the count is --->2
10:51:43  INFO  manager.MyListener - Start find element --->By.cssSelector: .contact-item_card__2SOIM
10:51:43  INFO  manager.MyListener - The element with locator --->By.cssSelector: .contact-item_card__2SOIM--->was found
10:51:43  INFO  manager.MyListener - Start find element --->By.cssSelector: .contact-item_card__2SOIM
10:51:43  INFO  manager.MyListener - The element with locator --->By.cssSelector: .contact-item_card__2SOIM--->was found
10:51:43  INFO  manager.HelperBase - Before remove 'One contact tests' count was --->2
10:51:43  INFO  manager.MyListener - Start find element --->By.cssSelector: .contact-item_card__2SOIM
10:51:43  INFO  manager.MyListener - The element with locator --->By.cssSelector: .contact-item_card__2SOIM--->was found
10:51:43  INFO  manager.MyListener - Start find element --->By.cssSelector: .contact-item_card__2SOIM h3
10:51:43  INFO  manager.MyListener - The element with locator --->By.cssSelector: .contact-item_card__2SOIM h3--->was found
10:51:43  INFO  manager.HelperBase - The phone number of removed contact was -->5464748457
10:51:43  INFO  manager.MyListener - Start find element --->By.cssSelector: .contact-item_card__2SOIM
10:51:43  INFO  manager.MyListener - The element with locator --->By.cssSelector: .contact-item_card__2SOIM--->was found
10:51:43  INFO  manager.MyListener - Start find element --->By.xpath: //button[text()='Remove']
10:51:43  INFO  manager.MyListener - The element with locator --->By.xpath: //button[text()='Remove']--->was found
10:51:44  INFO  manager.MyListener - Start find element --->By.cssSelector: .contact-item_card__2SOIM
10:51:44  INFO  manager.MyListener - The element with locator --->By.cssSelector: .contact-item_card__2SOIM--->was found
10:51:44  INFO  manager.HelperBase - After remove one contact the count is --->1
10:51:44  INFO  manager.MyListener - Start find element --->By.cssSelector: .contact-item_card__2SOIM
10:51:44  INFO  manager.MyListener - The element with locator --->By.cssSelector: .contact-item_card__2SOIM--->was found
10:51:44  INFO  manager.MyListener - Start find element --->By.cssSelector: .contact-item_card__2SOIM
10:51:44  INFO  manager.MyListener - The element with locator --->By.cssSelector: .contact-item_card__2SOIM--->was found
10:51:44  INFO  manager.HelperBase - Before remove 'One contact tests' count was --->1
10:51:44  INFO  manager.MyListener - Start find element --->By.cssSelector: .contact-item_card__2SOIM
10:51:44  INFO  manager.MyListener - The element with locator --->By.cssSelector: .contact-item_card__2SOIM--->was found
10:51:44  INFO  manager.MyListener - Start find element --->By.cssSelector: .contact-item_card__2SOIM h3
10:51:44  INFO  manager.MyListener - The element with locator --->By.cssSelector: .contact-item_card__2SOIM h3--->was found
10:51:44  INFO  manager.HelperBase - The phone number of removed contact was -->5464748454
10:51:44  INFO  manager.MyListener - Start find element --->By.cssSelector: .contact-item_card__2SOIM
10:51:44  INFO  manager.MyListener - The element with locator --->By.cssSelector: .contact-item_card__2SOIM--->was found
10:51:44  INFO  manager.MyListener - Start find element --->By.xpath: //button[text()='Remove']
10:51:44  INFO  manager.MyListener - The element with locator --->By.xpath: //button[text()='Remove']--->was found
10:51:44  INFO  manager.MyListener - Start find element --->By.cssSelector: .contact-item_card__2SOIM
10:51:49  INFO  manager.MyListener - The element with locator --->By.cssSelector: .contact-item_card__2SOIM--->was found
10:51:49  INFO  manager.HelperBase - After remove one contact the count is --->0
10:51:49  INFO  manager.MyListener - Start find element --->By.cssSelector: .contact-item_card__2SOIM
10:51:54  INFO  manager.MyListener - The element with locator --->By.cssSelector: .contact-item_card__2SOIM--->was found
10:51:54  INFO  manager.MyListener - Start find element --->By.cssSelector: .contact-item_card__2SOIM
10:51:59  INFO  manager.MyListener - The element with locator --->By.cssSelector: .contact-item_card__2SOIM--->was found
10:51:59  INFO  tests.TestBase - Contact(name=Jack, lastName=Sparrow, phone=9723453119, email=jacky3119@gmail.com, address=Tortuga, description=Friend)contact was added
10:51:59  INFO  manager.MyListener - Start find element --->By.xpath: //a[text()='ADD']
10:51:59  INFO  manager.MyListener - The element with locator --->By.xpath: //a[text()='ADD']--->was found
10:52:00  INFO  manager.MyListener - Start find element --->By.cssSelector: [placeholder='Name']
10:52:00  INFO  manager.MyListener - The element with locator --->By.cssSelector: [placeholder='Name']--->was found
10:52:00  INFO  manager.MyListener - Start find element --->By.cssSelector: [placeholder='Last Name']
10:52:00  INFO  manager.MyListener - The element with locator --->By.cssSelector: [placeholder='Last Name']--->was found
10:52:00  INFO  manager.MyListener - Start find element --->By.cssSelector: [placeholder='Phone']
10:52:00  INFO  manager.MyListener - The element with locator --->By.cssSelector: [placeholder='Phone']--->was found
10:52:00  INFO  manager.MyListener - Start find element --->By.cssSelector: [placeholder='email']
10:52:00  INFO  manager.MyListener - The element with locator --->By.cssSelector: [placeholder='email']--->was found
10:52:00  INFO  manager.MyListener - Start find element --->By.cssSelector: [placeholder='Address']
10:52:00  INFO  manager.MyListener - The element with locator --->By.cssSelector: [placeholder='Address']--->was found
10:52:00  INFO  manager.MyListener - Start find element --->By.cssSelector: [placeholder='description']
10:52:00  INFO  manager.MyListener - The element with locator --->By.cssSelector: [placeholder='description']--->was found
10:52:00  INFO  manager.MyListener - Start find element --->By.xpath: //button[contains(.,'Save')]
10:52:00  INFO  manager.MyListener - The element with locator --->By.xpath: //button[contains(.,'Save')]--->was found
10:52:00  INFO  manager.MyListener - Start find element --->By.cssSelector: .contact-item_card__2SOIM
10:52:01  INFO  manager.MyListener - The element with locator --->By.cssSelector: .contact-item_card__2SOIM--->was found
10:52:01  INFO  manager.MyListener - Start find element --->By.cssSelector: h2
10:52:01  INFO  manager.MyListener - The element with locator --->By.cssSelector: h2--->was found
10:52:01  INFO  manager.MyListener - Start find element --->By.cssSelector: h3
10:52:01  INFO  manager.MyListener - The element with locator --->By.cssSelector: h3--->was found
10:52:01  INFO  tests.TestBase - Name of test ---> addNewContactSuccess2
10:52:01  INFO  manager.MyListener - Start find element --->By.xpath: //button[text()='Sign Out']
10:52:01  INFO  manager.MyListener - The element with locator --->By.xpath: //button[text()='Sign Out']--->was found
10:52:01  INFO  manager.MyListener - Start find element --->By.cssSelector: .contact-item_card__2SOIM
10:52:01  INFO  manager.MyListener - The element with locator --->By.cssSelector: .contact-item_card__2SOIM--->was found
10:52:01  INFO  manager.MyListener - Start find element --->By.cssSelector: .contact-item_card__2SOIM
10:52:01  INFO  manager.MyListener - The element with locator --->By.cssSelector: .contact-item_card__2SOIM--->was found
10:52:01  INFO  tests.TestBase - Contact(name=Elizabet, lastName=Swon, phone=5464748456, email=eliz@gmail.com, address=Tortuga, description=Friend)contact was added
10:52:01  INFO  manager.MyListener - Start find element --->By.xpath: //a[text()='ADD']
10:52:01  INFO  manager.MyListener - The element with locator --->By.xpath: //a[text()='ADD']--->was found
10:52:01  INFO  manager.MyListener - Start find element --->By.cssSelector: [placeholder='Name']
10:52:01  INFO  manager.MyListener - The element with locator --->By.cssSelector: [placeholder='Name']--->was found
10:52:01  INFO  manager.MyListener - Start find element --->By.cssSelector: [placeholder='Last Name']
10:52:01  INFO  manager.MyListener - The element with locator --->By.cssSelector: [placeholder='Last Name']--->was found
10:52:01  INFO  manager.MyListener - Start find element --->By.cssSelector: [placeholder='Phone']
10:52:01  INFO  manager.MyListener - The element with locator --->By.cssSelector: [placeholder='Phone']--->was found
10:52:01  INFO  manager.MyListener - Start find element --->By.cssSelector: [placeholder='email']
10:52:01  INFO  manager.MyListener - The element with locator --->By.cssSelector: [placeholder='email']--->was found
10:52:01  INFO  manager.MyListener - Start find element --->By.cssSelector: [placeholder='Address']
10:52:01  INFO  manager.MyListener - The element with locator --->By.cssSelector: [placeholder='Address']--->was found
10:52:02  INFO  manager.MyListener - Start find element --->By.cssSelector: [placeholder='description']
10:52:02  INFO  manager.MyListener - The element with locator --->By.cssSelector: [placeholder='description']--->was found
10:52:02  INFO  manager.MyListener - Start find element --->By.xpath: //button[contains(.,'Save')]
10:52:02  INFO  manager.MyListener - The element with locator --->By.xpath: //button[contains(.,'Save')]--->was found
10:52:02  INFO  manager.MyListener - Start find element --->By.cssSelector: .contact-item_card__2SOIM
10:52:02  INFO  manager.MyListener - The element with locator --->By.cssSelector: .contact-item_card__2SOIM--->was found
10:52:02  INFO  manager.MyListener - Start find element --->By.cssSelector: h2
10:52:02  INFO  manager.MyListener - The element with locator --->By.cssSelector: h2--->was found
10:52:02  INFO  manager.MyListener - Start find element --->By.cssSelector: h3
10:52:02  INFO  manager.MyListener - The element with locator --->By.cssSelector: h3--->was found
10:52:02  INFO  tests.TestBase - Name of test ---> addNewContactSuccess2
10:52:02  INFO  manager.MyListener - Start find element --->By.xpath: //button[text()='Sign Out']
10:52:02  INFO  manager.MyListener - The element with locator --->By.xpath: //button[text()='Sign Out']--->was found
10:52:02  INFO  manager.MyListener - Start find element --->By.cssSelector: .contact-item_card__2SOIM
10:52:02  INFO  manager.MyListener - The element with locator --->By.cssSelector: .contact-item_card__2SOIM--->was found
10:52:02  INFO  manager.MyListener - Start find element --->By.cssSelector: .contact-item_card__2SOIM
10:52:02  INFO  manager.MyListener - The element with locator --->By.cssSelector: .contact-item_card__2SOIM--->was found
10:52:02  INFO  tests.TestBase - Contact(name=Elizabet, lastName=Swon, phone=5464748457, email=eliz1@gmail.com, address=Tortuga, description=Friend)contact was added
10:52:02  INFO  manager.MyListener - Start find element --->By.xpath: //a[text()='ADD']
10:52:02  INFO  manager.MyListener - The element with locator --->By.xpath: //a[text()='ADD']--->was found
10:52:02  INFO  manager.MyListener - Start find element --->By.cssSelector: [placeholder='Name']
10:52:02  INFO  manager.MyListener - The element with locator --->By.cssSelector: [placeholder='Name']--->was found
10:52:02  INFO  manager.MyListener - Start find element --->By.cssSelector: [placeholder='Last Name']
10:52:02  INFO  manager.MyListener - The element with locator --->By.cssSelector: [placeholder='Last Name']--->was found
10:52:02  INFO  manager.MyListener - Start find element --->By.cssSelector: [placeholder='Phone']
10:52:02  INFO  manager.MyListener - The element with locator --->By.cssSelector: [placeholder='Phone']--->was found
10:52:03  INFO  manager.MyListener - Start find element --->By.cssSelector: [placeholder='email']
10:52:03  INFO  manager.MyListener - The element with locator --->By.cssSelector: [placeholder='email']--->was found
10:52:03  INFO  manager.MyListener - Start find element --->By.cssSelector: [placeholder='Address']
10:52:03  INFO  manager.MyListener - The element with locator --->By.cssSelector: [placeholder='Address']--->was found
10:52:03  INFO  manager.MyListener - Start find element --->By.cssSelector: [placeholder='description']
10:52:03  INFO  manager.MyListener - The element with locator --->By.cssSelector: [placeholder='description']--->was found
10:52:03  INFO  manager.MyListener - Start find element --->By.xpath: //button[contains(.,'Save')]
10:52:03  INFO  manager.MyListener - The element with locator --->By.xpath: //button[contains(.,'Save')]--->was found
10:52:03  INFO  manager.MyListener - Start find element --->By.cssSelector: .contact-item_card__2SOIM
10:52:03  INFO  manager.MyListener - The element with locator --->By.cssSelector: .contact-item_card__2SOIM--->was found
10:52:03  INFO  manager.MyListener - Start find element --->By.cssSelector: h2
10:52:03  INFO  manager.MyListener - The element with locator --->By.cssSelector: h2--->was found
10:52:03  INFO  manager.MyListener - Start find element --->By.cssSelector: h3
10:52:03  INFO  manager.MyListener - The element with locator --->By.cssSelector: h3--->was found
10:52:03  INFO  tests.TestBase - Name of test ---> addNewContactSuccess2
10:52:03  INFO  manager.MyListener - Start find element --->By.xpath: //button[text()='Sign Out']
10:52:03  INFO  manager.MyListener - The element with locator --->By.xpath: //button[text()='Sign Out']--->was found
10:52:03  INFO  manager.MyListener - Start find element --->By.cssSelector: .contact-item_card__2SOIM
10:52:03  INFO  manager.MyListener - The element with locator --->By.cssSelector: .contact-item_card__2SOIM--->was found
10:52:03  INFO  manager.MyListener - Start find element --->By.cssSelector: .contact-item_card__2SOIM
10:52:03  INFO  manager.MyListener - The element with locator --->By.cssSelector: .contact-item_card__2SOIM--->was found
10:52:03  INFO  tests.TestBase - Contact(name=Elizabet, lastName=Swon, phone=5464748454, email=eliz2@gmail.com, address=Tortuga, description=Friend)contact was added
10:52:03  INFO  manager.MyListener - Start find element --->By.xpath: //a[text()='ADD']
10:52:03  INFO  manager.MyListener - The element with locator --->By.xpath: //a[text()='ADD']--->was found
10:52:03  INFO  manager.MyListener - Start find element --->By.cssSelector: [placeholder='Name']
10:52:03  INFO  manager.MyListener - The element with locator --->By.cssSelector: [placeholder='Name']--->was found
10:52:03  INFO  manager.MyListener - Start find element --->By.cssSelector: [placeholder='Last Name']
10:52:04  INFO  manager.MyListener - The element with locator --->By.cssSelector: [placeholder='Last Name']--->was found
10:52:04  INFO  manager.MyListener - Start find element --->By.cssSelector: [placeholder='Phone']
10:52:04  INFO  manager.MyListener - The element with locator --->By.cssSelector: [placeholder='Phone']--->was found
10:52:04  INFO  manager.MyListener - Start find element --->By.cssSelector: [placeholder='email']
10:52:04  INFO  manager.MyListener - The element with locator --->By.cssSelector: [placeholder='email']--->was found
10:52:04  INFO  manager.MyListener - Start find element --->By.cssSelector: [placeholder='Address']
10:52:04  INFO  manager.MyListener - The element with locator --->By.cssSelector: [placeholder='Address']--->was found
10:52:04  INFO  manager.MyListener - Start find element --->By.cssSelector: [placeholder='description']
10:52:04  INFO  manager.MyListener - The element with locator --->By.cssSelector: [placeholder='description']--->was found
10:52:04  INFO  manager.MyListener - Start find element --->By.xpath: //button[contains(.,'Save')]
10:52:04  INFO  manager.MyListener - The element with locator --->By.xpath: //button[contains(.,'Save')]--->was found
10:52:04  INFO  manager.MyListener - Start find element --->By.cssSelector: .contact-item_card__2SOIM
10:52:04  INFO  manager.MyListener - The element with locator --->By.cssSelector: .contact-item_card__2SOIM--->was found
10:52:04  INFO  manager.MyListener - Start find element --->By.cssSelector: h2
10:52:04  INFO  manager.MyListener - The element with locator --->By.cssSelector: h2--->was found
10:52:04  INFO  manager.MyListener - Start find element --->By.cssSelector: h3
10:52:04  INFO  manager.MyListener - The element with locator --->By.cssSelector: h3--->was found
