10:41:57  INFO  manager.ApplicationManager - All tests starts in 'Chrom' browser
10:41:58  INFO  tests.TestBase - Name of test ---> addNewContactSuccess
10:41:58  INFO  manager.MyListener - Start find element --->By.xpath: //button[text()='Sign Out']
10:42:03  INFO  manager.MyListener - The element with locator --->By.xpath: //button[text()='Sign Out']--->was found
10:42:03  INFO  manager.MyListener - Start find element --->By.xpath: //a[@href='/login']
10:42:03  INFO  manager.MyListener - The element with locator --->By.xpath: //a[@href='/login']--->was found
10:42:03  INFO  manager.MyListener - Start find element --->By.xpath: //input[1]
10:42:03  INFO  manager.MyListener - The element with locator --->By.xpath: //input[1]--->was found
10:42:03  INFO  manager.MyListener - Start find element --->By.xpath: //input[2]
10:42:03  INFO  manager.MyListener - The element with locator --->By.xpath: //input[2]--->was found
10:42:04  INFO  manager.MyListener - Start find element --->By.xpath: //button[text()=' Login']
10:42:04  INFO  manager.MyListener - The element with locator --->By.xpath: //button[text()=' Login']--->was found
10:42:04  INFO  tests.TestBase - Contact was added for userUser{email='Tomy123456@mail.com', password='Qq123666$45'}
10:42:04  INFO  manager.MyListener - Start find element --->By.cssSelector: .contact-item_card__2SOIM
10:42:05  INFO  manager.MyListener - The element with locator --->By.cssSelector: .contact-item_card__2SOIM--->was found
10:42:05  INFO  manager.MyListener - Start find element --->By.cssSelector: .contact-item_card__2SOIM
10:42:05  INFO  manager.MyListener - The element with locator --->By.cssSelector: .contact-item_card__2SOIM--->was found
10:42:05  INFO  tests.TestBase - Contact(name=Jack, lastName=Sparrow, phone=9723452525, email=jacky2525@gmail.com, address=Tortuga, description=Friend)contact was added
10:42:05  INFO  manager.MyListener - Start find element --->By.xpath: //a[text()='ADD']
10:42:05  INFO  manager.MyListener - The element with locator --->By.xpath: //a[text()='ADD']--->was found
10:42:05  INFO  manager.MyListener - Start find element --->By.cssSelector: [placeholder='Name']
10:42:05  INFO  manager.MyListener - The element with locator --->By.cssSelector: [placeholder='Name']--->was found
10:42:05  INFO  manager.MyListener - Start find element --->By.cssSelector: [placeholder='Last Name']
10:42:05  INFO  manager.MyListener - The element with locator --->By.cssSelector: [placeholder='Last Name']--->was found
10:42:05  INFO  manager.MyListener - Start find element --->By.cssSelector: [placeholder='Phone']
10:42:05  INFO  manager.MyListener - The element with locator --->By.cssSelector: [placeholder='Phone']--->was found
10:42:06  INFO  manager.MyListener - Start find element --->By.cssSelector: [placeholder='email']
10:42:06  INFO  manager.MyListener - The element with locator --->By.cssSelector: [placeholder='email']--->was found
10:42:06  INFO  manager.MyListener - Start find element --->By.cssSelector: [placeholder='Address']
10:42:06  INFO  manager.MyListener - The element with locator --->By.cssSelector: [placeholder='Address']--->was found
10:42:06  INFO  manager.MyListener - Start find element --->By.cssSelector: [placeholder='description']
10:42:06  INFO  manager.MyListener - The element with locator --->By.cssSelector: [placeholder='description']--->was found
10:42:06  INFO  manager.MyListener - Start find element --->By.xpath: //button[contains(.,'Save')]
10:42:06  INFO  manager.MyListener - The element with locator --->By.xpath: //button[contains(.,'Save')]--->was found
10:42:06  INFO  manager.MyListener - Start find element --->By.cssSelector: .contact-item_card__2SOIM
10:42:07  INFO  manager.MyListener - The element with locator --->By.cssSelector: .contact-item_card__2SOIM--->was found
10:42:07  INFO  manager.MyListener - Start find element --->By.cssSelector: h2
10:42:07  INFO  manager.MyListener - The element with locator --->By.cssSelector: h2--->was found
10:42:07  INFO  manager.MyListener - Start find element --->By.cssSelector: h3
10:42:07  INFO  manager.MyListener - The element with locator --->By.cssSelector: h3--->was found
10:42:07  INFO  tests.TestBase - Name of test ---> addNewContactSuccess2
10:42:07  INFO  manager.MyListener - Start find element --->By.xpath: //button[text()='Sign Out']
10:42:07  INFO  manager.MyListener - The element with locator --->By.xpath: //button[text()='Sign Out']--->was found
10:42:07  INFO  manager.MyListener - Start find element --->By.cssSelector: .contact-item_card__2SOIM
10:42:07  INFO  manager.MyListener - The element with locator --->By.cssSelector: .contact-item_card__2SOIM--->was found
10:42:07  INFO  manager.MyListener - Start find element --->By.cssSelector: .contact-item_card__2SOIM
10:42:07  INFO  manager.MyListener - The element with locator --->By.cssSelector: .contact-item_card__2SOIM--->was found
10:42:07  INFO  tests.TestBase - Contact(name=Elizabet, lastName=Swon, phone=5464748456, email=eliz@gmail.com, address=Tortuga, description=Friend)contact was added
10:42:07  INFO  manager.MyListener - Start find element --->By.xpath: //a[text()='ADD']
10:42:07  INFO  manager.MyListener - The element with locator --->By.xpath: //a[text()='ADD']--->was found
10:42:07  INFO  manager.MyListener - Start find element --->By.cssSelector: [placeholder='Name']
10:42:07  INFO  manager.MyListener - The element with locator --->By.cssSelector: [placeholder='Name']--->was found
10:42:07  INFO  manager.MyListener - Start find element --->By.cssSelector: [placeholder='Last Name']
10:42:07  INFO  manager.MyListener - The element with locator --->By.cssSelector: [placeholder='Last Name']--->was found
10:42:08  INFO  manager.MyListener - Start find element --->By.cssSelector: [placeholder='Phone']
10:42:08  INFO  manager.MyListener - The element with locator --->By.cssSelector: [placeholder='Phone']--->was found
10:42:08  INFO  manager.MyListener - Start find element --->By.cssSelector: [placeholder='email']
10:42:08  INFO  manager.MyListener - The element with locator --->By.cssSelector: [placeholder='email']--->was found
10:42:08  INFO  manager.MyListener - Start find element --->By.cssSelector: [placeholder='Address']
10:42:08  INFO  manager.MyListener - The element with locator --->By.cssSelector: [placeholder='Address']--->was found
10:42:08  INFO  manager.MyListener - Start find element --->By.cssSelector: [placeholder='description']
10:42:08  INFO  manager.MyListener - The element with locator --->By.cssSelector: [placeholder='description']--->was found
10:42:08  INFO  manager.MyListener - Start find element --->By.xpath: //button[contains(.,'Save')]
10:42:09  INFO  manager.MyListener - The element with locator --->By.xpath: //button[contains(.,'Save')]--->was found
10:42:09  INFO  manager.MyListener - Start find element --->By.cssSelector: .contact-item_card__2SOIM
10:42:14  INFO  manager.MyListener - The element with locator --->By.cssSelector: .contact-item_card__2SOIM--->was found
10:42:14  INFO  tests.TestBase - Name of test ---> addNewContactSuccess2
10:42:14  INFO  manager.MyListener - Start find element --->By.xpath: //button[text()='Sign Out']
10:42:14  INFO  manager.MyListener - The element with locator --->By.xpath: //button[text()='Sign Out']--->was found
10:42:14  INFO  manager.MyListener - Start find element --->By.cssSelector: .contact-item_card__2SOIM
10:42:19  INFO  manager.MyListener - The element with locator --->By.cssSelector: .contact-item_card__2SOIM--->was found
10:42:19  INFO  manager.MyListener - Start find element --->By.cssSelector: .contact-item_card__2SOIM
10:42:24  INFO  manager.MyListener - The element with locator --->By.cssSelector: .contact-item_card__2SOIM--->was found
10:42:24  INFO  tests.TestBase - Contact(name=Elizabet, lastName=Swon, phone=5464748457, email=eliz1@gmail.com, address=Tortuga, description=Friend)contact was added
10:42:24  INFO  manager.MyListener - Start find element --->By.xpath: //a[text()='ADD']
10:42:24  INFO  manager.MyListener - The element with locator --->By.xpath: //a[text()='ADD']--->was found
10:42:24  INFO  manager.MyListener - Start find element --->By.cssSelector: [placeholder='Name']
10:42:24  INFO  manager.MyListener - The element with locator --->By.cssSelector: [placeholder='Name']--->was found
10:42:24  INFO  manager.MyListener - Start find element --->By.cssSelector: [placeholder='Last Name']
10:42:24  INFO  manager.MyListener - The element with locator --->By.cssSelector: [placeholder='Last Name']--->was found
10:42:24  INFO  manager.MyListener - Start find element --->By.cssSelector: [placeholder='Phone']
10:42:24  INFO  manager.MyListener - The element with locator --->By.cssSelector: [placeholder='Phone']--->was found
10:42:25  INFO  manager.MyListener - Start find element --->By.cssSelector: [placeholder='email']
10:42:25  INFO  manager.MyListener - The element with locator --->By.cssSelector: [placeholder='email']--->was found
10:42:25  INFO  manager.MyListener - Start find element --->By.cssSelector: [placeholder='Address']
10:42:25  INFO  manager.MyListener - The element with locator --->By.cssSelector: [placeholder='Address']--->was found
10:42:25  INFO  manager.MyListener - Start find element --->By.cssSelector: [placeholder='description']
10:42:25  INFO  manager.MyListener - The element with locator --->By.cssSelector: [placeholder='description']--->was found
10:42:25  INFO  manager.MyListener - Start find element --->By.xpath: //button[contains(.,'Save')]
10:42:25  INFO  manager.MyListener - The element with locator --->By.xpath: //button[contains(.,'Save')]--->was found
10:42:26  INFO  manager.MyListener - Start find element --->By.cssSelector: .contact-item_card__2SOIM
10:42:31  INFO  manager.MyListener - The element with locator --->By.cssSelector: .contact-item_card__2SOIM--->was found
10:42:31  INFO  tests.TestBase - Name of test ---> addNewContactSuccess2
10:42:31  INFO  manager.MyListener - Start find element --->By.xpath: //button[text()='Sign Out']
10:42:31  INFO  manager.MyListener - The element with locator --->By.xpath: //button[text()='Sign Out']--->was found
10:42:31  INFO  manager.MyListener - Start find element --->By.cssSelector: .contact-item_card__2SOIM
10:42:36  INFO  manager.MyListener - The element with locator --->By.cssSelector: .contact-item_card__2SOIM--->was found
10:42:36  INFO  manager.MyListener - Start find element --->By.cssSelector: .contact-item_card__2SOIM
10:42:41  INFO  manager.MyListener - The element with locator --->By.cssSelector: .contact-item_card__2SOIM--->was found
10:42:41  INFO  tests.TestBase - Contact(name=Elizabet, lastName=Swon, phone=5464748454, email=eliz2@gmail.com, address=Tortuga, description=Friend)contact was added
10:42:41  INFO  manager.MyListener - Start find element --->By.xpath: //a[text()='ADD']
10:42:41  INFO  manager.MyListener - The element with locator --->By.xpath: //a[text()='ADD']--->was found
10:42:41  INFO  manager.MyListener - Start find element --->By.cssSelector: [placeholder='Name']
10:42:41  INFO  manager.MyListener - The element with locator --->By.cssSelector: [placeholder='Name']--->was found
10:42:41  INFO  manager.MyListener - Start find element --->By.cssSelector: [placeholder='Last Name']
10:42:41  INFO  manager.MyListener - The element with locator --->By.cssSelector: [placeholder='Last Name']--->was found
10:42:41  INFO  manager.MyListener - Start find element --->By.cssSelector: [placeholder='Phone']
10:42:41  INFO  manager.MyListener - The element with locator --->By.cssSelector: [placeholder='Phone']--->was found
10:42:41  INFO  manager.MyListener - Start find element --->By.cssSelector: [placeholder='email']
10:42:41  INFO  manager.MyListener - The element with locator --->By.cssSelector: [placeholder='email']--->was found
10:42:42  INFO  manager.MyListener - Start find element --->By.cssSelector: [placeholder='Address']
10:42:42  INFO  manager.MyListener - The element with locator --->By.cssSelector: [placeholder='Address']--->was found
10:42:42  INFO  manager.MyListener - Start find element --->By.cssSelector: [placeholder='description']
10:42:42  INFO  manager.MyListener - The element with locator --->By.cssSelector: [placeholder='description']--->was found
10:42:42  INFO  manager.MyListener - Start find element --->By.xpath: //button[contains(.,'Save')]
10:42:42  INFO  manager.MyListener - The element with locator --->By.xpath: //button[contains(.,'Save')]--->was found
10:42:42  INFO  manager.MyListener - Start find element --->By.cssSelector: .contact-item_card__2SOIM
10:42:47  INFO  manager.MyListener - The element with locator --->By.cssSelector: .contact-item_card__2SOIM--->was found
10:42:47  INFO  tests.TestBase - Name of test ---> loginNegativeTestWrongPassword
10:42:47  INFO  manager.MyListener - Start find element --->By.xpath: //button[text()='Sign Out']
10:42:47  INFO  manager.MyListener - The element with locator --->By.xpath: //button[text()='Sign Out']--->was found
10:42:47  INFO  manager.MyListener - Start find element --->By.xpath: //button[text()='Sign Out']
10:42:47  INFO  manager.MyListener - The element with locator --->By.xpath: //button[text()='Sign Out']--->was found
10:42:47  INFO  tests.TestBase - The user start negative login process with data : --->User{email='Tomy123456@mail.com', password='Qq'}
10:42:47  INFO  manager.MyListener - Start find element --->By.xpath: //a[@href='/login']
10:42:47  INFO  manager.MyListener - The element with locator --->By.xpath: //a[@href='/login']--->was found
10:42:47  INFO  manager.MyListener - Start find element --->By.xpath: //input[1]
10:42:47  INFO  manager.MyListener - The element with locator --->By.xpath: //input[1]--->was found
10:42:48  INFO  manager.MyListener - Start find element --->By.xpath: //input[2]
10:42:48  INFO  manager.MyListener - The element with locator --->By.xpath: //input[2]--->was found
10:42:48  INFO  manager.MyListener - Start find element --->By.xpath: //button[text()=' Login']
10:42:48  INFO  manager.MyListener - The element with locator --->By.xpath: //button[text()=' Login']--->was found
10:42:53  INFO  manager.MyListener - Start find element --->By.xpath: //button[text()='Sign Out']
10:42:58  INFO  manager.MyListener - The element with locator --->By.xpath: //button[text()='Sign Out']--->was found
10:42:58  INFO  tests.TestBase - Name of test ---> loginSuccessModel
10:42:58  INFO  manager.MyListener - Start find element --->By.xpath: //button[text()='Sign Out']
10:43:03  INFO  manager.MyListener - The element with locator --->By.xpath: //button[text()='Sign Out']--->was found
10:43:03  INFO  tests.TestBase - Test starts with email [Tomy123456@mail.com], pessword[Qq123666$45]
10:43:03  INFO  manager.MyListener - Start find element --->By.xpath: //a[@href='/login']
10:43:03  INFO  manager.MyListener - The element with locator --->By.xpath: //a[@href='/login']--->was found
10:43:03  INFO  manager.MyListener - Start find element --->By.xpath: //input[1]
10:43:03  INFO  manager.MyListener - The element with locator --->By.xpath: //input[1]--->was found
10:43:03  INFO  manager.MyListener - Start find element --->By.xpath: //input[2]
10:43:03  INFO  manager.MyListener - The element with locator --->By.xpath: //input[2]--->was found
10:43:04  INFO  manager.MyListener - Start find element --->By.xpath: //button[text()=' Login']
10:43:04  INFO  manager.MyListener - The element with locator --->By.xpath: //button[text()=' Login']--->was found
10:43:04  INFO  manager.MyListener - Start find element --->By.xpath: //a[@href='/contacts']
10:43:04  INFO  manager.MyListener - The element with locator --->By.xpath: //a[@href='/contacts']--->was found
10:43:04  INFO  tests.TestBase - Name of test ---> loginSuccessModelDataProvider
10:43:04  INFO  manager.MyListener - Start find element --->By.xpath: //button[text()='Sign Out']
10:43:04  INFO  manager.MyListener - The element with locator --->By.xpath: //button[text()='Sign Out']--->was found
10:43:04  INFO  manager.MyListener - Start find element --->By.xpath: //button[text()='Sign Out']
10:43:04  INFO  manager.MyListener - The element with locator --->By.xpath: //button[text()='Sign Out']--->was found
10:43:05  INFO  tests.TestBase - Test user starts with data:User{email='Tomy123456@mail.com', password='Qq123666$45'}
10:43:05  INFO  manager.MyListener - Start find element --->By.xpath: //a[@href='/login']
10:43:05  INFO  manager.MyListener - The element with locator --->By.xpath: //a[@href='/login']--->was found
10:43:05  INFO  manager.MyListener - Start find element --->By.xpath: //input[1]
10:43:05  INFO  manager.MyListener - The element with locator --->By.xpath: //input[1]--->was found
10:43:05  INFO  manager.MyListener - Start find element --->By.xpath: //input[2]
10:43:05  INFO  manager.MyListener - The element with locator --->By.xpath: //input[2]--->was found
10:43:05  INFO  manager.MyListener - Start find element --->By.xpath: //button[text()=' Login']
10:43:05  INFO  manager.MyListener - The element with locator --->By.xpath: //button[text()=' Login']--->was found
10:43:06  INFO  manager.MyListener - Start find element --->By.xpath: //a[@href='/contacts']
10:43:06  INFO  manager.MyListener - The element with locator --->By.xpath: //a[@href='/contacts']--->was found
10:43:06  INFO  tests.TestBase - Name of test ---> loginSuccessModelDataProvider
10:43:06  INFO  manager.MyListener - Start find element --->By.xpath: //button[text()='Sign Out']
10:43:06  INFO  manager.MyListener - The element with locator --->By.xpath: //button[text()='Sign Out']--->was found
10:43:06  INFO  manager.MyListener - Start find element --->By.xpath: //button[text()='Sign Out']
10:43:06  INFO  manager.MyListener - The element with locator --->By.xpath: //button[text()='Sign Out']--->was found
10:43:06  INFO  tests.TestBase - Test user starts with data:User{email='Tomy123456@mail.com', password='Qq123666$45'}
10:43:06  INFO  manager.MyListener - Start find element --->By.xpath: //a[@href='/login']
10:43:06  INFO  manager.MyListener - The element with locator --->By.xpath: //a[@href='/login']--->was found
10:43:06  INFO  manager.MyListener - Start find element --->By.xpath: //input[1]
10:43:06  INFO  manager.MyListener - The element with locator --->By.xpath: //input[1]--->was found
10:43:06  INFO  manager.MyListener - Start find element --->By.xpath: //input[2]
10:43:06  INFO  manager.MyListener - The element with locator --->By.xpath: //input[2]--->was found
10:43:06  INFO  manager.MyListener - Start find element --->By.xpath: //button[text()=' Login']
10:43:06  INFO  manager.MyListener - The element with locator --->By.xpath: //button[text()=' Login']--->was found
10:43:07  INFO  manager.MyListener - Start find element --->By.xpath: //a[@href='/contacts']
10:43:07  INFO  manager.MyListener - The element with locator --->By.xpath: //a[@href='/contacts']--->was found
10:43:07  INFO  tests.TestBase - Name of test ---> loginSuccessModelDataProvider
10:43:07  INFO  manager.MyListener - Start find element --->By.xpath: //button[text()='Sign Out']
10:43:07  INFO  manager.MyListener - The element with locator --->By.xpath: //button[text()='Sign Out']--->was found
10:43:07  INFO  manager.MyListener - Start find element --->By.xpath: //button[text()='Sign Out']
10:43:07  INFO  manager.MyListener - The element with locator --->By.xpath: //button[text()='Sign Out']--->was found
10:43:07  INFO  tests.TestBase - Test user starts with data:User{email='Tomy123456@mail.com', password='Qq123666$45'}
10:43:07  INFO  manager.MyListener - Start find element --->By.xpath: //a[@href='/login']
10:43:07  INFO  manager.MyListener - The element with locator --->By.xpath: //a[@href='/login']--->was found
10:43:07  INFO  manager.MyListener - Start find element --->By.xpath: //input[1]
10:43:07  INFO  manager.MyListener - The element with locator --->By.xpath: //input[1]--->was found
10:43:08  INFO  manager.MyListener - Start find element --->By.xpath: //input[2]
10:43:08  INFO  manager.MyListener - The element with locator --->By.xpath: //input[2]--->was found
10:43:08  INFO  manager.MyListener - Start find element --->By.xpath: //button[text()=' Login']
10:43:08  INFO  manager.MyListener - The element with locator --->By.xpath: //button[text()=' Login']--->was found
10:43:08  INFO  manager.MyListener - Start find element --->By.xpath: //a[@href='/contacts']
10:43:08  INFO  manager.MyListener - The element with locator --->By.xpath: //a[@href='/contacts']--->was found
10:43:08  INFO  tests.TestBase - Name of test ---> loginSuccessTestDataProvider
10:43:08  INFO  manager.MyListener - Start find element --->By.xpath: //button[text()='Sign Out']
10:43:08  INFO  manager.MyListener - The element with locator --->By.xpath: //button[text()='Sign Out']--->was found
10:43:08  INFO  manager.MyListener - Start find element --->By.xpath: //button[text()='Sign Out']
10:43:08  INFO  manager.MyListener - The element with locator --->By.xpath: //button[text()='Sign Out']--->was found
10:43:09  INFO  tests.TestBase - Test starts with email Tomy123456@mail.com  && password Qq123666$45
10:43:09  INFO  manager.MyListener - Start find element --->By.xpath: //a[@href='/login']
10:43:09  INFO  manager.MyListener - The element with locator --->By.xpath: //a[@href='/login']--->was found
10:43:12  INFO  manager.MyListener - Start find element --->By.xpath: //input[1]
10:43:12  INFO  manager.MyListener - The element with locator --->By.xpath: //input[1]--->was found
10:43:12  INFO  manager.MyListener - Start find element --->By.xpath: //input[2]
10:43:12  INFO  manager.MyListener - The element with locator --->By.xpath: //input[2]--->was found
10:43:12  INFO  manager.MyListener - Start find element --->By.xpath: //button[text()=' Login']
10:43:12  INFO  manager.MyListener - The element with locator --->By.xpath: //button[text()=' Login']--->was found
10:43:12  INFO  manager.MyListener - Start find element --->By.xpath: //a[@href='/contacts']
10:43:12  INFO  manager.MyListener - The element with locator --->By.xpath: //a[@href='/contacts']--->was found
10:43:12  INFO  tests.TestBase - Name of test ---> loginSuccessTestDataProvider
10:43:12  INFO  manager.MyListener - Start find element --->By.xpath: //button[text()='Sign Out']
10:43:12  INFO  manager.MyListener - The element with locator --->By.xpath: //button[text()='Sign Out']--->was found
10:43:12  INFO  manager.MyListener - Start find element --->By.xpath: //button[text()='Sign Out']
10:43:12  INFO  manager.MyListener - The element with locator --->By.xpath: //button[text()='Sign Out']--->was found
10:43:13  INFO  tests.TestBase - Test starts with email Tomy123456@mail.com  && password Qq123666$45
10:43:13  INFO  manager.MyListener - Start find element --->By.xpath: //a[@href='/login']
10:43:13  INFO  manager.MyListener - The element with locator --->By.xpath: //a[@href='/login']--->was found
10:43:16  INFO  manager.MyListener - Start find element --->By.xpath: //input[1]
10:43:16  INFO  manager.MyListener - The element with locator --->By.xpath: //input[1]--->was found
10:43:16  INFO  manager.MyListener - Start find element --->By.xpath: //input[2]
10:43:16  INFO  manager.MyListener - The element with locator --->By.xpath: //input[2]--->was found
10:43:16  INFO  manager.MyListener - Start find element --->By.xpath: //button[text()=' Login']
10:43:16  INFO  manager.MyListener - The element with locator --->By.xpath: //button[text()=' Login']--->was found
10:43:16  INFO  manager.MyListener - Start find element --->By.xpath: //a[@href='/contacts']
10:43:16  INFO  manager.MyListener - The element with locator --->By.xpath: //a[@href='/contacts']--->was found
10:43:16  INFO  tests.TestBase - Name of test ---> loginSuccessTestDataProvider
10:43:16  INFO  manager.MyListener - Start find element --->By.xpath: //button[text()='Sign Out']
10:43:16  INFO  manager.MyListener - The element with locator --->By.xpath: //button[text()='Sign Out']--->was found
10:43:16  INFO  manager.MyListener - Start find element --->By.xpath: //button[text()='Sign Out']
10:43:16  INFO  manager.MyListener - The element with locator --->By.xpath: //button[text()='Sign Out']--->was found
10:43:17  INFO  tests.TestBase - Test starts with email elizabet123456@mail.com  && password El098765$
10:43:17  INFO  manager.MyListener - Start find element --->By.xpath: //a[@href='/login']
10:43:17  INFO  manager.MyListener - The element with locator --->By.xpath: //a[@href='/login']--->was found
10:43:20  INFO  manager.MyListener - Start find element --->By.xpath: //input[1]
10:43:20  INFO  manager.MyListener - The element with locator --->By.xpath: //input[1]--->was found
10:43:20  INFO  manager.MyListener - Start find element --->By.xpath: //input[2]
10:43:20  INFO  manager.MyListener - The element with locator --->By.xpath: //input[2]--->was found
10:43:20  INFO  manager.MyListener - Start find element --->By.xpath: //button[text()=' Login']
10:43:20  INFO  manager.MyListener - The element with locator --->By.xpath: //button[text()=' Login']--->was found
10:43:20  INFO  manager.MyListener - Start find element --->By.xpath: //a[@href='/contacts']
10:43:20  INFO  manager.MyListener - The element with locator --->By.xpath: //a[@href='/contacts']--->was found
10:43:20  INFO  tests.TestBase - Name of test ---> loginSuccessTestDataProviderCSV
10:43:20  INFO  manager.MyListener - Start find element --->By.xpath: //button[text()='Sign Out']
10:43:20  INFO  manager.MyListener - The element with locator --->By.xpath: //button[text()='Sign Out']--->was found
10:43:20  INFO  manager.MyListener - Start find element --->By.xpath: //button[text()='Sign Out']
10:43:20  INFO  manager.MyListener - The element with locator --->By.xpath: //button[text()='Sign Out']--->was found
10:43:20  INFO  tests.TestBase - Test starts with email Tomy123456@mail.com  && password Qq123666$45
10:43:20  INFO  manager.MyListener - Start find element --->By.xpath: //a[@href='/login']
10:43:20  INFO  manager.MyListener - The element with locator --->By.xpath: //a[@href='/login']--->was found
10:43:24  INFO  manager.MyListener - Start find element --->By.xpath: //input[1]
10:43:24  INFO  manager.MyListener - The element with locator --->By.xpath: //input[1]--->was found
10:43:24  INFO  manager.MyListener - Start find element --->By.xpath: //input[2]
10:43:24  INFO  manager.MyListener - The element with locator --->By.xpath: //input[2]--->was found
10:43:24  INFO  manager.MyListener - Start find element --->By.xpath: //button[text()=' Login']
10:43:24  INFO  manager.MyListener - The element with locator --->By.xpath: //button[text()=' Login']--->was found
10:43:24  INFO  manager.MyListener - Start find element --->By.xpath: //a[@href='/contacts']
10:43:24  INFO  manager.MyListener - The element with locator --->By.xpath: //a[@href='/contacts']--->was found
10:43:24  INFO  tests.TestBase - Name of test ---> loginSuccessTestDataProviderCSV
10:43:24  INFO  manager.MyListener - Start find element --->By.xpath: //button[text()='Sign Out']
10:43:24  INFO  manager.MyListener - The element with locator --->By.xpath: //button[text()='Sign Out']--->was found
10:43:24  INFO  manager.MyListener - Start find element --->By.xpath: //button[text()='Sign Out']
10:43:24  INFO  manager.MyListener - The element with locator --->By.xpath: //button[text()='Sign Out']--->was found
10:43:24  INFO  tests.TestBase - Test starts with email elizabet123456@mail.com  && password El098765$
10:43:24  INFO  manager.MyListener - Start find element --->By.xpath: //a[@href='/login']
10:43:24  INFO  manager.MyListener - The element with locator --->By.xpath: //a[@href='/login']--->was found
10:43:28  INFO  manager.MyListener - Start find element --->By.xpath: //input[1]
10:43:28  INFO  manager.MyListener - The element with locator --->By.xpath: //input[1]--->was found
10:43:28  INFO  manager.MyListener - Start find element --->By.xpath: //input[2]
10:43:28  INFO  manager.MyListener - The element with locator --->By.xpath: //input[2]--->was found
10:43:28  INFO  manager.MyListener - Start find element --->By.xpath: //button[text()=' Login']
10:43:28  INFO  manager.MyListener - The element with locator --->By.xpath: //button[text()=' Login']--->was found
10:43:28  INFO  manager.MyListener - Start find element --->By.xpath: //a[@href='/contacts']
10:43:28  INFO  manager.MyListener - The element with locator --->By.xpath: //a[@href='/contacts']--->was found
10:43:28  INFO  tests.TestBase - Name of test ---> registrationSuccess
10:43:28  INFO  manager.MyListener - Start find element --->By.xpath: //button[text()='Sign Out']
10:43:28  INFO  manager.MyListener - The element with locator --->By.xpath: //button[text()='Sign Out']--->was found
10:43:28  INFO  manager.MyListener - Start find element --->By.xpath: //button[text()='Sign Out']
10:43:28  INFO  manager.MyListener - The element with locator --->By.xpath: //button[text()='Sign Out']--->was found
10:43:28  INFO  manager.MyListener - Start find element --->By.xpath: //a[@href='/login']
10:43:28  INFO  manager.MyListener - The element with locator --->By.xpath: //a[@href='/login']--->was found
10:43:28  INFO  manager.MyListener - Start find element --->By.xpath: //input[1]
10:43:29  INFO  manager.MyListener - The element with locator --->By.xpath: //input[1]--->was found
10:43:29  INFO  manager.MyListener - Start find element --->By.xpath: //input[2]
10:43:29  INFO  manager.MyListener - The element with locator --->By.xpath: //input[2]--->was found
10:43:29  INFO  manager.MyListener - Start find element --->By.xpath: //button[text()=' Registration']
10:43:29  INFO  manager.MyListener - The element with locator --->By.xpath: //button[text()=' Registration']--->was found
10:43:29  INFO  manager.MyListener - Start find element --->By.cssSelector: h2
10:43:30  INFO  manager.MyListener - The element with locator --->By.cssSelector: h2--->was found
10:43:30  INFO  tests.TestBase - Name of test ---> registrationSuccessModel
10:43:30  INFO  manager.MyListener - Start find element --->By.xpath: //button[text()='Sign Out']
10:43:30  INFO  manager.MyListener - The element with locator --->By.xpath: //button[text()='Sign Out']--->was found
10:43:30  INFO  manager.MyListener - Start find element --->By.xpath: //button[text()='Sign Out']
10:43:30  INFO  manager.MyListener - The element with locator --->By.xpath: //button[text()='Sign Out']--->was found
10:43:30  INFO  manager.MyListener - Start find element --->By.xpath: //a[@href='/login']
10:43:30  INFO  manager.MyListener - The element with locator --->By.xpath: //a[@href='/login']--->was found
10:43:30  INFO  manager.MyListener - Start find element --->By.xpath: //input[1]
10:43:30  INFO  manager.MyListener - The element with locator --->By.xpath: //input[1]--->was found
10:43:30  INFO  manager.MyListener - Start find element --->By.xpath: //input[2]
10:43:30  INFO  manager.MyListener - The element with locator --->By.xpath: //input[2]--->was found
10:43:30  INFO  manager.MyListener - Start find element --->By.xpath: //button[text()=' Registration']
10:43:30  INFO  manager.MyListener - The element with locator --->By.xpath: //button[text()=' Registration']--->was found
10:43:30  INFO  tests.TestBase - User register with dataUser{email='maya2610@mail.com', password='Ma098765$'}
10:43:30  INFO  manager.MyListener - Start find element --->By.cssSelector: h2
10:43:31  INFO  manager.MyListener - The element with locator --->By.cssSelector: h2--->was found
10:43:31  INFO  tests.TestBase - Name of test ---> removeAllContactTest
10:43:31  INFO  manager.MyListener - Start find element --->By.xpath: //button[text()='Sign Out']
10:43:31  INFO  manager.MyListener - The element with locator --->By.xpath: //button[text()='Sign Out']--->was found
10:43:31  INFO  manager.MyListener - Start find element --->By.cssSelector: .contact-item_card__2SOIM
10:43:36  INFO  manager.MyListener - The element with locator --->By.cssSelector: .contact-item_card__2SOIM--->was found
10:43:36  INFO  manager.MyListener - Start find element --->By.xpath: //a[text()='ADD']
10:43:36  INFO  manager.MyListener - The element with locator --->By.xpath: //a[text()='ADD']--->was found
10:43:36  INFO  manager.MyListener - Start find element --->By.cssSelector: [placeholder='Name']
10:43:36  INFO  manager.MyListener - The element with locator --->By.cssSelector: [placeholder='Name']--->was found
10:43:36  INFO  manager.MyListener - Start find element --->By.cssSelector: [placeholder='Last Name']
10:43:36  INFO  manager.MyListener - The element with locator --->By.cssSelector: [placeholder='Last Name']--->was found
10:43:36  INFO  manager.MyListener - Start find element --->By.cssSelector: [placeholder='Phone']
10:43:36  INFO  manager.MyListener - The element with locator --->By.cssSelector: [placeholder='Phone']--->was found
10:43:36  INFO  manager.MyListener - Start find element --->By.cssSelector: [placeholder='email']
10:43:36  INFO  manager.MyListener - The element with locator --->By.cssSelector: [placeholder='email']--->was found
10:43:37  INFO  manager.MyListener - Start find element --->By.cssSelector: [placeholder='Address']
10:43:37  INFO  manager.MyListener - The element with locator --->By.cssSelector: [placeholder='Address']--->was found
10:43:37  INFO  manager.MyListener - Start find element --->By.cssSelector: [placeholder='description']
10:43:37  INFO  manager.MyListener - The element with locator --->By.cssSelector: [placeholder='description']--->was found
10:43:42  INFO  manager.MyListener - We have a throwable ---> element not interactable
  (Session info: chrome=98.0.4758.82)
Build info: version: '3.141.59', revision: 'e82be7d358', time: '2018-11-14T08:17:03'
System info: host: 'DESKTOP-O62I6CB', ip: '10.100.102.5', os.name: 'Windows 10', os.arch: 'amd64', os.version: '10.0', java.version: '11.0.13'
Driver info: org.openqa.selenium.chrome.ChromeDriver
Capabilities {acceptInsecureCerts: false, browserName: chrome, browserVersion: 98.0.4758.82, chrome: {chromedriverVersion: 98.0.4758.80 (7f0488e8ba0d8..., userDataDir: C:\Users\Natali\AppData\Loc...}, goog:chromeOptions: {debuggerAddress: localhost:55345}, javascriptEnabled: true, networkConnectionEnabled: false, pageLoadStrategy: normal, platform: WINDOWS, platformName: WINDOWS, proxy: Proxy(), setWindowRect: true, strictFileInteractability: false, timeouts: {implicit: 0, pageLoad: 300000, script: 30000}, unhandledPromptBehavior: dismiss and notify, webauthn:extension:credBlob: true, webauthn:extension:largeBlob: true, webauthn:virtualAuthenticators: true}
Session ID: d87637e617a1beee26c8b4fc1c1d461e
10:43:42  INFO  manager.MyListener - org.openqa.selenium.ElementNotInteractableException: element not interactable
  (Session info: chrome=98.0.4758.82)
Build info: version: '3.141.59', revision: 'e82be7d358', time: '2018-11-14T08:17:03'
System info: host: 'DESKTOP-O62I6CB', ip: '10.100.102.5', os.name: 'Windows 10', os.arch: 'amd64', os.version: '10.0', java.version: '11.0.13'
Driver info: org.openqa.selenium.chrome.ChromeDriver
Capabilities {acceptInsecureCerts: false, browserName: chrome, browserVersion: 98.0.4758.82, chrome: {chromedriverVersion: 98.0.4758.80 (7f0488e8ba0d8..., userDataDir: C:\Users\Natali\AppData\Loc...}, goog:chromeOptions: {debuggerAddress: localhost:55345}, javascriptEnabled: true, networkConnectionEnabled: false, pageLoadStrategy: normal, platform: WINDOWS, platformName: WINDOWS, proxy: Proxy(), setWindowRect: true, strictFileInteractability: false, timeouts: {implicit: 0, pageLoad: 300000, script: 30000}, unhandledPromptBehavior: dismiss and notify, webauthn:extension:credBlob: true, webauthn:extension:largeBlob: true, webauthn:virtualAuthenticators: true}
Session ID: d87637e617a1beee26c8b4fc1c1d461e
10:43:42  INFO  manager.MyListener - This is your screen with error -->src/test/screenshorts/screen2622.png
10:43:43  INFO  tests.TestBase - Name of test ---> removeOneContact
10:43:43  INFO  tests.TestBase - Name of test ---> removeOneContactCount
