12:07:35  INFO  manager.ApplicationManager - All tests starts in 'FIREFOX' browser
12:07:36  INFO  tests.TestBase - Name of test ---> addNewContactSuccess
12:07:36  INFO  manager.MyListener - Start find element --->By.xpath: //button[text()='Sign Out']
12:07:41  INFO  manager.MyListener - The element with locator --->By.xpath: //button[text()='Sign Out']--->was found
12:07:41  INFO  manager.MyListener - Start find element --->By.xpath: //a[@href='/login']
12:07:41  INFO  manager.MyListener - The element with locator --->By.xpath: //a[@href='/login']--->was found
12:07:41  INFO  manager.MyListener - Start find element --->By.xpath: //input[1]
12:07:41  INFO  manager.MyListener - The element with locator --->By.xpath: //input[1]--->was found
12:07:42  INFO  manager.MyListener - Start find element --->By.xpath: //input[2]
12:07:42  INFO  manager.MyListener - The element with locator --->By.xpath: //input[2]--->was found
12:07:42  INFO  manager.MyListener - Start find element --->By.xpath: //button[text()=' Login']
12:07:42  INFO  manager.MyListener - The element with locator --->By.xpath: //button[text()=' Login']--->was found
12:07:42  INFO  manager.MyListener - Start find element --->By.cssSelector: .contact-item_card__2SOIM
12:07:43  INFO  manager.MyListener - The element with locator --->By.cssSelector: .contact-item_card__2SOIM--->was found
12:07:43  INFO  manager.MyListener - Start find element --->By.cssSelector: .contact-item_card__2SOIM
12:07:43  INFO  manager.MyListener - The element with locator --->By.cssSelector: .contact-item_card__2SOIM--->was found
12:07:43  INFO  tests.TestBase - The test 'Add new contact' start with count of contact in start --->3
12:07:43  INFO  tests.TestBase - The test 'Add new contact' start with data ---->Contact(name=Maya463, lastName=Foot, phone=1234567463, email=maya463@gmail.com, address=Tel-Aviv, description=friend)
12:07:43  INFO  manager.MyListener - Start find element --->By.xpath: //a[text()='ADD']
12:07:43  INFO  manager.MyListener - The element with locator --->By.xpath: //a[text()='ADD']--->was found
12:07:43  INFO  manager.MyListener - Start find element --->By.cssSelector: [placeholder='Name']
12:07:43  INFO  manager.MyListener - The element with locator --->By.cssSelector: [placeholder='Name']--->was found
12:07:43  INFO  manager.MyListener - Start find element --->By.cssSelector: [placeholder='Last Name']
12:07:43  INFO  manager.MyListener - The element with locator --->By.cssSelector: [placeholder='Last Name']--->was found
12:07:44  INFO  manager.MyListener - Start find element --->By.cssSelector: [placeholder='Phone']
12:07:44  INFO  manager.MyListener - The element with locator --->By.cssSelector: [placeholder='Phone']--->was found
12:07:44  INFO  manager.MyListener - Start find element --->By.cssSelector: [placeholder='email']
12:07:44  INFO  manager.MyListener - The element with locator --->By.cssSelector: [placeholder='email']--->was found
12:07:44  INFO  manager.MyListener - Start find element --->By.cssSelector: [placeholder='Address']
12:07:44  INFO  manager.MyListener - The element with locator --->By.cssSelector: [placeholder='Address']--->was found
12:07:45  INFO  manager.MyListener - Start find element --->By.cssSelector: [placeholder='description']
12:07:45  INFO  manager.MyListener - The element with locator --->By.cssSelector: [placeholder='description']--->was found
12:07:45  INFO  manager.MyListener - Start find element --->By.xpath: //button[contains(.,'Save')]
12:07:45  INFO  manager.MyListener - The element with locator --->By.xpath: //button[contains(.,'Save')]--->was found
12:07:45  INFO  manager.MyListener - Start find element --->By.cssSelector: .contact-item_card__2SOIM
12:07:45  INFO  manager.MyListener - The element with locator --->By.cssSelector: .contact-item_card__2SOIM--->was found
12:07:45  INFO  tests.TestBase - The test 'Add new contact' end with count of contact in the end --->4
12:07:45  INFO  manager.MyListener - Start find element --->By.cssSelector: h2
12:07:45  INFO  manager.MyListener - The element with locator --->By.cssSelector: h2--->was found
12:07:45  INFO  manager.MyListener - Start find element --->By.cssSelector: h3
12:07:45  INFO  manager.MyListener - The element with locator --->By.cssSelector: h3--->was found
12:07:45  INFO  tests.TestBase - Name of test ---> loginSuccessModel
12:07:45  INFO  manager.MyListener - Start find element --->By.xpath: //button[text()='Sign Out']
12:07:45  INFO  manager.MyListener - The element with locator --->By.xpath: //button[text()='Sign Out']--->was found
12:07:45  INFO  manager.MyListener - Start find element --->By.xpath: //button[text()='Sign Out']
12:07:45  INFO  manager.MyListener - The element with locator --->By.xpath: //button[text()='Sign Out']--->was found
12:07:46  INFO  tests.TestBase - Test starts with email [Tomy123456@mail.com], pessword[Qq123666$45]
12:07:46  INFO  manager.MyListener - Start find element --->By.xpath: //a[@href='/login']
12:07:46  INFO  manager.MyListener - The element with locator --->By.xpath: //a[@href='/login']--->was found
12:07:46  INFO  manager.MyListener - Start find element --->By.xpath: //input[1]
12:07:46  INFO  manager.MyListener - The element with locator --->By.xpath: //input[1]--->was found
12:07:46  INFO  manager.MyListener - Start find element --->By.xpath: //input[2]
12:07:46  INFO  manager.MyListener - The element with locator --->By.xpath: //input[2]--->was found
12:07:46  INFO  manager.MyListener - Start find element --->By.xpath: //button[text()=' Login']
12:07:46  INFO  manager.MyListener - The element with locator --->By.xpath: //button[text()=' Login']--->was found
12:07:47  INFO  manager.MyListener - Start find element --->By.xpath: //a[@href='/contacts']
12:07:47  INFO  manager.MyListener - The element with locator --->By.xpath: //a[@href='/contacts']--->was found
12:07:47  INFO  tests.TestBase - Name of test ---> loginSuccessModelDataProvider
12:07:47  INFO  manager.MyListener - Start find element --->By.xpath: //button[text()='Sign Out']
12:07:47  INFO  manager.MyListener - The element with locator --->By.xpath: //button[text()='Sign Out']--->was found
12:07:47  INFO  manager.MyListener - Start find element --->By.xpath: //button[text()='Sign Out']
12:07:47  INFO  manager.MyListener - The element with locator --->By.xpath: //button[text()='Sign Out']--->was found
12:07:47  INFO  tests.TestBase - Test user starts with data:User{email='Tomy123456@mail.com', password='Qq123666$45'}
12:07:47  INFO  manager.MyListener - Start find element --->By.xpath: //a[@href='/login']
12:07:47  INFO  manager.MyListener - The element with locator --->By.xpath: //a[@href='/login']--->was found
12:07:48  INFO  manager.MyListener - Start find element --->By.xpath: //input[1]
12:07:48  INFO  manager.MyListener - The element with locator --->By.xpath: //input[1]--->was found
12:07:48  INFO  manager.MyListener - Start find element --->By.xpath: //input[2]
12:07:48  INFO  manager.MyListener - The element with locator --->By.xpath: //input[2]--->was found
12:07:48  INFO  manager.MyListener - Start find element --->By.xpath: //button[text()=' Login']
12:07:48  INFO  manager.MyListener - The element with locator --->By.xpath: //button[text()=' Login']--->was found
12:07:49  INFO  manager.MyListener - Start find element --->By.xpath: //a[@href='/contacts']
12:07:49  INFO  manager.MyListener - The element with locator --->By.xpath: //a[@href='/contacts']--->was found
12:07:49  INFO  tests.TestBase - Name of test ---> loginSuccessModelDataProvider
12:07:49  INFO  manager.MyListener - Start find element --->By.xpath: //button[text()='Sign Out']
12:07:49  INFO  manager.MyListener - The element with locator --->By.xpath: //button[text()='Sign Out']--->was found
12:07:49  INFO  manager.MyListener - Start find element --->By.xpath: //button[text()='Sign Out']
12:07:49  INFO  manager.MyListener - The element with locator --->By.xpath: //button[text()='Sign Out']--->was found
12:07:49  INFO  tests.TestBase - Test user starts with data:User{email='Tomy123456@mail.com', password='Qq123666$45'}
12:07:49  INFO  manager.MyListener - Start find element --->By.xpath: //a[@href='/login']
12:07:49  INFO  manager.MyListener - The element with locator --->By.xpath: //a[@href='/login']--->was found
12:07:49  INFO  manager.MyListener - Start find element --->By.xpath: //input[1]
12:07:49  INFO  manager.MyListener - The element with locator --->By.xpath: //input[1]--->was found
12:07:49  INFO  manager.MyListener - Start find element --->By.xpath: //input[2]
12:07:49  INFO  manager.MyListener - The element with locator --->By.xpath: //input[2]--->was found
12:07:50  INFO  manager.MyListener - Start find element --->By.xpath: //button[text()=' Login']
12:07:50  INFO  manager.MyListener - The element with locator --->By.xpath: //button[text()=' Login']--->was found
12:07:50  INFO  manager.MyListener - Start find element --->By.xpath: //a[@href='/contacts']
12:07:50  INFO  manager.MyListener - The element with locator --->By.xpath: //a[@href='/contacts']--->was found
12:07:50  INFO  tests.TestBase - Name of test ---> loginSuccessModelDataProvider
12:07:50  INFO  manager.MyListener - Start find element --->By.xpath: //button[text()='Sign Out']
12:07:50  INFO  manager.MyListener - The element with locator --->By.xpath: //button[text()='Sign Out']--->was found
12:07:50  INFO  manager.MyListener - Start find element --->By.xpath: //button[text()='Sign Out']
12:07:50  INFO  manager.MyListener - The element with locator --->By.xpath: //button[text()='Sign Out']--->was found
12:07:51  INFO  tests.TestBase - Test user starts with data:User{email='Tomy123456@mail.com', password='Qq123666$45'}
12:07:51  INFO  manager.MyListener - Start find element --->By.xpath: //a[@href='/login']
12:07:51  INFO  manager.MyListener - The element with locator --->By.xpath: //a[@href='/login']--->was found
12:07:51  INFO  manager.MyListener - Start find element --->By.xpath: //input[1]
12:07:51  INFO  manager.MyListener - The element with locator --->By.xpath: //input[1]--->was found
12:07:51  INFO  manager.MyListener - Start find element --->By.xpath: //input[2]
12:07:51  INFO  manager.MyListener - The element with locator --->By.xpath: //input[2]--->was found
12:07:51  INFO  manager.MyListener - Start find element --->By.xpath: //button[text()=' Login']
12:07:51  INFO  manager.MyListener - The element with locator --->By.xpath: //button[text()=' Login']--->was found
12:07:52  INFO  manager.MyListener - Start find element --->By.xpath: //a[@href='/contacts']
12:07:52  INFO  manager.MyListener - The element with locator --->By.xpath: //a[@href='/contacts']--->was found
12:07:52  INFO  tests.TestBase - Name of test ---> loginSuccessTestDataProvider
12:07:52  INFO  manager.MyListener - Start find element --->By.xpath: //button[text()='Sign Out']
12:07:52  INFO  manager.MyListener - The element with locator --->By.xpath: //button[text()='Sign Out']--->was found
12:07:52  INFO  manager.MyListener - Start find element --->By.xpath: //button[text()='Sign Out']
12:07:52  INFO  manager.MyListener - The element with locator --->By.xpath: //button[text()='Sign Out']--->was found
12:07:52  INFO  tests.TestBase - Test starts with email Tomy123456@mail.com  && password Qq123666$45
12:07:52  INFO  manager.MyListener - Start find element --->By.xpath: //a[@href='/login']
12:07:52  INFO  manager.MyListener - The element with locator --->By.xpath: //a[@href='/login']--->was found
12:07:56  INFO  manager.MyListener - Start find element --->By.xpath: //input[1]
12:07:56  INFO  manager.MyListener - The element with locator --->By.xpath: //input[1]--->was found
12:07:56  INFO  manager.MyListener - Start find element --->By.xpath: //input[2]
12:07:56  INFO  manager.MyListener - The element with locator --->By.xpath: //input[2]--->was found
12:07:56  INFO  manager.MyListener - Start find element --->By.xpath: //button[text()=' Login']
12:07:56  INFO  manager.MyListener - The element with locator --->By.xpath: //button[text()=' Login']--->was found
12:07:56  INFO  manager.MyListener - Start find element --->By.xpath: //a[@href='/contacts']
12:07:56  INFO  manager.MyListener - The element with locator --->By.xpath: //a[@href='/contacts']--->was found
12:07:56  INFO  tests.TestBase - Name of test ---> loginSuccessTestDataProvider
12:07:56  INFO  manager.MyListener - Start find element --->By.xpath: //button[text()='Sign Out']
12:07:56  INFO  manager.MyListener - The element with locator --->By.xpath: //button[text()='Sign Out']--->was found
12:07:56  INFO  manager.MyListener - Start find element --->By.xpath: //button[text()='Sign Out']
12:07:56  INFO  manager.MyListener - The element with locator --->By.xpath: //button[text()='Sign Out']--->was found
12:07:57  INFO  tests.TestBase - Test starts with email Tomy123456@mail.com  && password Qq123666$45
12:07:57  INFO  manager.MyListener - Start find element --->By.xpath: //a[@href='/login']
12:07:57  INFO  manager.MyListener - The element with locator --->By.xpath: //a[@href='/login']--->was found
12:08:00  INFO  manager.MyListener - Start find element --->By.xpath: //input[1]
12:08:00  INFO  manager.MyListener - The element with locator --->By.xpath: //input[1]--->was found
12:08:00  INFO  manager.MyListener - Start find element --->By.xpath: //input[2]
12:08:00  INFO  manager.MyListener - The element with locator --->By.xpath: //input[2]--->was found
12:08:01  INFO  manager.MyListener - Start find element --->By.xpath: //button[text()=' Login']
12:08:01  INFO  manager.MyListener - The element with locator --->By.xpath: //button[text()=' Login']--->was found
12:08:01  INFO  manager.MyListener - Start find element --->By.xpath: //a[@href='/contacts']
12:08:01  INFO  manager.MyListener - The element with locator --->By.xpath: //a[@href='/contacts']--->was found
12:08:01  INFO  tests.TestBase - Name of test ---> loginSuccessTestDataProvider
12:08:01  INFO  manager.MyListener - Start find element --->By.xpath: //button[text()='Sign Out']
12:08:01  INFO  manager.MyListener - The element with locator --->By.xpath: //button[text()='Sign Out']--->was found
12:08:01  INFO  manager.MyListener - Start find element --->By.xpath: //button[text()='Sign Out']
12:08:01  INFO  manager.MyListener - The element with locator --->By.xpath: //button[text()='Sign Out']--->was found
12:08:01  INFO  tests.TestBase - Test starts with email elizabet123456@mail.com  && password El098765$
12:08:01  INFO  manager.MyListener - Start find element --->By.xpath: //a[@href='/login']
12:08:01  INFO  manager.MyListener - The element with locator --->By.xpath: //a[@href='/login']--->was found
12:08:04  INFO  manager.MyListener - Start find element --->By.xpath: //input[1]
12:08:04  INFO  manager.MyListener - The element with locator --->By.xpath: //input[1]--->was found
12:08:05  INFO  manager.MyListener - Start find element --->By.xpath: //input[2]
12:08:05  INFO  manager.MyListener - The element with locator --->By.xpath: //input[2]--->was found
12:08:05  INFO  manager.MyListener - Start find element --->By.xpath: //button[text()=' Login']
12:08:05  INFO  manager.MyListener - The element with locator --->By.xpath: //button[text()=' Login']--->was found
12:08:05  INFO  manager.MyListener - Start find element --->By.xpath: //a[@href='/contacts']
12:08:05  INFO  manager.MyListener - The element with locator --->By.xpath: //a[@href='/contacts']--->was found
12:08:05  INFO  tests.TestBase - Name of test ---> loginSuccessTestDataProviderCSV
12:08:05  INFO  manager.MyListener - Start find element --->By.xpath: //button[text()='Sign Out']
12:08:05  INFO  manager.MyListener - The element with locator --->By.xpath: //button[text()='Sign Out']--->was found
12:08:05  INFO  manager.MyListener - Start find element --->By.xpath: //button[text()='Sign Out']
12:08:05  INFO  manager.MyListener - The element with locator --->By.xpath: //button[text()='Sign Out']--->was found
12:08:05  INFO  tests.TestBase - Test starts with email Tomy123456@mail.com  && password Qq123666$45
12:08:05  INFO  manager.MyListener - Start find element --->By.xpath: //a[@href='/login']
12:08:05  INFO  manager.MyListener - The element with locator --->By.xpath: //a[@href='/login']--->was found
12:08:09  INFO  manager.MyListener - Start find element --->By.xpath: //input[1]
12:08:09  INFO  manager.MyListener - The element with locator --->By.xpath: //input[1]--->was found
12:08:09  INFO  manager.MyListener - Start find element --->By.xpath: //input[2]
12:08:09  INFO  manager.MyListener - The element with locator --->By.xpath: //input[2]--->was found
12:08:09  INFO  manager.MyListener - Start find element --->By.xpath: //button[text()=' Login']
12:08:09  INFO  manager.MyListener - The element with locator --->By.xpath: //button[text()=' Login']--->was found
12:08:10  INFO  manager.MyListener - Start find element --->By.xpath: //a[@href='/contacts']
12:08:10  INFO  manager.MyListener - The element with locator --->By.xpath: //a[@href='/contacts']--->was found
12:08:10  INFO  tests.TestBase - Name of test ---> loginSuccessTestDataProviderCSV
12:08:10  INFO  manager.MyListener - Start find element --->By.xpath: //button[text()='Sign Out']
12:08:10  INFO  manager.MyListener - The element with locator --->By.xpath: //button[text()='Sign Out']--->was found
12:08:10  INFO  manager.MyListener - Start find element --->By.xpath: //button[text()='Sign Out']
12:08:10  INFO  manager.MyListener - The element with locator --->By.xpath: //button[text()='Sign Out']--->was found
12:08:10  INFO  tests.TestBase - Test starts with email elizabet123456@mail.com  && password El098765$
12:08:10  INFO  manager.MyListener - Start find element --->By.xpath: //a[@href='/login']
12:08:10  INFO  manager.MyListener - The element with locator --->By.xpath: //a[@href='/login']--->was found
12:08:13  INFO  manager.MyListener - Start find element --->By.xpath: //input[1]
12:08:13  INFO  manager.MyListener - The element with locator --->By.xpath: //input[1]--->was found
12:08:13  INFO  manager.MyListener - Start find element --->By.xpath: //input[2]
12:08:13  INFO  manager.MyListener - The element with locator --->By.xpath: //input[2]--->was found
12:08:14  INFO  manager.MyListener - Start find element --->By.xpath: //button[text()=' Login']
12:08:14  INFO  manager.MyListener - The element with locator --->By.xpath: //button[text()=' Login']--->was found
12:08:14  INFO  manager.MyListener - Start find element --->By.xpath: //a[@href='/contacts']
12:08:14  INFO  manager.MyListener - The element with locator --->By.xpath: //a[@href='/contacts']--->was found
12:08:14  INFO  tests.TestBase - Name of test ---> registrationSuccess
12:08:14  INFO  manager.MyListener - Start find element --->By.xpath: //button[text()='Sign Out']
12:08:14  INFO  manager.MyListener - The element with locator --->By.xpath: //button[text()='Sign Out']--->was found
12:08:14  INFO  manager.MyListener - Start find element --->By.xpath: //button[text()='Sign Out']
12:08:14  INFO  manager.MyListener - The element with locator --->By.xpath: //button[text()='Sign Out']--->was found
12:08:14  INFO  manager.MyListener - Start find element --->By.xpath: //a[@href='/login']
12:08:14  INFO  manager.MyListener - The element with locator --->By.xpath: //a[@href='/login']--->was found
12:08:15  INFO  manager.MyListener - Start find element --->By.xpath: //input[1]
12:08:15  INFO  manager.MyListener - The element with locator --->By.xpath: //input[1]--->was found
12:08:15  INFO  manager.MyListener - Start find element --->By.xpath: //input[2]
12:08:15  INFO  manager.MyListener - The element with locator --->By.xpath: //input[2]--->was found
12:08:15  INFO  manager.MyListener - Start find element --->By.xpath: //button[text()=' Registration']
12:08:15  INFO  manager.MyListener - The element with locator --->By.xpath: //button[text()=' Registration']--->was found
12:08:15  INFO  manager.MyListener - Start find element --->By.cssSelector: h2
12:08:16  INFO  manager.MyListener - The element with locator --->By.cssSelector: h2--->was found
12:08:16  INFO  tests.TestBase - Name of test ---> registrationSuccessModel
12:08:16  INFO  manager.MyListener - Start find element --->By.xpath: //button[text()='Sign Out']
12:08:16  INFO  manager.MyListener - The element with locator --->By.xpath: //button[text()='Sign Out']--->was found
12:08:16  INFO  manager.MyListener - Start find element --->By.xpath: //button[text()='Sign Out']
12:08:16  INFO  manager.MyListener - The element with locator --->By.xpath: //button[text()='Sign Out']--->was found
12:08:16  INFO  manager.MyListener - Start find element --->By.xpath: //a[@href='/login']
12:08:16  INFO  manager.MyListener - The element with locator --->By.xpath: //a[@href='/login']--->was found
12:08:16  INFO  manager.MyListener - Start find element --->By.xpath: //input[1]
12:08:16  INFO  manager.MyListener - The element with locator --->By.xpath: //input[1]--->was found
12:08:16  INFO  manager.MyListener - Start find element --->By.xpath: //input[2]
12:08:16  INFO  manager.MyListener - The element with locator --->By.xpath: //input[2]--->was found
12:08:17  INFO  manager.MyListener - Start find element --->By.xpath: //button[text()=' Registration']
12:08:17  INFO  manager.MyListener - The element with locator --->By.xpath: //button[text()=' Registration']--->was found
12:08:17  INFO  tests.TestBase - User register with dataUser{email='maya496@mail.com', password='Ma098765$'}
12:08:17  INFO  manager.MyListener - Start find element --->By.cssSelector: h2
12:08:17  INFO  manager.MyListener - The element with locator --->By.cssSelector: h2--->was found
12:08:17  INFO  tests.TestBase - Name of test ---> removeAllContactTest
12:08:17  INFO  manager.MyListener - Start find element --->By.xpath: //button[text()='Sign Out']
12:08:17  INFO  manager.MyListener - The element with locator --->By.xpath: //button[text()='Sign Out']--->was found
12:08:17  INFO  manager.MyListener - Start find element --->By.cssSelector: .contact-item_card__2SOIM
12:08:22  INFO  manager.MyListener - The element with locator --->By.cssSelector: .contact-item_card__2SOIM--->was found
12:08:22  INFO  manager.MyListener - Start find element --->By.xpath: //a[text()='ADD']
12:08:22  INFO  manager.MyListener - The element with locator --->By.xpath: //a[text()='ADD']--->was found
12:08:22  INFO  manager.MyListener - Start find element --->By.cssSelector: [placeholder='Name']
12:08:22  INFO  manager.MyListener - The element with locator --->By.cssSelector: [placeholder='Name']--->was found
12:08:22  INFO  manager.MyListener - Start find element --->By.cssSelector: [placeholder='Last Name']
12:08:22  INFO  manager.MyListener - The element with locator --->By.cssSelector: [placeholder='Last Name']--->was found
12:08:23  INFO  manager.MyListener - Start find element --->By.cssSelector: [placeholder='Phone']
12:08:23  INFO  manager.MyListener - The element with locator --->By.cssSelector: [placeholder='Phone']--->was found
12:08:23  INFO  manager.MyListener - Start find element --->By.cssSelector: [placeholder='email']
12:08:23  INFO  manager.MyListener - The element with locator --->By.cssSelector: [placeholder='email']--->was found
12:08:23  INFO  manager.MyListener - Start find element --->By.cssSelector: [placeholder='Address']
12:08:23  INFO  manager.MyListener - The element with locator --->By.cssSelector: [placeholder='Address']--->was found
12:08:24  INFO  manager.MyListener - Start find element --->By.cssSelector: [placeholder='description']
12:08:24  INFO  manager.MyListener - The element with locator --->By.cssSelector: [placeholder='description']--->was found
12:08:24  INFO  manager.MyListener - Start find element --->By.xpath: //button[contains(.,'Save')]
12:08:24  INFO  manager.MyListener - The element with locator --->By.xpath: //button[contains(.,'Save')]--->was found
12:08:25  INFO  manager.MyListener - Start find element --->By.xpath: //a[text()='ADD']
12:08:25  INFO  manager.MyListener - The element with locator --->By.xpath: //a[text()='ADD']--->was found
12:08:25  INFO  manager.MyListener - Start find element --->By.cssSelector: [placeholder='Name']
12:08:25  INFO  manager.MyListener - The element with locator --->By.cssSelector: [placeholder='Name']--->was found
12:08:26  INFO  manager.MyListener - Start find element --->By.cssSelector: [placeholder='Last Name']
12:08:26  INFO  manager.MyListener - The element with locator --->By.cssSelector: [placeholder='Last Name']--->was found
12:08:26  INFO  manager.MyListener - Start find element --->By.cssSelector: [placeholder='Phone']
12:08:26  INFO  manager.MyListener - The element with locator --->By.cssSelector: [placeholder='Phone']--->was found
12:08:26  INFO  manager.MyListener - Start find element --->By.cssSelector: [placeholder='email']
12:08:26  INFO  manager.MyListener - The element with locator --->By.cssSelector: [placeholder='email']--->was found
12:08:27  INFO  manager.MyListener - Start find element --->By.cssSelector: [placeholder='Address']
12:08:27  INFO  manager.MyListener - The element with locator --->By.cssSelector: [placeholder='Address']--->was found
12:08:27  INFO  manager.MyListener - Start find element --->By.cssSelector: [placeholder='description']
12:08:27  INFO  manager.MyListener - The element with locator --->By.cssSelector: [placeholder='description']--->was found
12:08:27  INFO  manager.MyListener - Start find element --->By.xpath: //button[contains(.,'Save')]
12:08:27  INFO  manager.MyListener - The element with locator --->By.xpath: //button[contains(.,'Save')]--->was found
12:08:28  INFO  manager.MyListener - Start find element --->By.xpath: //a[text()='ADD']
12:08:28  INFO  manager.MyListener - The element with locator --->By.xpath: //a[text()='ADD']--->was found
12:08:29  INFO  manager.MyListener - Start find element --->By.cssSelector: [placeholder='Name']
12:08:29  INFO  manager.MyListener - The element with locator --->By.cssSelector: [placeholder='Name']--->was found
12:08:29  INFO  manager.MyListener - Start find element --->By.cssSelector: [placeholder='Last Name']
12:08:29  INFO  manager.MyListener - The element with locator --->By.cssSelector: [placeholder='Last Name']--->was found
12:08:29  INFO  manager.MyListener - Start find element --->By.cssSelector: [placeholder='Phone']
12:08:29  INFO  manager.MyListener - The element with locator --->By.cssSelector: [placeholder='Phone']--->was found
12:08:30  INFO  manager.MyListener - Start find element --->By.cssSelector: [placeholder='email']
12:08:30  INFO  manager.MyListener - The element with locator --->By.cssSelector: [placeholder='email']--->was found
12:08:30  INFO  manager.MyListener - Start find element --->By.cssSelector: [placeholder='Address']
12:08:30  INFO  manager.MyListener - The element with locator --->By.cssSelector: [placeholder='Address']--->was found
12:08:30  INFO  manager.MyListener - Start find element --->By.cssSelector: [placeholder='description']
12:08:30  INFO  manager.MyListener - The element with locator --->By.cssSelector: [placeholder='description']--->was found
12:08:30  INFO  manager.MyListener - Start find element --->By.xpath: //button[contains(.,'Save')]
12:08:30  INFO  manager.MyListener - The element with locator --->By.xpath: //button[contains(.,'Save')]--->was found
12:08:32  INFO  manager.MyListener - Start find element --->By.cssSelector: .contact-item_card__2SOIM
12:08:32  INFO  manager.MyListener - The element with locator --->By.cssSelector: .contact-item_card__2SOIM--->was found
12:08:32  INFO  manager.MyListener - Start find element --->By.cssSelector: .contact-item_card__2SOIM
12:08:32  INFO  manager.MyListener - The element with locator --->By.cssSelector: .contact-item_card__2SOIM--->was found
12:08:32  INFO  manager.HelperBase - Before remove 'One contact tests' count was --->3
12:08:32  INFO  manager.MyListener - Start find element --->By.cssSelector: .contact-item_card__2SOIM
12:08:32  INFO  manager.MyListener - The element with locator --->By.cssSelector: .contact-item_card__2SOIM--->was found
12:08:32  INFO  manager.MyListener - Start find element --->By.cssSelector: .contact-item_card__2SOIM h3
12:08:32  INFO  manager.MyListener - The element with locator --->By.cssSelector: .contact-item_card__2SOIM h3--->was found
12:08:32  INFO  manager.HelperBase - The phone number of removed contact was -->12120502
12:08:32  INFO  manager.MyListener - Start find element --->By.cssSelector: .contact-item_card__2SOIM
12:08:32  INFO  manager.MyListener - The element with locator --->By.cssSelector: .contact-item_card__2SOIM--->was found
12:08:32  INFO  manager.MyListener - Start find element --->By.xpath: //button[text()='Remove']
12:08:32  INFO  manager.MyListener - The element with locator --->By.xpath: //button[text()='Remove']--->was found
12:08:33  INFO  manager.MyListener - Start find element --->By.cssSelector: .contact-item_card__2SOIM
12:08:33  INFO  manager.MyListener - The element with locator --->By.cssSelector: .contact-item_card__2SOIM--->was found
12:08:33  INFO  manager.HelperBase - After remove one contact the count is --->2
12:08:33  INFO  manager.MyListener - Start find element --->By.cssSelector: .contact-item_card__2SOIM
12:08:33  INFO  manager.MyListener - The element with locator --->By.cssSelector: .contact-item_card__2SOIM--->was found
12:08:33  INFO  manager.MyListener - Start find element --->By.cssSelector: .contact-item_card__2SOIM
12:08:33  INFO  manager.MyListener - The element with locator --->By.cssSelector: .contact-item_card__2SOIM--->was found
12:08:33  INFO  manager.HelperBase - Before remove 'One contact tests' count was --->2
12:08:33  INFO  manager.MyListener - Start find element --->By.cssSelector: .contact-item_card__2SOIM
12:08:33  INFO  manager.MyListener - The element with locator --->By.cssSelector: .contact-item_card__2SOIM--->was found
12:08:33  INFO  manager.MyListener - Start find element --->By.cssSelector: .contact-item_card__2SOIM h3
12:08:33  INFO  manager.MyListener - The element with locator --->By.cssSelector: .contact-item_card__2SOIM h3--->was found
12:08:33  INFO  manager.HelperBase - The phone number of removed contact was -->12121502
12:08:33  INFO  manager.MyListener - Start find element --->By.cssSelector: .contact-item_card__2SOIM
12:08:33  INFO  manager.MyListener - The element with locator --->By.cssSelector: .contact-item_card__2SOIM--->was found
12:08:33  INFO  manager.MyListener - Start find element --->By.xpath: //button[text()='Remove']
12:08:33  INFO  manager.MyListener - The element with locator --->By.xpath: //button[text()='Remove']--->was found
12:08:34  INFO  manager.MyListener - Start find element --->By.cssSelector: .contact-item_card__2SOIM
12:08:34  INFO  manager.MyListener - The element with locator --->By.cssSelector: .contact-item_card__2SOIM--->was found
12:08:34  INFO  manager.HelperBase - After remove one contact the count is --->1
12:08:34  INFO  manager.MyListener - Start find element --->By.cssSelector: .contact-item_card__2SOIM
12:08:34  INFO  manager.MyListener - The element with locator --->By.cssSelector: .contact-item_card__2SOIM--->was found
12:08:34  INFO  manager.MyListener - Start find element --->By.cssSelector: .contact-item_card__2SOIM
12:08:34  INFO  manager.MyListener - The element with locator --->By.cssSelector: .contact-item_card__2SOIM--->was found
12:08:34  INFO  manager.HelperBase - Before remove 'One contact tests' count was --->1
12:08:34  INFO  manager.MyListener - Start find element --->By.cssSelector: .contact-item_card__2SOIM
12:08:34  INFO  manager.MyListener - The element with locator --->By.cssSelector: .contact-item_card__2SOIM--->was found
12:08:34  INFO  manager.MyListener - Start find element --->By.cssSelector: .contact-item_card__2SOIM h3
12:08:34  INFO  manager.MyListener - The element with locator --->By.cssSelector: .contact-item_card__2SOIM h3--->was found
12:08:34  INFO  manager.HelperBase - The phone number of removed contact was -->12122502
12:08:34  INFO  manager.MyListener - Start find element --->By.cssSelector: .contact-item_card__2SOIM
12:08:34  INFO  manager.MyListener - The element with locator --->By.cssSelector: .contact-item_card__2SOIM--->was found
12:08:34  INFO  manager.MyListener - Start find element --->By.xpath: //button[text()='Remove']
12:08:34  INFO  manager.MyListener - The element with locator --->By.xpath: //button[text()='Remove']--->was found
12:08:35  INFO  manager.MyListener - Start find element --->By.cssSelector: .contact-item_card__2SOIM
12:08:40  INFO  manager.MyListener - The element with locator --->By.cssSelector: .contact-item_card__2SOIM--->was found
12:08:40  INFO  manager.HelperBase - After remove one contact the count is --->0
12:08:40  INFO  manager.MyListener - Start find element --->By.cssSelector: .contact-item_card__2SOIM
12:08:45  INFO  manager.MyListener - The element with locator --->By.cssSelector: .contact-item_card__2SOIM--->was found
12:08:45  INFO  manager.MyListener - Start find element --->By.cssSelector: .contact-item_card__2SOIM
12:08:50  INFO  manager.MyListener - The element with locator --->By.cssSelector: .contact-item_card__2SOIM--->was found
12:08:50  INFO  tests.TestBase - Name of test ---> removeOneContact
12:08:50  INFO  manager.MyListener - Start find element --->By.xpath: //button[text()='Sign Out']
12:08:50  INFO  manager.MyListener - The element with locator --->By.xpath: //button[text()='Sign Out']--->was found
12:08:50  INFO  manager.MyListener - Start find element --->By.cssSelector: .contact-item_card__2SOIM
12:08:55  INFO  manager.MyListener - The element with locator --->By.cssSelector: .contact-item_card__2SOIM--->was found
12:08:55  INFO  manager.MyListener - Start find element --->By.xpath: //a[text()='ADD']
12:08:55  INFO  manager.MyListener - The element with locator --->By.xpath: //a[text()='ADD']--->was found
12:08:55  INFO  manager.MyListener - Start find element --->By.cssSelector: [placeholder='Name']
12:08:55  INFO  manager.MyListener - The element with locator --->By.cssSelector: [placeholder='Name']--->was found
12:08:56  INFO  manager.MyListener - Start find element --->By.cssSelector: [placeholder='Last Name']
12:08:56  INFO  manager.MyListener - The element with locator --->By.cssSelector: [placeholder='Last Name']--->was found
12:08:56  INFO  manager.MyListener - Start find element --->By.cssSelector: [placeholder='Phone']
12:08:56  INFO  manager.MyListener - The element with locator --->By.cssSelector: [placeholder='Phone']--->was found
12:08:56  INFO  manager.MyListener - Start find element --->By.cssSelector: [placeholder='email']
12:08:56  INFO  manager.MyListener - The element with locator --->By.cssSelector: [placeholder='email']--->was found
12:08:56  INFO  manager.MyListener - Start find element --->By.cssSelector: [placeholder='Address']
12:08:56  INFO  manager.MyListener - The element with locator --->By.cssSelector: [placeholder='Address']--->was found
12:08:57  INFO  manager.MyListener - Start find element --->By.cssSelector: [placeholder='description']
12:08:57  INFO  manager.MyListener - The element with locator --->By.cssSelector: [placeholder='description']--->was found
12:08:57  INFO  manager.MyListener - Start find element --->By.xpath: //button[contains(.,'Save')]
12:08:57  INFO  manager.MyListener - The element with locator --->By.xpath: //button[contains(.,'Save')]--->was found
12:08:58  INFO  manager.MyListener - Start find element --->By.xpath: //a[text()='ADD']
12:08:58  INFO  manager.MyListener - The element with locator --->By.xpath: //a[text()='ADD']--->was found
12:08:59  INFO  manager.MyListener - Start find element --->By.cssSelector: [placeholder='Name']
12:08:59  INFO  manager.MyListener - The element with locator --->By.cssSelector: [placeholder='Name']--->was found
12:08:59  INFO  manager.MyListener - Start find element --->By.cssSelector: [placeholder='Last Name']
12:08:59  INFO  manager.MyListener - The element with locator --->By.cssSelector: [placeholder='Last Name']--->was found
12:08:59  INFO  manager.MyListener - Start find element --->By.cssSelector: [placeholder='Phone']
12:08:59  INFO  manager.MyListener - The element with locator --->By.cssSelector: [placeholder='Phone']--->was found
12:08:59  INFO  manager.MyListener - Start find element --->By.cssSelector: [placeholder='email']
12:08:59  INFO  manager.MyListener - The element with locator --->By.cssSelector: [placeholder='email']--->was found
12:09:00  INFO  manager.MyListener - Start find element --->By.cssSelector: [placeholder='Address']
12:09:00  INFO  manager.MyListener - The element with locator --->By.cssSelector: [placeholder='Address']--->was found
12:09:00  INFO  manager.MyListener - Start find element --->By.cssSelector: [placeholder='description']
12:09:00  INFO  manager.MyListener - The element with locator --->By.cssSelector: [placeholder='description']--->was found
12:09:00  INFO  manager.MyListener - Start find element --->By.xpath: //button[contains(.,'Save')]
12:09:00  INFO  manager.MyListener - The element with locator --->By.xpath: //button[contains(.,'Save')]--->was found
12:09:02  INFO  manager.MyListener - Start find element --->By.xpath: //a[text()='ADD']
12:09:02  INFO  manager.MyListener - The element with locator --->By.xpath: //a[text()='ADD']--->was found
12:09:02  INFO  manager.MyListener - Start find element --->By.cssSelector: [placeholder='Name']
12:09:02  INFO  manager.MyListener - The element with locator --->By.cssSelector: [placeholder='Name']--->was found
12:09:02  INFO  manager.MyListener - Start find element --->By.cssSelector: [placeholder='Last Name']
12:09:02  INFO  manager.MyListener - The element with locator --->By.cssSelector: [placeholder='Last Name']--->was found
12:09:02  INFO  manager.MyListener - Start find element --->By.cssSelector: [placeholder='Phone']
12:09:02  INFO  manager.MyListener - The element with locator --->By.cssSelector: [placeholder='Phone']--->was found
12:09:03  INFO  manager.MyListener - Start find element --->By.cssSelector: [placeholder='email']
12:09:03  INFO  manager.MyListener - The element with locator --->By.cssSelector: [placeholder='email']--->was found
12:09:03  INFO  manager.MyListener - Start find element --->By.cssSelector: [placeholder='Address']
12:09:03  INFO  manager.MyListener - The element with locator --->By.cssSelector: [placeholder='Address']--->was found
12:09:03  INFO  manager.MyListener - Start find element --->By.cssSelector: [placeholder='description']
12:09:03  INFO  manager.MyListener - The element with locator --->By.cssSelector: [placeholder='description']--->was found
12:09:03  INFO  manager.MyListener - Start find element --->By.xpath: //button[contains(.,'Save')]
12:09:04  INFO  manager.MyListener - The element with locator --->By.xpath: //button[contains(.,'Save')]--->was found
12:09:05  INFO  manager.MyListener - Start find element --->By.cssSelector: .contact-item_card__2SOIM
12:09:05  INFO  manager.MyListener - The element with locator --->By.cssSelector: .contact-item_card__2SOIM--->was found
12:09:05  INFO  manager.MyListener - Start find element --->By.xpath: //button[.='Remove']
12:09:05  INFO  manager.MyListener - The element with locator --->By.xpath: //button[.='Remove']--->was found
12:09:05  INFO  tests.TestBase - Name of test ---> removeOneContactCount
12:09:05  INFO  manager.MyListener - Start find element --->By.xpath: //button[text()='Sign Out']
12:09:05  INFO  manager.MyListener - The element with locator --->By.xpath: //button[text()='Sign Out']--->was found
12:09:05  INFO  manager.MyListener - Start find element --->By.cssSelector: .contact-item_card__2SOIM
12:09:05  INFO  manager.MyListener - The element with locator --->By.cssSelector: .contact-item_card__2SOIM--->was found
12:09:05  INFO  manager.MyListener - Start find element --->By.cssSelector: .contact-item_card__2SOIM
12:09:05  INFO  manager.MyListener - The element with locator --->By.cssSelector: .contact-item_card__2SOIM--->was found
12:09:05  INFO  manager.HelperBase - Before remove 'One contact tests' count was --->3
12:09:05  INFO  manager.MyListener - Start find element --->By.cssSelector: .contact-item_card__2SOIM
12:09:05  INFO  manager.MyListener - The element with locator --->By.cssSelector: .contact-item_card__2SOIM--->was found
12:09:05  INFO  manager.MyListener - Start find element --->By.cssSelector: .contact-item_card__2SOIM h3
12:09:05  INFO  manager.MyListener - The element with locator --->By.cssSelector: .contact-item_card__2SOIM h3--->was found
12:09:05  INFO  manager.HelperBase - The phone number of removed contact was -->12121535
12:09:05  INFO  manager.MyListener - Start find element --->By.cssSelector: .contact-item_card__2SOIM
12:09:05  INFO  manager.MyListener - The element with locator --->By.cssSelector: .contact-item_card__2SOIM--->was found
12:09:06  INFO  manager.MyListener - Start find element --->By.xpath: //button[text()='Remove']
12:09:06  INFO  manager.MyListener - The element with locator --->By.xpath: //button[text()='Remove']--->was found
12:09:06  INFO  manager.MyListener - Start find element --->By.cssSelector: .contact-item_card__2SOIM
12:09:06  INFO  manager.MyListener - The element with locator --->By.cssSelector: .contact-item_card__2SOIM--->was found
12:09:06  INFO  manager.HelperBase - After remove one contact the count is --->1
