10:45:28  INFO  manager.ApplicationManager - All tests starts in 'Chrom' browser
10:45:28  INFO  tests.TestBase - Name of test ---> addNewContactSuccess
10:45:28  INFO  manager.MyListener - Start find element --->By.xpath: //button[text()='Sign Out']
10:45:33  INFO  manager.MyListener - The element with locator --->By.xpath: //button[text()='Sign Out']--->was found
10:45:33  INFO  manager.MyListener - Start find element --->By.xpath: //a[@href='/login']
10:45:33  INFO  manager.MyListener - The element with locator --->By.xpath: //a[@href='/login']--->was found
10:45:34  INFO  manager.MyListener - Start find element --->By.xpath: //input[1]
10:45:34  INFO  manager.MyListener - The element with locator --->By.xpath: //input[1]--->was found
10:45:34  INFO  manager.MyListener - Start find element --->By.xpath: //input[2]
10:45:34  INFO  manager.MyListener - The element with locator --->By.xpath: //input[2]--->was found
10:45:34  INFO  manager.MyListener - Start find element --->By.xpath: //button[text()=' Login']
10:45:34  INFO  manager.MyListener - The element with locator --->By.xpath: //button[text()=' Login']--->was found
10:45:34  INFO  tests.TestBase - Contact was added for userUser{email='Tomy123456@mail.com', password='Qq123666$45'}
10:45:34  INFO  manager.MyListener - Start find element --->By.cssSelector: .contact-item_card__2SOIM
10:45:35  INFO  manager.MyListener - The element with locator --->By.cssSelector: .contact-item_card__2SOIM--->was found
10:45:35  INFO  tests.TestBase - Contact(name=Jack, lastName=Sparrow, phone=9723452735, email=jacky2735@gmail.com, address=Tortuga, description=Friend)contact was added
10:45:35  INFO  manager.MyListener - Start find element --->By.xpath: //a[text()='ADD']
10:45:35  INFO  manager.MyListener - The element with locator --->By.xpath: //a[text()='ADD']--->was found
10:45:35  INFO  manager.MyListener - Start find element --->By.cssSelector: [placeholder='Name']
10:45:35  INFO  manager.MyListener - The element with locator --->By.cssSelector: [placeholder='Name']--->was found
10:45:35  INFO  manager.MyListener - Start find element --->By.cssSelector: [placeholder='Last Name']
10:45:35  INFO  manager.MyListener - The element with locator --->By.cssSelector: [placeholder='Last Name']--->was found
10:45:35  INFO  manager.MyListener - Start find element --->By.cssSelector: [placeholder='Phone']
10:45:35  INFO  manager.MyListener - The element with locator --->By.cssSelector: [placeholder='Phone']--->was found
10:45:35  INFO  manager.MyListener - Start find element --->By.cssSelector: [placeholder='email']
10:45:35  INFO  manager.MyListener - The element with locator --->By.cssSelector: [placeholder='email']--->was found
10:45:35  INFO  manager.MyListener - Start find element --->By.cssSelector: [placeholder='Address']
10:45:35  INFO  manager.MyListener - The element with locator --->By.cssSelector: [placeholder='Address']--->was found
10:45:35  INFO  manager.MyListener - Start find element --->By.cssSelector: [placeholder='description']
10:45:35  INFO  manager.MyListener - The element with locator --->By.cssSelector: [placeholder='description']--->was found
10:45:36  INFO  manager.MyListener - Start find element --->By.xpath: //button[contains(.,'Save')]
10:45:36  INFO  manager.MyListener - The element with locator --->By.xpath: //button[contains(.,'Save')]--->was found
10:45:36  INFO  manager.MyListener - Start find element --->By.cssSelector: .contact-item_card__2SOIM
10:45:36  INFO  manager.MyListener - The element with locator --->By.cssSelector: .contact-item_card__2SOIM--->was found
10:45:36  INFO  manager.MyListener - Start find element --->By.cssSelector: h2
10:45:36  INFO  manager.MyListener - The element with locator --->By.cssSelector: h2--->was found
10:45:36  INFO  manager.MyListener - Start find element --->By.cssSelector: h3
10:45:36  INFO  manager.MyListener - The element with locator --->By.cssSelector: h3--->was found
10:45:36  INFO  tests.TestBase - Name of test ---> addNewContactSuccess
10:45:36  INFO  manager.MyListener - Start find element --->By.xpath: //button[text()='Sign Out']
10:45:36  INFO  manager.MyListener - The element with locator --->By.xpath: //button[text()='Sign Out']--->was found
10:45:36  INFO  manager.MyListener - Start find element --->By.cssSelector: .contact-item_card__2SOIM
10:45:36  INFO  manager.MyListener - The element with locator --->By.cssSelector: .contact-item_card__2SOIM--->was found
10:45:36  INFO  tests.TestBase - Contact(name=Jack, lastName=Sparrow, phone=9723452736, email=jacky2736@gmail.com, address=Tortuga, description=Friend)contact was added
10:45:36  INFO  manager.MyListener - Start find element --->By.xpath: //a[text()='ADD']
10:45:36  INFO  manager.MyListener - The element with locator --->By.xpath: //a[text()='ADD']--->was found
10:45:36  INFO  manager.MyListener - Start find element --->By.cssSelector: [placeholder='Name']
10:45:36  INFO  manager.MyListener - The element with locator --->By.cssSelector: [placeholder='Name']--->was found
10:45:36  INFO  manager.MyListener - Start find element --->By.cssSelector: [placeholder='Last Name']
10:45:36  INFO  manager.MyListener - The element with locator --->By.cssSelector: [placeholder='Last Name']--->was found
10:45:36  INFO  manager.MyListener - Start find element --->By.cssSelector: [placeholder='Phone']
10:45:36  INFO  manager.MyListener - The element with locator --->By.cssSelector: [placeholder='Phone']--->was found
10:45:37  INFO  manager.MyListener - Start find element --->By.cssSelector: [placeholder='email']
10:45:37  INFO  manager.MyListener - The element with locator --->By.cssSelector: [placeholder='email']--->was found
10:45:37  INFO  manager.MyListener - Start find element --->By.cssSelector: [placeholder='Address']
10:45:37  INFO  manager.MyListener - The element with locator --->By.cssSelector: [placeholder='Address']--->was found
10:45:37  INFO  manager.MyListener - Start find element --->By.cssSelector: [placeholder='description']
10:45:37  INFO  manager.MyListener - The element with locator --->By.cssSelector: [placeholder='description']--->was found
10:45:37  INFO  manager.MyListener - Start find element --->By.xpath: //button[contains(.,'Save')]
10:45:37  INFO  manager.MyListener - The element with locator --->By.xpath: //button[contains(.,'Save')]--->was found
10:45:37  INFO  manager.MyListener - Start find element --->By.cssSelector: .contact-item_card__2SOIM
10:45:37  INFO  manager.MyListener - The element with locator --->By.cssSelector: .contact-item_card__2SOIM--->was found
10:45:37  INFO  manager.MyListener - Start find element --->By.cssSelector: h2
10:45:37  INFO  manager.MyListener - The element with locator --->By.cssSelector: h2--->was found
10:45:37  INFO  manager.MyListener - Start find element --->By.cssSelector: h3
10:45:37  INFO  manager.MyListener - The element with locator --->By.cssSelector: h3--->was found
10:45:37  INFO  tests.TestBase - Name of test ---> addNewContactSuccess
10:45:37  INFO  manager.MyListener - Start find element --->By.xpath: //button[text()='Sign Out']
10:45:37  INFO  manager.MyListener - The element with locator --->By.xpath: //button[text()='Sign Out']--->was found
10:45:37  INFO  manager.MyListener - Start find element --->By.cssSelector: .contact-item_card__2SOIM
10:45:37  INFO  manager.MyListener - The element with locator --->By.cssSelector: .contact-item_card__2SOIM--->was found
10:45:37  INFO  tests.TestBase - Contact(name=Jack, lastName=Sparrow, phone=9723452737, email=jacky2737@gmail.com, address=Tortuga, description=Friend)contact was added
10:45:37  INFO  manager.MyListener - Start find element --->By.xpath: //a[text()='ADD']
10:45:37  INFO  manager.MyListener - The element with locator --->By.xpath: //a[text()='ADD']--->was found
10:45:37  INFO  manager.MyListener - Start find element --->By.cssSelector: [placeholder='Name']
10:45:37  INFO  manager.MyListener - The element with locator --->By.cssSelector: [placeholder='Name']--->was found
10:45:38  INFO  manager.MyListener - Start find element --->By.cssSelector: [placeholder='Last Name']
10:45:38  INFO  manager.MyListener - The element with locator --->By.cssSelector: [placeholder='Last Name']--->was found
10:45:38  INFO  manager.MyListener - Start find element --->By.cssSelector: [placeholder='Phone']
10:45:38  INFO  manager.MyListener - The element with locator --->By.cssSelector: [placeholder='Phone']--->was found
10:45:38  INFO  manager.MyListener - Start find element --->By.cssSelector: [placeholder='email']
10:45:38  INFO  manager.MyListener - The element with locator --->By.cssSelector: [placeholder='email']--->was found
10:45:38  INFO  manager.MyListener - Start find element --->By.cssSelector: [placeholder='Address']
10:45:38  INFO  manager.MyListener - The element with locator --->By.cssSelector: [placeholder='Address']--->was found
10:45:38  INFO  manager.MyListener - Start find element --->By.cssSelector: [placeholder='description']
10:45:38  INFO  manager.MyListener - The element with locator --->By.cssSelector: [placeholder='description']--->was found
10:45:38  INFO  manager.MyListener - Start find element --->By.xpath: //button[contains(.,'Save')]
10:45:38  INFO  manager.MyListener - The element with locator --->By.xpath: //button[contains(.,'Save')]--->was found
10:45:38  INFO  manager.MyListener - Start find element --->By.cssSelector: .contact-item_card__2SOIM
10:45:39  INFO  manager.MyListener - The element with locator --->By.cssSelector: .contact-item_card__2SOIM--->was found
10:45:39  INFO  manager.MyListener - Start find element --->By.cssSelector: h2
10:45:39  INFO  manager.MyListener - The element with locator --->By.cssSelector: h2--->was found
10:45:39  INFO  manager.MyListener - Start find element --->By.cssSelector: h3
10:45:39  INFO  manager.MyListener - The element with locator --->By.cssSelector: h3--->was found
10:45:39  INFO  tests.TestBase - Name of test ---> addNewContactSuccess
10:45:39  INFO  manager.MyListener - Start find element --->By.xpath: //button[text()='Sign Out']
10:45:39  INFO  manager.MyListener - The element with locator --->By.xpath: //button[text()='Sign Out']--->was found
10:45:39  INFO  manager.MyListener - Start find element --->By.cssSelector: .contact-item_card__2SOIM
10:45:39  INFO  manager.MyListener - The element with locator --->By.cssSelector: .contact-item_card__2SOIM--->was found
10:45:39  INFO  tests.TestBase - Contact(name=Jack, lastName=Sparrow, phone=9723452739, email=jacky2739@gmail.com, address=Tortuga, description=Friend)contact was added
10:45:39  INFO  manager.MyListener - Start find element --->By.xpath: //a[text()='ADD']
10:45:39  INFO  manager.MyListener - The element with locator --->By.xpath: //a[text()='ADD']--->was found
10:45:39  INFO  manager.MyListener - Start find element --->By.cssSelector: [placeholder='Name']
10:45:39  INFO  manager.MyListener - The element with locator --->By.cssSelector: [placeholder='Name']--->was found
10:45:39  INFO  manager.MyListener - Start find element --->By.cssSelector: [placeholder='Last Name']
10:45:39  INFO  manager.MyListener - The element with locator --->By.cssSelector: [placeholder='Last Name']--->was found
10:45:39  INFO  manager.MyListener - Start find element --->By.cssSelector: [placeholder='Phone']
10:45:39  INFO  manager.MyListener - The element with locator --->By.cssSelector: [placeholder='Phone']--->was found
10:45:39  INFO  manager.MyListener - Start find element --->By.cssSelector: [placeholder='email']
10:45:39  INFO  manager.MyListener - The element with locator --->By.cssSelector: [placeholder='email']--->was found
10:45:39  INFO  manager.MyListener - Start find element --->By.cssSelector: [placeholder='Address']
10:45:39  INFO  manager.MyListener - The element with locator --->By.cssSelector: [placeholder='Address']--->was found
10:45:39  INFO  manager.MyListener - Start find element --->By.cssSelector: [placeholder='description']
10:45:39  INFO  manager.MyListener - The element with locator --->By.cssSelector: [placeholder='description']--->was found
10:45:40  INFO  manager.MyListener - Start find element --->By.xpath: //button[contains(.,'Save')]
10:45:40  INFO  manager.MyListener - The element with locator --->By.xpath: //button[contains(.,'Save')]--->was found
10:45:40  INFO  manager.MyListener - Start find element --->By.cssSelector: .contact-item_card__2SOIM
10:45:40  INFO  manager.MyListener - The element with locator --->By.cssSelector: .contact-item_card__2SOIM--->was found
10:45:40  INFO  manager.MyListener - Start find element --->By.cssSelector: h2
10:45:40  INFO  manager.MyListener - The element with locator --->By.cssSelector: h2--->was found
10:45:40  INFO  manager.MyListener - Start find element --->By.cssSelector: h3
10:45:40  INFO  manager.MyListener - The element with locator --->By.cssSelector: h3--->was found
10:45:40  INFO  tests.TestBase - Name of test ---> addNewContactSuccess
10:45:40  INFO  manager.MyListener - Start find element --->By.xpath: //button[text()='Sign Out']
10:45:40  INFO  manager.MyListener - The element with locator --->By.xpath: //button[text()='Sign Out']--->was found
10:45:40  INFO  manager.MyListener - Start find element --->By.cssSelector: .contact-item_card__2SOIM
10:45:40  INFO  manager.MyListener - The element with locator --->By.cssSelector: .contact-item_card__2SOIM--->was found
10:45:40  INFO  tests.TestBase - Contact(name=Jack, lastName=Sparrow, phone=9723452740, email=jacky2740@gmail.com, address=Tortuga, description=Friend)contact was added
10:45:40  INFO  manager.MyListener - Start find element --->By.xpath: //a[text()='ADD']
10:45:40  INFO  manager.MyListener - The element with locator --->By.xpath: //a[text()='ADD']--->was found
10:45:40  INFO  manager.MyListener - Start find element --->By.cssSelector: [placeholder='Name']
10:45:40  INFO  manager.MyListener - The element with locator --->By.cssSelector: [placeholder='Name']--->was found
10:45:40  INFO  manager.MyListener - Start find element --->By.cssSelector: [placeholder='Last Name']
10:45:40  INFO  manager.MyListener - The element with locator --->By.cssSelector: [placeholder='Last Name']--->was found
10:45:40  INFO  manager.MyListener - Start find element --->By.cssSelector: [placeholder='Phone']
10:45:40  INFO  manager.MyListener - The element with locator --->By.cssSelector: [placeholder='Phone']--->was found
10:45:41  INFO  manager.MyListener - Start find element --->By.cssSelector: [placeholder='email']
10:45:41  INFO  manager.MyListener - The element with locator --->By.cssSelector: [placeholder='email']--->was found
10:45:41  INFO  manager.MyListener - Start find element --->By.cssSelector: [placeholder='Address']
10:45:41  INFO  manager.MyListener - The element with locator --->By.cssSelector: [placeholder='Address']--->was found
10:45:41  INFO  manager.MyListener - Start find element --->By.cssSelector: [placeholder='description']
10:45:41  INFO  manager.MyListener - The element with locator --->By.cssSelector: [placeholder='description']--->was found
10:45:41  INFO  manager.MyListener - Start find element --->By.xpath: //button[contains(.,'Save')]
10:45:41  INFO  manager.MyListener - The element with locator --->By.xpath: //button[contains(.,'Save')]--->was found
10:45:41  INFO  manager.MyListener - Start find element --->By.cssSelector: .contact-item_card__2SOIM
10:45:41  INFO  manager.MyListener - The element with locator --->By.cssSelector: .contact-item_card__2SOIM--->was found
10:45:41  INFO  manager.MyListener - Start find element --->By.cssSelector: h2
10:45:41  INFO  manager.MyListener - The element with locator --->By.cssSelector: h2--->was found
10:45:41  INFO  manager.MyListener - Start find element --->By.cssSelector: h3
10:45:41  INFO  manager.MyListener - The element with locator --->By.cssSelector: h3--->was found
