16:32:15  INFO  manager.ApplicationManager - All tests starts in 'Chrom' browser
16:32:16  INFO  tests.TestBase - Name of test ---> loginSuccessModel
16:32:16  INFO  manager.MyListener - Start find element --->By.xpath: //button[text()='Sign Out']
16:32:21  INFO  manager.MyListener - The element with locator --->By.xpath: //button[text()='Sign Out']--->was found
16:32:21  INFO  tests.TestBase - Test starts with email [Tomy123456@mail.com], pessword[Qq123666$45]
16:32:21  INFO  manager.MyListener - Start find element --->By.xpath: //a[@href='/login']
16:32:21  INFO  manager.MyListener - The element with locator --->By.xpath: //a[@href='/login']--->was found
16:32:21  INFO  manager.MyListener - Start find element --->By.xpath: //input[1]
16:32:21  INFO  manager.MyListener - The element with locator --->By.xpath: //input[1]--->was found
16:32:22  INFO  manager.MyListener - Start find element --->By.xpath: //input[2]
16:32:22  INFO  manager.MyListener - The element with locator --->By.xpath: //input[2]--->was found
16:32:22  INFO  manager.MyListener - Start find element --->By.xpath: //button[text()=' Login']
16:32:22  INFO  manager.MyListener - The element with locator --->By.xpath: //button[text()=' Login']--->was found
16:32:22  INFO  manager.MyListener - Start find element --->By.xpath: //a[@href='/contacts']
16:32:22  INFO  manager.MyListener - The element with locator --->By.xpath: //a[@href='/contacts']--->was found
16:32:23  INFO  tests.TestBase - Name of test ---> registrationSuccess
16:32:23  INFO  manager.MyListener - Start find element --->By.xpath: //button[text()='Sign Out']
16:32:23  INFO  manager.MyListener - The element with locator --->By.xpath: //button[text()='Sign Out']--->was found
16:32:23  INFO  manager.MyListener - Start find element --->By.xpath: //button[text()='Sign Out']
16:32:23  INFO  manager.MyListener - The element with locator --->By.xpath: //button[text()='Sign Out']--->was found
16:32:23  INFO  manager.MyListener - Start find element --->By.xpath: //a[@href='/login']
16:32:23  INFO  manager.MyListener - The element with locator --->By.xpath: //a[@href='/login']--->was found
16:32:23  INFO  manager.MyListener - Start find element --->By.xpath: //input[1]
16:32:23  INFO  manager.MyListener - The element with locator --->By.xpath: //input[1]--->was found
16:32:23  INFO  manager.MyListener - Start find element --->By.xpath: //input[2]
16:32:23  INFO  manager.MyListener - The element with locator --->By.xpath: //input[2]--->was found
16:32:23  INFO  manager.MyListener - Start find element --->By.xpath: //button[text()=' Registration']
16:32:23  INFO  manager.MyListener - The element with locator --->By.xpath: //button[text()=' Registration']--->was found
16:32:23  INFO  manager.MyListener - Start find element --->By.cssSelector: h2
16:32:23  INFO  manager.MyListener - The element with locator --->By.cssSelector: h2--->was found
16:32:23  INFO  tests.TestBase - Name of test ---> addNewContactSuccess
16:32:23  INFO  manager.MyListener - Start find element --->By.xpath: //button[text()='Sign Out']
16:32:24  INFO  manager.MyListener - The element with locator --->By.xpath: //button[text()='Sign Out']--->was found
16:32:24  INFO  manager.MyListener - Start find element --->By.cssSelector: .contact-item_card__2SOIM
16:32:29  INFO  manager.MyListener - The element with locator --->By.cssSelector: .contact-item_card__2SOIM--->was found
16:32:29  INFO  manager.MyListener - Start find element --->By.cssSelector: .contact-item_card__2SOIM
16:32:34  INFO  manager.MyListener - The element with locator --->By.cssSelector: .contact-item_card__2SOIM--->was found
16:32:34  INFO  tests.TestBase - Contact(name=Jack, lastName=Sparrow, phone=9723451954, email=jacky1954@gmail.com, address=Tortuga, description=Friend)contact was added
16:32:34  INFO  manager.MyListener - Start find element --->By.xpath: //a[text()='ADD']
16:32:34  INFO  manager.MyListener - The element with locator --->By.xpath: //a[text()='ADD']--->was found
16:32:34  INFO  manager.MyListener - Start find element --->By.cssSelector: [placeholder='Name']
16:32:34  INFO  manager.MyListener - The element with locator --->By.cssSelector: [placeholder='Name']--->was found
16:32:34  INFO  manager.MyListener - Start find element --->By.cssSelector: [placeholder='Last Name']
16:32:34  INFO  manager.MyListener - The element with locator --->By.cssSelector: [placeholder='Last Name']--->was found
16:32:34  INFO  manager.MyListener - Start find element --->By.cssSelector: [placeholder='Phone']
16:32:34  INFO  manager.MyListener - The element with locator --->By.cssSelector: [placeholder='Phone']--->was found
16:32:34  INFO  manager.MyListener - Start find element --->By.cssSelector: [placeholder='email']
16:32:34  INFO  manager.MyListener - The element with locator --->By.cssSelector: [placeholder='email']--->was found
16:32:34  INFO  manager.MyListener - Start find element --->By.cssSelector: [placeholder='Address']
16:32:34  INFO  manager.MyListener - The element with locator --->By.cssSelector: [placeholder='Address']--->was found
16:32:34  INFO  manager.MyListener - Start find element --->By.cssSelector: [placeholder='description']
16:32:34  INFO  manager.MyListener - The element with locator --->By.cssSelector: [placeholder='description']--->was found
16:32:39  INFO  manager.MyListener - We have a throwable ---> element not interactable
  (Session info: chrome=98.0.4758.82)
Build info: version: '3.141.59', revision: 'e82be7d358', time: '2018-11-14T08:17:03'
System info: host: 'DESKTOP-O62I6CB', ip: '10.100.102.5', os.name: 'Windows 10', os.arch: 'amd64', os.version: '10.0', java.version: '11.0.13'
Driver info: org.openqa.selenium.chrome.ChromeDriver
Capabilities {acceptInsecureCerts: false, browserName: chrome, browserVersion: 98.0.4758.82, chrome: {chromedriverVersion: 98.0.4758.80 (7f0488e8ba0d8..., userDataDir: C:\Users\Natali\AppData\Loc...}, goog:chromeOptions: {debuggerAddress: localhost:61719}, javascriptEnabled: true, networkConnectionEnabled: false, pageLoadStrategy: normal, platform: WINDOWS, platformName: WINDOWS, proxy: Proxy(), setWindowRect: true, strictFileInteractability: false, timeouts: {implicit: 0, pageLoad: 300000, script: 30000}, unhandledPromptBehavior: dismiss and notify, webauthn:extension:credBlob: true, webauthn:extension:largeBlob: true, webauthn:virtualAuthenticators: true}
Session ID: 0d2f63a406b6204683b481754af9ee72
16:32:39  INFO  manager.MyListener - org.openqa.selenium.ElementNotInteractableException: element not interactable
  (Session info: chrome=98.0.4758.82)
Build info: version: '3.141.59', revision: 'e82be7d358', time: '2018-11-14T08:17:03'
System info: host: 'DESKTOP-O62I6CB', ip: '10.100.102.5', os.name: 'Windows 10', os.arch: 'amd64', os.version: '10.0', java.version: '11.0.13'
Driver info: org.openqa.selenium.chrome.ChromeDriver
Capabilities {acceptInsecureCerts: false, browserName: chrome, browserVersion: 98.0.4758.82, chrome: {chromedriverVersion: 98.0.4758.80 (7f0488e8ba0d8..., userDataDir: C:\Users\Natali\AppData\Loc...}, goog:chromeOptions: {debuggerAddress: localhost:61719}, javascriptEnabled: true, networkConnectionEnabled: false, pageLoadStrategy: normal, platform: WINDOWS, platformName: WINDOWS, proxy: Proxy(), setWindowRect: true, strictFileInteractability: false, timeouts: {implicit: 0, pageLoad: 300000, script: 30000}, unhandledPromptBehavior: dismiss and notify, webauthn:extension:credBlob: true, webauthn:extension:largeBlob: true, webauthn:virtualAuthenticators: true}
Session ID: 0d2f63a406b6204683b481754af9ee72
16:32:39  INFO  manager.MyListener - This is your screen with error -->src/test/screenshorts/screen1959.png
