10:59:45  INFO  manager.ApplicationManager - All tests starts in 'Chrom' browser
10:59:46  INFO  tests.TestBase - Name of test ---> addNewContactSuccess
10:59:46  INFO  manager.MyListener - Start find element --->By.xpath: //button[text()='Sign Out']
10:59:51  INFO  manager.MyListener - The element with locator --->By.xpath: //button[text()='Sign Out']--->was found
10:59:51  INFO  manager.MyListener - Start find element --->By.xpath: //a[@href='/login']
10:59:51  INFO  manager.MyListener - The element with locator --->By.xpath: //a[@href='/login']--->was found
10:59:51  INFO  manager.MyListener - Start find element --->By.xpath: //input[1]
10:59:51  INFO  manager.MyListener - The element with locator --->By.xpath: //input[1]--->was found
10:59:51  INFO  manager.MyListener - Start find element --->By.xpath: //input[2]
10:59:51  INFO  manager.MyListener - The element with locator --->By.xpath: //input[2]--->was found
10:59:51  INFO  manager.MyListener - Start find element --->By.xpath: //button[text()=' Login']
10:59:51  INFO  manager.MyListener - The element with locator --->By.xpath: //button[text()=' Login']--->was found
10:59:52  INFO  tests.TestBase - Contact was added for userUser{email='Tomy123456@mail.com', password='Qq123666$45'}
10:59:52  INFO  manager.MyListener - Start find element --->By.cssSelector: .contact-item_card__2SOIM
10:59:52  INFO  manager.MyListener - The element with locator --->By.cssSelector: .contact-item_card__2SOIM--->was found
10:59:52  INFO  manager.MyListener - Start find element --->By.cssSelector: .contact-item_card__2SOIM
10:59:52  INFO  manager.MyListener - The element with locator --->By.cssSelector: .contact-item_card__2SOIM--->was found
10:59:52  INFO  manager.MyListener - Start find element --->By.cssSelector: .contact-item_card__2SOIM
10:59:52  INFO  manager.MyListener - The element with locator --->By.cssSelector: .contact-item_card__2SOIM--->was found
10:59:52  INFO  manager.HelperBase - Before remove 'One contact tests' count was --->4
10:59:52  INFO  manager.MyListener - Start find element --->By.cssSelector: .contact-item_card__2SOIM
10:59:52  INFO  manager.MyListener - The element with locator --->By.cssSelector: .contact-item_card__2SOIM--->was found
10:59:52  INFO  manager.MyListener - Start find element --->By.cssSelector: .contact-item_card__2SOIM h3
10:59:52  INFO  manager.MyListener - The element with locator --->By.cssSelector: .contact-item_card__2SOIM h3--->was found
10:59:52  INFO  manager.HelperBase - The phone number of removed contact was -->9723453119
10:59:52  INFO  manager.MyListener - Start find element --->By.cssSelector: .contact-item_card__2SOIM
10:59:52  INFO  manager.MyListener - The element with locator --->By.cssSelector: .contact-item_card__2SOIM--->was found
10:59:52  INFO  manager.MyListener - Start find element --->By.xpath: //button[text()='Remove']
10:59:52  INFO  manager.MyListener - The element with locator --->By.xpath: //button[text()='Remove']--->was found
10:59:53  INFO  manager.MyListener - Start find element --->By.cssSelector: .contact-item_card__2SOIM
10:59:53  INFO  manager.MyListener - The element with locator --->By.cssSelector: .contact-item_card__2SOIM--->was found
10:59:53  INFO  manager.HelperBase - After remove one contact the count is --->3
10:59:53  INFO  manager.MyListener - Start find element --->By.cssSelector: .contact-item_card__2SOIM
10:59:53  INFO  manager.MyListener - The element with locator --->By.cssSelector: .contact-item_card__2SOIM--->was found
10:59:53  INFO  manager.MyListener - Start find element --->By.cssSelector: .contact-item_card__2SOIM
10:59:53  INFO  manager.MyListener - The element with locator --->By.cssSelector: .contact-item_card__2SOIM--->was found
10:59:53  INFO  manager.HelperBase - Before remove 'One contact tests' count was --->3
10:59:53  INFO  manager.MyListener - Start find element --->By.cssSelector: .contact-item_card__2SOIM
10:59:53  INFO  manager.MyListener - The element with locator --->By.cssSelector: .contact-item_card__2SOIM--->was found
10:59:53  INFO  manager.MyListener - Start find element --->By.cssSelector: .contact-item_card__2SOIM h3
10:59:53  INFO  manager.MyListener - The element with locator --->By.cssSelector: .contact-item_card__2SOIM h3--->was found
10:59:53  INFO  manager.HelperBase - The phone number of removed contact was -->5464748456
10:59:53  INFO  manager.MyListener - Start find element --->By.cssSelector: .contact-item_card__2SOIM
10:59:53  INFO  manager.MyListener - The element with locator --->By.cssSelector: .contact-item_card__2SOIM--->was found
10:59:53  INFO  manager.MyListener - Start find element --->By.xpath: //button[text()='Remove']
10:59:53  INFO  manager.MyListener - The element with locator --->By.xpath: //button[text()='Remove']--->was found
10:59:54  INFO  manager.MyListener - Start find element --->By.cssSelector: .contact-item_card__2SOIM
10:59:54  INFO  manager.MyListener - The element with locator --->By.cssSelector: .contact-item_card__2SOIM--->was found
10:59:54  INFO  manager.HelperBase - After remove one contact the count is --->2
10:59:54  INFO  manager.MyListener - Start find element --->By.cssSelector: .contact-item_card__2SOIM
10:59:54  INFO  manager.MyListener - The element with locator --->By.cssSelector: .contact-item_card__2SOIM--->was found
10:59:54  INFO  manager.MyListener - Start find element --->By.cssSelector: .contact-item_card__2SOIM
10:59:54  INFO  manager.MyListener - The element with locator --->By.cssSelector: .contact-item_card__2SOIM--->was found
10:59:54  INFO  manager.HelperBase - Before remove 'One contact tests' count was --->2
10:59:54  INFO  manager.MyListener - Start find element --->By.cssSelector: .contact-item_card__2SOIM
10:59:54  INFO  manager.MyListener - The element with locator --->By.cssSelector: .contact-item_card__2SOIM--->was found
10:59:54  INFO  manager.MyListener - Start find element --->By.cssSelector: .contact-item_card__2SOIM h3
10:59:54  INFO  manager.MyListener - The element with locator --->By.cssSelector: .contact-item_card__2SOIM h3--->was found
10:59:54  INFO  manager.HelperBase - The phone number of removed contact was -->5464748457
10:59:54  INFO  manager.MyListener - Start find element --->By.cssSelector: .contact-item_card__2SOIM
10:59:54  INFO  manager.MyListener - The element with locator --->By.cssSelector: .contact-item_card__2SOIM--->was found
10:59:54  INFO  manager.MyListener - Start find element --->By.xpath: //button[text()='Remove']
10:59:54  INFO  manager.MyListener - The element with locator --->By.xpath: //button[text()='Remove']--->was found
10:59:54  INFO  manager.MyListener - Start find element --->By.cssSelector: .contact-item_card__2SOIM
10:59:54  INFO  manager.MyListener - The element with locator --->By.cssSelector: .contact-item_card__2SOIM--->was found
10:59:54  INFO  manager.HelperBase - After remove one contact the count is --->1
10:59:54  INFO  manager.MyListener - Start find element --->By.cssSelector: .contact-item_card__2SOIM
10:59:54  INFO  manager.MyListener - The element with locator --->By.cssSelector: .contact-item_card__2SOIM--->was found
10:59:54  INFO  manager.MyListener - Start find element --->By.cssSelector: .contact-item_card__2SOIM
10:59:54  INFO  manager.MyListener - The element with locator --->By.cssSelector: .contact-item_card__2SOIM--->was found
10:59:54  INFO  manager.HelperBase - Before remove 'One contact tests' count was --->1
10:59:54  INFO  manager.MyListener - Start find element --->By.cssSelector: .contact-item_card__2SOIM
10:59:54  INFO  manager.MyListener - The element with locator --->By.cssSelector: .contact-item_card__2SOIM--->was found
10:59:54  INFO  manager.MyListener - Start find element --->By.cssSelector: .contact-item_card__2SOIM h3
10:59:54  INFO  manager.MyListener - The element with locator --->By.cssSelector: .contact-item_card__2SOIM h3--->was found
10:59:55  INFO  manager.HelperBase - The phone number of removed contact was -->5464748454
10:59:55  INFO  manager.MyListener - Start find element --->By.cssSelector: .contact-item_card__2SOIM
10:59:55  INFO  manager.MyListener - The element with locator --->By.cssSelector: .contact-item_card__2SOIM--->was found
10:59:55  INFO  manager.MyListener - Start find element --->By.xpath: //button[text()='Remove']
10:59:55  INFO  manager.MyListener - The element with locator --->By.xpath: //button[text()='Remove']--->was found
10:59:55  INFO  manager.MyListener - Start find element --->By.cssSelector: .contact-item_card__2SOIM
11:00:00  INFO  manager.MyListener - The element with locator --->By.cssSelector: .contact-item_card__2SOIM--->was found
11:00:00  INFO  manager.HelperBase - After remove one contact the count is --->0
11:00:00  INFO  manager.MyListener - Start find element --->By.cssSelector: .contact-item_card__2SOIM
11:00:05  INFO  manager.MyListener - The element with locator --->By.cssSelector: .contact-item_card__2SOIM--->was found
11:00:05  INFO  manager.MyListener - Start find element --->By.cssSelector: .contact-item_card__2SOIM
11:00:10  INFO  manager.MyListener - The element with locator --->By.cssSelector: .contact-item_card__2SOIM--->was found
11:00:10  INFO  tests.TestBase - Contact(name=Jack, lastName=Sparrow, phone=97234510, email=jacky10@gmail.com, address=Tortuga, description=Friend)contact was added
11:00:10  INFO  manager.MyListener - Start find element --->By.xpath: //a[text()='ADD']
11:00:10  INFO  manager.MyListener - The element with locator --->By.xpath: //a[text()='ADD']--->was found
11:00:10  INFO  manager.MyListener - Start find element --->By.cssSelector: [placeholder='Name']
11:00:10  INFO  manager.MyListener - The element with locator --->By.cssSelector: [placeholder='Name']--->was found
11:00:10  INFO  manager.MyListener - Start find element --->By.cssSelector: [placeholder='Last Name']
11:00:10  INFO  manager.MyListener - The element with locator --->By.cssSelector: [placeholder='Last Name']--->was found
11:00:11  INFO  manager.MyListener - Start find element --->By.cssSelector: [placeholder='Phone']
11:00:11  INFO  manager.MyListener - The element with locator --->By.cssSelector: [placeholder='Phone']--->was found
11:00:11  INFO  manager.MyListener - Start find element --->By.cssSelector: [placeholder='email']
11:00:11  INFO  manager.MyListener - The element with locator --->By.cssSelector: [placeholder='email']--->was found
11:00:11  INFO  manager.MyListener - Start find element --->By.cssSelector: [placeholder='Address']
11:00:11  INFO  manager.MyListener - The element with locator --->By.cssSelector: [placeholder='Address']--->was found
11:00:11  INFO  manager.MyListener - Start find element --->By.cssSelector: [placeholder='description']
11:00:11  INFO  manager.MyListener - The element with locator --->By.cssSelector: [placeholder='description']--->was found
11:00:11  INFO  manager.MyListener - Start find element --->By.xpath: //button[contains(.,'Save')]
11:00:11  INFO  manager.MyListener - The element with locator --->By.xpath: //button[contains(.,'Save')]--->was found
11:00:11  INFO  manager.MyListener - Start find element --->By.cssSelector: .contact-item_card__2SOIM
11:00:12  INFO  manager.MyListener - The element with locator --->By.cssSelector: .contact-item_card__2SOIM--->was found
11:00:12  INFO  manager.MyListener - Start find element --->By.cssSelector: h2
11:00:12  INFO  manager.MyListener - The element with locator --->By.cssSelector: h2--->was found
11:00:12  INFO  manager.MyListener - Start find element --->By.cssSelector: h3
11:00:12  INFO  manager.MyListener - The element with locator --->By.cssSelector: h3--->was found
11:00:12  INFO  tests.TestBase - Name of test ---> addNewContactSuccess
11:00:12  INFO  manager.MyListener - Start find element --->By.xpath: //button[text()='Sign Out']
11:00:12  INFO  manager.MyListener - The element with locator --->By.xpath: //button[text()='Sign Out']--->was found
11:00:12  INFO  manager.MyListener - Start find element --->By.cssSelector: .contact-item_card__2SOIM
11:00:12  INFO  manager.MyListener - The element with locator --->By.cssSelector: .contact-item_card__2SOIM--->was found
11:00:12  INFO  manager.MyListener - Start find element --->By.cssSelector: .contact-item_card__2SOIM
11:00:12  INFO  manager.MyListener - The element with locator --->By.cssSelector: .contact-item_card__2SOIM--->was found
11:00:12  INFO  tests.TestBase - Contact(name=Jack, lastName=Sparrow, phone=97234512, email=jacky12@gmail.com, address=Tortuga, description=Friend)contact was added
11:00:12  INFO  manager.MyListener - Start find element --->By.xpath: //a[text()='ADD']
11:00:12  INFO  manager.MyListener - The element with locator --->By.xpath: //a[text()='ADD']--->was found
11:00:12  INFO  manager.MyListener - Start find element --->By.cssSelector: [placeholder='Name']
11:00:12  INFO  manager.MyListener - The element with locator --->By.cssSelector: [placeholder='Name']--->was found
11:00:12  INFO  manager.MyListener - Start find element --->By.cssSelector: [placeholder='Last Name']
11:00:12  INFO  manager.MyListener - The element with locator --->By.cssSelector: [placeholder='Last Name']--->was found
11:00:12  INFO  manager.MyListener - Start find element --->By.cssSelector: [placeholder='Phone']
11:00:12  INFO  manager.MyListener - The element with locator --->By.cssSelector: [placeholder='Phone']--->was found
11:00:12  INFO  manager.MyListener - Start find element --->By.cssSelector: [placeholder='email']
11:00:12  INFO  manager.MyListener - The element with locator --->By.cssSelector: [placeholder='email']--->was found
11:00:12  INFO  manager.MyListener - Start find element --->By.cssSelector: [placeholder='Address']
11:00:12  INFO  manager.MyListener - The element with locator --->By.cssSelector: [placeholder='Address']--->was found
11:00:12  INFO  manager.MyListener - Start find element --->By.cssSelector: [placeholder='description']
11:00:12  INFO  manager.MyListener - The element with locator --->By.cssSelector: [placeholder='description']--->was found
11:00:12  INFO  manager.MyListener - Start find element --->By.xpath: //button[contains(.,'Save')]
11:00:12  INFO  manager.MyListener - The element with locator --->By.xpath: //button[contains(.,'Save')]--->was found
11:00:13  INFO  manager.MyListener - Start find element --->By.cssSelector: .contact-item_card__2SOIM
11:00:13  INFO  manager.MyListener - The element with locator --->By.cssSelector: .contact-item_card__2SOIM--->was found
11:00:13  INFO  manager.MyListener - Start find element --->By.cssSelector: h2
11:00:13  INFO  manager.MyListener - The element with locator --->By.cssSelector: h2--->was found
11:00:13  INFO  manager.MyListener - Start find element --->By.cssSelector: h3
11:00:13  INFO  manager.MyListener - The element with locator --->By.cssSelector: h3--->was found
11:00:13  INFO  tests.TestBase - Name of test ---> addNewContactSuccess
11:00:13  INFO  manager.MyListener - Start find element --->By.xpath: //button[text()='Sign Out']
11:00:13  INFO  manager.MyListener - The element with locator --->By.xpath: //button[text()='Sign Out']--->was found
11:00:13  INFO  manager.MyListener - Start find element --->By.cssSelector: .contact-item_card__2SOIM
11:00:13  INFO  manager.MyListener - The element with locator --->By.cssSelector: .contact-item_card__2SOIM--->was found
11:00:13  INFO  manager.MyListener - Start find element --->By.cssSelector: .contact-item_card__2SOIM
11:00:13  INFO  manager.MyListener - The element with locator --->By.cssSelector: .contact-item_card__2SOIM--->was found
11:00:13  INFO  tests.TestBase - Contact(name=Jack, lastName=Sparrow, phone=97234513, email=jacky13@gmail.com, address=Tortuga, description=Friend)contact was added
11:00:13  INFO  manager.MyListener - Start find element --->By.xpath: //a[text()='ADD']
11:00:13  INFO  manager.MyListener - The element with locator --->By.xpath: //a[text()='ADD']--->was found
11:00:13  INFO  manager.MyListener - Start find element --->By.cssSelector: [placeholder='Name']
11:00:13  INFO  manager.MyListener - The element with locator --->By.cssSelector: [placeholder='Name']--->was found
11:00:13  INFO  manager.MyListener - Start find element --->By.cssSelector: [placeholder='Last Name']
11:00:13  INFO  manager.MyListener - The element with locator --->By.cssSelector: [placeholder='Last Name']--->was found
11:00:13  INFO  manager.MyListener - Start find element --->By.cssSelector: [placeholder='Phone']
11:00:13  INFO  manager.MyListener - The element with locator --->By.cssSelector: [placeholder='Phone']--->was found
11:00:13  INFO  manager.MyListener - Start find element --->By.cssSelector: [placeholder='email']
11:00:13  INFO  manager.MyListener - The element with locator --->By.cssSelector: [placeholder='email']--->was found
11:00:13  INFO  manager.MyListener - Start find element --->By.cssSelector: [placeholder='Address']
11:00:13  INFO  manager.MyListener - The element with locator --->By.cssSelector: [placeholder='Address']--->was found
11:00:14  INFO  manager.MyListener - Start find element --->By.cssSelector: [placeholder='description']
11:00:14  INFO  manager.MyListener - The element with locator --->By.cssSelector: [placeholder='description']--->was found
11:00:14  INFO  manager.MyListener - Start find element --->By.xpath: //button[contains(.,'Save')]
11:00:14  INFO  manager.MyListener - The element with locator --->By.xpath: //button[contains(.,'Save')]--->was found
11:00:14  INFO  manager.MyListener - Start find element --->By.cssSelector: .contact-item_card__2SOIM
11:00:14  INFO  manager.MyListener - The element with locator --->By.cssSelector: .contact-item_card__2SOIM--->was found
11:00:14  INFO  manager.MyListener - Start find element --->By.cssSelector: h2
11:00:14  INFO  manager.MyListener - The element with locator --->By.cssSelector: h2--->was found
11:00:14  INFO  manager.MyListener - Start find element --->By.cssSelector: h3
11:00:14  INFO  manager.MyListener - The element with locator --->By.cssSelector: h3--->was found
11:00:14  INFO  tests.TestBase - Name of test ---> addNewContactSuccess
11:00:14  INFO  manager.MyListener - Start find element --->By.xpath: //button[text()='Sign Out']
11:00:14  INFO  manager.MyListener - The element with locator --->By.xpath: //button[text()='Sign Out']--->was found
11:00:14  INFO  manager.MyListener - Start find element --->By.cssSelector: .contact-item_card__2SOIM
11:00:14  INFO  manager.MyListener - The element with locator --->By.cssSelector: .contact-item_card__2SOIM--->was found
11:00:14  INFO  manager.MyListener - Start find element --->By.cssSelector: .contact-item_card__2SOIM
11:00:14  INFO  manager.MyListener - The element with locator --->By.cssSelector: .contact-item_card__2SOIM--->was found
11:00:14  INFO  tests.TestBase - Contact(name=Jack, lastName=Sparrow, phone=97234514, email=jacky14@gmail.com, address=Tortuga, description=Friend)contact was added
11:00:14  INFO  manager.MyListener - Start find element --->By.xpath: //a[text()='ADD']
11:00:14  INFO  manager.MyListener - The element with locator --->By.xpath: //a[text()='ADD']--->was found
11:00:14  INFO  manager.MyListener - Start find element --->By.cssSelector: [placeholder='Name']
11:00:14  INFO  manager.MyListener - The element with locator --->By.cssSelector: [placeholder='Name']--->was found
11:00:14  INFO  manager.MyListener - Start find element --->By.cssSelector: [placeholder='Last Name']
11:00:14  INFO  manager.MyListener - The element with locator --->By.cssSelector: [placeholder='Last Name']--->was found
11:00:14  INFO  manager.MyListener - Start find element --->By.cssSelector: [placeholder='Phone']
11:00:14  INFO  manager.MyListener - The element with locator --->By.cssSelector: [placeholder='Phone']--->was found
11:00:14  INFO  manager.MyListener - Start find element --->By.cssSelector: [placeholder='email']
11:00:14  INFO  manager.MyListener - The element with locator --->By.cssSelector: [placeholder='email']--->was found
11:00:15  INFO  manager.MyListener - Start find element --->By.cssSelector: [placeholder='Address']
11:00:15  INFO  manager.MyListener - The element with locator --->By.cssSelector: [placeholder='Address']--->was found
11:00:15  INFO  manager.MyListener - Start find element --->By.cssSelector: [placeholder='description']
11:00:15  INFO  manager.MyListener - The element with locator --->By.cssSelector: [placeholder='description']--->was found
11:00:15  INFO  manager.MyListener - Start find element --->By.xpath: //button[contains(.,'Save')]
11:00:15  INFO  manager.MyListener - The element with locator --->By.xpath: //button[contains(.,'Save')]--->was found
11:00:15  INFO  manager.MyListener - Start find element --->By.cssSelector: .contact-item_card__2SOIM
11:00:15  INFO  manager.MyListener - The element with locator --->By.cssSelector: .contact-item_card__2SOIM--->was found
11:00:15  INFO  manager.MyListener - Start find element --->By.cssSelector: h2
11:00:15  INFO  manager.MyListener - The element with locator --->By.cssSelector: h2--->was found
11:00:15  INFO  manager.MyListener - Start find element --->By.cssSelector: h3
11:00:15  INFO  manager.MyListener - The element with locator --->By.cssSelector: h3--->was found
11:00:15  INFO  tests.TestBase - Name of test ---> addNewContactSuccess
11:00:15  INFO  manager.MyListener - Start find element --->By.xpath: //button[text()='Sign Out']
11:00:15  INFO  manager.MyListener - The element with locator --->By.xpath: //button[text()='Sign Out']--->was found
11:00:15  INFO  manager.MyListener - Start find element --->By.cssSelector: .contact-item_card__2SOIM
11:00:15  INFO  manager.MyListener - The element with locator --->By.cssSelector: .contact-item_card__2SOIM--->was found
11:00:15  INFO  manager.MyListener - Start find element --->By.cssSelector: .contact-item_card__2SOIM
11:00:15  INFO  manager.MyListener - The element with locator --->By.cssSelector: .contact-item_card__2SOIM--->was found
11:00:15  INFO  manager.MyListener - Start find element --->By.cssSelector: .contact-item_card__2SOIM
11:00:15  INFO  manager.MyListener - The element with locator --->By.cssSelector: .contact-item_card__2SOIM--->was found
11:00:15  INFO  manager.HelperBase - Before remove 'One contact tests' count was --->4
11:00:15  INFO  manager.MyListener - Start find element --->By.cssSelector: .contact-item_card__2SOIM
11:00:15  INFO  manager.MyListener - The element with locator --->By.cssSelector: .contact-item_card__2SOIM--->was found
11:00:15  INFO  manager.MyListener - Start find element --->By.cssSelector: .contact-item_card__2SOIM h3
11:00:15  INFO  manager.MyListener - The element with locator --->By.cssSelector: .contact-item_card__2SOIM h3--->was found
11:00:15  INFO  manager.HelperBase - The phone number of removed contact was -->97234510
11:00:15  INFO  manager.MyListener - Start find element --->By.cssSelector: .contact-item_card__2SOIM
11:00:15  INFO  manager.MyListener - The element with locator --->By.cssSelector: .contact-item_card__2SOIM--->was found
11:00:15  INFO  manager.MyListener - Start find element --->By.xpath: //button[text()='Remove']
11:00:15  INFO  manager.MyListener - The element with locator --->By.xpath: //button[text()='Remove']--->was found
11:00:16  INFO  manager.MyListener - Start find element --->By.cssSelector: .contact-item_card__2SOIM
11:00:16  INFO  manager.MyListener - The element with locator --->By.cssSelector: .contact-item_card__2SOIM--->was found
11:00:16  INFO  manager.HelperBase - After remove one contact the count is --->3
11:00:16  INFO  manager.MyListener - Start find element --->By.cssSelector: .contact-item_card__2SOIM
11:00:16  INFO  manager.MyListener - The element with locator --->By.cssSelector: .contact-item_card__2SOIM--->was found
11:00:16  INFO  manager.MyListener - Start find element --->By.cssSelector: .contact-item_card__2SOIM
11:00:16  INFO  manager.MyListener - The element with locator --->By.cssSelector: .contact-item_card__2SOIM--->was found
11:00:16  INFO  manager.HelperBase - Before remove 'One contact tests' count was --->3
11:00:16  INFO  manager.MyListener - Start find element --->By.cssSelector: .contact-item_card__2SOIM
11:00:16  INFO  manager.MyListener - The element with locator --->By.cssSelector: .contact-item_card__2SOIM--->was found
11:00:16  INFO  manager.MyListener - Start find element --->By.cssSelector: .contact-item_card__2SOIM h3
11:00:16  INFO  manager.MyListener - The element with locator --->By.cssSelector: .contact-item_card__2SOIM h3--->was found
11:00:16  INFO  manager.HelperBase - The phone number of removed contact was -->97234512
11:00:16  INFO  manager.MyListener - Start find element --->By.cssSelector: .contact-item_card__2SOIM
11:00:16  INFO  manager.MyListener - The element with locator --->By.cssSelector: .contact-item_card__2SOIM--->was found
11:00:16  INFO  manager.MyListener - Start find element --->By.xpath: //button[text()='Remove']
11:00:16  INFO  manager.MyListener - The element with locator --->By.xpath: //button[text()='Remove']--->was found
11:00:17  INFO  manager.MyListener - Start find element --->By.cssSelector: .contact-item_card__2SOIM
11:00:17  INFO  manager.MyListener - The element with locator --->By.cssSelector: .contact-item_card__2SOIM--->was found
11:00:17  INFO  manager.HelperBase - After remove one contact the count is --->2
11:00:17  INFO  manager.MyListener - Start find element --->By.cssSelector: .contact-item_card__2SOIM
11:00:17  INFO  manager.MyListener - The element with locator --->By.cssSelector: .contact-item_card__2SOIM--->was found
11:00:17  INFO  manager.MyListener - Start find element --->By.cssSelector: .contact-item_card__2SOIM
11:00:17  INFO  manager.MyListener - The element with locator --->By.cssSelector: .contact-item_card__2SOIM--->was found
11:00:17  INFO  manager.HelperBase - Before remove 'One contact tests' count was --->2
11:00:17  INFO  manager.MyListener - Start find element --->By.cssSelector: .contact-item_card__2SOIM
11:00:17  INFO  manager.MyListener - The element with locator --->By.cssSelector: .contact-item_card__2SOIM--->was found
11:00:17  INFO  manager.MyListener - Start find element --->By.cssSelector: .contact-item_card__2SOIM h3
11:00:17  INFO  manager.MyListener - The element with locator --->By.cssSelector: .contact-item_card__2SOIM h3--->was found
11:00:17  INFO  manager.HelperBase - The phone number of removed contact was -->97234513
11:00:17  INFO  manager.MyListener - Start find element --->By.cssSelector: .contact-item_card__2SOIM
11:00:17  INFO  manager.MyListener - The element with locator --->By.cssSelector: .contact-item_card__2SOIM--->was found
11:00:17  INFO  manager.MyListener - Start find element --->By.xpath: //button[text()='Remove']
11:00:17  INFO  manager.MyListener - The element with locator --->By.xpath: //button[text()='Remove']--->was found
11:00:17  INFO  manager.MyListener - Start find element --->By.cssSelector: .contact-item_card__2SOIM
11:00:17  INFO  manager.MyListener - The element with locator --->By.cssSelector: .contact-item_card__2SOIM--->was found
11:00:17  INFO  manager.HelperBase - After remove one contact the count is --->1
11:00:17  INFO  manager.MyListener - Start find element --->By.cssSelector: .contact-item_card__2SOIM
11:00:17  INFO  manager.MyListener - The element with locator --->By.cssSelector: .contact-item_card__2SOIM--->was found
11:00:17  INFO  manager.MyListener - Start find element --->By.cssSelector: .contact-item_card__2SOIM
11:00:17  INFO  manager.MyListener - The element with locator --->By.cssSelector: .contact-item_card__2SOIM--->was found
11:00:17  INFO  manager.HelperBase - Before remove 'One contact tests' count was --->1
11:00:17  INFO  manager.MyListener - Start find element --->By.cssSelector: .contact-item_card__2SOIM
11:00:17  INFO  manager.MyListener - The element with locator --->By.cssSelector: .contact-item_card__2SOIM--->was found
11:00:17  INFO  manager.MyListener - Start find element --->By.cssSelector: .contact-item_card__2SOIM h3
11:00:17  INFO  manager.MyListener - The element with locator --->By.cssSelector: .contact-item_card__2SOIM h3--->was found
11:00:17  INFO  manager.HelperBase - The phone number of removed contact was -->97234514
11:00:17  INFO  manager.MyListener - Start find element --->By.cssSelector: .contact-item_card__2SOIM
11:00:17  INFO  manager.MyListener - The element with locator --->By.cssSelector: .contact-item_card__2SOIM--->was found
11:00:17  INFO  manager.MyListener - Start find element --->By.xpath: //button[text()='Remove']
11:00:17  INFO  manager.MyListener - The element with locator --->By.xpath: //button[text()='Remove']--->was found
11:00:18  INFO  manager.MyListener - Start find element --->By.cssSelector: .contact-item_card__2SOIM
11:00:23  INFO  manager.MyListener - The element with locator --->By.cssSelector: .contact-item_card__2SOIM--->was found
11:00:23  INFO  manager.HelperBase - After remove one contact the count is --->0
11:00:23  INFO  manager.MyListener - Start find element --->By.cssSelector: .contact-item_card__2SOIM
11:00:25  INFO  manager.MyListener - The element with locator --->By.cssSelector: .contact-item_card__2SOIM--->was found
11:00:25  INFO  manager.MyListener - Start find element --->By.cssSelector: .contact-item_card__2SOIM
11:00:25  INFO  manager.MyListener - We have a throwable ---> no such window: target window already closed
from unknown error: web view not found
  (Session info: chrome=98.0.4758.82)
Build info: version: '3.141.59', revision: 'e82be7d358', time: '2018-11-14T08:17:03'
System info: host: 'DESKTOP-O62I6CB', ip: '10.100.102.5', os.name: 'Windows 10', os.arch: 'amd64', os.version: '10.0', java.version: '11.0.13'
Driver info: org.openqa.selenium.chrome.ChromeDriver
Capabilities {acceptInsecureCerts: false, browserName: chrome, browserVersion: 98.0.4758.82, chrome: {chromedriverVersion: 98.0.4758.80 (7f0488e8ba0d8..., userDataDir: C:\Users\Natali\AppData\Loc...}, goog:chromeOptions: {debuggerAddress: localhost:63848}, javascriptEnabled: true, networkConnectionEnabled: false, pageLoadStrategy: normal, platform: WINDOWS, platformName: WINDOWS, proxy: Proxy(), setWindowRect: true, strictFileInteractability: false, timeouts: {implicit: 0, pageLoad: 300000, script: 30000}, unhandledPromptBehavior: dismiss and notify, webauthn:extension:credBlob: true, webauthn:extension:largeBlob: true, webauthn:virtualAuthenticators: true}
Session ID: 5f6c801a32d11b39e9fcec894e81386b
*** Element info: {Using=css selector, value=.contact-item_card__2SOIM}
11:00:25  INFO  manager.MyListener - org.openqa.selenium.NoSuchWindowException: no such window: target window already closed
from unknown error: web view not found
  (Session info: chrome=98.0.4758.82)
Build info: version: '3.141.59', revision: 'e82be7d358', time: '2018-11-14T08:17:03'
System info: host: 'DESKTOP-O62I6CB', ip: '10.100.102.5', os.name: 'Windows 10', os.arch: 'amd64', os.version: '10.0', java.version: '11.0.13'
Driver info: org.openqa.selenium.chrome.ChromeDriver
Capabilities {acceptInsecureCerts: false, browserName: chrome, browserVersion: 98.0.4758.82, chrome: {chromedriverVersion: 98.0.4758.80 (7f0488e8ba0d8..., userDataDir: C:\Users\Natali\AppData\Loc...}, goog:chromeOptions: {debuggerAddress: localhost:63848}, javascriptEnabled: true, networkConnectionEnabled: false, pageLoadStrategy: normal, platform: WINDOWS, platformName: WINDOWS, proxy: Proxy(), setWindowRect: true, strictFileInteractability: false, timeouts: {implicit: 0, pageLoad: 300000, script: 30000}, unhandledPromptBehavior: dismiss and notify, webauthn:extension:credBlob: true, webauthn:extension:largeBlob: true, webauthn:virtualAuthenticators: true}
Session ID: 5f6c801a32d11b39e9fcec894e81386b
*** Element info: {Using=css selector, value=.contact-item_card__2SOIM}
11:00:25  INFO  manager.MyListener - This is your screen with error -->src/test/screenshorts/screen25.png
11:00:25  INFO  tests.TestBase - Name of test ---> addNewContactSuccess
11:00:25  INFO  manager.MyListener - Start find element --->By.xpath: //button[text()='Sign Out']
11:00:25  INFO  manager.MyListener - We have a throwable ---> no such window: target window already closed
from unknown error: web view not found
  (Session info: chrome=98.0.4758.82)
Build info: version: '3.141.59', revision: 'e82be7d358', time: '2018-11-14T08:17:03'
System info: host: 'DESKTOP-O62I6CB', ip: '10.100.102.5', os.name: 'Windows 10', os.arch: 'amd64', os.version: '10.0', java.version: '11.0.13'
Driver info: org.openqa.selenium.chrome.ChromeDriver
Capabilities {acceptInsecureCerts: false, browserName: chrome, browserVersion: 98.0.4758.82, chrome: {chromedriverVersion: 98.0.4758.80 (7f0488e8ba0d8..., userDataDir: C:\Users\Natali\AppData\Loc...}, goog:chromeOptions: {debuggerAddress: localhost:63848}, javascriptEnabled: true, networkConnectionEnabled: false, pageLoadStrategy: normal, platform: WINDOWS, platformName: WINDOWS, proxy: Proxy(), setWindowRect: true, strictFileInteractability: false, timeouts: {implicit: 0, pageLoad: 300000, script: 30000}, unhandledPromptBehavior: dismiss and notify, webauthn:extension:credBlob: true, webauthn:extension:largeBlob: true, webauthn:virtualAuthenticators: true}
Session ID: 5f6c801a32d11b39e9fcec894e81386b
*** Element info: {Using=xpath, value=//button[text()='Sign Out']}
11:00:25  INFO  manager.MyListener - org.openqa.selenium.NoSuchWindowException: no such window: target window already closed
from unknown error: web view not found
  (Session info: chrome=98.0.4758.82)
Build info: version: '3.141.59', revision: 'e82be7d358', time: '2018-11-14T08:17:03'
System info: host: 'DESKTOP-O62I6CB', ip: '10.100.102.5', os.name: 'Windows 10', os.arch: 'amd64', os.version: '10.0', java.version: '11.0.13'
Driver info: org.openqa.selenium.chrome.ChromeDriver
Capabilities {acceptInsecureCerts: false, browserName: chrome, browserVersion: 98.0.4758.82, chrome: {chromedriverVersion: 98.0.4758.80 (7f0488e8ba0d8..., userDataDir: C:\Users\Natali\AppData\Loc...}, goog:chromeOptions: {debuggerAddress: localhost:63848}, javascriptEnabled: true, networkConnectionEnabled: false, pageLoadStrategy: normal, platform: WINDOWS, platformName: WINDOWS, proxy: Proxy(), setWindowRect: true, strictFileInteractability: false, timeouts: {implicit: 0, pageLoad: 300000, script: 30000}, unhandledPromptBehavior: dismiss and notify, webauthn:extension:credBlob: true, webauthn:extension:largeBlob: true, webauthn:virtualAuthenticators: true}
Session ID: 5f6c801a32d11b39e9fcec894e81386b
*** Element info: {Using=xpath, value=//button[text()='Sign Out']}
11:00:25  INFO  manager.MyListener - This is your screen with error -->src/test/screenshorts/screen25.png
