11:46:45  INFO  manager.ApplicationManager - All tests starts in 'Chrom' browser
11:46:46  INFO  tests.TestBase - Name of test ---> addNewContactSuccess
11:46:46  INFO  manager.MyListener - Start find element --->By.xpath: //button[text()='Sign Out']
11:46:51  INFO  manager.MyListener - The element with locator --->By.xpath: //button[text()='Sign Out']--->was found
11:46:51  INFO  manager.MyListener - Start find element --->By.xpath: //a[@href='/login']
11:46:51  INFO  manager.MyListener - The element with locator --->By.xpath: //a[@href='/login']--->was found
11:46:52  INFO  manager.MyListener - Start find element --->By.xpath: //input[1]
11:46:52  INFO  manager.MyListener - The element with locator --->By.xpath: //input[1]--->was found
11:46:52  INFO  manager.MyListener - Start find element --->By.xpath: //input[2]
11:46:52  INFO  manager.MyListener - The element with locator --->By.xpath: //input[2]--->was found
11:46:52  INFO  manager.MyListener - Start find element --->By.xpath: //button[text()=' Login']
11:46:52  INFO  manager.MyListener - The element with locator --->By.xpath: //button[text()=' Login']--->was found
11:46:52  INFO  tests.TestBase - Contact was added for userUser{email='Tomy123456@mail.com', password='Qq123666$45'}
11:46:52  INFO  manager.MyListener - Start find element --->By.cssSelector: .contact-item_card__2SOIM
11:46:53  INFO  manager.MyListener - The element with locator --->By.cssSelector: .contact-item_card__2SOIM--->was found
11:46:53  INFO  manager.MyListener - Start find element --->By.cssSelector: .contact-item_card__2SOIM
11:46:53  INFO  manager.MyListener - The element with locator --->By.cssSelector: .contact-item_card__2SOIM--->was found
11:46:53  INFO  tests.TestBase - Contact(name=Jack, lastName=Sparrow, phone=9723452813, email=jacky2813@gmail.com, address=Tortuga, description=Friend)contact was added
11:46:53  INFO  manager.MyListener - Start find element --->By.xpath: //a[text()='ADD']
11:46:53  INFO  manager.MyListener - The element with locator --->By.xpath: //a[text()='ADD']--->was found
11:46:54  INFO  manager.MyListener - Start find element --->By.cssSelector: [placeholder='Name']
11:46:54  INFO  manager.MyListener - The element with locator --->By.cssSelector: [placeholder='Name']--->was found
11:46:54  INFO  manager.MyListener - Start find element --->By.cssSelector: [placeholder='Last Name']
11:46:54  INFO  manager.MyListener - The element with locator --->By.cssSelector: [placeholder='Last Name']--->was found
11:46:54  INFO  manager.MyListener - Start find element --->By.cssSelector: [placeholder='Phone']
11:46:54  INFO  manager.MyListener - The element with locator --->By.cssSelector: [placeholder='Phone']--->was found
11:46:55  INFO  manager.MyListener - Start find element --->By.cssSelector: [placeholder='email']
11:46:55  INFO  manager.MyListener - The element with locator --->By.cssSelector: [placeholder='email']--->was found
11:46:55  INFO  manager.MyListener - Start find element --->By.cssSelector: [placeholder='Address']
11:46:55  INFO  manager.MyListener - The element with locator --->By.cssSelector: [placeholder='Address']--->was found
11:46:55  INFO  manager.MyListener - Start find element --->By.cssSelector: [placeholder='description']
11:46:55  INFO  manager.MyListener - The element with locator --->By.cssSelector: [placeholder='description']--->was found
11:46:56  INFO  manager.MyListener - Start find element --->By.xpath: //button[contains(.,'Save')]
11:46:56  INFO  manager.MyListener - The element with locator --->By.xpath: //button[contains(.,'Save')]--->was found
11:46:56  INFO  manager.MyListener - Start find element --->By.cssSelector: .contact-item_card__2SOIM
11:46:56  INFO  manager.MyListener - The element with locator --->By.cssSelector: .contact-item_card__2SOIM--->was found
11:46:56  INFO  manager.MyListener - Start find element --->By.cssSelector: h2
11:46:56  INFO  manager.MyListener - The element with locator --->By.cssSelector: h2--->was found
11:46:56  INFO  manager.MyListener - Start find element --->By.cssSelector: h3
11:46:56  INFO  manager.MyListener - The element with locator --->By.cssSelector: h3--->was found
11:46:57  INFO  tests.TestBase - Name of test ---> addNewContactSuccess2
11:46:57  INFO  manager.MyListener - Start find element --->By.xpath: //button[text()='Sign Out']
11:46:57  INFO  manager.MyListener - The element with locator --->By.xpath: //button[text()='Sign Out']--->was found
11:46:57  INFO  manager.MyListener - Start find element --->By.cssSelector: .contact-item_card__2SOIM
11:46:57  INFO  manager.MyListener - The element with locator --->By.cssSelector: .contact-item_card__2SOIM--->was found
11:46:57  INFO  manager.MyListener - Start find element --->By.cssSelector: .contact-item_card__2SOIM
11:46:57  INFO  manager.MyListener - The element with locator --->By.cssSelector: .contact-item_card__2SOIM--->was found
11:46:57  INFO  tests.TestBase - Contact(name=Elizabet, lastName=Swon, phone=5464748456, email=eliz@gmail.com, address=Tortuga, description=Friend)contact was added
11:46:57  INFO  manager.MyListener - Start find element --->By.xpath: //a[text()='ADD']
11:46:57  INFO  manager.MyListener - The element with locator --->By.xpath: //a[text()='ADD']--->was found
11:46:57  INFO  manager.MyListener - Start find element --->By.cssSelector: [placeholder='Name']
11:46:57  INFO  manager.MyListener - The element with locator --->By.cssSelector: [placeholder='Name']--->was found
11:46:57  INFO  manager.MyListener - Start find element --->By.cssSelector: [placeholder='Last Name']
11:46:57  INFO  manager.MyListener - The element with locator --->By.cssSelector: [placeholder='Last Name']--->was found
11:46:57  INFO  manager.MyListener - Start find element --->By.cssSelector: [placeholder='Phone']
11:46:57  INFO  manager.MyListener - The element with locator --->By.cssSelector: [placeholder='Phone']--->was found
11:46:58  INFO  manager.MyListener - Start find element --->By.cssSelector: [placeholder='email']
11:46:58  INFO  manager.MyListener - The element with locator --->By.cssSelector: [placeholder='email']--->was found
11:46:58  INFO  manager.MyListener - Start find element --->By.cssSelector: [placeholder='Address']
11:46:58  INFO  manager.MyListener - The element with locator --->By.cssSelector: [placeholder='Address']--->was found
11:46:58  INFO  manager.MyListener - Start find element --->By.cssSelector: [placeholder='description']
11:46:58  INFO  manager.MyListener - The element with locator --->By.cssSelector: [placeholder='description']--->was found
11:46:59  INFO  manager.MyListener - Start find element --->By.xpath: //button[contains(.,'Save')]
11:46:59  INFO  manager.MyListener - The element with locator --->By.xpath: //button[contains(.,'Save')]--->was found
11:46:59  INFO  manager.MyListener - Start find element --->By.cssSelector: .contact-item_card__2SOIM
11:47:04  INFO  manager.MyListener - The element with locator --->By.cssSelector: .contact-item_card__2SOIM--->was found
11:47:04  INFO  tests.TestBase - Name of test ---> addNewContactSuccess2
11:47:04  INFO  manager.MyListener - Start find element --->By.xpath: //button[text()='Sign Out']
11:47:04  INFO  manager.MyListener - The element with locator --->By.xpath: //button[text()='Sign Out']--->was found
11:47:04  INFO  manager.MyListener - Start find element --->By.cssSelector: .contact-item_card__2SOIM
11:47:09  INFO  manager.MyListener - The element with locator --->By.cssSelector: .contact-item_card__2SOIM--->was found
11:47:09  INFO  manager.MyListener - Start find element --->By.cssSelector: .contact-item_card__2SOIM
11:47:14  INFO  manager.MyListener - The element with locator --->By.cssSelector: .contact-item_card__2SOIM--->was found
11:47:14  INFO  tests.TestBase - Contact(name=Elizabet, lastName=Swon, phone=5464748457, email=eliz1@gmail.com, address=Tortuga, description=Friend)contact was added
11:47:14  INFO  manager.MyListener - Start find element --->By.xpath: //a[text()='ADD']
11:47:14  INFO  manager.MyListener - The element with locator --->By.xpath: //a[text()='ADD']--->was found
11:47:14  INFO  manager.MyListener - Start find element --->By.cssSelector: [placeholder='Name']
11:47:14  INFO  manager.MyListener - The element with locator --->By.cssSelector: [placeholder='Name']--->was found
11:47:14  INFO  manager.MyListener - Start find element --->By.cssSelector: [placeholder='Last Name']
11:47:14  INFO  manager.MyListener - The element with locator --->By.cssSelector: [placeholder='Last Name']--->was found
11:47:14  INFO  manager.MyListener - Start find element --->By.cssSelector: [placeholder='Phone']
11:47:15  INFO  manager.MyListener - The element with locator --->By.cssSelector: [placeholder='Phone']--->was found
11:47:15  INFO  manager.MyListener - Start find element --->By.cssSelector: [placeholder='email']
11:47:15  INFO  manager.MyListener - The element with locator --->By.cssSelector: [placeholder='email']--->was found
11:47:15  INFO  manager.MyListener - Start find element --->By.cssSelector: [placeholder='Address']
11:47:15  INFO  manager.MyListener - The element with locator --->By.cssSelector: [placeholder='Address']--->was found
11:47:15  INFO  manager.MyListener - Start find element --->By.cssSelector: [placeholder='description']
11:47:15  INFO  manager.MyListener - The element with locator --->By.cssSelector: [placeholder='description']--->was found
11:47:16  INFO  manager.MyListener - Start find element --->By.xpath: //button[contains(.,'Save')]
11:47:16  INFO  manager.MyListener - The element with locator --->By.xpath: //button[contains(.,'Save')]--->was found
11:47:16  INFO  manager.MyListener - Start find element --->By.cssSelector: .contact-item_card__2SOIM
11:47:21  INFO  manager.MyListener - The element with locator --->By.cssSelector: .contact-item_card__2SOIM--->was found
11:47:21  INFO  tests.TestBase - Name of test ---> addNewContactSuccess2
11:47:21  INFO  manager.MyListener - Start find element --->By.xpath: //button[text()='Sign Out']
11:47:21  INFO  manager.MyListener - The element with locator --->By.xpath: //button[text()='Sign Out']--->was found
11:47:21  INFO  manager.MyListener - Start find element --->By.cssSelector: .contact-item_card__2SOIM
11:47:26  INFO  manager.MyListener - The element with locator --->By.cssSelector: .contact-item_card__2SOIM--->was found
11:47:26  INFO  manager.MyListener - Start find element --->By.cssSelector: .contact-item_card__2SOIM
11:47:31  INFO  manager.MyListener - The element with locator --->By.cssSelector: .contact-item_card__2SOIM--->was found
11:47:31  INFO  tests.TestBase - Contact(name=Elizabet, lastName=Swon, phone=5464748454, email=eliz2@gmail.com, address=Tortuga, description=Friend)contact was added
11:47:31  INFO  manager.MyListener - Start find element --->By.xpath: //a[text()='ADD']
11:47:31  INFO  manager.MyListener - The element with locator --->By.xpath: //a[text()='ADD']--->was found
11:47:31  INFO  manager.MyListener - Start find element --->By.cssSelector: [placeholder='Name']
11:47:31  INFO  manager.MyListener - The element with locator --->By.cssSelector: [placeholder='Name']--->was found
11:47:32  INFO  manager.MyListener - Start find element --->By.cssSelector: [placeholder='Last Name']
11:47:32  INFO  manager.MyListener - The element with locator --->By.cssSelector: [placeholder='Last Name']--->was found
11:47:32  INFO  manager.MyListener - Start find element --->By.cssSelector: [placeholder='Phone']
11:47:32  INFO  manager.MyListener - The element with locator --->By.cssSelector: [placeholder='Phone']--->was found
11:47:32  INFO  manager.MyListener - Start find element --->By.cssSelector: [placeholder='email']
11:47:32  INFO  manager.MyListener - The element with locator --->By.cssSelector: [placeholder='email']--->was found
11:47:33  INFO  manager.MyListener - Start find element --->By.cssSelector: [placeholder='Address']
11:47:33  INFO  manager.MyListener - The element with locator --->By.cssSelector: [placeholder='Address']--->was found
11:47:33  INFO  manager.MyListener - Start find element --->By.cssSelector: [placeholder='description']
11:47:33  INFO  manager.MyListener - The element with locator --->By.cssSelector: [placeholder='description']--->was found
11:47:34  INFO  manager.MyListener - Start find element --->By.xpath: //button[contains(.,'Save')]
11:47:34  INFO  manager.MyListener - The element with locator --->By.xpath: //button[contains(.,'Save')]--->was found
11:47:34  INFO  manager.MyListener - Start find element --->By.cssSelector: .contact-item_card__2SOIM
11:47:39  INFO  manager.MyListener - The element with locator --->By.cssSelector: .contact-item_card__2SOIM--->was found
11:47:39  INFO  tests.TestBase - Name of test ---> loginSuccessModel
11:47:39  INFO  manager.MyListener - Start find element --->By.xpath: //button[text()='Sign Out']
11:47:39  INFO  manager.MyListener - The element with locator --->By.xpath: //button[text()='Sign Out']--->was found
11:47:39  INFO  manager.MyListener - Start find element --->By.xpath: //button[text()='Sign Out']
11:47:39  INFO  manager.MyListener - The element with locator --->By.xpath: //button[text()='Sign Out']--->was found
11:47:39  INFO  tests.TestBase - Test starts with email [Tomy123456@mail.com], pessword[Qq123666$45]
11:47:39  INFO  manager.MyListener - Start find element --->By.xpath: //a[@href='/login']
11:47:39  INFO  manager.MyListener - The element with locator --->By.xpath: //a[@href='/login']--->was found
11:47:39  INFO  manager.MyListener - Start find element --->By.xpath: //input[1]
11:47:39  INFO  manager.MyListener - The element with locator --->By.xpath: //input[1]--->was found
11:47:39  INFO  manager.MyListener - Start find element --->By.xpath: //input[2]
11:47:39  INFO  manager.MyListener - The element with locator --->By.xpath: //input[2]--->was found
11:47:40  INFO  manager.MyListener - Start find element --->By.xpath: //button[text()=' Login']
11:47:40  INFO  manager.MyListener - The element with locator --->By.xpath: //button[text()=' Login']--->was found
11:47:41  INFO  manager.MyListener - Start find element --->By.xpath: //a[@href='/contacts']
11:47:41  INFO  manager.MyListener - The element with locator --->By.xpath: //a[@href='/contacts']--->was found
11:47:41  INFO  tests.TestBase - Name of test ---> loginSuccessModelDataProvider
11:47:41  INFO  manager.MyListener - Start find element --->By.xpath: //button[text()='Sign Out']
11:47:41  INFO  manager.MyListener - The element with locator --->By.xpath: //button[text()='Sign Out']--->was found
11:47:41  INFO  manager.MyListener - Start find element --->By.xpath: //button[text()='Sign Out']
11:47:41  INFO  manager.MyListener - The element with locator --->By.xpath: //button[text()='Sign Out']--->was found
11:47:41  INFO  tests.TestBase - Test user starts with data:User{email='Tomy123456@mail.com', password='Qq123666$45'}
11:47:41  INFO  manager.MyListener - Start find element --->By.xpath: //a[@href='/login']
11:47:41  INFO  manager.MyListener - The element with locator --->By.xpath: //a[@href='/login']--->was found
11:47:41  INFO  manager.MyListener - Start find element --->By.xpath: //input[1]
11:47:41  INFO  manager.MyListener - The element with locator --->By.xpath: //input[1]--->was found
11:47:42  INFO  manager.MyListener - Start find element --->By.xpath: //input[2]
11:47:42  INFO  manager.MyListener - The element with locator --->By.xpath: //input[2]--->was found
11:47:42  INFO  manager.MyListener - Start find element --->By.xpath: //button[text()=' Login']
11:47:42  INFO  manager.MyListener - The element with locator --->By.xpath: //button[text()=' Login']--->was found
11:47:43  INFO  manager.MyListener - Start find element --->By.xpath: //a[@href='/contacts']
11:47:43  INFO  manager.MyListener - The element with locator --->By.xpath: //a[@href='/contacts']--->was found
11:47:43  INFO  tests.TestBase - Name of test ---> loginSuccessModelDataProvider
11:47:43  INFO  manager.MyListener - Start find element --->By.xpath: //button[text()='Sign Out']
11:47:43  INFO  manager.MyListener - The element with locator --->By.xpath: //button[text()='Sign Out']--->was found
11:47:43  INFO  manager.MyListener - Start find element --->By.xpath: //button[text()='Sign Out']
11:47:43  INFO  manager.MyListener - The element with locator --->By.xpath: //button[text()='Sign Out']--->was found
11:47:43  INFO  tests.TestBase - Test user starts with data:User{email='Tomy123456@mail.com', password='Qq123666$45'}
11:47:43  INFO  manager.MyListener - Start find element --->By.xpath: //a[@href='/login']
11:47:43  INFO  manager.MyListener - The element with locator --->By.xpath: //a[@href='/login']--->was found
11:47:43  INFO  manager.MyListener - Start find element --->By.xpath: //input[1]
11:47:43  INFO  manager.MyListener - The element with locator --->By.xpath: //input[1]--->was found
11:47:44  INFO  manager.MyListener - Start find element --->By.xpath: //input[2]
11:47:44  INFO  manager.MyListener - The element with locator --->By.xpath: //input[2]--->was found
11:47:44  INFO  manager.MyListener - Start find element --->By.xpath: //button[text()=' Login']
11:47:44  INFO  manager.MyListener - The element with locator --->By.xpath: //button[text()=' Login']--->was found
11:47:45  INFO  manager.MyListener - Start find element --->By.xpath: //a[@href='/contacts']
11:47:45  INFO  manager.MyListener - The element with locator --->By.xpath: //a[@href='/contacts']--->was found
11:47:45  INFO  tests.TestBase - Name of test ---> loginSuccessModelDataProvider
11:47:45  INFO  manager.MyListener - Start find element --->By.xpath: //button[text()='Sign Out']
11:47:45  INFO  manager.MyListener - The element with locator --->By.xpath: //button[text()='Sign Out']--->was found
11:47:45  INFO  manager.MyListener - Start find element --->By.xpath: //button[text()='Sign Out']
11:47:45  INFO  manager.MyListener - The element with locator --->By.xpath: //button[text()='Sign Out']--->was found
11:47:45  INFO  tests.TestBase - Test user starts with data:User{email='Tomy123456@mail.com', password='Qq123666$45'}
11:47:45  INFO  manager.MyListener - Start find element --->By.xpath: //a[@href='/login']
11:47:45  INFO  manager.MyListener - The element with locator --->By.xpath: //a[@href='/login']--->was found
11:47:46  INFO  manager.MyListener - Start find element --->By.xpath: //input[1]
11:47:46  INFO  manager.MyListener - The element with locator --->By.xpath: //input[1]--->was found
11:47:46  INFO  manager.MyListener - Start find element --->By.xpath: //input[2]
11:47:46  INFO  manager.MyListener - The element with locator --->By.xpath: //input[2]--->was found
11:47:46  INFO  manager.MyListener - Start find element --->By.xpath: //button[text()=' Login']
11:47:46  INFO  manager.MyListener - The element with locator --->By.xpath: //button[text()=' Login']--->was found
11:47:47  INFO  manager.MyListener - Start find element --->By.xpath: //a[@href='/contacts']
11:47:47  INFO  manager.MyListener - The element with locator --->By.xpath: //a[@href='/contacts']--->was found
11:47:47  INFO  tests.TestBase - Name of test ---> loginSuccessTestDataProvider
11:47:47  INFO  manager.MyListener - Start find element --->By.xpath: //button[text()='Sign Out']
11:47:47  INFO  manager.MyListener - The element with locator --->By.xpath: //button[text()='Sign Out']--->was found
11:47:47  INFO  manager.MyListener - Start find element --->By.xpath: //button[text()='Sign Out']
11:47:47  INFO  manager.MyListener - The element with locator --->By.xpath: //button[text()='Sign Out']--->was found
11:47:47  INFO  tests.TestBase - Test starts with email Tomy123456@mail.com  && password Qq123666$45
11:47:47  INFO  manager.MyListener - Start find element --->By.xpath: //a[@href='/login']
11:47:47  INFO  manager.MyListener - The element with locator --->By.xpath: //a[@href='/login']--->was found
11:47:51  INFO  manager.MyListener - Start find element --->By.xpath: //input[1]
11:47:51  INFO  manager.MyListener - The element with locator --->By.xpath: //input[1]--->was found
11:47:51  INFO  manager.MyListener - Start find element --->By.xpath: //input[2]
11:47:51  INFO  manager.MyListener - The element with locator --->By.xpath: //input[2]--->was found
11:47:51  INFO  manager.MyListener - Start find element --->By.xpath: //button[text()=' Login']
11:47:51  INFO  manager.MyListener - The element with locator --->By.xpath: //button[text()=' Login']--->was found
11:47:51  INFO  manager.MyListener - Start find element --->By.xpath: //a[@href='/contacts']
11:47:51  INFO  manager.MyListener - The element with locator --->By.xpath: //a[@href='/contacts']--->was found
11:47:51  INFO  tests.TestBase - Name of test ---> loginSuccessTestDataProvider
11:47:51  INFO  manager.MyListener - Start find element --->By.xpath: //button[text()='Sign Out']
11:47:51  INFO  manager.MyListener - The element with locator --->By.xpath: //button[text()='Sign Out']--->was found
11:47:51  INFO  manager.MyListener - Start find element --->By.xpath: //button[text()='Sign Out']
11:47:51  INFO  manager.MyListener - The element with locator --->By.xpath: //button[text()='Sign Out']--->was found
11:47:51  INFO  tests.TestBase - Test starts with email Tomy123456@mail.com  && password Qq123666$45
11:47:51  INFO  manager.MyListener - Start find element --->By.xpath: //a[@href='/login']
11:47:52  INFO  manager.MyListener - The element with locator --->By.xpath: //a[@href='/login']--->was found
11:47:55  INFO  manager.MyListener - Start find element --->By.xpath: //input[1]
11:47:55  INFO  manager.MyListener - The element with locator --->By.xpath: //input[1]--->was found
11:47:55  INFO  manager.MyListener - Start find element --->By.xpath: //input[2]
11:47:55  INFO  manager.MyListener - The element with locator --->By.xpath: //input[2]--->was found
11:47:55  INFO  manager.MyListener - Start find element --->By.xpath: //button[text()=' Login']
11:47:55  INFO  manager.MyListener - The element with locator --->By.xpath: //button[text()=' Login']--->was found
11:47:55  INFO  manager.MyListener - Start find element --->By.xpath: //a[@href='/contacts']
11:47:55  INFO  manager.MyListener - The element with locator --->By.xpath: //a[@href='/contacts']--->was found
11:47:56  INFO  tests.TestBase - Name of test ---> loginSuccessTestDataProvider
11:47:56  INFO  manager.MyListener - Start find element --->By.xpath: //button[text()='Sign Out']
11:47:56  INFO  manager.MyListener - The element with locator --->By.xpath: //button[text()='Sign Out']--->was found
11:47:56  INFO  manager.MyListener - Start find element --->By.xpath: //button[text()='Sign Out']
11:47:56  INFO  manager.MyListener - The element with locator --->By.xpath: //button[text()='Sign Out']--->was found
11:47:56  INFO  tests.TestBase - Test starts with email elizabet123456@mail.com  && password El098765$
11:47:56  INFO  manager.MyListener - Start find element --->By.xpath: //a[@href='/login']
11:47:56  INFO  manager.MyListener - The element with locator --->By.xpath: //a[@href='/login']--->was found
11:47:59  INFO  manager.MyListener - Start find element --->By.xpath: //input[1]
11:47:59  INFO  manager.MyListener - The element with locator --->By.xpath: //input[1]--->was found
11:47:59  INFO  manager.MyListener - Start find element --->By.xpath: //input[2]
11:47:59  INFO  manager.MyListener - The element with locator --->By.xpath: //input[2]--->was found
11:47:59  INFO  manager.MyListener - Start find element --->By.xpath: //button[text()=' Login']
11:47:59  INFO  manager.MyListener - The element with locator --->By.xpath: //button[text()=' Login']--->was found
11:47:59  INFO  manager.MyListener - Start find element --->By.xpath: //a[@href='/contacts']
11:48:00  INFO  manager.MyListener - The element with locator --->By.xpath: //a[@href='/contacts']--->was found
11:48:00  INFO  tests.TestBase - Name of test ---> loginSuccessTestDataProviderCSV
11:48:00  INFO  manager.MyListener - Start find element --->By.xpath: //button[text()='Sign Out']
11:48:00  INFO  manager.MyListener - The element with locator --->By.xpath: //button[text()='Sign Out']--->was found
11:48:00  INFO  manager.MyListener - Start find element --->By.xpath: //button[text()='Sign Out']
11:48:00  INFO  manager.MyListener - The element with locator --->By.xpath: //button[text()='Sign Out']--->was found
11:48:00  INFO  tests.TestBase - Test starts with email Tomy123456@mail.com  && password Qq123666$45
11:48:00  INFO  manager.MyListener - Start find element --->By.xpath: //a[@href='/login']
11:48:00  INFO  manager.MyListener - The element with locator --->By.xpath: //a[@href='/login']--->was found
11:48:03  INFO  manager.MyListener - Start find element --->By.xpath: //input[1]
11:48:03  INFO  manager.MyListener - The element with locator --->By.xpath: //input[1]--->was found
11:48:03  INFO  manager.MyListener - Start find element --->By.xpath: //input[2]
11:48:03  INFO  manager.MyListener - The element with locator --->By.xpath: //input[2]--->was found
11:48:03  INFO  manager.MyListener - Start find element --->By.xpath: //button[text()=' Login']
11:48:03  INFO  manager.MyListener - The element with locator --->By.xpath: //button[text()=' Login']--->was found
11:48:03  INFO  manager.MyListener - Start find element --->By.xpath: //a[@href='/contacts']
11:48:04  INFO  manager.MyListener - The element with locator --->By.xpath: //a[@href='/contacts']--->was found
11:48:04  INFO  tests.TestBase - Name of test ---> loginSuccessTestDataProviderCSV
11:48:04  INFO  manager.MyListener - Start find element --->By.xpath: //button[text()='Sign Out']
11:48:04  INFO  manager.MyListener - The element with locator --->By.xpath: //button[text()='Sign Out']--->was found
11:48:04  INFO  manager.MyListener - Start find element --->By.xpath: //button[text()='Sign Out']
11:48:04  INFO  manager.MyListener - The element with locator --->By.xpath: //button[text()='Sign Out']--->was found
11:48:04  INFO  tests.TestBase - Test starts with email elizabet123456@mail.com  && password El098765$
11:48:04  INFO  manager.MyListener - Start find element --->By.xpath: //a[@href='/login']
11:48:04  INFO  manager.MyListener - The element with locator --->By.xpath: //a[@href='/login']--->was found
11:48:07  INFO  manager.MyListener - Start find element --->By.xpath: //input[1]
11:48:07  INFO  manager.MyListener - The element with locator --->By.xpath: //input[1]--->was found
11:48:07  INFO  manager.MyListener - Start find element --->By.xpath: //input[2]
11:48:07  INFO  manager.MyListener - The element with locator --->By.xpath: //input[2]--->was found
11:48:07  INFO  manager.MyListener - Start find element --->By.xpath: //button[text()=' Login']
11:48:07  INFO  manager.MyListener - The element with locator --->By.xpath: //button[text()=' Login']--->was found
11:48:07  INFO  manager.MyListener - Start find element --->By.xpath: //a[@href='/contacts']
11:48:08  INFO  manager.MyListener - The element with locator --->By.xpath: //a[@href='/contacts']--->was found
11:48:08  INFO  tests.TestBase - Name of test ---> registrationSuccess
11:48:08  INFO  manager.MyListener - Start find element --->By.xpath: //button[text()='Sign Out']
11:48:08  INFO  manager.MyListener - The element with locator --->By.xpath: //button[text()='Sign Out']--->was found
11:48:08  INFO  manager.MyListener - Start find element --->By.xpath: //button[text()='Sign Out']
11:48:08  INFO  manager.MyListener - The element with locator --->By.xpath: //button[text()='Sign Out']--->was found
11:48:08  INFO  manager.MyListener - Start find element --->By.xpath: //a[@href='/login']
11:48:08  INFO  manager.MyListener - The element with locator --->By.xpath: //a[@href='/login']--->was found
11:48:08  INFO  manager.MyListener - Start find element --->By.xpath: //input[1]
11:48:08  INFO  manager.MyListener - The element with locator --->By.xpath: //input[1]--->was found
11:48:08  INFO  manager.MyListener - Start find element --->By.xpath: //input[2]
11:48:08  INFO  manager.MyListener - The element with locator --->By.xpath: //input[2]--->was found
11:48:09  INFO  manager.MyListener - Start find element --->By.xpath: //button[text()=' Registration']
11:48:09  INFO  manager.MyListener - The element with locator --->By.xpath: //button[text()=' Registration']--->was found
11:48:09  INFO  manager.MyListener - Start find element --->By.cssSelector: h2
11:48:09  INFO  manager.MyListener - The element with locator --->By.cssSelector: h2--->was found
11:48:09  INFO  tests.TestBase - Name of test ---> registrationSuccessModel
11:48:09  INFO  manager.MyListener - Start find element --->By.xpath: //button[text()='Sign Out']
11:48:09  INFO  manager.MyListener - The element with locator --->By.xpath: //button[text()='Sign Out']--->was found
11:48:09  INFO  manager.MyListener - Start find element --->By.xpath: //button[text()='Sign Out']
11:48:09  INFO  manager.MyListener - The element with locator --->By.xpath: //button[text()='Sign Out']--->was found
11:48:09  INFO  manager.MyListener - Start find element --->By.xpath: //a[@href='/login']
11:48:09  INFO  manager.MyListener - The element with locator --->By.xpath: //a[@href='/login']--->was found
11:48:09  INFO  manager.MyListener - Start find element --->By.xpath: //input[1]
11:48:09  INFO  manager.MyListener - The element with locator --->By.xpath: //input[1]--->was found
11:48:10  INFO  manager.MyListener - Start find element --->By.xpath: //input[2]
11:48:10  INFO  manager.MyListener - The element with locator --->By.xpath: //input[2]--->was found
11:48:10  INFO  manager.MyListener - Start find element --->By.xpath: //button[text()=' Registration']
11:48:10  INFO  manager.MyListener - The element with locator --->By.xpath: //button[text()=' Registration']--->was found
11:48:10  INFO  tests.TestBase - User register with dataUser{email='maya2889@mail.com', password='Ma098765$'}
11:48:10  INFO  manager.MyListener - Start find element --->By.cssSelector: h2
11:48:10  INFO  manager.MyListener - The element with locator --->By.cssSelector: h2--->was found
11:48:10  INFO  tests.TestBase - Name of test ---> removeAllContactTest
11:48:10  INFO  manager.MyListener - Start find element --->By.xpath: //button[text()='Sign Out']
11:48:11  INFO  manager.MyListener - The element with locator --->By.xpath: //button[text()='Sign Out']--->was found
11:48:11  INFO  manager.MyListener - Start find element --->By.cssSelector: .contact-item_card__2SOIM
11:48:16  INFO  manager.MyListener - The element with locator --->By.cssSelector: .contact-item_card__2SOIM--->was found
11:48:16  INFO  manager.MyListener - Start find element --->By.xpath: //a[text()='ADD']
11:48:16  INFO  manager.MyListener - The element with locator --->By.xpath: //a[text()='ADD']--->was found
11:48:16  INFO  manager.MyListener - Start find element --->By.cssSelector: [placeholder='Name']
11:48:16  INFO  manager.MyListener - The element with locator --->By.cssSelector: [placeholder='Name']--->was found
11:48:16  INFO  manager.MyListener - Start find element --->By.cssSelector: [placeholder='Last Name']
11:48:16  INFO  manager.MyListener - The element with locator --->By.cssSelector: [placeholder='Last Name']--->was found
11:48:16  INFO  manager.MyListener - Start find element --->By.cssSelector: [placeholder='Phone']
11:48:16  INFO  manager.MyListener - The element with locator --->By.cssSelector: [placeholder='Phone']--->was found
11:48:17  INFO  manager.MyListener - Start find element --->By.cssSelector: [placeholder='email']
11:48:17  INFO  manager.MyListener - The element with locator --->By.cssSelector: [placeholder='email']--->was found
11:48:17  INFO  manager.MyListener - Start find element --->By.cssSelector: [placeholder='Address']
11:48:17  INFO  manager.MyListener - The element with locator --->By.cssSelector: [placeholder='Address']--->was found
11:48:17  INFO  manager.MyListener - Start find element --->By.cssSelector: [placeholder='description']
11:48:17  INFO  manager.MyListener - The element with locator --->By.cssSelector: [placeholder='description']--->was found
11:48:18  INFO  manager.MyListener - Start find element --->By.xpath: //button[contains(.,'Save')]
11:48:18  INFO  manager.MyListener - The element with locator --->By.xpath: //button[contains(.,'Save')]--->was found
11:48:19  INFO  manager.MyListener - Start find element --->By.xpath: //a[text()='ADD']
11:48:19  INFO  manager.MyListener - The element with locator --->By.xpath: //a[text()='ADD']--->was found
11:48:19  INFO  manager.MyListener - Start find element --->By.cssSelector: [placeholder='Name']
11:48:19  INFO  manager.MyListener - The element with locator --->By.cssSelector: [placeholder='Name']--->was found
11:48:19  INFO  manager.MyListener - Start find element --->By.cssSelector: [placeholder='Last Name']
11:48:19  INFO  manager.MyListener - The element with locator --->By.cssSelector: [placeholder='Last Name']--->was found
11:48:19  INFO  manager.MyListener - Start find element --->By.cssSelector: [placeholder='Phone']
11:48:19  INFO  manager.MyListener - The element with locator --->By.cssSelector: [placeholder='Phone']--->was found
11:48:20  INFO  manager.MyListener - Start find element --->By.cssSelector: [placeholder='email']
11:48:20  INFO  manager.MyListener - The element with locator --->By.cssSelector: [placeholder='email']--->was found
11:48:20  INFO  manager.MyListener - Start find element --->By.cssSelector: [placeholder='Address']
11:48:20  INFO  manager.MyListener - The element with locator --->By.cssSelector: [placeholder='Address']--->was found
11:48:20  INFO  manager.MyListener - Start find element --->By.cssSelector: [placeholder='description']
11:48:20  INFO  manager.MyListener - The element with locator --->By.cssSelector: [placeholder='description']--->was found
11:48:21  INFO  manager.MyListener - Start find element --->By.xpath: //button[contains(.,'Save')]
11:48:21  INFO  manager.MyListener - The element with locator --->By.xpath: //button[contains(.,'Save')]--->was found
11:48:22  INFO  manager.MyListener - Start find element --->By.xpath: //a[text()='ADD']
11:48:22  INFO  manager.MyListener - The element with locator --->By.xpath: //a[text()='ADD']--->was found
11:48:22  INFO  manager.MyListener - Start find element --->By.cssSelector: [placeholder='Name']
11:48:22  INFO  manager.MyListener - The element with locator --->By.cssSelector: [placeholder='Name']--->was found
11:48:22  INFO  manager.MyListener - Start find element --->By.cssSelector: [placeholder='Last Name']
11:48:22  INFO  manager.MyListener - The element with locator --->By.cssSelector: [placeholder='Last Name']--->was found
11:48:22  INFO  manager.MyListener - Start find element --->By.cssSelector: [placeholder='Phone']
11:48:22  INFO  manager.MyListener - The element with locator --->By.cssSelector: [placeholder='Phone']--->was found
11:48:23  INFO  manager.MyListener - Start find element --->By.cssSelector: [placeholder='email']
11:48:23  INFO  manager.MyListener - The element with locator --->By.cssSelector: [placeholder='email']--->was found
11:48:23  INFO  manager.MyListener - Start find element --->By.cssSelector: [placeholder='Address']
11:48:23  INFO  manager.MyListener - The element with locator --->By.cssSelector: [placeholder='Address']--->was found
11:48:23  INFO  manager.MyListener - Start find element --->By.cssSelector: [placeholder='description']
11:48:23  INFO  manager.MyListener - The element with locator --->By.cssSelector: [placeholder='description']--->was found
11:48:23  INFO  manager.MyListener - Start find element --->By.xpath: //button[contains(.,'Save')]
11:48:23  INFO  manager.MyListener - The element with locator --->By.xpath: //button[contains(.,'Save')]--->was found
11:48:24  INFO  manager.MyListener - Start find element --->By.cssSelector: .contact-item_card__2SOIM
11:48:24  INFO  manager.MyListener - The element with locator --->By.cssSelector: .contact-item_card__2SOIM--->was found
11:48:24  INFO  manager.MyListener - Start find element --->By.cssSelector: .contact-item_card__2SOIM
11:48:24  INFO  manager.MyListener - The element with locator --->By.cssSelector: .contact-item_card__2SOIM--->was found
11:48:24  INFO  manager.HelperBase - Before remove 'One contact tests' count was --->3
11:48:24  INFO  manager.MyListener - Start find element --->By.cssSelector: .contact-item_card__2SOIM
11:48:24  INFO  manager.MyListener - The element with locator --->By.cssSelector: .contact-item_card__2SOIM--->was found
11:48:24  INFO  manager.MyListener - Start find element --->By.cssSelector: .contact-item_card__2SOIM h3
11:48:25  INFO  manager.MyListener - The element with locator --->By.cssSelector: .contact-item_card__2SOIM h3--->was found
11:48:25  INFO  manager.HelperBase - The phone number of removed contact was -->121202896
11:48:25  INFO  manager.MyListener - Start find element --->By.cssSelector: .contact-item_card__2SOIM
11:48:25  INFO  manager.MyListener - The element with locator --->By.cssSelector: .contact-item_card__2SOIM--->was found
11:48:25  INFO  manager.MyListener - Start find element --->By.xpath: //button[text()='Remove']
11:48:25  INFO  manager.MyListener - The element with locator --->By.xpath: //button[text()='Remove']--->was found
11:48:25  INFO  manager.MyListener - Start find element --->By.cssSelector: .contact-item_card__2SOIM
11:48:25  INFO  manager.MyListener - The element with locator --->By.cssSelector: .contact-item_card__2SOIM--->was found
11:48:25  INFO  manager.HelperBase - After remove one contact the count is --->2
11:48:25  INFO  manager.MyListener - Start find element --->By.cssSelector: .contact-item_card__2SOIM
11:48:25  INFO  manager.MyListener - The element with locator --->By.cssSelector: .contact-item_card__2SOIM--->was found
11:48:25  INFO  manager.MyListener - Start find element --->By.cssSelector: .contact-item_card__2SOIM
11:48:25  INFO  manager.MyListener - The element with locator --->By.cssSelector: .contact-item_card__2SOIM--->was found
11:48:25  INFO  manager.HelperBase - Before remove 'One contact tests' count was --->2
11:48:25  INFO  manager.MyListener - Start find element --->By.cssSelector: .contact-item_card__2SOIM
11:48:25  INFO  manager.MyListener - The element with locator --->By.cssSelector: .contact-item_card__2SOIM--->was found
11:48:25  INFO  manager.MyListener - Start find element --->By.cssSelector: .contact-item_card__2SOIM h3
11:48:25  INFO  manager.MyListener - The element with locator --->By.cssSelector: .contact-item_card__2SOIM h3--->was found
11:48:25  INFO  manager.HelperBase - The phone number of removed contact was -->121212896
11:48:25  INFO  manager.MyListener - Start find element --->By.cssSelector: .contact-item_card__2SOIM
11:48:25  INFO  manager.MyListener - The element with locator --->By.cssSelector: .contact-item_card__2SOIM--->was found
11:48:26  INFO  manager.MyListener - Start find element --->By.xpath: //button[text()='Remove']
11:48:26  INFO  manager.MyListener - The element with locator --->By.xpath: //button[text()='Remove']--->was found
11:48:26  INFO  manager.MyListener - Start find element --->By.cssSelector: .contact-item_card__2SOIM
11:48:26  INFO  manager.MyListener - The element with locator --->By.cssSelector: .contact-item_card__2SOIM--->was found
11:48:26  INFO  manager.HelperBase - After remove one contact the count is --->1
11:48:26  INFO  manager.MyListener - Start find element --->By.cssSelector: .contact-item_card__2SOIM
11:48:26  INFO  manager.MyListener - The element with locator --->By.cssSelector: .contact-item_card__2SOIM--->was found
11:48:26  INFO  manager.MyListener - Start find element --->By.cssSelector: .contact-item_card__2SOIM
11:48:26  INFO  manager.MyListener - The element with locator --->By.cssSelector: .contact-item_card__2SOIM--->was found
11:48:26  INFO  manager.HelperBase - Before remove 'One contact tests' count was --->1
11:48:26  INFO  manager.MyListener - Start find element --->By.cssSelector: .contact-item_card__2SOIM
11:48:26  INFO  manager.MyListener - The element with locator --->By.cssSelector: .contact-item_card__2SOIM--->was found
11:48:26  INFO  manager.MyListener - Start find element --->By.cssSelector: .contact-item_card__2SOIM h3
11:48:26  INFO  manager.MyListener - The element with locator --->By.cssSelector: .contact-item_card__2SOIM h3--->was found
11:48:26  INFO  manager.HelperBase - The phone number of removed contact was -->121222896
11:48:26  INFO  manager.MyListener - Start find element --->By.cssSelector: .contact-item_card__2SOIM
11:48:26  INFO  manager.MyListener - The element with locator --->By.cssSelector: .contact-item_card__2SOIM--->was found
11:48:26  INFO  manager.MyListener - Start find element --->By.xpath: //button[text()='Remove']
11:48:26  INFO  manager.MyListener - The element with locator --->By.xpath: //button[text()='Remove']--->was found
11:48:27  INFO  manager.MyListener - Start find element --->By.cssSelector: .contact-item_card__2SOIM
11:48:32  INFO  manager.MyListener - The element with locator --->By.cssSelector: .contact-item_card__2SOIM--->was found
11:48:32  INFO  manager.HelperBase - After remove one contact the count is --->0
11:48:32  INFO  manager.MyListener - Start find element --->By.cssSelector: .contact-item_card__2SOIM
11:48:37  INFO  manager.MyListener - The element with locator --->By.cssSelector: .contact-item_card__2SOIM--->was found
11:48:37  INFO  manager.MyListener - Start find element --->By.cssSelector: .contact-item_card__2SOIM
11:48:42  INFO  manager.MyListener - The element with locator --->By.cssSelector: .contact-item_card__2SOIM--->was found
11:48:42  INFO  tests.TestBase - Name of test ---> removeOneContact
11:48:42  INFO  manager.MyListener - Start find element --->By.xpath: //button[text()='Sign Out']
11:48:42  INFO  manager.MyListener - The element with locator --->By.xpath: //button[text()='Sign Out']--->was found
11:48:42  INFO  manager.MyListener - Start find element --->By.cssSelector: .contact-item_card__2SOIM
11:48:47  INFO  manager.MyListener - The element with locator --->By.cssSelector: .contact-item_card__2SOIM--->was found
11:48:47  INFO  manager.MyListener - Start find element --->By.xpath: //a[text()='ADD']
11:48:47  INFO  manager.MyListener - The element with locator --->By.xpath: //a[text()='ADD']--->was found
11:48:47  INFO  manager.MyListener - Start find element --->By.cssSelector: [placeholder='Name']
11:48:47  INFO  manager.MyListener - The element with locator --->By.cssSelector: [placeholder='Name']--->was found
11:48:47  INFO  manager.MyListener - Start find element --->By.cssSelector: [placeholder='Last Name']
11:48:47  INFO  manager.MyListener - The element with locator --->By.cssSelector: [placeholder='Last Name']--->was found
11:48:48  INFO  manager.MyListener - Start find element --->By.cssSelector: [placeholder='Phone']
11:48:48  INFO  manager.MyListener - The element with locator --->By.cssSelector: [placeholder='Phone']--->was found
11:48:48  INFO  manager.MyListener - Start find element --->By.cssSelector: [placeholder='email']
11:48:48  INFO  manager.MyListener - The element with locator --->By.cssSelector: [placeholder='email']--->was found
11:48:48  INFO  manager.MyListener - Start find element --->By.cssSelector: [placeholder='Address']
11:48:48  INFO  manager.MyListener - The element with locator --->By.cssSelector: [placeholder='Address']--->was found
11:48:48  INFO  manager.MyListener - Start find element --->By.cssSelector: [placeholder='description']
11:48:48  INFO  manager.MyListener - The element with locator --->By.cssSelector: [placeholder='description']--->was found
11:48:49  INFO  manager.MyListener - Start find element --->By.xpath: //button[contains(.,'Save')]
11:48:49  INFO  manager.MyListener - The element with locator --->By.xpath: //button[contains(.,'Save')]--->was found
11:48:50  INFO  manager.MyListener - Start find element --->By.xpath: //a[text()='ADD']
11:48:50  INFO  manager.MyListener - The element with locator --->By.xpath: //a[text()='ADD']--->was found
11:48:50  INFO  manager.MyListener - Start find element --->By.cssSelector: [placeholder='Name']
11:48:50  INFO  manager.MyListener - The element with locator --->By.cssSelector: [placeholder='Name']--->was found
11:48:50  INFO  manager.MyListener - Start find element --->By.cssSelector: [placeholder='Last Name']
11:48:50  INFO  manager.MyListener - The element with locator --->By.cssSelector: [placeholder='Last Name']--->was found
11:48:50  INFO  manager.MyListener - Start find element --->By.cssSelector: [placeholder='Phone']
11:48:50  INFO  manager.MyListener - The element with locator --->By.cssSelector: [placeholder='Phone']--->was found
11:48:51  INFO  manager.MyListener - Start find element --->By.cssSelector: [placeholder='email']
11:48:51  INFO  manager.MyListener - The element with locator --->By.cssSelector: [placeholder='email']--->was found
11:48:51  INFO  manager.MyListener - Start find element --->By.cssSelector: [placeholder='Address']
11:48:51  INFO  manager.MyListener - The element with locator --->By.cssSelector: [placeholder='Address']--->was found
11:48:51  INFO  manager.MyListener - Start find element --->By.cssSelector: [placeholder='description']
11:48:51  INFO  manager.MyListener - The element with locator --->By.cssSelector: [placeholder='description']--->was found
11:48:51  INFO  manager.MyListener - Start find element --->By.xpath: //button[contains(.,'Save')]
11:48:51  INFO  manager.MyListener - The element with locator --->By.xpath: //button[contains(.,'Save')]--->was found
11:48:53  INFO  manager.MyListener - Start find element --->By.xpath: //a[text()='ADD']
11:48:53  INFO  manager.MyListener - The element with locator --->By.xpath: //a[text()='ADD']--->was found
11:48:53  INFO  manager.MyListener - Start find element --->By.cssSelector: [placeholder='Name']
11:48:53  INFO  manager.MyListener - The element with locator --->By.cssSelector: [placeholder='Name']--->was found
11:48:53  INFO  manager.MyListener - Start find element --->By.cssSelector: [placeholder='Last Name']
11:48:53  INFO  manager.MyListener - The element with locator --->By.cssSelector: [placeholder='Last Name']--->was found
11:48:53  INFO  manager.MyListener - Start find element --->By.cssSelector: [placeholder='Phone']
11:48:53  INFO  manager.MyListener - The element with locator --->By.cssSelector: [placeholder='Phone']--->was found
11:48:53  INFO  manager.MyListener - Start find element --->By.cssSelector: [placeholder='email']
11:48:53  INFO  manager.MyListener - The element with locator --->By.cssSelector: [placeholder='email']--->was found
11:48:54  INFO  manager.MyListener - Start find element --->By.cssSelector: [placeholder='Address']
11:48:54  INFO  manager.MyListener - The element with locator --->By.cssSelector: [placeholder='Address']--->was found
11:48:54  INFO  manager.MyListener - Start find element --->By.cssSelector: [placeholder='description']
11:48:54  INFO  manager.MyListener - The element with locator --->By.cssSelector: [placeholder='description']--->was found
11:48:54  INFO  manager.MyListener - Start find element --->By.xpath: //button[contains(.,'Save')]
11:48:54  INFO  manager.MyListener - The element with locator --->By.xpath: //button[contains(.,'Save')]--->was found
11:48:56  INFO  manager.MyListener - Start find element --->By.cssSelector: .contact-item_card__2SOIM
11:48:56  INFO  manager.MyListener - The element with locator --->By.cssSelector: .contact-item_card__2SOIM--->was found
11:48:56  INFO  manager.MyListener - Start find element --->By.xpath: //button[.='Remove']
11:48:56  INFO  manager.MyListener - The element with locator --->By.xpath: //button[.='Remove']--->was found
11:48:56  INFO  tests.TestBase - Name of test ---> removeOneContactCount
11:48:56  INFO  manager.MyListener - Start find element --->By.xpath: //button[text()='Sign Out']
11:48:56  INFO  manager.MyListener - The element with locator --->By.xpath: //button[text()='Sign Out']--->was found
11:48:56  INFO  manager.MyListener - Start find element --->By.cssSelector: .contact-item_card__2SOIM
11:48:56  INFO  manager.MyListener - The element with locator --->By.cssSelector: .contact-item_card__2SOIM--->was found
11:48:56  INFO  manager.MyListener - Start find element --->By.cssSelector: .contact-item_card__2SOIM
11:48:56  INFO  manager.MyListener - The element with locator --->By.cssSelector: .contact-item_card__2SOIM--->was found
11:48:56  INFO  manager.HelperBase - Before remove 'One contact tests' count was --->3
11:48:56  INFO  manager.MyListener - Start find element --->By.cssSelector: .contact-item_card__2SOIM
11:48:56  INFO  manager.MyListener - The element with locator --->By.cssSelector: .contact-item_card__2SOIM--->was found
11:48:56  INFO  manager.MyListener - Start find element --->By.cssSelector: .contact-item_card__2SOIM h3
11:48:56  INFO  manager.MyListener - The element with locator --->By.cssSelector: .contact-item_card__2SOIM h3--->was found
11:48:56  INFO  manager.HelperBase - The phone number of removed contact was -->121202927
11:48:56  INFO  manager.MyListener - Start find element --->By.cssSelector: .contact-item_card__2SOIM
11:48:56  INFO  manager.MyListener - The element with locator --->By.cssSelector: .contact-item_card__2SOIM--->was found
11:48:56  INFO  manager.MyListener - Start find element --->By.xpath: //button[text()='Remove']
11:48:56  INFO  manager.MyListener - The element with locator --->By.xpath: //button[text()='Remove']--->was found
11:48:57  INFO  manager.MyListener - Start find element --->By.cssSelector: .contact-item_card__2SOIM
11:48:57  INFO  manager.MyListener - The element with locator --->By.cssSelector: .contact-item_card__2SOIM--->was found
11:48:57  INFO  manager.HelperBase - After remove one contact the count is --->2
