17:21:49  INFO  manager.ApplicationManager - All tests starts in 'Chrom' browser
17:21:51  INFO  tests.TestBase - Name of test ---> loginSuccessModelDataProvider
17:21:51  INFO  manager.MyListener - Start find element --->By.xpath: //button[text()='Sign Out']
17:21:56  INFO  manager.MyListener - The element with locator --->By.xpath: //button[text()='Sign Out']--->was found
17:21:56  INFO  tests.TestBase - Test user starts with data:User{email='Tomy123456@mail.com', password='Qq123666$45'}
17:21:56  INFO  manager.MyListener - Start find element --->By.xpath: //a[@href='/login']
17:21:56  INFO  manager.MyListener - The element with locator --->By.xpath: //a[@href='/login']--->was found
17:21:56  INFO  manager.MyListener - Start find element --->By.xpath: //input[1]
17:21:56  INFO  manager.MyListener - The element with locator --->By.xpath: //input[1]--->was found
17:21:56  INFO  manager.MyListener - Start find element --->By.xpath: //input[2]
17:21:57  INFO  manager.MyListener - The element with locator --->By.xpath: //input[2]--->was found
17:21:57  INFO  manager.MyListener - Start find element --->By.xpath: //button[text()=' Login']
17:21:57  INFO  manager.MyListener - The element with locator --->By.xpath: //button[text()=' Login']--->was found
17:21:58  INFO  manager.MyListener - Start find element --->By.xpath: //a[@href='/contacts']
17:21:58  INFO  manager.MyListener - The element with locator --->By.xpath: //a[@href='/contacts']--->was found
17:21:58  INFO  tests.TestBase - Name of test ---> loginSuccessModelDataProvider
17:21:58  INFO  manager.MyListener - Start find element --->By.xpath: //button[text()='Sign Out']
17:21:58  INFO  manager.MyListener - The element with locator --->By.xpath: //button[text()='Sign Out']--->was found
17:21:58  INFO  manager.MyListener - Start find element --->By.xpath: //button[text()='Sign Out']
17:21:58  INFO  manager.MyListener - The element with locator --->By.xpath: //button[text()='Sign Out']--->was found
17:21:58  INFO  tests.TestBase - Test user starts with data:User{email='Tomy123456@mail.com', password='Qq123666$45'}
17:21:58  INFO  manager.MyListener - Start find element --->By.xpath: //a[@href='/login']
17:21:58  INFO  manager.MyListener - The element with locator --->By.xpath: //a[@href='/login']--->was found
17:21:58  INFO  manager.MyListener - Start find element --->By.xpath: //input[1]
17:21:58  INFO  manager.MyListener - The element with locator --->By.xpath: //input[1]--->was found
17:21:59  INFO  manager.MyListener - Start find element --->By.xpath: //input[2]
17:21:59  INFO  manager.MyListener - The element with locator --->By.xpath: //input[2]--->was found
17:21:59  INFO  manager.MyListener - Start find element --->By.xpath: //button[text()=' Login']
17:21:59  INFO  manager.MyListener - The element with locator --->By.xpath: //button[text()=' Login']--->was found
17:22:00  INFO  manager.MyListener - Start find element --->By.xpath: //a[@href='/contacts']
17:22:00  INFO  manager.MyListener - The element with locator --->By.xpath: //a[@href='/contacts']--->was found
17:22:00  INFO  tests.TestBase - Name of test ---> loginSuccessModelDataProvider
17:22:00  INFO  manager.MyListener - Start find element --->By.xpath: //button[text()='Sign Out']
17:22:00  INFO  manager.MyListener - The element with locator --->By.xpath: //button[text()='Sign Out']--->was found
17:22:00  INFO  manager.MyListener - Start find element --->By.xpath: //button[text()='Sign Out']
17:22:00  INFO  manager.MyListener - The element with locator --->By.xpath: //button[text()='Sign Out']--->was found
17:22:00  INFO  tests.TestBase - Test user starts with data:User{email='Tomy123456@mail.com', password='Qq123666$45'}
17:22:00  INFO  manager.MyListener - Start find element --->By.xpath: //a[@href='/login']
17:22:00  INFO  manager.MyListener - The element with locator --->By.xpath: //a[@href='/login']--->was found
17:22:00  INFO  manager.MyListener - Start find element --->By.xpath: //input[1]
17:22:00  INFO  manager.MyListener - The element with locator --->By.xpath: //input[1]--->was found
17:22:00  INFO  manager.MyListener - Start find element --->By.xpath: //input[2]
17:22:00  INFO  manager.MyListener - The element with locator --->By.xpath: //input[2]--->was found
17:22:01  INFO  manager.MyListener - Start find element --->By.xpath: //button[text()=' Login']
17:22:01  INFO  manager.MyListener - The element with locator --->By.xpath: //button[text()=' Login']--->was found
17:22:02  INFO  manager.MyListener - Start find element --->By.xpath: //a[@href='/contacts']
17:22:02  INFO  manager.MyListener - The element with locator --->By.xpath: //a[@href='/contacts']--->was found
