17:47:26  INFO  manager.ApplicationManager - All tests starts in 'FIREFOX' browser
17:47:27  INFO  tests.TestBase - Name of test ---> addNewContactSuccess
17:47:27  INFO  manager.MyListener - Start find element --->By.xpath: //button[text()='Sign Out']
17:47:32  INFO  manager.MyListener - The element with locator --->By.xpath: //button[text()='Sign Out']--->was found
17:47:32  INFO  manager.MyListener - Start find element --->By.xpath: //a[@href='/login']
17:47:32  INFO  manager.MyListener - The element with locator --->By.xpath: //a[@href='/login']--->was found
17:47:33  INFO  manager.MyListener - Start find element --->By.xpath: //input[1]
17:47:33  INFO  manager.MyListener - The element with locator --->By.xpath: //input[1]--->was found
17:47:33  INFO  manager.MyListener - Start find element --->By.xpath: //input[2]
17:47:33  INFO  manager.MyListener - The element with locator --->By.xpath: //input[2]--->was found
17:47:33  INFO  manager.MyListener - Start find element --->By.xpath: //button[text()=' Login']
17:47:33  INFO  manager.MyListener - The element with locator --->By.xpath: //button[text()=' Login']--->was found
17:47:33  INFO  tests.TestBase - Contact was added for userUser{email='Tomy123456@mail.com', password='Qq123666$45'}
17:47:33  INFO  manager.MyListener - Start find element --->By.cssSelector: .contact-item_card__2SOIM
17:47:39  INFO  manager.MyListener - The element with locator --->By.cssSelector: .contact-item_card__2SOIM--->was found
17:47:39  INFO  manager.MyListener - Start find element --->By.cssSelector: .contact-item_card__2SOIM
17:47:44  INFO  manager.MyListener - The element with locator --->By.cssSelector: .contact-item_card__2SOIM--->was found
17:47:47  INFO  tests.TestBase - Contact(name=Jack, lastName=Sparrow, phone=9723452867, email=jacky2867@gmail.com, address=Tortuga, description=Friend)contact was added
17:47:47  INFO  manager.MyListener - Start find element --->By.xpath: //a[text()='ADD']
17:47:47  INFO  manager.MyListener - The element with locator --->By.xpath: //a[text()='ADD']--->was found
17:47:47  INFO  manager.MyListener - Start find element --->By.cssSelector: [placeholder='Name']
17:47:47  INFO  manager.MyListener - The element with locator --->By.cssSelector: [placeholder='Name']--->was found
17:47:47  INFO  manager.MyListener - Start find element --->By.cssSelector: [placeholder='Last Name']
17:47:47  INFO  manager.MyListener - The element with locator --->By.cssSelector: [placeholder='Last Name']--->was found
17:47:47  INFO  manager.MyListener - Start find element --->By.cssSelector: [placeholder='Phone']
17:47:47  INFO  manager.MyListener - The element with locator --->By.cssSelector: [placeholder='Phone']--->was found
17:47:48  INFO  manager.MyListener - Start find element --->By.cssSelector: [placeholder='email']
17:47:48  INFO  manager.MyListener - The element with locator --->By.cssSelector: [placeholder='email']--->was found
17:47:48  INFO  manager.MyListener - Start find element --->By.cssSelector: [placeholder='Address']
17:47:48  INFO  manager.MyListener - The element with locator --->By.cssSelector: [placeholder='Address']--->was found
17:47:48  INFO  manager.MyListener - Start find element --->By.cssSelector: [placeholder='description']
17:47:48  INFO  manager.MyListener - The element with locator --->By.cssSelector: [placeholder='description']--->was found
17:47:49  INFO  manager.MyListener - Start find element --->By.xpath: //button[contains(.,'Save')]
17:47:49  INFO  manager.MyListener - The element with locator --->By.xpath: //button[contains(.,'Save')]--->was found
17:47:49  INFO  manager.MyListener - Start find element --->By.cssSelector: .contact-item_card__2SOIM
17:47:49  INFO  manager.MyListener - The element with locator --->By.cssSelector: .contact-item_card__2SOIM--->was found
17:47:49  INFO  manager.MyListener - Start find element --->By.cssSelector: h2
17:47:49  INFO  manager.MyListener - The element with locator --->By.cssSelector: h2--->was found
17:47:49  INFO  manager.MyListener - Start find element --->By.cssSelector: h3
17:47:49  INFO  manager.MyListener - The element with locator --->By.cssSelector: h3--->was found
