17:48:15  INFO  manager.ApplicationManager - All tests starts in 'FIREFOX' browser
17:48:16  INFO  tests.TestBase - Name of test ---> addNewContactSuccess
17:48:16  INFO  manager.MyListener - Start find element --->By.xpath: //button[text()='Sign Out']
17:48:21  INFO  manager.MyListener - The element with locator --->By.xpath: //button[text()='Sign Out']--->was found
17:48:21  INFO  manager.MyListener - Start find element --->By.xpath: //a[@href='/login']
17:48:21  INFO  manager.MyListener - The element with locator --->By.xpath: //a[@href='/login']--->was found
17:48:21  INFO  manager.MyListener - Start find element --->By.xpath: //input[1]
17:48:21  INFO  manager.MyListener - The element with locator --->By.xpath: //input[1]--->was found
17:48:22  INFO  manager.MyListener - Start find element --->By.xpath: //input[2]
17:48:22  INFO  manager.MyListener - The element with locator --->By.xpath: //input[2]--->was found
17:48:22  INFO  manager.MyListener - Start find element --->By.xpath: //button[text()=' Login']
17:48:22  INFO  manager.MyListener - The element with locator --->By.xpath: //button[text()=' Login']--->was found
17:48:22  INFO  tests.TestBase - Contact was added for userUser{email='Tomy123456@mail.com', password='Qq123666$45'}
17:48:22  INFO  manager.MyListener - Start find element --->By.cssSelector: .contact-item_card__2SOIM
17:48:23  INFO  manager.MyListener - The element with locator --->By.cssSelector: .contact-item_card__2SOIM--->was found
17:48:23  INFO  manager.MyListener - Start find element --->By.cssSelector: .contact-item_card__2SOIM
17:48:23  INFO  manager.MyListener - The element with locator --->By.cssSelector: .contact-item_card__2SOIM--->was found
17:48:26  INFO  tests.TestBase - Contact(name=Jack, lastName=Sparrow, phone=9723452906, email=jacky2906@gmail.com, address=Tortuga, description=Friend)contact was added
17:48:26  INFO  manager.MyListener - Start find element --->By.xpath: //a[text()='ADD']
17:48:26  INFO  manager.MyListener - The element with locator --->By.xpath: //a[text()='ADD']--->was found
17:48:26  INFO  manager.MyListener - Start find element --->By.cssSelector: [placeholder='Name']
17:48:26  INFO  manager.MyListener - The element with locator --->By.cssSelector: [placeholder='Name']--->was found
17:48:27  INFO  manager.MyListener - Start find element --->By.cssSelector: [placeholder='Last Name']
17:48:27  INFO  manager.MyListener - The element with locator --->By.cssSelector: [placeholder='Last Name']--->was found
17:48:27  INFO  manager.MyListener - Start find element --->By.cssSelector: [placeholder='Phone']
17:48:27  INFO  manager.MyListener - The element with locator --->By.cssSelector: [placeholder='Phone']--->was found
17:48:27  INFO  manager.MyListener - Start find element --->By.cssSelector: [placeholder='email']
17:48:27  INFO  manager.MyListener - The element with locator --->By.cssSelector: [placeholder='email']--->was found
17:48:28  INFO  manager.MyListener - Start find element --->By.cssSelector: [placeholder='Address']
17:48:28  INFO  manager.MyListener - The element with locator --->By.cssSelector: [placeholder='Address']--->was found
17:48:28  INFO  manager.MyListener - Start find element --->By.cssSelector: [placeholder='description']
17:48:28  INFO  manager.MyListener - The element with locator --->By.cssSelector: [placeholder='description']--->was found
17:48:28  INFO  manager.MyListener - Start find element --->By.xpath: //button[contains(.,'Save')]
17:48:28  INFO  manager.MyListener - The element with locator --->By.xpath: //button[contains(.,'Save')]--->was found
17:48:28  INFO  manager.MyListener - Start find element --->By.cssSelector: .contact-item_card__2SOIM
17:48:29  INFO  manager.MyListener - The element with locator --->By.cssSelector: .contact-item_card__2SOIM--->was found
17:48:29  INFO  manager.MyListener - Start find element --->By.cssSelector: h2
17:48:29  INFO  manager.MyListener - The element with locator --->By.cssSelector: h2--->was found
17:48:29  INFO  manager.MyListener - Start find element --->By.cssSelector: h3
17:48:29  INFO  manager.MyListener - The element with locator --->By.cssSelector: h3--->was found
